#
# A fatal error has been detected by the Java Runtime Environment:
#
#  SIGSEGV (0xb) at pc=0x00007f34ca2975fb, pid=17655, tid=139864435689216
#
# JRE version: Java(TM) SE Runtime Environment (7.0_79-b15) (build 1.7.0_79-b15)
# Java VM: Java HotSpot(TM) 64-Bit Server VM (24.79-b02 mixed mode linux-amd64 compressed oops)
# Problematic frame:
# V  [libjvm.so+0x43e5fb]  Compile::identify_useful_nodes(Unique_Node_List&)+0x14b
#
# Failed to write core dump. Core dumps have been disabled. To enable core dumping, try "ulimit -c unlimited" before starting Java again
#
# If you would like to submit a bug report, please visit:
#   http://bugreport.java.com/bugreport/crash.jsp
#

---------------  T H R E A D  ---------------

Current thread (0x00007f34c4093000):  JavaThread "C2 CompilerThread0" daemon [_thread_in_native, id=17668, stack(0x00007f34b9f18000,0x00007f34ba019000)]

siginfo:si_signo=SIGSEGV: si_errno=0, si_code=1 (SEGV_MAPERR), si_addr=0x0000000200000002

Registers:
RAX=0x00007f34908a05b8, RBX=0x0000000200000002, RCX=0x0000000000000000, RDX=0x0000000000000b34
RSP=0x00007f34ba015fb0, RBP=0x00007f34ba015ff0, RSI=0x0000000000000100, RDI=0x00007f344bfff420
R8 =0x00007f34908a0580, R9 =0x00000000000003f3, R10=0x0000000000000022, R11=0x00007f34cae68b30
R12=0x0000000000000048, R13=0x0000000000000b34, R14=0x00007f34ba016a80, R15=0x0000000000200010
RIP=0x00007f34ca2975fb, EFLAGS=0x0000000000010246, CSGSFS=0x0000000000000033, ERR=0x0000000000000004
  TRAPNO=0x000000000000000e

Top of Stack: (sp=0x00007f34ba015fb0)
0x00007f34ba015fb0:   00007f34908a0580 000009c3ca7bf241
0x00007f34ba015fc0:   00007f34ba016aa0 00007f34c4093920
0x00007f34ba015fd0:   00007f34ba016a70 00007f34ba016aa0
0x00007f34ba015fe0:   00007f34ba0160b0 00007f34ba016a80
0x00007f34ba015ff0:   00007f34ba016030 00007f34ca6bf450
0x00007f34ba016000:   00007f34ba016b70 00007f34ba016bc0
0x00007f34ba016010:   00007f3490793cb8 00007f3490793bd0
0x00007f34ba016020:   00007f34ba016b20 00007f34cac78d20
0x00007f34ba016030:   00007f34ba016c30 00007f34ca2a064f
0x00007f34ba016040:   00007f3400000004 00007f3484552330
0x00007f34ba016050:   00007f34ba0175a0 00007f34ba0175b8
0x00007f34ba016060:   00007f34c40929d0 0000000000000004
0x00007f34ba016070:   00007f3400000000 0000000000000000
0x00007f34ba016080:   0000000000270000 00007f34ba016c90
0x00007f34ba016090:   00007f34ba016b70 00007f34c40929d0
0x00007f34ba0160a0:   00007f34ba016e00 00007f34ba0175a0
0x00007f34ba0160b0:   00007f34cac5b410 00007f3400000004
0x00007f34ba0160c0:   00007f34ba016c90 00007f34ba016e00
0x00007f34ba0160d0:   00007f34ba016e00 00007f3400000004
0x00007f34ba0160e0:   00007f349000a780 00007f34ba016e00
0x00007f34ba0160f0:   0000000000002000 00007f349019b2d0
0x00007f34ba016100:   0000000000000000 0000000000000000
0x00007f34ba016110:   0000000000000000 0000000000000000
0x00007f34ba016120:   0000000000000000 0000000000000000
0x00007f34ba016130:   0000000000000000 00007f34902aa108
0x00007f34ba016140:   00007f34c40ff060 00007f3484127018
0x00007f34ba016150:   00007f34841230e0 00007f3484640410
0x00007f34ba016160:   00007f3490635a08 00007f34845be310
0x00007f34ba016170:   0000000000000000 00007f34906361c0
0x00007f34ba016180:   0000000000000000 00007f34902a5988
0x00007f34ba016190:   0000000000000000 0000000000000000
0x00007f34ba0161a0:   0000000000000000 0000000000000000 

Instructions: (pc=0x00007f34ca2975fb)
0x00007f34ca2975db:   f1 89 10 74 44 49 83 c4 08 4d 39 fc 74 67 49 8b
0x00007f34ca2975eb:   40 08 4a 8b 1c 20 48 85 db 74 ea f6 c3 01 75 e5
0x00007f34ca2975fb:   48 83 3b fe 74 df 8b 4b 28 89 c8 c1 e8 05 41 3b
0x00007f34ca29760b:   46 30 72 b1 49 8b 46 20 4c 89 45 c0 89 ce 48 8b 

Register to memory mapping:

RAX=0x00007f34908a05b8 is an unknown value
RBX=0x0000000200000002 is an unknown value
RCX=0x0000000000000000 is an unknown value
RDX=0x0000000000000b34 is an unknown value
RSP=0x00007f34ba015fb0 is pointing into the stack for thread: 0x00007f34c4093000
RBP=0x00007f34ba015ff0 is pointing into the stack for thread: 0x00007f34c4093000
RSI=0x0000000000000100 is an unknown value
RDI=0x00007f344bfff420 is an unknown value
R8 =0x00007f34908a0580 is an unknown value
R9 =0x00000000000003f3 is an unknown value
R10=0x0000000000000022 is an unknown value
R11=0x00007f34cae68b30: <offset 0x195b30> in /lib/x86_64-linux-gnu/libc.so.6 at 0x00007f34cacd3000
R12=0x0000000000000048 is an unknown value
R13=0x0000000000000b34 is an unknown value
R14=0x00007f34ba016a80 is pointing into the stack for thread: 0x00007f34c4093000
R15=0x0000000000200010 is an unknown value


Stack: [0x00007f34b9f18000,0x00007f34ba019000],  sp=0x00007f34ba015fb0,  free space=1015k
Native frames: (J=compiled Java code, j=interpreted, Vv=VM code, C=native code)
V  [libjvm.so+0x43e5fb]  Compile::identify_useful_nodes(Unique_Node_List&)+0x14b
V  [libjvm.so+0x866450]  PhaseRemoveUseless::PhaseRemoveUseless(PhaseGVN*, Unique_Node_List*)+0xe0
V  [libjvm.so+0x44764f]  Compile::Compile(ciEnv*, C2Compiler*, ciMethod*, int, bool, bool)+0x16ff
V  [libjvm.so+0x3b1b76]  C2Compiler::compile_method(ciEnv*, ciMethod*, int)+0x176
V  [libjvm.so+0x44ec6e]  CompileBroker::invoke_compiler_on_method(CompileTask*)+0x33e
V  [libjvm.so+0x44fa4d]  CompileBroker::compiler_thread_loop()+0x43d
V  [libjvm.so+0x95c11f]  JavaThread::thread_main_inner()+0xdf
V  [libjvm.so+0x95c225]  JavaThread::run()+0xf5
V  [libjvm.so+0x821ca8]  java_start(Thread*)+0x108


Current CompileTask:
C2:  10336  235             com.android.dx.rop.code.LocalVariableExtractor::processBlock (327 bytes)


---------------  P R O C E S S  ---------------

Java Threads: ( => current thread )
  0x00007f34c4143800 JavaThread "pool-1-thread-1" [_thread_in_vm, id=17705, stack(0x00007f34b92db000,0x00007f34b93dc000)]
  0x00007f34c4098800 JavaThread "Service Thread" daemon [_thread_blocked, id=17670, stack(0x00007f34b9d16000,0x00007f34b9e17000)]
  0x00007f34c4096000 JavaThread "C2 CompilerThread1" daemon [_thread_in_native, id=17669, stack(0x00007f34b9e17000,0x00007f34b9f18000)]
=>0x00007f34c4093000 JavaThread "C2 CompilerThread0" daemon [_thread_in_native, id=17668, stack(0x00007f34b9f18000,0x00007f34ba019000)]
  0x00007f34c4091000 JavaThread "Signal Dispatcher" daemon [_thread_blocked, id=17667, stack(0x00007f34ba019000,0x00007f34ba11a000)]
  0x00007f34c4070000 JavaThread "Finalizer" daemon [_thread_blocked, id=17666, stack(0x00007f34baad9000,0x00007f34babda000)]
  0x00007f34c406e000 JavaThread "Reference Handler" daemon [_thread_blocked, id=17665, stack(0x00007f34babda000,0x00007f34bacdb000)]
  0x00007f34c400a000 JavaThread "main" [_thread_blocked, id=17657, stack(0x00007f34cb7dc000,0x00007f34cb8dd000)]

Other Threads:
  0x00007f34c4069800 VMThread [stack: 0x00007f34bacdb000,0x00007f34baddc000] [id=17664]
  0x00007f34c40a3000 WatcherThread [stack: 0x00007f34b9c15000,0x00007f34b9d16000] [id=17673]

VM state:not at safepoint (normal execution)

VM Mutex/Monitor currently owned by a thread: None

Heap
 PSYoungGen      total 37376K, used 31084K [0x00000007aaa80000, 0x00000007af380000, 0x0000000800000000)
  eden space 32256K, 80% used [0x00000007aaa80000,0x00000007ac3dc7d8,0x00000007aca00000)
  from space 5120K, 99% used [0x00000007acf00000,0x00000007ad3feac8,0x00000007ad400000)
  to   space 5120K, 0% used [0x00000007aca00000,0x00000007aca00000,0x00000007acf00000)
 ParOldGen       total 83968K, used 5324K [0x0000000700000000, 0x0000000705200000, 0x00000007aaa80000)
  object space 83968K, 6% used [0x0000000700000000,0x00000007005332a0,0x0000000705200000)
 PSPermGen       total 21504K, used 5853K [0x00000006fae00000, 0x00000006fc300000, 0x0000000700000000)
  object space 21504K, 27% used [0x00000006fae00000,0x00000006fb3b7758,0x00000006fc300000)

Card table byte_map: [0x00007f34c828a000,0x00007f34c8ab4000] byte_map_base: 0x00007f34c4ab3000

Polling page: 0x00007f34cb8f6000

Code Cache  [0x00007f34c1000000, 0x00007f34c1270000, 0x00007f34c4000000)
 total_blobs=463 nmethods=233 adapters=183 free_code_cache=48180Kb largest_free_block=49292224

Compilation events (10 events):
Event: 9.341 Thread 0x00007f34c4093000 nmethod 230 0x00007f34c10eba50 code [0x00007f34c10ebba0, 0x00007f34c10ebcf8]
Event: 9.341 Thread 0x00007f34c4093000  231             com.android.dx.util.IntList::indexOf (16 bytes)
Event: 9.345 Thread 0x00007f34c4093000 nmethod 231 0x00007f34c10e0490 code [0x00007f34c10e05e0, 0x00007f34c10e07b8]
Event: 9.346 Thread 0x00007f34c4093000  232             java.util.HashMap::<init> (9 bytes)
Event: 9.368 Thread 0x00007f34c4093000 nmethod 232 0x00007f34c10ed1d0 code [0x00007f34c10ed320, 0x00007f34c10ed3d8]
Event: 9.368 Thread 0x00007f34c4093000  233             com.android.dx.util.IntList::mutableCopy (39 bytes)
Event: 9.436 Thread 0x00007f34c4093000 nmethod 233 0x00007f34c10df990 code [0x00007f34c10dfb00, 0x00007f34c10e00f8]
Event: 9.436 Thread 0x00007f34c4093000  234             com.android.dx.util.BitIntSet::<init> (13 bytes)
Event: 9.437 Thread 0x00007f34c4093000 nmethod 234 0x00007f34c10df650 code [0x00007f34c10df7a0, 0x00007f34c10df8b8]
Event: 9.437 Thread 0x00007f34c4093000  235             com.android.dx.rop.code.LocalVariableExtractor::processBlock (327 bytes)

GC Heap History (4 events):
Event: 4.045 GC heap before
{Heap before GC invocations=1 (full 0):
 PSYoungGen      total 37376K, used 32256K [0x00000007aaa80000, 0x00000007ad400000, 0x0000000800000000)
  eden space 32256K, 100% used [0x00000007aaa80000,0x00000007aca00000,0x00000007aca00000)
  from space 5120K, 0% used [0x00000007acf00000,0x00000007acf00000,0x00000007ad400000)
  to   space 5120K, 0% used [0x00000007aca00000,0x00000007aca00000,0x00000007acf00000)
 ParOldGen       total 83968K, used 0K [0x0000000700000000, 0x0000000705200000, 0x00000007aaa80000)
  object space 83968K, 0% used [0x0000000700000000,0x0000000700000000,0x0000000705200000)
 PSPermGen       total 21504K, used 5693K [0x00000006fae00000, 0x00000006fc300000, 0x0000000700000000)
  object space 21504K, 26% used [0x00000006fae00000,0x00000006fb38f600,0x00000006fc300000)
Event: 4.081 GC heap after
Heap after GC invocations=1 (full 0):
 PSYoungGen      total 37376K, used 5092K [0x00000007aaa80000, 0x00000007ad400000, 0x0000000800000000)
  eden space 32256K, 0% used [0x00000007aaa80000,0x00000007aaa80000,0x00000007aca00000)
  from space 5120K, 99% used [0x00000007aca00000,0x00000007acef92b8,0x00000007acf00000)
  to   space 5120K, 0% used [0x00000007acf00000,0x00000007acf00000,0x00000007ad400000)
 ParOldGen       total 83968K, used 1131K [0x0000000700000000, 0x0000000705200000, 0x00000007aaa80000)
  object space 83968K, 1% used [0x0000000700000000,0x000000070011ae40,0x0000000705200000)
 PSPermGen       total 21504K, used 5693K [0x00000006fae00000, 0x00000006fc300000, 0x0000000700000000)
  object space 21504K, 26% used [0x00000006fae00000,0x00000006fb38f600,0x00000006fc300000)
}
Event: 6.815 GC heap before
{Heap before GC invocations=2 (full 0):
 PSYoungGen      total 37376K, used 37348K [0x00000007aaa80000, 0x00000007ad400000, 0x0000000800000000)
  eden space 32256K, 100% used [0x00000007aaa80000,0x00000007aca00000,0x00000007aca00000)
  from space 5120K, 99% used [0x00000007aca00000,0x00000007acef92b8,0x00000007acf00000)
  to   space 5120K, 0% used [0x00000007acf00000,0x00000007acf00000,0x00000007ad400000)
 ParOldGen       total 83968K, used 1131K [0x0000000700000000, 0x0000000705200000, 0x00000007aaa80000)
  object space 83968K, 1% used [0x0000000700000000,0x000000070011ae40,0x0000000705200000)
 PSPermGen       total 21504K, used 5779K [0x00000006fae00000, 0x00000006fc300000, 0x0000000700000000)
  object space 21504K, 26% used [0x00000006fae00000,0x00000006fb3a4c48,0x00000006fc300000)
Event: 6.893 GC heap after
Heap after GC invocations=2 (full 0):
 PSYoungGen      total 37376K, used 5114K [0x00000007aaa80000, 0x00000007af380000, 0x0000000800000000)
  eden space 32256K, 0% used [0x00000007aaa80000,0x00000007aaa80000,0x00000007aca00000)
  from space 5120K, 99% used [0x00000007acf00000,0x00000007ad3feac8,0x00000007ad400000)
  to   space 5120K, 0% used [0x00000007aca00000,0x00000007aca00000,0x00000007acf00000)
 ParOldGen       total 83968K, used 5324K [0x0000000700000000, 0x0000000705200000, 0x00000007aaa80000)
  object space 83968K, 6% used [0x0000000700000000,0x00000007005332a0,0x0000000705200000)
 PSPermGen       total 21504K, used 5779K [0x00000006fae00000, 0x00000006fc300000, 0x0000000700000000)
  object space 21504K, 26% used [0x00000006fae00000,0x00000006fb3a4c48,0x00000006fc300000)
}

Deoptimization events (7 events):
Event: 2.194 Thread 0x00007f34c4149800 Uncommon trap: reason=class_check action=maybe_recompile pc=0x00007f34c107c1b4 method=com.android.dx.ssa.NormalSsaInsn.accept(Lcom/android/dx/ssa/SsaInsn$Visitor;)V @ 9
Event: 2.282 Thread 0x00007f34c4146000 Uncommon trap: reason=class_check action=maybe_recompile pc=0x00007f34c107c1b4 method=com.android.dx.ssa.NormalSsaInsn.accept(Lcom/android/dx/ssa/SsaInsn$Visitor;)V @ 9
Event: 2.561 Thread 0x00007f34c400a000 Uncommon trap: reason=class_check action=maybe_recompile pc=0x00007f34c107c1b4 method=com.android.dx.ssa.NormalSsaInsn.accept(Lcom/android/dx/ssa/SsaInsn$Visitor;)V @ 9
Event: 2.665 Thread 0x00007f34c4143800 Uncommon trap: reason=unreached action=reinterpret pc=0x00007f34c1075298 method=com.android.dx.rop.cst.Constant.compareTo(Lcom/android/dx/rop/cst/Constant;)I @ 12
Event: 3.191 Thread 0x00007f34c4143800 Uncommon trap: reason=class_check action=maybe_recompile pc=0x00007f34c107c1b4 method=com.android.dx.ssa.NormalSsaInsn.accept(Lcom/android/dx/ssa/SsaInsn$Visitor;)V @ 9
Event: 7.913 Thread 0x00007f34c4148000 Uncommon trap: reason=null_check action=make_not_entrant pc=0x00007f34c10adedc method=com.android.dx.ssa.SsaRenamer.getLocalForNewReg(I)Lcom/android/dx/rop/code/LocalItem; @ 19
Event: 8.824 Thread 0x00007f34c4148000 Uncommon trap: reason=null_check action=make_not_entrant pc=0x00007f34c10d0068 method=com.android.dx.ssa.SsaRenamer.getLocalForNewReg(I)Lcom/android/dx/rop/code/LocalItem; @ 19

Internal exceptions (10 events):
Event: 6.078 Thread 0x00007f34c400a000 Threw 0x00000007ac267330 at /HUDSON/workspace/7u-2-build-linux-amd64/jdk7u79/2331/hotspot/src/share/vm/prims/jvm.cpp:1304
Event: 6.079 Thread 0x00007f34c400a000 Threw 0x00000007ac269b40 at /HUDSON/workspace/7u-2-build-linux-amd64/jdk7u79/2331/hotspot/src/share/vm/prims/jvm.cpp:1304
Event: 6.104 Thread 0x00007f34c400a000 Threw 0x00000007ac26c6c0 at /HUDSON/workspace/7u-2-build-linux-amd64/jdk7u79/2331/hotspot/src/share/vm/prims/jvm.cpp:1304
Event: 7.913 Thread 0x00007f34c4148000 Implicit null exception at 0x00007f34c10ad36d to 0x00007f34c10adec1
Event: 8.028 Thread 0x00007f34c400a000 Threw 0x00000007ab8eb878 at /HUDSON/workspace/7u-2-build-linux-amd64/jdk7u79/2331/hotspot/src/share/vm/prims/jvm.cpp:1304
Event: 8.084 Thread 0x00007f34c4149800 Threw 0x00000007aba49f90 at /HUDSON/workspace/7u-2-build-linux-amd64/jdk7u79/2331/hotspot/src/share/vm/prims/jvm.cpp:1304
Event: 8.824 Thread 0x00007f34c4148000 Implicit null exception at 0x00007f34c10ceeb1 to 0x00007f34c10d0031
Event: 9.024 Thread 0x00007f34c400a000 Threw 0x00000007aba67340 at /HUDSON/workspace/7u-2-build-linux-amd64/jdk7u79/2331/hotspot/src/share/vm/prims/jvm.cpp:1304
Event: 9.068 Thread 0x00007f34c4143800 Threw 0x00000007ac316bc0 at /HUDSON/workspace/7u-2-build-linux-amd64/jdk7u79/2331/hotspot/src/share/vm/prims/jvm.cpp:1304
Event: 9.231 Thread 0x00007f34c4143800 Threw 0x00000007ac3442f8 at /HUDSON/workspace/7u-2-build-linux-amd64/jdk7u79/2331/hotspot/src/share/vm/prims/jvm.cpp:1304

Events (10 events):
Event: 9.038 loading class 0x00007f34c40acf00
Event: 9.038 loading class 0x00007f34c40acf00 done
Event: 9.038 loading class 0x00007f348407b4c0 done
Event: 9.038 loading class 0x00007f34c40ad080 done
Event: 9.038 loading class 0x00007f34c40ad050
Event: 9.038 loading class 0x00007f34c40ad050 done
Event: 9.068 loading class 0x00007f3480003540
Event: 9.068 loading class 0x00007f3480003540 done
Event: 9.231 loading class 0x00007f3470003410
Event: 9.231 loading class 0x00007f3470003410 done


Dynamic libraries:
00400000-00401000 r-xp 00000000 08:01 3932503                            /opt/jdk1.7.0_79/bin/java
00600000-00601000 rw-p 00000000 08:01 3932503                            /opt/jdk1.7.0_79/bin/java
00d18000-00d39000 rw-p 00000000 00:00 0                                  [heap]
6fae00000-6fc300000 rw-p 00000000 00:00 0 
6fc300000-700000000 rw-p 00000000 00:00 0 
700000000-705200000 rw-p 00000000 00:00 0 
705200000-7aaa80000 rw-p 00000000 00:00 0 
7aaa80000-7af380000 rw-p 00000000 00:00 0 
7af380000-800000000 rw-p 00000000 00:00 0 
7f344bfff000-7f346c000000 rw-p 00000000 00:00 0 
7f346c000000-7f346c021000 rw-p 00000000 00:00 0 
7f346c021000-7f3470000000 ---p 00000000 00:00 0 
7f3470000000-7f3470021000 rw-p 00000000 00:00 0 
7f3470021000-7f3474000000 ---p 00000000 00:00 0 
7f3474000000-7f3474021000 rw-p 00000000 00:00 0 
7f3474021000-7f3478000000 ---p 00000000 00:00 0 
7f3478000000-7f3478021000 rw-p 00000000 00:00 0 
7f3478021000-7f347c000000 ---p 00000000 00:00 0 
7f347c000000-7f347c021000 rw-p 00000000 00:00 0 
7f347c021000-7f3480000000 ---p 00000000 00:00 0 
7f3480000000-7f348003a000 rw-p 00000000 00:00 0 
7f348003a000-7f3484000000 ---p 00000000 00:00 0 
7f3484000000-7f3484d42000 rw-p 00000000 00:00 0 
7f3484d42000-7f3488000000 ---p 00000000 00:00 0 
7f3488000000-7f3488021000 rw-p 00000000 00:00 0 
7f3488021000-7f348c000000 ---p 00000000 00:00 0 
7f348c000000-7f348c021000 rw-p 00000000 00:00 0 
7f348c021000-7f3490000000 ---p 00000000 00:00 0 
7f3490000000-7f3490bd0000 rw-p 00000000 00:00 0 
7f3490bd0000-7f3494000000 ---p 00000000 00:00 0 
7f3494000000-7f3494021000 rw-p 00000000 00:00 0 
7f3494021000-7f3498000000 ---p 00000000 00:00 0 
7f3498000000-7f3498021000 rw-p 00000000 00:00 0 
7f3498021000-7f349c000000 ---p 00000000 00:00 0 
7f349c000000-7f349c021000 rw-p 00000000 00:00 0 
7f349c021000-7f34a0000000 ---p 00000000 00:00 0 
7f34a3d70000-7f34ac000000 rw-p 00000000 00:00 0 
7f34ac000000-7f34ac021000 rw-p 00000000 00:00 0 
7f34ac021000-7f34b0000000 ---p 00000000 00:00 0 
7f34b0000000-7f34b0021000 rw-p 00000000 00:00 0 
7f34b0021000-7f34b4000000 ---p 00000000 00:00 0 
7f34b4000000-7f34b4021000 rw-p 00000000 00:00 0 
7f34b4021000-7f34b8000000 ---p 00000000 00:00 0 
7f34b8fd8000-7f34b8fdb000 ---p 00000000 00:00 0 
7f34b8fdb000-7f34b90d9000 rw-p 00000000 00:00 0 
7f34b90d9000-7f34b90dc000 ---p 00000000 00:00 0 
7f34b90dc000-7f34b91da000 rw-p 00000000 00:00 0 
7f34b91da000-7f34b91dd000 ---p 00000000 00:00 0 
7f34b91dd000-7f34b92db000 rw-p 00000000 00:00 0 
7f34b92db000-7f34b92de000 ---p 00000000 00:00 0 
7f34b92de000-7f34b93dc000 rw-p 00000000 00:00 0 
7f34b93dc000-7f34b93df000 ---p 00000000 00:00 0 
7f34b93df000-7f34b97de000 rw-p 00000000 00:00 0 
7f34b97de000-7f34b97f4000 r-xp 00000000 08:01 3932693                    /opt/jdk1.7.0_79/jre/lib/amd64/libnet.so
7f34b97f4000-7f34b99f4000 ---p 00016000 08:01 3932693                    /opt/jdk1.7.0_79/jre/lib/amd64/libnet.so
7f34b99f4000-7f34b99f5000 rw-p 00016000 08:01 3932693                    /opt/jdk1.7.0_79/jre/lib/amd64/libnet.so
7f34b99f5000-7f34b9a05000 r-xp 00000000 08:01 3932694                    /opt/jdk1.7.0_79/jre/lib/amd64/libnio.so
7f34b9a05000-7f34b9c05000 ---p 00010000 08:01 3932694                    /opt/jdk1.7.0_79/jre/lib/amd64/libnio.so
7f34b9c05000-7f34b9c06000 rw-p 00010000 08:01 3932694                    /opt/jdk1.7.0_79/jre/lib/amd64/libnio.so
7f34b9c06000-7f34b9c15000 r--s 000df000 08:01 4064773                    /home/keshav/Android/Sdk/build-tools/23.0.3/lib/dx.jar
7f34b9c15000-7f34b9c16000 ---p 00000000 00:00 0 
7f34b9c16000-7f34b9d16000 rw-p 00000000 00:00 0 
7f34b9d16000-7f34b9d19000 ---p 00000000 00:00 0 
7f34b9d19000-7f34b9e17000 rw-p 00000000 00:00 0 
7f34b9e17000-7f34b9e1a000 ---p 00000000 00:00 0 
7f34b9e1a000-7f34b9f18000 rw-p 00000000 00:00 0 
7f34b9f18000-7f34b9f1b000 ---p 00000000 00:00 0 
7f34b9f1b000-7f34ba019000 rw-p 00000000 00:00 0 
7f34ba019000-7f34ba01c000 ---p 00000000 00:00 0 
7f34ba01c000-7f34ba11a000 rw-p 00000000 00:00 0 
7f34ba11a000-7f34baad9000 r--p 00000000 08:01 12065597                   /usr/lib/locale/locale-archive
7f34baad9000-7f34baadc000 ---p 00000000 00:00 0 
7f34baadc000-7f34babda000 rw-p 00000000 00:00 0 
7f34babda000-7f34babdd000 ---p 00000000 00:00 0 
7f34babdd000-7f34bacdb000 rw-p 00000000 00:00 0 
7f34bacdb000-7f34bacdc000 ---p 00000000 00:00 0 
7f34bacdc000-7f34bbd6f000 rw-p 00000000 00:00 0 
7f34bbd6f000-7f34bbf2f000 r--s 039f7000 08:01 3932950                    /opt/jdk1.7.0_79/jre/lib/rt.jar
7f34bbf2f000-7f34bc000000 rw-p 00000000 00:00 0 
7f34bc000000-7f34bc021000 rw-p 00000000 00:00 0 
7f34bc021000-7f34c0000000 ---p 00000000 00:00 0 
7f34c000c000-7f34c08a8000 rw-p 00000000 00:00 0 
7f34c08a8000-7f34c08a9000 ---p 00000000 00:00 0 
7f34c08a9000-7f34c09a9000 rw-p 00000000 00:00 0 
7f34c09a9000-7f34c09aa000 ---p 00000000 00:00 0 
7f34c09aa000-7f34c0ad3000 rw-p 00000000 00:00 0 
7f34c0ad3000-7f34c1000000 rw-p 00000000 00:00 0 
7f34c1000000-7f34c1270000 rwxp 00000000 00:00 0 
7f34c1270000-7f34c4175000 rw-p 00000000 00:00 0 
7f34c4175000-7f34c8000000 ---p 00000000 00:00 0 
7f34c800d000-7f34c805f000 rw-p 00000000 00:00 0 
7f34c805f000-7f34c8060000 ---p 00000000 00:00 0 
7f34c8060000-7f34c8160000 rw-p 00000000 00:00 0 
7f34c8160000-7f34c8161000 ---p 00000000 00:00 0 
7f34c8161000-7f34c826c000 rw-p 00000000 00:00 0 
7f34c826c000-7f34c828a000 rw-p 00000000 00:00 0 
7f34c828a000-7f34c8295000 rw-p 00000000 00:00 0 
7f34c8295000-7f34c82b3000 rw-p 00000000 00:00 0 
7f34c82b3000-7f34c82dc000 rw-p 00000000 00:00 0 
7f34c82dc000-7f34c8808000 rw-p 00000000 00:00 0 
7f34c8808000-7f34c882d000 rw-p 00000000 00:00 0 
7f34c882d000-7f34c8ab3000 rw-p 00000000 00:00 0 
7f34c8ab3000-7f34c8ab4000 rw-p 00000000 00:00 0 
7f34c8ab4000-7f34c8ace000 r-xp 00000000 08:01 3932705                    /opt/jdk1.7.0_79/jre/lib/amd64/libzip.so
7f34c8ace000-7f34c8cce000 ---p 0001a000 08:01 3932705                    /opt/jdk1.7.0_79/jre/lib/amd64/libzip.so
7f34c8cce000-7f34c8ccf000 rw-p 0001a000 08:01 3932705                    /opt/jdk1.7.0_79/jre/lib/amd64/libzip.so
7f34c8ccf000-7f34c8cda000 r-xp 00000000 08:01 266706                     /lib/x86_64-linux-gnu/libnss_files-2.23.so
7f34c8cda000-7f34c8ed9000 ---p 0000b000 08:01 266706                     /lib/x86_64-linux-gnu/libnss_files-2.23.so
7f34c8ed9000-7f34c8eda000 r--p 0000a000 08:01 266706                     /lib/x86_64-linux-gnu/libnss_files-2.23.so
7f34c8eda000-7f34c8edb000 rw-p 0000b000 08:01 266706                     /lib/x86_64-linux-gnu/libnss_files-2.23.so
7f34c8edb000-7f34c8ee1000 rw-p 00000000 00:00 0 
7f34c8ee1000-7f34c8eec000 r-xp 00000000 08:01 266716                     /lib/x86_64-linux-gnu/libnss_nis-2.23.so
7f34c8eec000-7f34c90eb000 ---p 0000b000 08:01 266716                     /lib/x86_64-linux-gnu/libnss_nis-2.23.so
7f34c90eb000-7f34c90ec000 r--p 0000a000 08:01 266716                     /lib/x86_64-linux-gnu/libnss_nis-2.23.so
7f34c90ec000-7f34c90ed000 rw-p 0000b000 08:01 266716                     /lib/x86_64-linux-gnu/libnss_nis-2.23.so
7f34c90ed000-7f34c9103000 r-xp 00000000 08:01 266700                     /lib/x86_64-linux-gnu/libnsl-2.23.so
7f34c9103000-7f34c9302000 ---p 00016000 08:01 266700                     /lib/x86_64-linux-gnu/libnsl-2.23.so
7f34c9302000-7f34c9303000 r--p 00015000 08:01 266700                     /lib/x86_64-linux-gnu/libnsl-2.23.so
7f34c9303000-7f34c9304000 rw-p 00016000 08:01 266700                     /lib/x86_64-linux-gnu/libnsl-2.23.so
7f34c9304000-7f34c9306000 rw-p 00000000 00:00 0 
7f34c9306000-7f34c930e000 r-xp 00000000 08:01 266702                     /lib/x86_64-linux-gnu/libnss_compat-2.23.so
7f34c930e000-7f34c950d000 ---p 00008000 08:01 266702                     /lib/x86_64-linux-gnu/libnss_compat-2.23.so
7f34c950d000-7f34c950e000 r--p 00007000 08:01 266702                     /lib/x86_64-linux-gnu/libnss_compat-2.23.so
7f34c950e000-7f34c950f000 rw-p 00008000 08:01 266702                     /lib/x86_64-linux-gnu/libnss_compat-2.23.so
7f34c950f000-7f34c9538000 r-xp 00000000 08:01 3932675                    /opt/jdk1.7.0_79/jre/lib/amd64/libjava.so
7f34c9538000-7f34c9738000 ---p 00029000 08:01 3932675                    /opt/jdk1.7.0_79/jre/lib/amd64/libjava.so
7f34c9738000-7f34c973a000 rw-p 00029000 08:01 3932675                    /opt/jdk1.7.0_79/jre/lib/amd64/libjava.so
7f34c973a000-7f34c9747000 r-xp 00000000 08:01 3932704                    /opt/jdk1.7.0_79/jre/lib/amd64/libverify.so
7f34c9747000-7f34c9946000 ---p 0000d000 08:01 3932704                    /opt/jdk1.7.0_79/jre/lib/amd64/libverify.so
7f34c9946000-7f34c9948000 rw-p 0000c000 08:01 3932704                    /opt/jdk1.7.0_79/jre/lib/amd64/libverify.so
7f34c9948000-7f34c994f000 r-xp 00000000 08:01 266761                     /lib/x86_64-linux-gnu/librt-2.23.so
7f34c994f000-7f34c9b4e000 ---p 00007000 08:01 266761                     /lib/x86_64-linux-gnu/librt-2.23.so
7f34c9b4e000-7f34c9b4f000 r--p 00006000 08:01 266761                     /lib/x86_64-linux-gnu/librt-2.23.so
7f34c9b4f000-7f34c9b50000 rw-p 00007000 08:01 266761                     /lib/x86_64-linux-gnu/librt-2.23.so
7f34c9b50000-7f34c9c58000 r-xp 00000000 08:01 266677                     /lib/x86_64-linux-gnu/libm-2.23.so
7f34c9c58000-7f34c9e57000 ---p 00108000 08:01 266677                     /lib/x86_64-linux-gnu/libm-2.23.so
7f34c9e57000-7f34c9e58000 r--p 00107000 08:01 266677                     /lib/x86_64-linux-gnu/libm-2.23.so
7f34c9e58000-7f34c9e59000 rw-p 00108000 08:01 266677                     /lib/x86_64-linux-gnu/libm-2.23.so
7f34c9e59000-7f34ca9ce000 r-xp 00000000 08:01 3932709                    /opt/jdk1.7.0_79/jre/lib/amd64/server/libjvm.so
7f34ca9ce000-7f34cabce000 ---p 00b75000 08:01 3932709                    /opt/jdk1.7.0_79/jre/lib/amd64/server/libjvm.so
7f34cabce000-7f34cac92000 rw-p 00b75000 08:01 3932709                    /opt/jdk1.7.0_79/jre/lib/amd64/server/libjvm.so
7f34cac92000-7f34cacd3000 rw-p 00000000 00:00 0 
7f34cacd3000-7f34cae93000 r-xp 00000000 08:01 266607                     /lib/x86_64-linux-gnu/libc-2.23.so
7f34cae93000-7f34cb092000 ---p 001c0000 08:01 266607                     /lib/x86_64-linux-gnu/libc-2.23.so
7f34cb092000-7f34cb096000 r--p 001bf000 08:01 266607                     /lib/x86_64-linux-gnu/libc-2.23.so
7f34cb096000-7f34cb098000 rw-p 001c3000 08:01 266607                     /lib/x86_64-linux-gnu/libc-2.23.so
7f34cb098000-7f34cb09c000 rw-p 00000000 00:00 0 
7f34cb09c000-7f34cb09f000 r-xp 00000000 08:01 266631                     /lib/x86_64-linux-gnu/libdl-2.23.so
7f34cb09f000-7f34cb29e000 ---p 00003000 08:01 266631                     /lib/x86_64-linux-gnu/libdl-2.23.so
7f34cb29e000-7f34cb29f000 r--p 00002000 08:01 266631                     /lib/x86_64-linux-gnu/libdl-2.23.so
7f34cb29f000-7f34cb2a0000 rw-p 00003000 08:01 266631                     /lib/x86_64-linux-gnu/libdl-2.23.so
7f34cb2a0000-7f34cb2b6000 r-xp 00000000 08:01 3933384                    /opt/jdk1.7.0_79/lib/amd64/jli/libjli.so
7f34cb2b6000-7f34cb4b6000 ---p 00016000 08:01 3933384                    /opt/jdk1.7.0_79/lib/amd64/jli/libjli.so
7f34cb4b6000-7f34cb4b7000 rw-p 00016000 08:01 3933384                    /opt/jdk1.7.0_79/lib/amd64/jli/libjli.so
7f34cb4b7000-7f34cb4cf000 r-xp 00000000 08:01 266753                     /lib/x86_64-linux-gnu/libpthread-2.23.so
7f34cb4cf000-7f34cb6ce000 ---p 00018000 08:01 266753                     /lib/x86_64-linux-gnu/libpthread-2.23.so
7f34cb6ce000-7f34cb6cf000 r--p 00017000 08:01 266753                     /lib/x86_64-linux-gnu/libpthread-2.23.so
7f34cb6cf000-7f34cb6d0000 rw-p 00018000 08:01 266753                     /lib/x86_64-linux-gnu/libpthread-2.23.so
7f34cb6d0000-7f34cb6d4000 rw-p 00000000 00:00 0 
7f34cb6d4000-7f34cb6fa000 r-xp 00000000 08:01 266579                     /lib/x86_64-linux-gnu/ld-2.23.so
7f34cb6fb000-7f34cb726000 rw-p 00000000 00:00 0 
7f34cb726000-7f34cb7dc000 rw-p 00000000 00:00 0 
7f34cb7dc000-7f34cb7df000 ---p 00000000 00:00 0 
7f34cb7df000-7f34cb8e1000 rw-p 00000000 00:00 0 
7f34cb8ed000-7f34cb8f5000 rw-s 00000000 08:01 17303410                   /tmp/hsperfdata_keshav/17655
7f34cb8f5000-7f34cb8f6000 rw-p 00000000 00:00 0 
7f34cb8f6000-7f34cb8f7000 r--p 00000000 00:00 0 
7f34cb8f7000-7f34cb8f9000 rw-p 00000000 00:00 0 
7f34cb8f9000-7f34cb8fa000 r--p 00025000 08:01 266579                     /lib/x86_64-linux-gnu/ld-2.23.so
7f34cb8fa000-7f34cb8fb000 rw-p 00026000 08:01 266579                     /lib/x86_64-linux-gnu/ld-2.23.so
7f34cb8fb000-7f34cb8fc000 rw-p 00000000 00:00 0 
7ffd829cf000-7ffd829f0000 rw-p 00000000 00:00 0                          [stack]
7ffd829f2000-7ffd829f4000 r--p 00000000 00:00 0                          [vvar]
7ffd829f4000-7ffd829f6000 r-xp 00000000 00:00 0                          [vdso]
ffffffffff600000-ffffffffff601000 r-xp 00000000 00:00 0                  [vsyscall]

VM Arguments:
jvm_args: -Djava.awt.headless=true -Xmx4g -Dfile.encoding=UTF-8 -Duser.country=IN -Duser.language=en -Duser.variant 
java_command: com.android.dx.command.Main --dex --force-jumbo --num-threads=4 --multi-dex --output /home/keshav/StudioMotif/Motif/app/build/intermediates/transforms/dex/debug/folders/1000/2/http-core-4.1_b968309bad01bc7b95983bf26343ccd198619bff /home/keshav/StudioMotif/Motif/app/libs/http-core-4.1.jar
Launcher Type: SUN_STANDARD

Environment Variables:
PATH=/usr/local/sbin:/usr/local/bin:/usr/sbin:/usr/bin:/sbin:/bin:/usr/games:/usr/local/games:/snap/bin
LD_LIBRARY_PATH=/opt/jdk1.7.0_79/jre/lib/amd64/server:/opt/jdk1.7.0_79/jre/lib/amd64:/opt/jdk1.7.0_79/jre/../lib/amd64:/usr/lib/jvm/java-6-oracle/jre/lib/amd64/server:/usr/lib/jvm/java-6-oracle/jre/lib/amd64:/usr/lib/jvm/java-6-oracle/jre/../lib/amd64:/opt/android-studio/bin:
SHELL=/bin/bash
DISPLAY=:0

Signal Handlers:
SIGSEGV: [libjvm.so+0x9a3bf0], sa_mask[0]=0x7ffbfeff, sa_flags=0x10000004
SIGBUS: [libjvm.so+0x9a3bf0], sa_mask[0]=0x7ffbfeff, sa_flags=0x10000004
SIGFPE: [libjvm.so+0x81cb60], sa_mask[0]=0x7ffbfeff, sa_flags=0x10000004
SIGPIPE: [libjvm.so+0x81cb60], sa_mask[0]=0x7ffbfeff, sa_flags=0x10000004
SIGXFSZ: [libjvm.so+0x81cb60], sa_mask[0]=0x7ffbfeff, sa_flags=0x10000004
SIGILL: [libjvm.so+0x81cb60], sa_mask[0]=0x7ffbfeff, sa_flags=0x10000004
SIGUSR1: SIG_DFL, sa_mask[0]=0x00000000, sa_flags=0x00000000
SIGUSR2: [libjvm.so+0x81e360], sa_mask[0]=0x00000004, sa_flags=0x10000004
SIGHUP: [libjvm.so+0x81f480], sa_mask[0]=0x7ffbfeff, sa_flags=0x10000004
SIGINT: [libjvm.so+0x81f480], sa_mask[0]=0x7ffbfeff, sa_flags=0x10000004
SIGTERM: [libjvm.so+0x81f480], sa_mask[0]=0x7ffbfeff, sa_flags=0x10000004
SIGQUIT: [libjvm.so+0x81f480], sa_mask[0]=0x7ffbfeff, sa_flags=0x10000004


---------------  S Y S T E M  ---------------

OS:stretch/sid

uname:Linux 4.4.0-24-generic #43-Ubuntu SMP Wed Jun 8 19:27:37 UTC 2016 x86_64
libc:glibc 2.23 NPTL 2.23 
rlimit: STACK 8192k, CORE 0k, NPROC 31425, NOFILE 65536, AS infinity
load average:10.01 3.29 1.53

/proc/meminfo:
MemTotal:        8083692 kB
MemFree:          981792 kB
MemAvailable:    3463468 kB
Buffers:          403144 kB
Cached:          2312656 kB
SwapCached:            0 kB
Active:          5613748 kB
Inactive:        1052832 kB
Active(anon):    3960336 kB
Inactive(anon):   247452 kB
Active(file):    1653412 kB
Inactive(file):   805380 kB
Unevictable:          48 kB
Mlocked:              48 kB
SwapTotal:       4102140 kB
SwapFree:        4102140 kB
Dirty:              1464 kB
Writeback:             0 kB
AnonPages:       3953016 kB
Mapped:           454180 kB
Shmem:            257012 kB
Slab:             318364 kB
SReclaimable:     276300 kB
SUnreclaim:        42064 kB
KernelStack:       13072 kB
PageTables:        52628 kB
NFS_Unstable:          0 kB
Bounce:                0 kB
WritebackTmp:          0 kB
CommitLimit:     8143984 kB
Committed_AS:   10135568 kB
VmallocTotal:   34359738367 kB
VmallocUsed:           0 kB
VmallocChunk:          0 kB
HardwareCorrupted:     0 kB
AnonHugePages:   2906112 kB
CmaTotal:              0 kB
CmaFree:               0 kB
HugePages_Total:       0
HugePages_Free:        0
HugePages_Rsvd:        0
HugePages_Surp:        0
Hugepagesize:       2048 kB
DirectMap4k:      165504 kB
DirectMap2M:     8132608 kB


CPU:total 4 (2 cores per cpu, 2 threads per core) family 6 model 42 stepping 7, cmov, cx8, fxsr, mmx, sse, sse2, sse3, ssse3, sse4.1, sse4.2, popcnt, avx, ht, tsc, tscinvbit

/proc/cpuinfo:
processor	: 0
vendor_id	: GenuineIntel
cpu family	: 6
model		: 42
model name	: Intel(R) Core(TM) i3-2330M CPU @ 2.20GHz
stepping	: 7
microcode	: 0x29
cpu MHz		: 2199.914
cache size	: 3072 KB
physical id	: 0
siblings	: 4
core id		: 0
cpu cores	: 2
apicid		: 0
initial apicid	: 0
fpu		: yes
fpu_exception	: yes
cpuid level	: 13
wp		: yes
flags		: fpu vme de pse tsc msr pae mce cx8 apic sep mtrr pge mca cmov pat pse36 clflush dts acpi mmx fxsr sse sse2 ss ht tm pbe syscall nx rdtscp lm constant_tsc arch_perfmon pebs bts nopl xtopology nonstop_tsc aperfmperf eagerfpu pni pclmulqdq dtes64 monitor ds_cpl vmx est tm2 ssse3 cx16 xtpr pdcm pcid sse4_1 sse4_2 x2apic popcnt tsc_deadline_timer xsave avx lahf_lm epb tpr_shadow vnmi flexpriority ept vpid xsaveopt dtherm arat pln pts
bugs		:
bogomips	: 4390.31
clflush size	: 64
cache_alignment	: 64
address sizes	: 36 bits physical, 48 bits virtual
power management:

processor	: 1
vendor_id	: GenuineIntel
cpu family	: 6
model		: 42
model name	: Intel(R) Core(TM) i3-2330M CPU @ 2.20GHz
stepping	: 7
microcode	: 0x29
cpu MHz		: 2199.914
cache size	: 3072 KB
physical id	: 0
siblings	: 4
core id		: 0
cpu cores	: 2
apicid		: 1
initial apicid	: 1
fpu		: yes
fpu_exception	: yes
cpuid level	: 13
wp		: yes
flags		: fpu vme de pse tsc msr pae mce cx8 apic sep mtrr pge mca cmov pat pse36 clflush dts acpi mmx fxsr sse sse2 ss ht tm pbe syscall nx rdtscp lm constant_tsc arch_perfmon pebs bts nopl xtopology nonstop_tsc aperfmperf eagerfpu pni pclmulqdq dtes64 monitor ds_cpl vmx est tm2 ssse3 cx16 xtpr pdcm pcid sse4_1 sse4_2 x2apic popcnt tsc_deadline_timer xsave avx lahf_lm epb tpr_shadow vnmi flexpriority ept vpid xsaveopt dtherm arat pln pts
bugs		:
bogomips	: 4390.31
clflush size	: 64
cache_alignment	: 64
address sizes	: 36 bits physical, 48 bits virtual
power management:

processor	: 2
vendor_id	: GenuineIntel
cpu family	: 6
model		: 42
model name	: Intel(R) Core(TM) i3-2330M CPU @ 2.20GHz
stepping	: 7
microcode	: 0x29
cpu MHz		: 2200.000
cache size	: 3072 KB
physical id	: 0
siblings	: 4
core id		: 1
cpu cores	: 2
apicid		: 2
initial apicid	: 2
fpu		: yes
fpu_exception	: yes
cpuid level	: 13
wp		: yes
flags		: fpu vme de pse tsc msr pae mce cx8 apic sep mtrr pge mca cmov pat pse36 clflush dts acpi mmx fxsr sse sse2 ss ht tm pbe syscall nx rdtscp lm constant_tsc arch_perfmon pebs bts nopl xtopology nonstop_tsc aperfmperf eagerfpu pni pclmulqdq dtes64 monitor ds_cpl vmx est tm2 ssse3 cx16 xtpr pdcm pcid sse4_1 sse4_2 x2apic popcnt tsc_deadline_timer xsave avx lahf_lm epb tpr_shadow vnmi flexpriority ept vpid xsaveopt dtherm arat pln pts
bugs		:
bogomips	: 4390.31
clflush size	: 64
cache_alignment	: 64
address sizes	: 36 bits physical, 48 bits virtual
power management:

processor	: 3
vendor_id	: GenuineIntel
cpu family	: 6
model		: 42
model name	: Intel(R) Core(TM) i3-2330M CPU @ 2.20GHz
stepping	: 7
microcode	: 0x29
cpu MHz		: 2200.000
cache size	: 3072 KB
physical id	: 0
siblings	: 4
core id		: 1
cpu cores	: 2
apicid		: 3
initial apicid	: 3
fpu		: yes
fpu_exception	: yes
cpuid level	: 13
wp		: yes
flags		: fpu vme de pse tsc msr pae mce cx8 apic sep mtrr pge mca cmov pat pse36 clflush dts acpi mmx fxsr sse sse2 ss ht tm pbe syscall nx rdtscp lm constant_tsc arch_perfmon pebs bts nopl xtopology nonstop_tsc aperfmperf eagerfpu pni pclmulqdq dtes64 monitor ds_cpl vmx est tm2 ssse3 cx16 xtpr pdcm pcid sse4_1 sse4_2 x2apic popcnt tsc_deadline_timer xsave avx lahf_lm epb tpr_shadow vnmi flexpriority ept vpid xsaveopt dtherm arat pln pts
bugs		:
bogomips	: 4390.31
clflush size	: 64
cache_alignment	: 64
address sizes	: 36 bits physical, 48 bits virtual
power management:



Memory: 4k page, physical 8083692k(981792k free), swap 4102140k(4102140k free)

vm_info: Java HotSpot(TM) 64-Bit Server VM (24.79-b02) for linux-amd64 JRE (1.7.0_79-b15), built on Apr 10 2015 11:34:48 by "java_re" with gcc 4.3.0 20080428 (Red Hat 4.3.0-8)

time: Wed Jun 15 14:11:06 2016
elapsed time: 10 seconds

