#
# A fatal error has been detected by the Java Runtime Environment:
#
#  SIGSEGV (0xb) at pc=0x00007fca243494a4, pid=28220, tid=140505831065344
#
# JRE version: Java(TM) SE Runtime Environment (7.0_79-b15) (build 1.7.0_79-b15)
# Java VM: Java HotSpot(TM) 64-Bit Server VM (24.79-b02 mixed mode linux-amd64 compressed oops)
# Problematic frame:
# V  [libjvm.so+0x8664a4]  PhaseRemoveUseless::PhaseRemoveUseless(PhaseGVN*, Unique_Node_List*)+0x134
#
# Failed to write core dump. Core dumps have been disabled. To enable core dumping, try "ulimit -c unlimited" before starting Java again
#
# If you would like to submit a bug report, please visit:
#   http://bugreport.java.com/bugreport/crash.jsp
#

---------------  T H R E A D  ---------------

Current thread (0x00007fca1c096000):  JavaThread "C2 CompilerThread1" daemon [_thread_in_native, id=28236, stack(0x00007fca10164000,0x00007fca10265000)]

siginfo:si_signo=SIGSEGV: si_errno=0, si_code=128 (), si_addr=0x0000000000000000

Registers:
RAX=0x00047fc9ec27acc8, RBX=0x0000000000000001, RCX=0x0000000000000010, RDX=0x00007fc9ec14cd00
RSP=0x00007fca10262100, RBP=0x00007fca10262130, RSI=0x0000000000003138, RDI=0x00007fc9e00ee418
R8 =0x000000000000018e, R9 =0x0000000000010000, R10=0x00007fca10262b20, R11=0x00007fc9e003ffe0
R12=0x00007fca10262b70, R13=0x00007fca10262ba0, R14=0x00007fca102621b0, R15=0x00007fca10262b80
RIP=0x00007fca243494a4, EFLAGS=0x0000000000010297, CSGSFS=0x0000000000000033, ERR=0x0000000000000000
  TRAPNO=0x000000000000000d

Top of Stack: (sp=0x00007fca10262100)
0x00007fca10262100:   00007fca10262c70 00007fca10262cc0
0x00007fca10262110:   00007fc9ec72a338 00007fc9ec72a220
0x00007fca10262120:   00007fca10262c20 00007fca24902d20
0x00007fca10262130:   00007fca10262d30 00007fca23f2a64f
0x00007fca10262140:   0000000000000006 00007fc9e0315410
0x00007fca10262150:   00007fca102636a0 00007fca102636b8
0x00007fca10262160:   00007fca1c0929d0 0000000000000004
0x00007fca10262170:   0000000000000000 0000000000000000
0x00007fca10262180:   0000000000000000 00007fca10262d90
0x00007fca10262190:   00007fca10262c70 00007fca1c0929d0
0x00007fca102621a0:   00007fca10262f00 00007fca102636a0
0x00007fca102621b0:   00007fca248e5410 0000000000000004
0x00007fca102621c0:   00007fca10262d90 00007fca10262f00
0x00007fca102621d0:   00007fca10262f00 0000000000000004
0x00007fca102621e0:   00007fc9e0002200 00007fca10262f00
0x00007fca102621f0:   0000000000004000 00007fc9e01e8da0
0x00007fca10262200:   0000000000000000 0000000000000000
0x00007fca10262210:   00007fc9e04170a0 0000000000000000
0x00007fca10262220:   0000000000000000 0000000000000000
0x00007fca10262230:   00007fc9e0098a30 00007fc9e0345e68
0x00007fca10262240:   00007fc9e00422d0 00007fc9e0330b80
0x00007fca10262250:   00007fc9e0333080 00007fc9e039a550
0x00007fca10262260:   0000000000000000 00007fc9e0336a10
0x00007fca10262270:   0000000000000000 00007fc9e01480f8
0x00007fca10262280:   00007fc9e0089c38 00007fc9e0335d90
0x00007fca10262290:   00007fc9e0020df0 0000000000000000
0x00007fca102622a0:   0000000000000000 0000000000000000
0x00007fca102622b0:   0000000000000000 0000000000000000
0x00007fca102622c0:   0000000000000000 00007fc9e00df048
0x00007fca102622d0:   0000000000000000 0000000000000000
0x00007fca102622e0:   00007fc9e02affb8 0000000000000000
0x00007fca102622f0:   0000000000000000 00007fc9e0333040 

Instructions: (pc=0x00007fca243494a4)
0x00007fca24349484:   08 00 00 00 0f 1f 84 00 00 00 00 00 48 89 f7 49
0x00007fca24349494:   03 7a 18 48 8b 07 48 85 c0 74 21 49 39 c3 74 1c
0x00007fca243494a4:   8b 48 28 89 c8 c1 e8 05 41 3b 45 10 0f 82 ca 00
0x00007fca243494b4:   00 00 4c 89 1f 0f 1f 80 00 00 00 00 48 83 c6 08 

Register to memory mapping:

RAX=0x00047fc9ec27acc8 is an unknown value
RBX=0x0000000000000001 is an unknown value
RCX=0x0000000000000010 is an unknown value
RDX=0x00007fc9ec14cd00 is an unknown value
RSP=0x00007fca10262100 is pointing into the stack for thread: 0x00007fca1c096000
RBP=0x00007fca10262130 is pointing into the stack for thread: 0x00007fca1c096000
RSI=0x0000000000003138 is an unknown value
RDI=0x00007fc9e00ee418 is an unknown value
R8 =0x000000000000018e is an unknown value
R9 =0x0000000000010000 is an unknown value
R10=0x00007fca10262b20 is pointing into the stack for thread: 0x00007fca1c096000
R11=0x00007fc9e003ffe0 is an unknown value
R12=0x00007fca10262b70 is pointing into the stack for thread: 0x00007fca1c096000
R13=0x00007fca10262ba0 is pointing into the stack for thread: 0x00007fca1c096000
R14=0x00007fca102621b0 is pointing into the stack for thread: 0x00007fca1c096000
R15=0x00007fca10262b80 is pointing into the stack for thread: 0x00007fca1c096000


Stack: [0x00007fca10164000,0x00007fca10265000],  sp=0x00007fca10262100,  free space=1016k
Native frames: (J=compiled Java code, j=interpreted, Vv=VM code, C=native code)
V  [libjvm.so+0x8664a4]  PhaseRemoveUseless::PhaseRemoveUseless(PhaseGVN*, Unique_Node_List*)+0x134
V  [libjvm.so+0x44764f]  Compile::Compile(ciEnv*, C2Compiler*, ciMethod*, int, bool, bool)+0x16ff
V  [libjvm.so+0x3b1b76]  C2Compiler::compile_method(ciEnv*, ciMethod*, int)+0x176
V  [libjvm.so+0x44ec6e]  CompileBroker::invoke_compiler_on_method(CompileTask*)+0x33e
V  [libjvm.so+0x44fa4d]  CompileBroker::compiler_thread_loop()+0x43d
V  [libjvm.so+0x95c11f]  JavaThread::thread_main_inner()+0xdf
V  [libjvm.so+0x95c225]  JavaThread::run()+0xf5
V  [libjvm.so+0x821ca8]  java_start(Thread*)+0x108


Current CompileTask:
C2:   5412  191   !         com.android.dx.cf.code.Ropper::processBlock (1101 bytes)


---------------  P R O C E S S  ---------------

Java Threads: ( => current thread )
  0x00007fca1c131800 JavaThread "pool-2-thread-4" [_thread_in_Java, id=28243, stack(0x00007fc9fb03b000,0x00007fc9fb13c000)]
  0x00007fca1c130800 JavaThread "pool-2-thread-3" [_thread_in_Java, id=28242, stack(0x00007fc9fb13c000,0x00007fc9fb23d000)]
  0x00007fca1c12a000 JavaThread "pool-2-thread-2" [_thread_in_Java, id=28241, stack(0x00007fc9fb23d000,0x00007fc9fb33e000)]
  0x00007fca1c129000 JavaThread "pool-3-thread-1" [_thread_blocked, id=28240, stack(0x00007fc9fb33e000,0x00007fc9fb43f000)]
  0x00007fca1c127800 JavaThread "pool-2-thread-1" [_thread_in_Java, id=28239, stack(0x00007fc9fb43f000,0x00007fc9fb540000)]
  0x00007fca1c098800 JavaThread "Service Thread" daemon [_thread_blocked, id=28237, stack(0x00007fca10063000,0x00007fca10164000)]
=>0x00007fca1c096000 JavaThread "C2 CompilerThread1" daemon [_thread_in_native, id=28236, stack(0x00007fca10164000,0x00007fca10265000)]
  0x00007fca1c093000 JavaThread "C2 CompilerThread0" daemon [_thread_in_native, id=28235, stack(0x00007fca10265000,0x00007fca10366000)]
  0x00007fca1c091000 JavaThread "Signal Dispatcher" daemon [_thread_blocked, id=28234, stack(0x00007fca10366000,0x00007fca10467000)]
  0x00007fca1c070000 JavaThread "Finalizer" daemon [_thread_blocked, id=28233, stack(0x00007fca10467000,0x00007fca10568000)]
  0x00007fca1c06e000 JavaThread "Reference Handler" daemon [_thread_blocked, id=28232, stack(0x00007fca10568000,0x00007fca10669000)]
  0x00007fca1c00a000 JavaThread "main" [_thread_in_Java, id=28226, stack(0x00007fca25466000,0x00007fca25567000)]

Other Threads:
  0x00007fca1c069800 VMThread [stack: 0x00007fca10669000,0x00007fca1076a000] [id=28231]
  0x00007fca1c0a3000 WatcherThread [stack: 0x00007fc9fb540000,0x00007fc9fb641000] [id=28238]

VM state:not at safepoint (normal execution)

VM Mutex/Monitor currently owned by a thread: None

Heap
 PSYoungGen      total 69632K, used 13941K [0x00000007aaa80000, 0x00000007af380000, 0x0000000800000000)
  eden space 64512K, 13% used [0x00000007aaa80000,0x00000007ab325698,0x00000007ae980000)
  from space 5120K, 99% used [0x00000007aee80000,0x00000007af378048,0x00000007af380000)
  to   space 5120K, 0% used [0x00000007ae980000,0x00000007ae980000,0x00000007aee80000)
 ParOldGen       total 83968K, used 7936K [0x0000000700000000, 0x0000000705200000, 0x00000007aaa80000)
  object space 83968K, 9% used [0x0000000700000000,0x00000007007c0248,0x0000000705200000)
 PSPermGen       total 21504K, used 5451K [0x00000006fae00000, 0x00000006fc300000, 0x0000000700000000)
  object space 21504K, 25% used [0x00000006fae00000,0x00000006fb352e68,0x00000006fc300000)

Card table byte_map: [0x00007fca21f14000,0x00007fca2273e000] byte_map_base: 0x00007fca1e73d000

Polling page: 0x00007fca25580000

Code Cache  [0x00007fca19000000, 0x00007fca19270000, 0x00007fca1c000000)
 total_blobs=406 nmethods=193 adapters=166 free_code_cache=48321Kb largest_free_block=49442944

Compilation events (10 events):
Event: 5.062 Thread 0x00007fca1c096000 nmethod 187 0x00007fca190ae1d0 code [0x00007fca190ae320, 0x00007fca190ae418]
Event: 5.062 Thread 0x00007fca1c096000  188             com.android.dx.cf.code.Frame::getStack (5 bytes)
Event: 5.063 Thread 0x00007fca1c096000 nmethod 188 0x00007fca190ac750 code [0x00007fca190ac880, 0x00007fca190ac8f8]
Event: 5.063 Thread 0x00007fca1c096000  189             java.lang.Object::equals (11 bytes)
Event: 5.063 Thread 0x00007fca1c096000 nmethod 189 0x00007fca190ac550 code [0x00007fca190ac680, 0x00007fca190ac6f8]
Event: 5.063 Thread 0x00007fca1c096000  190             java.util.ArrayList::remove (77 bytes)
Event: 5.127 Thread 0x00007fca1c096000 nmethod 190 0x00007fca190bf790 code [0x00007fca190bf8e0, 0x00007fca190bfcb8]
Event: 5.127 Thread 0x00007fca1c096000  191   !         com.android.dx.cf.code.Ropper::processBlock (1101 bytes)
Event: 5.353 Thread 0x00007fca1c093000 nmethod 183 0x00007fca190d3f90 code [0x00007fca190d4360, 0x00007fca190d6590]
Event: 5.353 Thread 0x00007fca1c093000  192             com.android.dx.ssa.DeadCodeRemover::access$000 (5 bytes)

GC Heap History (4 events):
Event: 2.553 GC heap before
{Heap before GC invocations=1 (full 0):
 PSYoungGen      total 37376K, used 32256K [0x00000007aaa80000, 0x00000007ad400000, 0x0000000800000000)
  eden space 32256K, 100% used [0x00000007aaa80000,0x00000007aca00000,0x00000007aca00000)
  from space 5120K, 0% used [0x00000007acf00000,0x00000007acf00000,0x00000007ad400000)
  to   space 5120K, 0% used [0x00000007aca00000,0x00000007aca00000,0x00000007acf00000)
 ParOldGen       total 83968K, used 0K [0x0000000700000000, 0x0000000705200000, 0x00000007aaa80000)
  object space 83968K, 0% used [0x0000000700000000,0x0000000700000000,0x0000000705200000)
 PSPermGen       total 21504K, used 5341K [0x00000006fae00000, 0x00000006fc300000, 0x0000000700000000)
  object space 21504K, 24% used [0x00000006fae00000,0x00000006fb3376e0,0x00000006fc300000)
Event: 2.601 GC heap after
Heap after GC invocations=1 (full 0):
 PSYoungGen      total 37376K, used 5089K [0x00000007aaa80000, 0x00000007af380000, 0x0000000800000000)
  eden space 32256K, 0% used [0x00000007aaa80000,0x00000007aaa80000,0x00000007aca00000)
  from space 5120K, 99% used [0x00000007aca00000,0x00000007acef8480,0x00000007acf00000)
  to   space 5120K, 0% used [0x00000007aee80000,0x00000007aee80000,0x00000007af380000)
 ParOldGen       total 83968K, used 2993K [0x0000000700000000, 0x0000000705200000, 0x00000007aaa80000)
  object space 83968K, 3% used [0x0000000700000000,0x00000007002ec6e8,0x0000000705200000)
 PSPermGen       total 21504K, used 5341K [0x00000006fae00000, 0x00000006fc300000, 0x0000000700000000)
  object space 21504K, 24% used [0x00000006fae00000,0x00000006fb3376e0,0x00000006fc300000)
}
Event: 4.786 GC heap before
{Heap before GC invocations=2 (full 0):
 PSYoungGen      total 37376K, used 37345K [0x00000007aaa80000, 0x00000007af380000, 0x0000000800000000)
  eden space 32256K, 100% used [0x00000007aaa80000,0x00000007aca00000,0x00000007aca00000)
  from space 5120K, 99% used [0x00000007aca00000,0x00000007acef8480,0x00000007acf00000)
  to   space 5120K, 0% used [0x00000007aee80000,0x00000007aee80000,0x00000007af380000)
 ParOldGen       total 83968K, used 2993K [0x0000000700000000, 0x0000000705200000, 0x00000007aaa80000)
  object space 83968K, 3% used [0x0000000700000000,0x00000007002ec6e8,0x0000000705200000)
 PSPermGen       total 21504K, used 5418K [0x00000006fae00000, 0x00000006fc300000, 0x0000000700000000)
  object space 21504K, 25% used [0x00000006fae00000,0x00000006fb34aa40,0x00000006fc300000)
Event: 4.851 GC heap after
Heap after GC invocations=2 (full 0):
 PSYoungGen      total 69632K, used 5088K [0x00000007aaa80000, 0x00000007af380000, 0x0000000800000000)
  eden space 64512K, 0% used [0x00000007aaa80000,0x00000007aaa80000,0x00000007ae980000)
  from space 5120K, 99% used [0x00000007aee80000,0x00000007af378048,0x00000007af380000)
  to   space 5120K, 0% used [0x00000007ae980000,0x00000007ae980000,0x00000007aee80000)
 ParOldGen       total 83968K, used 7936K [0x0000000700000000, 0x0000000705200000, 0x00000007aaa80000)
  object space 83968K, 9% used [0x0000000700000000,0x00000007007c0248,0x0000000705200000)
 PSPermGen       total 21504K, used 5418K [0x00000006fae00000, 0x00000006fc300000, 0x0000000700000000)
  object space 21504K, 25% used [0x00000006fae00000,0x00000006fb34aa40,0x00000006fc300000)
}

Deoptimization events (3 events):
Event: 1.208 Thread 0x00007fca1c127800 Uncommon trap: reason=null_check action=make_not_entrant pc=0x00007fca1907564c method=com.android.dx.rop.code.LocalItem.equals(Ljava/lang/Object;)Z @ 1
Event: 1.346 Thread 0x00007fca1c130800 Uncommon trap: reason=null_check action=make_not_entrant pc=0x00007fca1907b108 method=com.android.dx.rop.code.LocalItem.equals(Ljava/lang/Object;)Z @ 1
Event: 2.195 Thread 0x00007fca1c127800 Uncommon trap: reason=null_check action=make_not_entrant pc=0x00007fca1908c8e4 method=com.android.dx.ssa.SsaRenamer.getLocalForNewReg(I)Lcom/android/dx/rop/code/LocalItem; @ 19

Internal exceptions (10 events):
Event: 0.986 Thread 0x00007fca1c12a000 Threw 0x00000007ab45a688 at /HUDSON/workspace/7u-2-build-linux-amd64/jdk7u79/2331/hotspot/src/share/vm/prims/jvm.cpp:1304
Event: 1.095 Thread 0x00007fca1c131800 Threw 0x00000007ab53f8e8 at /HUDSON/workspace/7u-2-build-linux-amd64/jdk7u79/2331/hotspot/src/share/vm/prims/jvm.cpp:1304
Event: 1.208 Thread 0x00007fca1c127800 Implicit null exception at 0x00007fca190752c1 to 0x00007fca19075639
Event: 1.246 Thread 0x00007fca1c130800 Threw 0x00000007ab7da5a8 at /HUDSON/workspace/7u-2-build-linux-amd64/jdk7u79/2331/hotspot/src/share/vm/prims/jvm.cpp:1304
Event: 1.346 Thread 0x00007fca1c130800 Implicit null exception at 0x00007fca1907a886 to 0x00007fca1907b0ed
Event: 2.195 Thread 0x00007fca1c127800 Implicit null exception at 0x00007fca1908b17c to 0x00007fca1908c8bd
Event: 3.124 Thread 0x00007fca1c12a000 Threw 0x00000007ab32b988 at /HUDSON/workspace/7u-2-build-linux-amd64/jdk7u79/2331/hotspot/src/share/vm/prims/jvm.cpp:1304
Event: 5.109 Thread 0x00007fca1c00a000 Threw 0x00000007aad75010 at /HUDSON/workspace/7u-2-build-linux-amd64/jdk7u79/2331/hotspot/src/share/vm/prims/jvm.cpp:1304
Event: 5.111 Thread 0x00007fca1c00a000 Threw 0x00000007aad7edc8 at /HUDSON/workspace/7u-2-build-linux-amd64/jdk7u79/2331/hotspot/src/share/vm/prims/jvm.cpp:1304
Event: 5.111 Thread 0x00007fca1c00a000 Threw 0x00000007aad81080 at /HUDSON/workspace/7u-2-build-linux-amd64/jdk7u79/2331/hotspot/src/share/vm/prims/jvm.cpp:1304

Events (10 events):
Event: 4.865 Executing VM operation: RevokeBias
Event: 4.865 Executing VM operation: RevokeBias done
Event: 4.865 Executing VM operation: RevokeBias
Event: 4.865 Executing VM operation: RevokeBias done
Event: 5.109 loading class 0x00007fca1c0d3780
Event: 5.109 loading class 0x00007fca1c0d3780 done
Event: 5.111 loading class 0x00007fca1c0d88c0
Event: 5.111 loading class 0x00007fca1c0d88c0 done
Event: 5.111 loading class 0x00007fca1c0e0840
Event: 5.111 loading class 0x00007fca1c0e0840 done


Dynamic libraries:
00400000-00401000 r-xp 00000000 08:01 3932503                            /opt/jdk1.7.0_79/bin/java
00600000-00601000 rw-p 00000000 08:01 3932503                            /opt/jdk1.7.0_79/bin/java
01aed000-01b0e000 rw-p 00000000 00:00 0                                  [heap]
6fae00000-6fc300000 rw-p 00000000 00:00 0 
6fc300000-700000000 rw-p 00000000 00:00 0 
700000000-705200000 rw-p 00000000 00:00 0 
705200000-7aaa80000 rw-p 00000000 00:00 0 
7aaa80000-7af380000 rw-p 00000000 00:00 0 
7af380000-800000000 rw-p 00000000 00:00 0 
7fc9c8000000-7fc9c8021000 rw-p 00000000 00:00 0 
7fc9c8021000-7fc9cc000000 ---p 00000000 00:00 0 
7fc9cc000000-7fc9cc021000 rw-p 00000000 00:00 0 
7fc9cc021000-7fc9d0000000 ---p 00000000 00:00 0 
7fc9d0000000-7fc9d0021000 rw-p 00000000 00:00 0 
7fc9d0021000-7fc9d4000000 ---p 00000000 00:00 0 
7fc9d4000000-7fc9d4021000 rw-p 00000000 00:00 0 
7fc9d4021000-7fc9d8000000 ---p 00000000 00:00 0 
7fc9d8000000-7fc9d8021000 rw-p 00000000 00:00 0 
7fc9d8021000-7fc9dc000000 ---p 00000000 00:00 0 
7fc9dc000000-7fc9dc054000 rw-p 00000000 00:00 0 
7fc9dc054000-7fc9e0000000 ---p 00000000 00:00 0 
7fc9e0000000-7fc9e0819000 rw-p 00000000 00:00 0 
7fc9e0819000-7fc9e4000000 ---p 00000000 00:00 0 
7fc9e4000000-7fc9e4021000 rw-p 00000000 00:00 0 
7fc9e4021000-7fc9e8000000 ---p 00000000 00:00 0 
7fc9e8000000-7fc9e8021000 rw-p 00000000 00:00 0 
7fc9e8021000-7fc9ec000000 ---p 00000000 00:00 0 
7fc9ec000000-7fc9ec8eb000 rw-p 00000000 00:00 0 
7fc9ec8eb000-7fc9f0000000 ---p 00000000 00:00 0 
7fc9f0000000-7fc9f0021000 rw-p 00000000 00:00 0 
7fc9f0021000-7fc9f4000000 ---p 00000000 00:00 0 
7fc9f4000000-7fc9f4021000 rw-p 00000000 00:00 0 
7fc9f4021000-7fc9f8000000 ---p 00000000 00:00 0 
7fc9faece000-7fc9fb03b000 rw-p 00000000 00:00 0 
7fc9fb03b000-7fc9fb03e000 ---p 00000000 00:00 0 
7fc9fb03e000-7fc9fb13c000 rw-p 00000000 00:00 0 
7fc9fb13c000-7fc9fb13f000 ---p 00000000 00:00 0 
7fc9fb13f000-7fc9fb23d000 rw-p 00000000 00:00 0 
7fc9fb23d000-7fc9fb240000 ---p 00000000 00:00 0 
7fc9fb240000-7fc9fb33e000 rw-p 00000000 00:00 0 
7fc9fb33e000-7fc9fb341000 ---p 00000000 00:00 0 
7fc9fb341000-7fc9fb43f000 rw-p 00000000 00:00 0 
7fc9fb43f000-7fc9fb442000 ---p 00000000 00:00 0 
7fc9fb442000-7fc9fb540000 rw-p 00000000 00:00 0 
7fc9fb540000-7fc9fb541000 ---p 00000000 00:00 0 
7fc9fb541000-7fc9fb641000 rw-p 00000000 00:00 0 
7fc9fb641000-7fc9fc000000 r--p 00000000 08:01 12065597                   /usr/lib/locale/locale-archive
7fc9fc000000-7fc9fc021000 rw-p 00000000 00:00 0 
7fc9fc021000-7fca00000000 ---p 00000000 00:00 0 
7fca00000000-7fca00021000 rw-p 00000000 00:00 0 
7fca00021000-7fca04000000 ---p 00000000 00:00 0 
7fca04000000-7fca04021000 rw-p 00000000 00:00 0 
7fca04021000-7fca08000000 ---p 00000000 00:00 0 
7fca08000000-7fca08021000 rw-p 00000000 00:00 0 
7fca08021000-7fca0c000000 ---p 00000000 00:00 0 
7fca0c000000-7fca0c021000 rw-p 00000000 00:00 0 
7fca0c021000-7fca10000000 ---p 00000000 00:00 0 
7fca10063000-7fca10066000 ---p 00000000 00:00 0 
7fca10066000-7fca10164000 rw-p 00000000 00:00 0 
7fca10164000-7fca10167000 ---p 00000000 00:00 0 
7fca10167000-7fca10265000 rw-p 00000000 00:00 0 
7fca10265000-7fca10268000 ---p 00000000 00:00 0 
7fca10268000-7fca10366000 rw-p 00000000 00:00 0 
7fca10366000-7fca10369000 ---p 00000000 00:00 0 
7fca10369000-7fca10467000 rw-p 00000000 00:00 0 
7fca10467000-7fca1046a000 ---p 00000000 00:00 0 
7fca1046a000-7fca10568000 rw-p 00000000 00:00 0 
7fca10568000-7fca1056b000 ---p 00000000 00:00 0 
7fca1056b000-7fca10669000 rw-p 00000000 00:00 0 
7fca10669000-7fca1066a000 ---p 00000000 00:00 0 
7fca1066a000-7fca19000000 rw-p 00000000 00:00 0 
7fca19000000-7fca19270000 rwxp 00000000 00:00 0 
7fca19270000-7fca1c140000 rw-p 00000000 00:00 0 
7fca1c140000-7fca20000000 ---p 00000000 00:00 0 
7fca20076000-7fca20085000 r--s 000df000 08:01 4064773                    /home/keshav/Android/Sdk/build-tools/23.0.3/lib/dx.jar
7fca20085000-7fca20a5d000 rw-p 00000000 00:00 0 
7fca20a5d000-7fca20c1d000 r--s 039f7000 08:01 3932950                    /opt/jdk1.7.0_79/jre/lib/rt.jar
7fca20c1d000-7fca21591000 rw-p 00000000 00:00 0 
7fca21591000-7fca21592000 ---p 00000000 00:00 0 
7fca21592000-7fca21692000 rw-p 00000000 00:00 0 
7fca21692000-7fca21693000 ---p 00000000 00:00 0 
7fca21693000-7fca21793000 rw-p 00000000 00:00 0 
7fca21793000-7fca21794000 ---p 00000000 00:00 0 
7fca21794000-7fca21894000 rw-p 00000000 00:00 0 
7fca21894000-7fca21895000 ---p 00000000 00:00 0 
7fca21895000-7fca219a0000 rw-p 00000000 00:00 0 
7fca219a0000-7fca219be000 rw-p 00000000 00:00 0 
7fca219be000-7fca219e7000 rw-p 00000000 00:00 0 
7fca219e7000-7fca21f14000 rw-p 00000000 00:00 0 
7fca21f14000-7fca21f1f000 rw-p 00000000 00:00 0 
7fca21f1f000-7fca21f3d000 rw-p 00000000 00:00 0 
7fca21f3d000-7fca21f66000 rw-p 00000000 00:00 0 
7fca21f66000-7fca22492000 rw-p 00000000 00:00 0 
7fca22492000-7fca224b7000 rw-p 00000000 00:00 0 
7fca224b7000-7fca2273d000 rw-p 00000000 00:00 0 
7fca2273d000-7fca2273e000 rw-p 00000000 00:00 0 
7fca2273e000-7fca22758000 r-xp 00000000 08:01 3932705                    /opt/jdk1.7.0_79/jre/lib/amd64/libzip.so
7fca22758000-7fca22958000 ---p 0001a000 08:01 3932705                    /opt/jdk1.7.0_79/jre/lib/amd64/libzip.so
7fca22958000-7fca22959000 rw-p 0001a000 08:01 3932705                    /opt/jdk1.7.0_79/jre/lib/amd64/libzip.so
7fca22959000-7fca22964000 r-xp 00000000 08:01 266706                     /lib/x86_64-linux-gnu/libnss_files-2.23.so
7fca22964000-7fca22b63000 ---p 0000b000 08:01 266706                     /lib/x86_64-linux-gnu/libnss_files-2.23.so
7fca22b63000-7fca22b64000 r--p 0000a000 08:01 266706                     /lib/x86_64-linux-gnu/libnss_files-2.23.so
7fca22b64000-7fca22b65000 rw-p 0000b000 08:01 266706                     /lib/x86_64-linux-gnu/libnss_files-2.23.so
7fca22b65000-7fca22b6b000 rw-p 00000000 00:00 0 
7fca22b6b000-7fca22b76000 r-xp 00000000 08:01 266716                     /lib/x86_64-linux-gnu/libnss_nis-2.23.so
7fca22b76000-7fca22d75000 ---p 0000b000 08:01 266716                     /lib/x86_64-linux-gnu/libnss_nis-2.23.so
7fca22d75000-7fca22d76000 r--p 0000a000 08:01 266716                     /lib/x86_64-linux-gnu/libnss_nis-2.23.so
7fca22d76000-7fca22d77000 rw-p 0000b000 08:01 266716                     /lib/x86_64-linux-gnu/libnss_nis-2.23.so
7fca22d77000-7fca22d8d000 r-xp 00000000 08:01 266700                     /lib/x86_64-linux-gnu/libnsl-2.23.so
7fca22d8d000-7fca22f8c000 ---p 00016000 08:01 266700                     /lib/x86_64-linux-gnu/libnsl-2.23.so
7fca22f8c000-7fca22f8d000 r--p 00015000 08:01 266700                     /lib/x86_64-linux-gnu/libnsl-2.23.so
7fca22f8d000-7fca22f8e000 rw-p 00016000 08:01 266700                     /lib/x86_64-linux-gnu/libnsl-2.23.so
7fca22f8e000-7fca22f90000 rw-p 00000000 00:00 0 
7fca22f90000-7fca22f98000 r-xp 00000000 08:01 266702                     /lib/x86_64-linux-gnu/libnss_compat-2.23.so
7fca22f98000-7fca23197000 ---p 00008000 08:01 266702                     /lib/x86_64-linux-gnu/libnss_compat-2.23.so
7fca23197000-7fca23198000 r--p 00007000 08:01 266702                     /lib/x86_64-linux-gnu/libnss_compat-2.23.so
7fca23198000-7fca23199000 rw-p 00008000 08:01 266702                     /lib/x86_64-linux-gnu/libnss_compat-2.23.so
7fca23199000-7fca231c2000 r-xp 00000000 08:01 3932675                    /opt/jdk1.7.0_79/jre/lib/amd64/libjava.so
7fca231c2000-7fca233c2000 ---p 00029000 08:01 3932675                    /opt/jdk1.7.0_79/jre/lib/amd64/libjava.so
7fca233c2000-7fca233c4000 rw-p 00029000 08:01 3932675                    /opt/jdk1.7.0_79/jre/lib/amd64/libjava.so
7fca233c4000-7fca233d1000 r-xp 00000000 08:01 3932704                    /opt/jdk1.7.0_79/jre/lib/amd64/libverify.so
7fca233d1000-7fca235d0000 ---p 0000d000 08:01 3932704                    /opt/jdk1.7.0_79/jre/lib/amd64/libverify.so
7fca235d0000-7fca235d2000 rw-p 0000c000 08:01 3932704                    /opt/jdk1.7.0_79/jre/lib/amd64/libverify.so
7fca235d2000-7fca235d9000 r-xp 00000000 08:01 266761                     /lib/x86_64-linux-gnu/librt-2.23.so
7fca235d9000-7fca237d8000 ---p 00007000 08:01 266761                     /lib/x86_64-linux-gnu/librt-2.23.so
7fca237d8000-7fca237d9000 r--p 00006000 08:01 266761                     /lib/x86_64-linux-gnu/librt-2.23.so
7fca237d9000-7fca237da000 rw-p 00007000 08:01 266761                     /lib/x86_64-linux-gnu/librt-2.23.so
7fca237da000-7fca238e2000 r-xp 00000000 08:01 266677                     /lib/x86_64-linux-gnu/libm-2.23.so
7fca238e2000-7fca23ae1000 ---p 00108000 08:01 266677                     /lib/x86_64-linux-gnu/libm-2.23.so
7fca23ae1000-7fca23ae2000 r--p 00107000 08:01 266677                     /lib/x86_64-linux-gnu/libm-2.23.so
7fca23ae2000-7fca23ae3000 rw-p 00108000 08:01 266677                     /lib/x86_64-linux-gnu/libm-2.23.so
7fca23ae3000-7fca24658000 r-xp 00000000 08:01 3932709                    /opt/jdk1.7.0_79/jre/lib/amd64/server/libjvm.so
7fca24658000-7fca24858000 ---p 00b75000 08:01 3932709                    /opt/jdk1.7.0_79/jre/lib/amd64/server/libjvm.so
7fca24858000-7fca2491c000 rw-p 00b75000 08:01 3932709                    /opt/jdk1.7.0_79/jre/lib/amd64/server/libjvm.so
7fca2491c000-7fca2495d000 rw-p 00000000 00:00 0 
7fca2495d000-7fca24b1d000 r-xp 00000000 08:01 266607                     /lib/x86_64-linux-gnu/libc-2.23.so
7fca24b1d000-7fca24d1c000 ---p 001c0000 08:01 266607                     /lib/x86_64-linux-gnu/libc-2.23.so
7fca24d1c000-7fca24d20000 r--p 001bf000 08:01 266607                     /lib/x86_64-linux-gnu/libc-2.23.so
7fca24d20000-7fca24d22000 rw-p 001c3000 08:01 266607                     /lib/x86_64-linux-gnu/libc-2.23.so
7fca24d22000-7fca24d26000 rw-p 00000000 00:00 0 
7fca24d26000-7fca24d29000 r-xp 00000000 08:01 266631                     /lib/x86_64-linux-gnu/libdl-2.23.so
7fca24d29000-7fca24f28000 ---p 00003000 08:01 266631                     /lib/x86_64-linux-gnu/libdl-2.23.so
7fca24f28000-7fca24f29000 r--p 00002000 08:01 266631                     /lib/x86_64-linux-gnu/libdl-2.23.so
7fca24f29000-7fca24f2a000 rw-p 00003000 08:01 266631                     /lib/x86_64-linux-gnu/libdl-2.23.so
7fca24f2a000-7fca24f40000 r-xp 00000000 08:01 3933384                    /opt/jdk1.7.0_79/lib/amd64/jli/libjli.so
7fca24f40000-7fca25140000 ---p 00016000 08:01 3933384                    /opt/jdk1.7.0_79/lib/amd64/jli/libjli.so
7fca25140000-7fca25141000 rw-p 00016000 08:01 3933384                    /opt/jdk1.7.0_79/lib/amd64/jli/libjli.so
7fca25141000-7fca25159000 r-xp 00000000 08:01 266753                     /lib/x86_64-linux-gnu/libpthread-2.23.so
7fca25159000-7fca25358000 ---p 00018000 08:01 266753                     /lib/x86_64-linux-gnu/libpthread-2.23.so
7fca25358000-7fca25359000 r--p 00017000 08:01 266753                     /lib/x86_64-linux-gnu/libpthread-2.23.so
7fca25359000-7fca2535a000 rw-p 00018000 08:01 266753                     /lib/x86_64-linux-gnu/libpthread-2.23.so
7fca2535a000-7fca2535e000 rw-p 00000000 00:00 0 
7fca2535e000-7fca25384000 r-xp 00000000 08:01 266579                     /lib/x86_64-linux-gnu/ld-2.23.so
7fca25385000-7fca253b0000 rw-p 00000000 00:00 0 
7fca253b0000-7fca25466000 rw-p 00000000 00:00 0 
7fca25466000-7fca25469000 ---p 00000000 00:00 0 
7fca25469000-7fca2556b000 rw-p 00000000 00:00 0 
7fca25577000-7fca2557f000 rw-s 00000000 08:01 17303873                   /tmp/hsperfdata_keshav/28220
7fca2557f000-7fca25580000 rw-p 00000000 00:00 0 
7fca25580000-7fca25581000 r--p 00000000 00:00 0 
7fca25581000-7fca25583000 rw-p 00000000 00:00 0 
7fca25583000-7fca25584000 r--p 00025000 08:01 266579                     /lib/x86_64-linux-gnu/ld-2.23.so
7fca25584000-7fca25585000 rw-p 00026000 08:01 266579                     /lib/x86_64-linux-gnu/ld-2.23.so
7fca25585000-7fca25586000 rw-p 00000000 00:00 0 
7ffff4e86000-7ffff4ea7000 rw-p 00000000 00:00 0                          [stack]
7ffff4fed000-7ffff4fef000 r--p 00000000 00:00 0                          [vvar]
7ffff4fef000-7ffff4ff1000 r-xp 00000000 00:00 0                          [vdso]
ffffffffff600000-ffffffffff601000 r-xp 00000000 00:00 0                  [vsyscall]

VM Arguments:
jvm_args: -Djava.awt.headless=true -Xmx4g -Dfile.encoding=UTF-8 -Duser.country=IN -Duser.language=en -Duser.variant 
java_command: com.android.dx.command.Main --dex --force-jumbo --num-threads=4 --multi-dex --output /home/keshav/StudioMotif/Motif/app/build/intermediates/transforms/dex/debug/folders/1000/5/slice_0 /home/keshav/StudioMotif/Motif/app/build/intermediates/transforms/instantRunSlicer/debug/folders/1/5/slice_0
Launcher Type: SUN_STANDARD

Environment Variables:
PATH=/usr/local/sbin:/usr/local/bin:/usr/sbin:/usr/bin:/sbin:/bin:/usr/games:/usr/local/games:/snap/bin
LD_LIBRARY_PATH=/opt/jdk1.7.0_79/jre/lib/amd64/server:/opt/jdk1.7.0_79/jre/lib/amd64:/opt/jdk1.7.0_79/jre/../lib/amd64:/usr/lib/jvm/java-6-oracle/jre/lib/amd64/server:/usr/lib/jvm/java-6-oracle/jre/lib/amd64:/usr/lib/jvm/java-6-oracle/jre/../lib/amd64:/opt/android-studio/bin:
SHELL=/bin/bash
DISPLAY=:0

Signal Handlers:
SIGSEGV: [libjvm.so+0x9a3bf0], sa_mask[0]=0x7ffbfeff, sa_flags=0x10000004
SIGBUS: [libjvm.so+0x9a3bf0], sa_mask[0]=0x7ffbfeff, sa_flags=0x10000004
SIGFPE: [libjvm.so+0x81cb60], sa_mask[0]=0x7ffbfeff, sa_flags=0x10000004
SIGPIPE: [libjvm.so+0x81cb60], sa_mask[0]=0x7ffbfeff, sa_flags=0x10000004
SIGXFSZ: [libjvm.so+0x81cb60], sa_mask[0]=0x7ffbfeff, sa_flags=0x10000004
SIGILL: [libjvm.so+0x81cb60], sa_mask[0]=0x7ffbfeff, sa_flags=0x10000004
SIGUSR1: SIG_DFL, sa_mask[0]=0x00000000, sa_flags=0x00000000
SIGUSR2: [libjvm.so+0x81e360], sa_mask[0]=0x00000004, sa_flags=0x10000004
SIGHUP: [libjvm.so+0x81f480], sa_mask[0]=0x7ffbfeff, sa_flags=0x10000004
SIGINT: [libjvm.so+0x81f480], sa_mask[0]=0x7ffbfeff, sa_flags=0x10000004
SIGTERM: [libjvm.so+0x81f480], sa_mask[0]=0x7ffbfeff, sa_flags=0x10000004
SIGQUIT: [libjvm.so+0x81f480], sa_mask[0]=0x7ffbfeff, sa_flags=0x10000004


---------------  S Y S T E M  ---------------

OS:stretch/sid

uname:Linux 4.4.0-24-generic #43-Ubuntu SMP Wed Jun 8 19:27:37 UTC 2016 x86_64
libc:glibc 2.23 NPTL 2.23 
rlimit: STACK 8192k, CORE 0k, NPROC 31425, NOFILE 65536, AS infinity
load average:2.10 3.31 2.21

/proc/meminfo:
MemTotal:        8083692 kB
MemFree:         1344352 kB
MemAvailable:    3643836 kB
Buffers:          230220 kB
Cached:          2463268 kB
SwapCached:            8 kB
Active:          4868196 kB
Inactive:        1526036 kB
Active(anon):    3168972 kB
Inactive(anon):   852784 kB
Active(file):    1699224 kB
Inactive(file):   673252 kB
Unevictable:          48 kB
Mlocked:              48 kB
SwapTotal:       4102140 kB
SwapFree:        4101968 kB
Dirty:             28580 kB
Writeback:             0 kB
AnonPages:       3700908 kB
Mapped:           480296 kB
Shmem:            321016 kB
Slab:             225620 kB
SReclaimable:     180424 kB
SUnreclaim:        45196 kB
KernelStack:       13664 kB
PageTables:        55996 kB
NFS_Unstable:          0 kB
Bounce:                0 kB
WritebackTmp:          0 kB
CommitLimit:     8143984 kB
Committed_AS:   10305548 kB
VmallocTotal:   34359738367 kB
VmallocUsed:           0 kB
VmallocChunk:          0 kB
HardwareCorrupted:     0 kB
AnonHugePages:   2584576 kB
CmaTotal:              0 kB
CmaFree:               0 kB
HugePages_Total:       0
HugePages_Free:        0
HugePages_Rsvd:        0
HugePages_Surp:        0
Hugepagesize:       2048 kB
DirectMap4k:      181888 kB
DirectMap2M:     8116224 kB


CPU:total 4 (2 cores per cpu, 2 threads per core) family 6 model 42 stepping 7, cmov, cx8, fxsr, mmx, sse, sse2, sse3, ssse3, sse4.1, sse4.2, popcnt, avx, ht, tsc, tscinvbit

/proc/cpuinfo:
processor	: 0
vendor_id	: GenuineIntel
cpu family	: 6
model		: 42
model name	: Intel(R) Core(TM) i3-2330M CPU @ 2.20GHz
stepping	: 7
microcode	: 0x29
cpu MHz		: 2199.914
cache size	: 3072 KB
physical id	: 0
siblings	: 4
core id		: 0
cpu cores	: 2
apicid		: 0
initial apicid	: 0
fpu		: yes
fpu_exception	: yes
cpuid level	: 13
wp		: yes
flags		: fpu vme de pse tsc msr pae mce cx8 apic sep mtrr pge mca cmov pat pse36 clflush dts acpi mmx fxsr sse sse2 ss ht tm pbe syscall nx rdtscp lm constant_tsc arch_perfmon pebs bts nopl xtopology nonstop_tsc aperfmperf eagerfpu pni pclmulqdq dtes64 monitor ds_cpl vmx est tm2 ssse3 cx16 xtpr pdcm pcid sse4_1 sse4_2 x2apic popcnt tsc_deadline_timer xsave avx lahf_lm epb tpr_shadow vnmi flexpriority ept vpid xsaveopt dtherm arat pln pts
bugs		:
bogomips	: 4389.83
clflush size	: 64
cache_alignment	: 64
address sizes	: 36 bits physical, 48 bits virtual
power management:

processor	: 1
vendor_id	: GenuineIntel
cpu family	: 6
model		: 42
model name	: Intel(R) Core(TM) i3-2330M CPU @ 2.20GHz
stepping	: 7
microcode	: 0x29
cpu MHz		: 2200.000
cache size	: 3072 KB
physical id	: 0
siblings	: 4
core id		: 0
cpu cores	: 2
apicid		: 1
initial apicid	: 1
fpu		: yes
fpu_exception	: yes
cpuid level	: 13
wp		: yes
flags		: fpu vme de pse tsc msr pae mce cx8 apic sep mtrr pge mca cmov pat pse36 clflush dts acpi mmx fxsr sse sse2 ss ht tm pbe syscall nx rdtscp lm constant_tsc arch_perfmon pebs bts nopl xtopology nonstop_tsc aperfmperf eagerfpu pni pclmulqdq dtes64 monitor ds_cpl vmx est tm2 ssse3 cx16 xtpr pdcm pcid sse4_1 sse4_2 x2apic popcnt tsc_deadline_timer xsave avx lahf_lm epb tpr_shadow vnmi flexpriority ept vpid xsaveopt dtherm arat pln pts
bugs		:
bogomips	: 4389.83
clflush size	: 64
cache_alignment	: 64
address sizes	: 36 bits physical, 48 bits virtual
power management:

processor	: 2
vendor_id	: GenuineIntel
cpu family	: 6
model		: 42
model name	: Intel(R) Core(TM) i3-2330M CPU @ 2.20GHz
stepping	: 7
microcode	: 0x29
cpu MHz		: 2199.914
cache size	: 3072 KB
physical id	: 0
siblings	: 4
core id		: 1
cpu cores	: 2
apicid		: 2
initial apicid	: 2
fpu		: yes
fpu_exception	: yes
cpuid level	: 13
wp		: yes
flags		: fpu vme de pse tsc msr pae mce cx8 apic sep mtrr pge mca cmov pat pse36 clflush dts acpi mmx fxsr sse sse2 ss ht tm pbe syscall nx rdtscp lm constant_tsc arch_perfmon pebs bts nopl xtopology nonstop_tsc aperfmperf eagerfpu pni pclmulqdq dtes64 monitor ds_cpl vmx est tm2 ssse3 cx16 xtpr pdcm pcid sse4_1 sse4_2 x2apic popcnt tsc_deadline_timer xsave avx lahf_lm epb tpr_shadow vnmi flexpriority ept vpid xsaveopt dtherm arat pln pts
bugs		:
bogomips	: 4389.83
clflush size	: 64
cache_alignment	: 64
address sizes	: 36 bits physical, 48 bits virtual
power management:

processor	: 3
vendor_id	: GenuineIntel
cpu family	: 6
model		: 42
model name	: Intel(R) Core(TM) i3-2330M CPU @ 2.20GHz
stepping	: 7
microcode	: 0x29
cpu MHz		: 2199.914
cache size	: 3072 KB
physical id	: 0
siblings	: 4
core id		: 1
cpu cores	: 2
apicid		: 3
initial apicid	: 3
fpu		: yes
fpu_exception	: yes
cpuid level	: 13
wp		: yes
flags		: fpu vme de pse tsc msr pae mce cx8 apic sep mtrr pge mca cmov pat pse36 clflush dts acpi mmx fxsr sse sse2 ss ht tm pbe syscall nx rdtscp lm constant_tsc arch_perfmon pebs bts nopl xtopology nonstop_tsc aperfmperf eagerfpu pni pclmulqdq dtes64 monitor ds_cpl vmx est tm2 ssse3 cx16 xtpr pdcm pcid sse4_1 sse4_2 x2apic popcnt tsc_deadline_timer xsave avx lahf_lm epb tpr_shadow vnmi flexpriority ept vpid xsaveopt dtherm arat pln pts
bugs		:
bogomips	: 4389.83
clflush size	: 64
cache_alignment	: 64
address sizes	: 36 bits physical, 48 bits virtual
power management:



Memory: 4k page, physical 8083692k(1344352k free), swap 4102140k(4101968k free)

vm_info: Java HotSpot(TM) 64-Bit Server VM (24.79-b02) for linux-amd64 JRE (1.7.0_79-b15), built on Apr 10 2015 11:34:48 by "java_re" with gcc 4.3.0 20080428 (Red Hat 4.3.0-8)

time: Tue Jun 21 17:47:00 2016
elapsed time: 5 seconds

