#
# A fatal error has been detected by the Java Runtime Environment:
#
#  SIGSEGV (0xb) at pc=0x00007f11ab74bfd3, pid=12562, tid=139713320285952
#
# JRE version: Java(TM) SE Runtime Environment (7.0_79-b15) (build 1.7.0_79-b15)
# Java VM: Java HotSpot(TM) 64-Bit Server VM (24.79-b02 mixed mode linux-amd64 compressed oops)
# Problematic frame:
# V  [libjvm.so+0x761fd3]  PhaseIdealLoop::build_loop_late(VectorSet&, Node_List&, Node_Stack&)+0x43
#
# Failed to write core dump. Core dumps have been disabled. To enable core dumping, try "ulimit -c unlimited" before starting Java again
#
# If you would like to submit a bug report, please visit:
#   http://bugreport.java.com/bugreport/crash.jsp
#

---------------  T H R E A D  ---------------

Current thread (0x00007f11a4096000):  JavaThread "C2 CompilerThread1" daemon [_thread_in_native, id=12576, stack(0x00007f118ac37000,0x00007f118ad38000)]

siginfo:si_signo=SIGSEGV: si_errno=0, si_code=128 (), si_addr=0x0000000000000000

Registers:
RAX=0x000000000000017b, RBX=0x00007f118ad331f0, RCX=0x0000000083e7a893, RDX=0x00007f1168445970
RSP=0x00007f118ad32f10, RBP=0x00007f118ad32f60, RSI=0x0000000000800000, RDI=0x00007f11740a7fe0
R8 =0x00007f11740a8340, R9 =0x0000000000000001, R10=0x00007f117415d340, R11=0x00007f11abff98f0
R12=0x00047f11740b8850, R13=0x00007f118ad33230, R14=0x0000000000000001, R15=0x000000000000018a
RIP=0x00007f11ab74bfd3, EFLAGS=0x0000000000010206, CSGSFS=0x0000000000000033, ERR=0x0000000000000000
  TRAPNO=0x000000000000000d

Top of Stack: (sp=0x00007f118ad32f10)
0x00007f118ad32f10:   00007f1100000001 00007f11740a8340
0x00007f118ad32f20:   00007f118ad33210 00007f118ad34720
0x00007f118ad32f30:   00007f118ad350c0 0000000000000001
0x00007f118ad32f40:   00007f117406d570 00007f118ad34720
0x00007f118ad32f50:   00007f11abe09d20 00007f118ad33210
0x00007f118ad32f60:   00007f118ad33280 00007f11ab752b40
0x00007f118ad32f70:   0000000000000000 00007f117452a8a8
0x00007f118ad32f80:   00007f118ad33230 00007f118ad331f0
0x00007f118ad32f90:   00007f118ad32fc0 00007f118ad34740
0x00007f118ad32fa0:   00007f1100000005 00007f1168412e80
0x00007f118ad32fb0:   00007f1168412ed0 00007f116841ae68
0x00007f118ad32fc0:   00007f11a401c550 00000000000c3cd0
0x00007f118ad32fd0:   00007f11a401c550 0000007800000004
0x00007f118ad32fe0:   00007f11682869c0 0000000000000000
0x00007f118ad32ff0:   00007f1100000079 0000000000010010
0x00007f118ad33000:   00007f118ad33070 00007f11ab95127d
0x00007f118ad33010:   0000000000000000 0000000000000000
0x00007f118ad33020:   ffff80ee752ccf91 00007f118ad3306f
0x00007f118ad33030:   0000000000000400 0000043000001002
0x00007f118ad33040:   0000000000000080 0000000000000010
0x00007f118ad33050:   0000007e000000db 0000000000000002
0x00007f118ad33060:   0000000000000000 0000007c00000079
0x00007f118ad33070:   00007f118ad330e0 00007f11681f1a20
0x00007f118ad33080:   0b007f1168020d70 0000000000010010
0x00007f118ad33090:   00007f116838df10 00007f1168000020
0x00007f118ad330a0:   0000000000010010 0000000000010010
0x00007f118ad330b0:   00007f1168385f20 00007f118ad330f0
0x00007f118ad330c0:   0000000000010010 00007f116838df10
0x00007f118ad330d0:   0000000000000000 0000000000000b00
0x00007f118ad330e0:   00007f118ad33140 00007f11ab802d5f
0x00007f118ad330f0:   0b007f118ad33100 0000000000007fe8
0x00007f118ad33100:   0000000000000000 00007f1168000020 

Instructions: (pc=0x00007f11ab74bfd3)
0x00007f11ab74bfb3:   c8 48 89 4d c0 48 89 45 d0 8b 43 18 85 c0 74 47
0x00007f11ab74bfc3:   48 8b 53 10 83 e8 01 89 43 18 89 c0 4c 8b 24 c2
0x00007f11ab74bfd3:   41 8b 4c 24 28 89 c8 c1 e8 05 41 3b 45 10 73 3d
0x00007f11ab74bfe3:   89 c0 83 e1 1f be 01 00 00 00 48 c1 e0 02 49 03 

Register to memory mapping:

RAX=0x000000000000017b is an unknown value
RBX=0x00007f118ad331f0 is pointing into the stack for thread: 0x00007f11a4096000
RCX=0x0000000083e7a893 is an unknown value
RDX=0x00007f1168445970 is an unknown value
RSP=0x00007f118ad32f10 is pointing into the stack for thread: 0x00007f11a4096000
RBP=0x00007f118ad32f60 is pointing into the stack for thread: 0x00007f11a4096000
RSI=0x0000000000800000 is an unknown value
RDI=0x00007f11740a7fe0 is an unknown value
R8 =0x00007f11740a8340 is an unknown value
R9 =0x0000000000000001 is an unknown value
R10=0x00007f117415d340 is an unknown value
R11=0x00007f11abff98f0: <offset 0x1958f0> in /lib/x86_64-linux-gnu/libc.so.6 at 0x00007f11abe64000
R12=0x00047f11740b8850 is an unknown value
R13=0x00007f118ad33230 is pointing into the stack for thread: 0x00007f11a4096000
R14=0x0000000000000001 is an unknown value
R15=0x000000000000018a is an unknown value


Stack: [0x00007f118ac37000,0x00007f118ad38000],  sp=0x00007f118ad32f10,  free space=1007k
Native frames: (J=compiled Java code, j=interpreted, Vv=VM code, C=native code)
V  [libjvm.so+0x761fd3]  PhaseIdealLoop::build_loop_late(VectorSet&, Node_List&, Node_Stack&)+0x43
V  [libjvm.so+0x768b40]  PhaseIdealLoop::build_and_optimize(bool, bool)+0x840
V  [libjvm.so+0x445a26]  Compile::Optimize()+0x636
V  [libjvm.so+0x447249]  Compile::Compile(ciEnv*, C2Compiler*, ciMethod*, int, bool, bool)+0x12f9
V  [libjvm.so+0x3b1b76]  C2Compiler::compile_method(ciEnv*, ciMethod*, int)+0x176
V  [libjvm.so+0x44ec6e]  CompileBroker::invoke_compiler_on_method(CompileTask*)+0x33e
V  [libjvm.so+0x44fa4d]  CompileBroker::compiler_thread_loop()+0x43d
V  [libjvm.so+0x95c11f]  JavaThread::thread_main_inner()+0xdf
V  [libjvm.so+0x95c225]  JavaThread::run()+0xf5
V  [libjvm.so+0x821ca8]  java_start(Thread*)+0x108


Current CompileTask:
C2:   8192  183             com.android.dx.ssa.SsaMethod::forEachBlockDepthFirst (194 bytes)


---------------  P R O C E S S  ---------------

Java Threads: ( => current thread )
  0x00007f11a4155000 JavaThread "pool-2-thread-3" [_thread_in_Java, id=12582, stack(0x00007f1189f08000,0x00007f118a009000)]
  0x00007f11a4152800 JavaThread "pool-3-thread-1" [_thread_blocked, id=12580, stack(0x00007f118a10a000,0x00007f118a20b000)]
  0x00007f11a4150800 JavaThread "pool-2-thread-1" [_thread_in_vm, id=12579, stack(0x00007f118a20b000,0x00007f118a30c000)]
  0x00007f11a4098800 JavaThread "Service Thread" daemon [_thread_blocked, id=12577, stack(0x00007f118ab36000,0x00007f118ac37000)]
=>0x00007f11a4096000 JavaThread "C2 CompilerThread1" daemon [_thread_in_native, id=12576, stack(0x00007f118ac37000,0x00007f118ad38000)]
  0x00007f11a4093000 JavaThread "C2 CompilerThread0" daemon [_thread_in_native, id=12575, stack(0x00007f118ad38000,0x00007f118ae39000)]
  0x00007f11a4091000 JavaThread "Signal Dispatcher" daemon [_thread_blocked, id=12574, stack(0x00007f118ae39000,0x00007f118af3a000)]
  0x00007f11a4070000 JavaThread "Finalizer" daemon [_thread_blocked, id=12573, stack(0x00007f118b8f9000,0x00007f118b9fa000)]
  0x00007f11a406e000 JavaThread "Reference Handler" daemon [_thread_blocked, id=12572, stack(0x00007f118b9fa000,0x00007f118bafb000)]
  0x00007f11a400a000 JavaThread "main" [_thread_blocked, id=12564, stack(0x00007f11ac96d000,0x00007f11aca6e000)]

Other Threads:
  0x00007f11a406a000 VMThread [stack: 0x00007f118bafb000,0x00007f118bbfc000] [id=12571]
  0x00007f11a40a3000 WatcherThread [stack: 0x00007f118aa35000,0x00007f118ab36000] [id=12578]

VM state:not at safepoint (normal execution)

VM Mutex/Monitor currently owned by a thread: None

Heap
 PSYoungGen      total 37376K, used 35738K [0x00000007aaa80000, 0x00000007ad400000, 0x0000000800000000)
  eden space 32256K, 94% used [0x00000007aaa80000,0x00000007ac86c860,0x00000007aca00000)
  from space 5120K, 99% used [0x00000007aca00000,0x00000007acefa190,0x00000007acf00000)
  to   space 5120K, 0% used [0x00000007acf00000,0x00000007acf00000,0x00000007ad400000)
 ParOldGen       total 83968K, used 1252K [0x0000000700000000, 0x0000000705200000, 0x00000007aaa80000)
  object space 83968K, 1% used [0x0000000700000000,0x0000000700139308,0x0000000705200000)
 PSPermGen       total 21504K, used 5826K [0x00000006fae00000, 0x00000006fc300000, 0x0000000700000000)
  object space 21504K, 27% used [0x00000006fae00000,0x00000006fb3b0810,0x00000006fc300000)

Card table byte_map: [0x00007f11a941b000,0x00007f11a9c45000] byte_map_base: 0x00007f11a5c44000

Polling page: 0x00007f11aca87000

Code Cache  [0x00007f11a1000000, 0x00007f11a1270000, 0x00007f11a4000000)
 total_blobs=413 nmethods=183 adapters=183 free_code_cache=48291Kb largest_free_block=49403712

Compilation events (10 events):
Event: 7.526 Thread 0x00007f11a4093000 nmethod 178 0x00007f11a10c0410 code [0x00007f11a10c0560, 0x00007f11a10c0698]
Event: 7.527 Thread 0x00007f11a4093000  179             java.lang.Math::max (11 bytes)
Event: 7.527 Thread 0x00007f11a4093000 nmethod 179 0x00007f11a107a390 code [0x00007f11a107a4c0, 0x00007f11a107a4f8]
Event: 7.527 Thread 0x00007f11a4093000  180             com.android.dx.rop.code.RegisterSpecSet::size (49 bytes)
Event: 7.592 Thread 0x00007f11a4093000 nmethod 180 0x00007f11a10c9dd0 code [0x00007f11a10c9f20, 0x00007f11a10ca078]
Event: 7.592 Thread 0x00007f11a4093000  181             com.android.dx.ssa.SsaMethod::getUseListCopy (56 bytes)
Event: 7.631 Thread 0x00007f11a4093000 nmethod 181 0x00007f11a10b8150 code [0x00007f11a10b82c0, 0x00007f11a10b87a8]
Event: 7.631 Thread 0x00007f11a4093000  182             com.android.dx.ssa.Dominators::run (506 bytes)
Event: 7.741 Thread 0x00007f11a4096000 nmethod 168 0x00007f11a10db810 code [0x00007f11a10dbca0, 0x00007f11a10de2c8]
Event: 7.741 Thread 0x00007f11a4096000  183             com.android.dx.ssa.SsaMethod::forEachBlockDepthFirst (194 bytes)

GC Heap History (2 events):
Event: 4.447 GC heap before
{Heap before GC invocations=1 (full 0):
 PSYoungGen      total 37376K, used 32256K [0x00000007aaa80000, 0x00000007ad400000, 0x0000000800000000)
  eden space 32256K, 100% used [0x00000007aaa80000,0x00000007aca00000,0x00000007aca00000)
  from space 5120K, 0% used [0x00000007acf00000,0x00000007acf00000,0x00000007ad400000)
  to   space 5120K, 0% used [0x00000007aca00000,0x00000007aca00000,0x00000007acf00000)
 ParOldGen       total 83968K, used 0K [0x0000000700000000, 0x0000000705200000, 0x00000007aaa80000)
  object space 83968K, 0% used [0x0000000700000000,0x0000000700000000,0x0000000705200000)
 PSPermGen       total 21504K, used 5740K [0x00000006fae00000, 0x00000006fc300000, 0x0000000700000000)
  object space 21504K, 26% used [0x00000006fae00000,0x00000006fb39b3a0,0x00000006fc300000)
Event: 4.478 GC heap after
Heap after GC invocations=1 (full 0):
 PSYoungGen      total 37376K, used 5096K [0x00000007aaa80000, 0x00000007ad400000, 0x0000000800000000)
  eden space 32256K, 0% used [0x00000007aaa80000,0x00000007aaa80000,0x00000007aca00000)
  from space 5120K, 99% used [0x00000007aca00000,0x00000007acefa190,0x00000007acf00000)
  to   space 5120K, 0% used [0x00000007acf00000,0x00000007acf00000,0x00000007ad400000)
 ParOldGen       total 83968K, used 1252K [0x0000000700000000, 0x0000000705200000, 0x00000007aaa80000)
  object space 83968K, 1% used [0x0000000700000000,0x0000000700139308,0x0000000705200000)
 PSPermGen       total 21504K, used 5740K [0x00000006fae00000, 0x00000006fc300000, 0x0000000700000000)
  object space 21504K, 26% used [0x00000006fae00000,0x00000006fb39b3a0,0x00000006fc300000)
}

Deoptimization events (7 events):
Event: 1.868 Thread 0x00007f11a400a000 Uncommon trap: reason=null_check action=make_not_entrant pc=0x00007f11a107b548 method=com.android.dx.rop.code.LocalItem.equals(Ljava/lang/Object;)Z @ 1
Event: 1.942 Thread 0x00007f11a400a000 Uncommon trap: reason=class_check action=maybe_recompile pc=0x00007f11a1076264 method=com.android.dx.ssa.NormalSsaInsn.accept(Lcom/android/dx/ssa/SsaInsn$Visitor;)V @ 9
Event: 1.943 Thread 0x00007f11a400a000 Uncommon trap: reason=class_check action=maybe_recompile pc=0x00007f11a1076264 method=com.android.dx.ssa.NormalSsaInsn.accept(Lcom/android/dx/ssa/SsaInsn$Visitor;)V @ 9
Event: 1.952 Thread 0x00007f11a400a000 Uncommon trap: reason=class_check action=maybe_recompile pc=0x00007f11a1076264 method=com.android.dx.ssa.NormalSsaInsn.accept(Lcom/android/dx/ssa/SsaInsn$Visitor;)V @ 9
Event: 2.012 Thread 0x00007f11a400a000 Uncommon trap: reason=class_check action=maybe_recompile pc=0x00007f11a1076264 method=com.android.dx.ssa.NormalSsaInsn.accept(Lcom/android/dx/ssa/SsaInsn$Visitor;)V @ 9
Event: 4.372 Thread 0x00007f11a4153800 Uncommon trap: reason=null_check action=make_not_entrant pc=0x00007f11a1090b4c method=com.android.dx.ssa.SsaRenamer.getLocalForNewReg(I)Lcom/android/dx/rop/code/LocalItem; @ 19
Event: 4.373 Thread 0x00007f11a4153800 Uncommon trap: reason=null_check action=make_not_entrant pc=0x00007f11a10a78d4 method=com.android.dx.ssa.SsaRenamer.getLocalForNewReg(I)Lcom/android/dx/rop/code/LocalItem; @ 19

Internal exceptions (10 events):
Event: 1.514 Thread 0x00007f11a400a000 Threw 0x00000007ab1ef7e0 at /HUDSON/workspace/7u-2-build-linux-amd64/jdk7u79/2331/hotspot/src/share/vm/prims/jvm.cpp:1304
Event: 1.621 Thread 0x00007f11a4157000 Threw 0x00000007ab3f0910 at /HUDSON/workspace/7u-2-build-linux-amd64/jdk7u79/2331/hotspot/src/share/vm/prims/jvm.cpp:1304
Event: 1.763 Thread 0x00007f11a4157000 Threw 0x00000007ab6f2a20 at /HUDSON/workspace/7u-2-build-linux-amd64/jdk7u79/2331/hotspot/src/share/vm/prims/jvm.cpp:1304
Event: 1.868 Thread 0x00007f11a400a000 Implicit null exception at 0x00007f11a107b1a1 to 0x00007f11a107b535
Event: 4.372 Thread 0x00007f11a4153800 Implicit null exception at 0x00007f11a108f602 to 0x00007f11a1090b2d
Event: 4.373 Thread 0x00007f11a4153800 Implicit null exception at 0x00007f11a10a5fe5 to 0x00007f11a10a78ad
Event: 4.813 Thread 0x00007f11a400a000 Threw 0x00000007aadba2f0 at /HUDSON/workspace/7u-2-build-linux-amd64/jdk7u79/2331/hotspot/src/share/vm/prims/jvm.cpp:1304
Event: 4.837 Thread 0x00007f11a400a000 Threw 0x00000007aadc4380 at /HUDSON/workspace/7u-2-build-linux-amd64/jdk7u79/2331/hotspot/src/share/vm/prims/jvm.cpp:1304
Event: 4.838 Thread 0x00007f11a400a000 Threw 0x00000007aadc6638 at /HUDSON/workspace/7u-2-build-linux-amd64/jdk7u79/2331/hotspot/src/share/vm/prims/jvm.cpp:1304
Event: 5.130 Thread 0x00007f11a4155000 Threw 0x00000007ab160928 at /HUDSON/workspace/7u-2-build-linux-amd64/jdk7u79/2331/hotspot/src/share/vm/prims/jvm.cpp:1304

Events (10 events):
Event: 4.838 loading class 0x00007f11a4161510
Event: 4.838 loading class 0x00007f11a4161510 done
Event: 5.130 loading class 0x00007f1150015060
Event: 5.130 loading class 0x00007f1150015060 done
Event: 6.908 loading class 0x00007f11a81cdaf0
Event: 6.908 loading class 0x00007f11a81cdaf0 done
Event: 6.936 loading class 0x00007f11a81cdac0
Event: 6.936 loading class 0x00007f11a81cdac0 done
Event: 7.928 Thread 0x00007f11a4157000 Thread exited: 0x00007f11a4157000
Event: 7.951 Thread 0x00007f11a4153800 Thread exited: 0x00007f11a4153800


Dynamic libraries:
00400000-00401000 r-xp 00000000 08:01 3932503                            /opt/jdk1.7.0_79/bin/java
00600000-00601000 rw-p 00000000 08:01 3932503                            /opt/jdk1.7.0_79/bin/java
00e1f000-00e40000 rw-p 00000000 00:00 0                                  [heap]
6fae00000-6fc300000 rw-p 00000000 00:00 0 
6fc300000-700000000 rw-p 00000000 00:00 0 
700000000-705200000 rw-p 00000000 00:00 0 
705200000-7aaa80000 rw-p 00000000 00:00 0 
7aaa80000-7ad400000 rw-p 00000000 00:00 0 
7ad400000-800000000 rw-p 00000000 00:00 0 
7f1150000000-7f1150021000 rw-p 00000000 00:00 0 
7f1150021000-7f1154000000 ---p 00000000 00:00 0 
7f1154000000-7f115402b000 rw-p 00000000 00:00 0 
7f115402b000-7f1158000000 ---p 00000000 00:00 0 
7f1158000000-7f1158021000 rw-p 00000000 00:00 0 
7f1158021000-7f115c000000 ---p 00000000 00:00 0 
7f115c000000-7f115c025000 rw-p 00000000 00:00 0 
7f115c025000-7f1160000000 ---p 00000000 00:00 0 
7f1160000000-7f1160021000 rw-p 00000000 00:00 0 
7f1160021000-7f1164000000 ---p 00000000 00:00 0 
7f1164000000-7f1164021000 rw-p 00000000 00:00 0 
7f1164021000-7f1168000000 ---p 00000000 00:00 0 
7f1168000000-7f116864e000 rw-p 00000000 00:00 0 
7f116864e000-7f116c000000 ---p 00000000 00:00 0 
7f116c000000-7f116c021000 rw-p 00000000 00:00 0 
7f116c021000-7f1170000000 ---p 00000000 00:00 0 
7f1170000000-7f1170021000 rw-p 00000000 00:00 0 
7f1170021000-7f1174000000 ---p 00000000 00:00 0 
7f1174000000-7f11747b4000 rw-p 00000000 00:00 0 
7f11747b4000-7f1178000000 ---p 00000000 00:00 0 
7f1178000000-7f1178021000 rw-p 00000000 00:00 0 
7f1178021000-7f117c000000 ---p 00000000 00:00 0 
7f117c000000-7f117c021000 rw-p 00000000 00:00 0 
7f117c021000-7f1180000000 ---p 00000000 00:00 0 
7f1180000000-7f1180021000 rw-p 00000000 00:00 0 
7f1180021000-7f1184000000 ---p 00000000 00:00 0 
7f1184000000-7f1184021000 rw-p 00000000 00:00 0 
7f1184021000-7f1188000000 ---p 00000000 00:00 0 
7f1189c9a000-7f1189e07000 rw-p 00000000 00:00 0 
7f1189e07000-7f1189e0a000 ---p 00000000 00:00 0 
7f1189e0a000-7f1189f08000 rw-p 00000000 00:00 0 
7f1189f08000-7f1189f0b000 ---p 00000000 00:00 0 
7f1189f0b000-7f118a009000 rw-p 00000000 00:00 0 
7f118a009000-7f118a00c000 ---p 00000000 00:00 0 
7f118a00c000-7f118a10a000 rw-p 00000000 00:00 0 
7f118a10a000-7f118a10d000 ---p 00000000 00:00 0 
7f118a10d000-7f118a20b000 rw-p 00000000 00:00 0 
7f118a20b000-7f118a20e000 ---p 00000000 00:00 0 
7f118a20e000-7f118a60d000 rw-p 00000000 00:00 0 
7f118a60d000-7f118a623000 r-xp 00000000 08:01 3932693                    /opt/jdk1.7.0_79/jre/lib/amd64/libnet.so
7f118a623000-7f118a823000 ---p 00016000 08:01 3932693                    /opt/jdk1.7.0_79/jre/lib/amd64/libnet.so
7f118a823000-7f118a824000 rw-p 00016000 08:01 3932693                    /opt/jdk1.7.0_79/jre/lib/amd64/libnet.so
7f118a824000-7f118a834000 r-xp 00000000 08:01 3932694                    /opt/jdk1.7.0_79/jre/lib/amd64/libnio.so
7f118a834000-7f118aa34000 ---p 00010000 08:01 3932694                    /opt/jdk1.7.0_79/jre/lib/amd64/libnio.so
7f118aa34000-7f118aa35000 rw-p 00010000 08:01 3932694                    /opt/jdk1.7.0_79/jre/lib/amd64/libnio.so
7f118aa35000-7f118aa36000 ---p 00000000 00:00 0 
7f118aa36000-7f118ab36000 rw-p 00000000 00:00 0 
7f118ab36000-7f118ab39000 ---p 00000000 00:00 0 
7f118ab39000-7f118ac37000 rw-p 00000000 00:00 0 
7f118ac37000-7f118ac3a000 ---p 00000000 00:00 0 
7f118ac3a000-7f118ad38000 rw-p 00000000 00:00 0 
7f118ad38000-7f118ad3b000 ---p 00000000 00:00 0 
7f118ad3b000-7f118ae39000 rw-p 00000000 00:00 0 
7f118ae39000-7f118ae3c000 ---p 00000000 00:00 0 
7f118ae3c000-7f118af3a000 rw-p 00000000 00:00 0 
7f118af3a000-7f118b8f9000 r--p 00000000 08:01 12065597                   /usr/lib/locale/locale-archive
7f118b8f9000-7f118b8fc000 ---p 00000000 00:00 0 
7f118b8fc000-7f118b9fa000 rw-p 00000000 00:00 0 
7f118b9fa000-7f118b9fd000 ---p 00000000 00:00 0 
7f118b9fd000-7f118bafb000 rw-p 00000000 00:00 0 
7f118bafb000-7f118bafc000 ---p 00000000 00:00 0 
7f118bafc000-7f118c000000 rw-p 00000000 00:00 0 
7f118c000000-7f118c021000 rw-p 00000000 00:00 0 
7f118c021000-7f1190000000 ---p 00000000 00:00 0 
7f1190000000-7f1190021000 rw-p 00000000 00:00 0 
7f1190021000-7f1194000000 ---p 00000000 00:00 0 
7f1194000000-7f1194021000 rw-p 00000000 00:00 0 
7f1194021000-7f1198000000 ---p 00000000 00:00 0 
7f11980a5000-7f1198bb0000 rw-p 00000000 00:00 0 
7f1198bb0000-7f1198d70000 r--s 039f7000 08:01 3932950                    /opt/jdk1.7.0_79/jre/lib/rt.jar
7f1198d70000-7f11a1000000 rw-p 00000000 00:00 0 
7f11a1000000-7f11a1270000 rwxp 00000000 00:00 0 
7f11a1270000-7f11a4165000 rw-p 00000000 00:00 0 
7f11a4165000-7f11a8000000 ---p 00000000 00:00 0 
7f11a8046000-7f11a8055000 r--s 000df000 08:01 4064773                    /home/keshav/Android/Sdk/build-tools/23.0.3/lib/dx.jar
7f11a8055000-7f11a8a98000 rw-p 00000000 00:00 0 
7f11a8a98000-7f11a8a99000 ---p 00000000 00:00 0 
7f11a8a99000-7f11a8b99000 rw-p 00000000 00:00 0 
7f11a8b99000-7f11a8b9a000 ---p 00000000 00:00 0 
7f11a8b9a000-7f11a8c9a000 rw-p 00000000 00:00 0 
7f11a8c9a000-7f11a8c9b000 ---p 00000000 00:00 0 
7f11a8c9b000-7f11a8d9b000 rw-p 00000000 00:00 0 
7f11a8d9b000-7f11a8d9c000 ---p 00000000 00:00 0 
7f11a8d9c000-7f11a8ea7000 rw-p 00000000 00:00 0 
7f11a8ea7000-7f11a8ec5000 rw-p 00000000 00:00 0 
7f11a8ec5000-7f11a8eee000 rw-p 00000000 00:00 0 
7f11a8eee000-7f11a941b000 rw-p 00000000 00:00 0 
7f11a941b000-7f11a9426000 rw-p 00000000 00:00 0 
7f11a9426000-7f11a9444000 rw-p 00000000 00:00 0 
7f11a9444000-7f11a946d000 rw-p 00000000 00:00 0 
7f11a946d000-7f11a9999000 rw-p 00000000 00:00 0 
7f11a9999000-7f11a99ae000 rw-p 00000000 00:00 0 
7f11a99ae000-7f11a9c44000 rw-p 00000000 00:00 0 
7f11a9c44000-7f11a9c45000 rw-p 00000000 00:00 0 
7f11a9c45000-7f11a9c5f000 r-xp 00000000 08:01 3932705                    /opt/jdk1.7.0_79/jre/lib/amd64/libzip.so
7f11a9c5f000-7f11a9e5f000 ---p 0001a000 08:01 3932705                    /opt/jdk1.7.0_79/jre/lib/amd64/libzip.so
7f11a9e5f000-7f11a9e60000 rw-p 0001a000 08:01 3932705                    /opt/jdk1.7.0_79/jre/lib/amd64/libzip.so
7f11a9e60000-7f11a9e6b000 r-xp 00000000 08:01 266706                     /lib/x86_64-linux-gnu/libnss_files-2.23.so
7f11a9e6b000-7f11aa06a000 ---p 0000b000 08:01 266706                     /lib/x86_64-linux-gnu/libnss_files-2.23.so
7f11aa06a000-7f11aa06b000 r--p 0000a000 08:01 266706                     /lib/x86_64-linux-gnu/libnss_files-2.23.so
7f11aa06b000-7f11aa06c000 rw-p 0000b000 08:01 266706                     /lib/x86_64-linux-gnu/libnss_files-2.23.so
7f11aa06c000-7f11aa072000 rw-p 00000000 00:00 0 
7f11aa072000-7f11aa07d000 r-xp 00000000 08:01 266716                     /lib/x86_64-linux-gnu/libnss_nis-2.23.so
7f11aa07d000-7f11aa27c000 ---p 0000b000 08:01 266716                     /lib/x86_64-linux-gnu/libnss_nis-2.23.so
7f11aa27c000-7f11aa27d000 r--p 0000a000 08:01 266716                     /lib/x86_64-linux-gnu/libnss_nis-2.23.so
7f11aa27d000-7f11aa27e000 rw-p 0000b000 08:01 266716                     /lib/x86_64-linux-gnu/libnss_nis-2.23.so
7f11aa27e000-7f11aa294000 r-xp 00000000 08:01 266700                     /lib/x86_64-linux-gnu/libnsl-2.23.so
7f11aa294000-7f11aa493000 ---p 00016000 08:01 266700                     /lib/x86_64-linux-gnu/libnsl-2.23.so
7f11aa493000-7f11aa494000 r--p 00015000 08:01 266700                     /lib/x86_64-linux-gnu/libnsl-2.23.so
7f11aa494000-7f11aa495000 rw-p 00016000 08:01 266700                     /lib/x86_64-linux-gnu/libnsl-2.23.so
7f11aa495000-7f11aa497000 rw-p 00000000 00:00 0 
7f11aa497000-7f11aa49f000 r-xp 00000000 08:01 266702                     /lib/x86_64-linux-gnu/libnss_compat-2.23.so
7f11aa49f000-7f11aa69e000 ---p 00008000 08:01 266702                     /lib/x86_64-linux-gnu/libnss_compat-2.23.so
7f11aa69e000-7f11aa69f000 r--p 00007000 08:01 266702                     /lib/x86_64-linux-gnu/libnss_compat-2.23.so
7f11aa69f000-7f11aa6a0000 rw-p 00008000 08:01 266702                     /lib/x86_64-linux-gnu/libnss_compat-2.23.so
7f11aa6a0000-7f11aa6c9000 r-xp 00000000 08:01 3932675                    /opt/jdk1.7.0_79/jre/lib/amd64/libjava.so
7f11aa6c9000-7f11aa8c9000 ---p 00029000 08:01 3932675                    /opt/jdk1.7.0_79/jre/lib/amd64/libjava.so
7f11aa8c9000-7f11aa8cb000 rw-p 00029000 08:01 3932675                    /opt/jdk1.7.0_79/jre/lib/amd64/libjava.so
7f11aa8cb000-7f11aa8d8000 r-xp 00000000 08:01 3932704                    /opt/jdk1.7.0_79/jre/lib/amd64/libverify.so
7f11aa8d8000-7f11aaad7000 ---p 0000d000 08:01 3932704                    /opt/jdk1.7.0_79/jre/lib/amd64/libverify.so
7f11aaad7000-7f11aaad9000 rw-p 0000c000 08:01 3932704                    /opt/jdk1.7.0_79/jre/lib/amd64/libverify.so
7f11aaad9000-7f11aaae0000 r-xp 00000000 08:01 266761                     /lib/x86_64-linux-gnu/librt-2.23.so
7f11aaae0000-7f11aacdf000 ---p 00007000 08:01 266761                     /lib/x86_64-linux-gnu/librt-2.23.so
7f11aacdf000-7f11aace0000 r--p 00006000 08:01 266761                     /lib/x86_64-linux-gnu/librt-2.23.so
7f11aace0000-7f11aace1000 rw-p 00007000 08:01 266761                     /lib/x86_64-linux-gnu/librt-2.23.so
7f11aace1000-7f11aade9000 r-xp 00000000 08:01 266677                     /lib/x86_64-linux-gnu/libm-2.23.so
7f11aade9000-7f11aafe8000 ---p 00108000 08:01 266677                     /lib/x86_64-linux-gnu/libm-2.23.so
7f11aafe8000-7f11aafe9000 r--p 00107000 08:01 266677                     /lib/x86_64-linux-gnu/libm-2.23.so
7f11aafe9000-7f11aafea000 rw-p 00108000 08:01 266677                     /lib/x86_64-linux-gnu/libm-2.23.so
7f11aafea000-7f11abb5f000 r-xp 00000000 08:01 3932709                    /opt/jdk1.7.0_79/jre/lib/amd64/server/libjvm.so
7f11abb5f000-7f11abd5f000 ---p 00b75000 08:01 3932709                    /opt/jdk1.7.0_79/jre/lib/amd64/server/libjvm.so
7f11abd5f000-7f11abe23000 rw-p 00b75000 08:01 3932709                    /opt/jdk1.7.0_79/jre/lib/amd64/server/libjvm.so
7f11abe23000-7f11abe64000 rw-p 00000000 00:00 0 
7f11abe64000-7f11ac024000 r-xp 00000000 08:01 266607                     /lib/x86_64-linux-gnu/libc-2.23.so
7f11ac024000-7f11ac223000 ---p 001c0000 08:01 266607                     /lib/x86_64-linux-gnu/libc-2.23.so
7f11ac223000-7f11ac227000 r--p 001bf000 08:01 266607                     /lib/x86_64-linux-gnu/libc-2.23.so
7f11ac227000-7f11ac229000 rw-p 001c3000 08:01 266607                     /lib/x86_64-linux-gnu/libc-2.23.so
7f11ac229000-7f11ac22d000 rw-p 00000000 00:00 0 
7f11ac22d000-7f11ac230000 r-xp 00000000 08:01 266631                     /lib/x86_64-linux-gnu/libdl-2.23.so
7f11ac230000-7f11ac42f000 ---p 00003000 08:01 266631                     /lib/x86_64-linux-gnu/libdl-2.23.so
7f11ac42f000-7f11ac430000 r--p 00002000 08:01 266631                     /lib/x86_64-linux-gnu/libdl-2.23.so
7f11ac430000-7f11ac431000 rw-p 00003000 08:01 266631                     /lib/x86_64-linux-gnu/libdl-2.23.so
7f11ac431000-7f11ac447000 r-xp 00000000 08:01 3933384                    /opt/jdk1.7.0_79/lib/amd64/jli/libjli.so
7f11ac447000-7f11ac647000 ---p 00016000 08:01 3933384                    /opt/jdk1.7.0_79/lib/amd64/jli/libjli.so
7f11ac647000-7f11ac648000 rw-p 00016000 08:01 3933384                    /opt/jdk1.7.0_79/lib/amd64/jli/libjli.so
7f11ac648000-7f11ac660000 r-xp 00000000 08:01 266753                     /lib/x86_64-linux-gnu/libpthread-2.23.so
7f11ac660000-7f11ac85f000 ---p 00018000 08:01 266753                     /lib/x86_64-linux-gnu/libpthread-2.23.so
7f11ac85f000-7f11ac860000 r--p 00017000 08:01 266753                     /lib/x86_64-linux-gnu/libpthread-2.23.so
7f11ac860000-7f11ac861000 rw-p 00018000 08:01 266753                     /lib/x86_64-linux-gnu/libpthread-2.23.so
7f11ac861000-7f11ac865000 rw-p 00000000 00:00 0 
7f11ac865000-7f11ac88b000 r-xp 00000000 08:01 266579                     /lib/x86_64-linux-gnu/ld-2.23.so
7f11ac88c000-7f11ac8b7000 rw-p 00000000 00:00 0 
7f11ac8b7000-7f11ac96d000 rw-p 00000000 00:00 0 
7f11ac96d000-7f11ac970000 ---p 00000000 00:00 0 
7f11ac970000-7f11aca72000 rw-p 00000000 00:00 0 
7f11aca7e000-7f11aca86000 rw-s 00000000 08:01 17303383                   /tmp/hsperfdata_keshav/12562
7f11aca86000-7f11aca87000 rw-p 00000000 00:00 0 
7f11aca87000-7f11aca88000 r--p 00000000 00:00 0 
7f11aca88000-7f11aca8a000 rw-p 00000000 00:00 0 
7f11aca8a000-7f11aca8b000 r--p 00025000 08:01 266579                     /lib/x86_64-linux-gnu/ld-2.23.so
7f11aca8b000-7f11aca8c000 rw-p 00026000 08:01 266579                     /lib/x86_64-linux-gnu/ld-2.23.so
7f11aca8c000-7f11aca8d000 rw-p 00000000 00:00 0 
7ffe7abdb000-7ffe7abfc000 rw-p 00000000 00:00 0                          [stack]
7ffe7abfc000-7ffe7abfe000 r--p 00000000 00:00 0                          [vvar]
7ffe7abfe000-7ffe7ac00000 r-xp 00000000 00:00 0                          [vdso]
ffffffffff600000-ffffffffff601000 r-xp 00000000 00:00 0                  [vsyscall]

VM Arguments:
jvm_args: -Djava.awt.headless=true -Xmx4g -Dfile.encoding=UTF-8 -Duser.country=IN -Duser.language=en -Duser.variant 
java_command: com.android.dx.command.Main --dex --force-jumbo --num-threads=4 --multi-dex --output /home/keshav/StudioMotif/Motif/app/build/intermediates/transforms/dex/debug/folders/1000/10/android-async-http-1.4.9_15147e8ab1af3f7916fcab98f8a50b4f021d813f /home/keshav/.gradle/caches/modules-2/files-2.1/com.loopj.android/android-async-http/1.4.9/386a4339ffe52d5d63e80f9bed8d2b1d1a418249/android-async-http-1.4.9.jar
Launcher Type: SUN_STANDARD

Environment Variables:
PATH=/usr/local/sbin:/usr/local/bin:/usr/sbin:/usr/bin:/sbin:/bin:/usr/games:/usr/local/games:/snap/bin
LD_LIBRARY_PATH=/opt/jdk1.7.0_79/jre/lib/amd64/server:/opt/jdk1.7.0_79/jre/lib/amd64:/opt/jdk1.7.0_79/jre/../lib/amd64:/usr/lib/jvm/java-6-oracle/jre/lib/amd64/server:/usr/lib/jvm/java-6-oracle/jre/lib/amd64:/usr/lib/jvm/java-6-oracle/jre/../lib/amd64:/opt/android-studio/bin:
SHELL=/bin/bash
DISPLAY=:0

Signal Handlers:
SIGSEGV: [libjvm.so+0x9a3bf0], sa_mask[0]=0x7ffbfeff, sa_flags=0x10000004
SIGBUS: [libjvm.so+0x9a3bf0], sa_mask[0]=0x7ffbfeff, sa_flags=0x10000004
SIGFPE: [libjvm.so+0x81cb60], sa_mask[0]=0x7ffbfeff, sa_flags=0x10000004
SIGPIPE: [libjvm.so+0x81cb60], sa_mask[0]=0x7ffbfeff, sa_flags=0x10000004
SIGXFSZ: [libjvm.so+0x81cb60], sa_mask[0]=0x7ffbfeff, sa_flags=0x10000004
SIGILL: [libjvm.so+0x81cb60], sa_mask[0]=0x7ffbfeff, sa_flags=0x10000004
SIGUSR1: SIG_DFL, sa_mask[0]=0x00000000, sa_flags=0x00000000
SIGUSR2: [libjvm.so+0x81e360], sa_mask[0]=0x00000004, sa_flags=0x10000004
SIGHUP: [libjvm.so+0x81f480], sa_mask[0]=0x7ffbfeff, sa_flags=0x10000004
SIGINT: [libjvm.so+0x81f480], sa_mask[0]=0x7ffbfeff, sa_flags=0x10000004
SIGTERM: [libjvm.so+0x81f480], sa_mask[0]=0x7ffbfeff, sa_flags=0x10000004
SIGQUIT: [libjvm.so+0x81f480], sa_mask[0]=0x7ffbfeff, sa_flags=0x10000004


---------------  S Y S T E M  ---------------

OS:stretch/sid

uname:Linux 4.4.0-24-generic #43-Ubuntu SMP Wed Jun 8 19:27:37 UTC 2016 x86_64
libc:glibc 2.23 NPTL 2.23 
rlimit: STACK 8192k, CORE 0k, NPROC 31425, NOFILE 65536, AS infinity
load average:13.31 6.56 4.47

/proc/meminfo:
MemTotal:        8083692 kB
MemFree:         1771876 kB
MemAvailable:    4194532 kB
Buffers:          393684 kB
Cached:          2272100 kB
SwapCached:            0 kB
Active:          4830128 kB
Inactive:        1046492 kB
Active(anon):    3220420 kB
Inactive(anon):   254100 kB
Active(file):    1609708 kB
Inactive(file):   792392 kB
Unevictable:          48 kB
Mlocked:              48 kB
SwapTotal:       4102140 kB
SwapFree:        4102140 kB
Dirty:             37728 kB
Writeback:             0 kB
AnonPages:       3213028 kB
Mapped:           471676 kB
Shmem:            263688 kB
Slab:             316508 kB
SReclaimable:     273972 kB
SUnreclaim:        42536 kB
KernelStack:       13328 kB
PageTables:        53296 kB
NFS_Unstable:          0 kB
Bounce:                0 kB
WritebackTmp:          0 kB
CommitLimit:     8143984 kB
Committed_AS:    9497584 kB
VmallocTotal:   34359738367 kB
VmallocUsed:           0 kB
VmallocChunk:          0 kB
HardwareCorrupted:     0 kB
AnonHugePages:   2201600 kB
CmaTotal:              0 kB
CmaFree:               0 kB
HugePages_Total:       0
HugePages_Free:        0
HugePages_Rsvd:        0
HugePages_Surp:        0
Hugepagesize:       2048 kB
DirectMap4k:      161408 kB
DirectMap2M:     8136704 kB


CPU:total 4 (2 cores per cpu, 2 threads per core) family 6 model 42 stepping 7, cmov, cx8, fxsr, mmx, sse, sse2, sse3, ssse3, sse4.1, sse4.2, popcnt, avx, ht, tsc, tscinvbit

/proc/cpuinfo:
processor	: 0
vendor_id	: GenuineIntel
cpu family	: 6
model		: 42
model name	: Intel(R) Core(TM) i3-2330M CPU @ 2.20GHz
stepping	: 7
microcode	: 0x29
cpu MHz		: 2200.000
cache size	: 3072 KB
physical id	: 0
siblings	: 4
core id		: 0
cpu cores	: 2
apicid		: 0
initial apicid	: 0
fpu		: yes
fpu_exception	: yes
cpuid level	: 13
wp		: yes
flags		: fpu vme de pse tsc msr pae mce cx8 apic sep mtrr pge mca cmov pat pse36 clflush dts acpi mmx fxsr sse sse2 ss ht tm pbe syscall nx rdtscp lm constant_tsc arch_perfmon pebs bts nopl xtopology nonstop_tsc aperfmperf eagerfpu pni pclmulqdq dtes64 monitor ds_cpl vmx est tm2 ssse3 cx16 xtpr pdcm pcid sse4_1 sse4_2 x2apic popcnt tsc_deadline_timer xsave avx lahf_lm epb tpr_shadow vnmi flexpriority ept vpid xsaveopt dtherm arat pln pts
bugs		:
bogomips	: 4390.31
clflush size	: 64
cache_alignment	: 64
address sizes	: 36 bits physical, 48 bits virtual
power management:

processor	: 1
vendor_id	: GenuineIntel
cpu family	: 6
model		: 42
model name	: Intel(R) Core(TM) i3-2330M CPU @ 2.20GHz
stepping	: 7
microcode	: 0x29
cpu MHz		: 2199.914
cache size	: 3072 KB
physical id	: 0
siblings	: 4
core id		: 0
cpu cores	: 2
apicid		: 1
initial apicid	: 1
fpu		: yes
fpu_exception	: yes
cpuid level	: 13
wp		: yes
flags		: fpu vme de pse tsc msr pae mce cx8 apic sep mtrr pge mca cmov pat pse36 clflush dts acpi mmx fxsr sse sse2 ss ht tm pbe syscall nx rdtscp lm constant_tsc arch_perfmon pebs bts nopl xtopology nonstop_tsc aperfmperf eagerfpu pni pclmulqdq dtes64 monitor ds_cpl vmx est tm2 ssse3 cx16 xtpr pdcm pcid sse4_1 sse4_2 x2apic popcnt tsc_deadline_timer xsave avx lahf_lm epb tpr_shadow vnmi flexpriority ept vpid xsaveopt dtherm arat pln pts
bugs		:
bogomips	: 4390.31
clflush size	: 64
cache_alignment	: 64
address sizes	: 36 bits physical, 48 bits virtual
power management:

processor	: 2
vendor_id	: GenuineIntel
cpu family	: 6
model		: 42
model name	: Intel(R) Core(TM) i3-2330M CPU @ 2.20GHz
stepping	: 7
microcode	: 0x29
cpu MHz		: 2199.914
cache size	: 3072 KB
physical id	: 0
siblings	: 4
core id		: 1
cpu cores	: 2
apicid		: 2
initial apicid	: 2
fpu		: yes
fpu_exception	: yes
cpuid level	: 13
wp		: yes
flags		: fpu vme de pse tsc msr pae mce cx8 apic sep mtrr pge mca cmov pat pse36 clflush dts acpi mmx fxsr sse sse2 ss ht tm pbe syscall nx rdtscp lm constant_tsc arch_perfmon pebs bts nopl xtopology nonstop_tsc aperfmperf eagerfpu pni pclmulqdq dtes64 monitor ds_cpl vmx est tm2 ssse3 cx16 xtpr pdcm pcid sse4_1 sse4_2 x2apic popcnt tsc_deadline_timer xsave avx lahf_lm epb tpr_shadow vnmi flexpriority ept vpid xsaveopt dtherm arat pln pts
bugs		:
bogomips	: 4390.31
clflush size	: 64
cache_alignment	: 64
address sizes	: 36 bits physical, 48 bits virtual
power management:

processor	: 3
vendor_id	: GenuineIntel
cpu family	: 6
model		: 42
model name	: Intel(R) Core(TM) i3-2330M CPU @ 2.20GHz
stepping	: 7
microcode	: 0x29
cpu MHz		: 2199.914
cache size	: 3072 KB
physical id	: 0
siblings	: 4
core id		: 1
cpu cores	: 2
apicid		: 3
initial apicid	: 3
fpu		: yes
fpu_exception	: yes
cpuid level	: 13
wp		: yes
flags		: fpu vme de pse tsc msr pae mce cx8 apic sep mtrr pge mca cmov pat pse36 clflush dts acpi mmx fxsr sse sse2 ss ht tm pbe syscall nx rdtscp lm constant_tsc arch_perfmon pebs bts nopl xtopology nonstop_tsc aperfmperf eagerfpu pni pclmulqdq dtes64 monitor ds_cpl vmx est tm2 ssse3 cx16 xtpr pdcm pcid sse4_1 sse4_2 x2apic popcnt tsc_deadline_timer xsave avx lahf_lm epb tpr_shadow vnmi flexpriority ept vpid xsaveopt dtherm arat pln pts
bugs		:
bogomips	: 4390.31
clflush size	: 64
cache_alignment	: 64
address sizes	: 36 bits physical, 48 bits virtual
power management:



Memory: 4k page, physical 8083692k(1771876k free), swap 4102140k(4102140k free)

vm_info: Java HotSpot(TM) 64-Bit Server VM (24.79-b02) for linux-amd64 JRE (1.7.0_79-b15), built on Apr 10 2015 11:34:48 by "java_re" with gcc 4.3.0 20080428 (Red Hat 4.3.0-8)

time: Wed Jun 15 12:40:28 2016
elapsed time: 8 seconds

