#
# A fatal error has been detected by the Java Runtime Environment:
#
#  SIGSEGV (0xb) at pc=0x00007fe829bd86e8, pid=17030, tid=140634701956864
#
# JRE version: Java(TM) SE Runtime Environment (7.0_79-b15) (build 1.7.0_79-b15)
# Java VM: Java HotSpot(TM) 64-Bit Server VM (24.79-b02 mixed mode linux-amd64 compressed oops)
# Problematic frame:
# V  [libjvm.so+0x5656e8]  PhaseCFG::hoist_to_cheaper_block(Block*, Block*, Node*)+0x218
#
# Failed to write core dump. Core dumps have been disabled. To enable core dumping, try "ulimit -c unlimited" before starting Java again
#
# If you would like to submit a bug report, please visit:
#   http://bugreport.java.com/bugreport/crash.jsp
#

---------------  T H R E A D  ---------------

Current thread (0x00007fe824096000):  JavaThread "C2 CompilerThread1" daemon [_thread_in_native, id=17058, stack(0x00007fe811640000,0x00007fe811741000)]

siginfo:si_signo=SIGSEGV: si_errno=0, si_code=128 (), si_addr=0x0000000000000000

Registers:
RAX=0x0000000000000000, RBX=0x00007fe7f0219f90, RCX=0x0000000000000000, RDX=0x0000000005555455
RSP=0x00007fe81173c630, RBP=0x00007fe81173c6d0, RSI=0x00007fe7e5221d40, RDI=0x00007fe82a4ac2e0
R8 =0x0000000000000010, R9 =0x0000000000000018, R10=0x00007fe7e4b52218, R11=0x00007fe7e407f900
R12=0x0000000000000c20, R13=0x00047fe7e5221e90, R14=0x00007fe7e5221d40, R15=0x00007fe81173df50
RIP=0x00007fe829bd86e8, EFLAGS=0x0000000000010212, CSGSFS=0x0000000000000033, ERR=0x0000000000000000
  TRAPNO=0x000000000000000d

Top of Stack: (sp=0x00007fe81173c630)
0x00007fe81173c630:   0000000000000007 00007fe7f02184d8
0x00007fe81173c640:   00007fe81173c670 00007fe7f0219f90
0x00007fe81173c650:   00007fe7f00dc128 01007fe729b3aad4
0x00007fe81173c660:   00007fe7e5221d40 3d36755a80000000
0x00007fe81173c670:   000000001173c6d0 0000000000000000
0x00007fe81173c680:   00007fe81173c601 00007fe829bd5228
0x00007fe81173c690:   00007fe81173df98 00007fe7f00dc128
0x00007fe81173c6a0:   00007fe7f0219f90 00007fe7e5221d40
0x00007fe81173c6b0:   00007fe7f0219f90 00007fe7e5221d40
0x00007fe81173c6c0:   00007fe7f00dc128 00007fe7f021a030
0x00007fe81173c6d0:   00007fe81173c750 00007fe829bd92cb
0x00007fe81173c6e0:   00007fe81173c700 00007fe81173df50
0x00007fe81173c6f0:   00007fe81173df98 00007fe7f0219f90
0x00007fe81173c700:   00007fe81173c7e0 00007fe81173c7c0
0x00007fe81173c710:   00007fe81173df98 00007fe82401c470
0x00007fe81173c720:   00007fe81173c750 00007fe7e52f9ed0
0x00007fe81173c730:   00007fe7f0025b40 00007fe81173dfe0
0x00007fe81173c740:   00007fe81173df50 00007fe81173c7c0
0x00007fe81173c750:   00007fe81173c850 00007fe829bd9785
0x00007fe81173c760:   00007fe81173c7e0 000009c929bd4f3a
0x00007fe81173c770:   00007fe81173c860 00007fe7e482f020
0x00007fe81173c780:   00007fe7e4833c30 00007fe7e4837008
0x00007fe81173c790:   00007fe82401c470 00000000002472b8
0x00007fe81173c7a0:   00007fe7f00dc278 0000000000000002
0x00007fe81173c7b0:   0000000000000000 0000000000000000
0x00007fe81173c7c0:   00007fe82401c470 00007fe800001000
0x00007fe81173c7d0:   00007fe7e46e05d0 00007fe800000001
0x00007fe81173c7e0:   00007fe82a479e10 00007fe82401c470
0x00007fe81173c7f0:   0000000000000100 00007fe7e52f9f10
0x00007fe81173c800:   00007fe700000100 00007fe7f049c070
0x00007fe81173c810:   00007fe82401c470 0000000000000000
0x00007fe81173c820:   00007fe81173c850 00007fe81173dfe0 

Instructions: (pc=0x00007fe829bd86e8)
0x00007fe829bd86c8:   0f 95 45 8f 0f 85 73 03 00 00 f3 0f 10 45 88 4c
0x00007fe829bd86d8:   89 75 90 0f 5a c0 f2 0f 11 45 98 0f 1f 44 00 00
0x00007fe829bd86e8:   41 8b 55 18 31 c0 85 d2 74 07 49 8b 45 20 48 8b
0x00007fe829bd86f8:   00 49 8b 9f 80 00 00 00 44 8b 60 28 8b 0b 41 39 

Register to memory mapping:

RAX=0x0000000000000000 is an unknown value
RBX=0x00007fe7f0219f90 is an unknown value
RCX=0x0000000000000000 is an unknown value
RDX=0x0000000005555455 is an unknown value
RSP=0x00007fe81173c630 is pointing into the stack for thread: 0x00007fe824096000
RBP=0x00007fe81173c6d0 is pointing into the stack for thread: 0x00007fe824096000
RSI=0x00007fe7e5221d40 is an unknown value
RDI=0x00007fe82a4ac2e0: <offset 0xe392e0> in /opt/jdk1.7.0_79/jre/lib/amd64/server/libjvm.so at 0x00007fe829673000
R8 =0x0000000000000010 is an unknown value
R9 =0x0000000000000018 is an unknown value
R10=0x00007fe7e4b52218 is an unknown value
R11=0x00007fe7e407f900 is an unknown value
R12=0x0000000000000c20 is an unknown value
R13=0x00047fe7e5221e90 is an unknown value
R14=0x00007fe7e5221d40 is an unknown value
R15=0x00007fe81173df50 is pointing into the stack for thread: 0x00007fe824096000


Stack: [0x00007fe811640000,0x00007fe811741000],  sp=0x00007fe81173c630,  free space=1009k
Native frames: (J=compiled Java code, j=interpreted, Vv=VM code, C=native code)
V  [libjvm.so+0x5656e8]  PhaseCFG::hoist_to_cheaper_block(Block*, Block*, Node*)+0x218
V  [libjvm.so+0x5662cb]  PhaseCFG::schedule_late(VectorSet&, Node_List&)+0x3bb
V  [libjvm.so+0x566785]  PhaseCFG::GlobalCodeMotion(Matcher&, unsigned int, Node_List&)+0x335
V  [libjvm.so+0x4440b1]  Compile::Code_Gen()+0x2e1
V  [libjvm.so+0x4472a2]  Compile::Compile(ciEnv*, C2Compiler*, ciMethod*, int, bool, bool)+0x1352
V  [libjvm.so+0x3b1b76]  C2Compiler::compile_method(ciEnv*, ciMethod*, int)+0x176
V  [libjvm.so+0x44ec6e]  CompileBroker::invoke_compiler_on_method(CompileTask*)+0x33e
V  [libjvm.so+0x44fa4d]  CompileBroker::compiler_thread_loop()+0x43d
V  [libjvm.so+0x95c11f]  JavaThread::thread_main_inner()+0xdf
V  [libjvm.so+0x95c225]  JavaThread::run()+0xf5
V  [libjvm.so+0x821ca8]  java_start(Thread*)+0x108


Current CompileTask:
C2:  10541  284             com.android.dx.ssa.back.IdenticalBlockCombiner::process (323 bytes)


---------------  P R O C E S S  ---------------

Java Threads: ( => current thread )
  0x00007fe82415f800 JavaThread "pool-2-thread-4" [_thread_in_Java, id=17073, stack(0x00007fe810f2a000,0x00007fe81102b000)]
  0x00007fe82415e000 JavaThread "pool-2-thread-3" [_thread_in_vm, id=17071, stack(0x00007fe81102b000,0x00007fe81112c000)]
  0x00007fe82415a800 JavaThread "pool-2-thread-2" [_thread_in_vm, id=17068, stack(0x00007fe81112c000,0x00007fe81122d000)]
  0x00007fe824159000 JavaThread "pool-3-thread-1" [_thread_blocked, id=17067, stack(0x00007fe81122d000,0x00007fe81132e000)]
  0x00007fe824157800 JavaThread "pool-2-thread-1" [_thread_in_vm, id=17066, stack(0x00007fe81132e000,0x00007fe81142f000)]
  0x00007fe824098800 JavaThread "Service Thread" daemon [_thread_blocked, id=17059, stack(0x00007fe81153f000,0x00007fe811640000)]
=>0x00007fe824096000 JavaThread "C2 CompilerThread1" daemon [_thread_in_native, id=17058, stack(0x00007fe811640000,0x00007fe811741000)]
  0x00007fe824093000 JavaThread "C2 CompilerThread0" daemon [_thread_in_native, id=17057, stack(0x00007fe811741000,0x00007fe811842000)]
  0x00007fe824091000 JavaThread "Signal Dispatcher" daemon [_thread_blocked, id=17056, stack(0x00007fe811842000,0x00007fe811943000)]
  0x00007fe824070000 JavaThread "Finalizer" daemon [_thread_blocked, id=17053, stack(0x00007fe812302000,0x00007fe812403000)]
  0x00007fe82406e000 JavaThread "Reference Handler" daemon [_thread_blocked, id=17051, stack(0x00007fe812403000,0x00007fe812504000)]
  0x00007fe82400a000 JavaThread "main" [_thread_in_Java, id=17036, stack(0x00007fe82aff6000,0x00007fe82b0f7000)]

Other Threads:
  0x00007fe824069800 VMThread [stack: 0x00007fe812504000,0x00007fe812605000] [id=17050]
  0x00007fe8240a3000 WatcherThread [stack: 0x00007fe81143e000,0x00007fe81153f000] [id=17060]

VM state:not at safepoint (normal execution)

VM Mutex/Monitor currently owned by a thread: None

Heap
 PSYoungGen      total 134144K, used 51811K [0x00000007aaa80000, 0x00000007b3280000, 0x0000000800000000)
  eden space 129024K, 40% used [0x00000007aaa80000,0x00000007add18ff8,0x00000007b2880000)
  from space 5120K, 0% used [0x00000007b2d80000,0x00000007b2d80000,0x00000007b3280000)
  to   space 5120K, 0% used [0x00000007b2880000,0x00000007b2880000,0x00000007b2d80000)
 ParOldGen       total 120320K, used 32775K [0x0000000700000000, 0x0000000707580000, 0x00000007aaa80000)
  object space 120320K, 27% used [0x0000000700000000,0x0000000702001f78,0x0000000707580000)
 PSPermGen       total 21504K, used 5506K [0x00000006fae00000, 0x00000006fc300000, 0x0000000700000000)
  object space 21504K, 25% used [0x00000006fae00000,0x00000006fb3608c8,0x00000006fc300000)

Card table byte_map: [0x00007fe8207d6000,0x00007fe821000000] byte_map_base: 0x00007fe81cfff000

Polling page: 0x00007fe82b110000

Code Cache  [0x00007fe821000000, 0x00007fe821270000, 0x00007fe824000000)
 total_blobs=502 nmethods=288 adapters=166 free_code_cache=47715Kb largest_free_block=48791616

Compilation events (10 events):
Event: 10.391 Thread 0x00007fe824093000 nmethod 292 0x00007fe82107a110 code [0x00007fe82107a260, 0x00007fe82107a318]
Event: 10.391 Thread 0x00007fe824093000  293             com.android.dx.dex.code.CodeAddress::<init> (7 bytes)
Event: 10.400 Thread 0x00007fe824093000 nmethod 293 0x00007fe821126990 code [0x00007fe821126ae0, 0x00007fe821126b98]
Event: 10.400 Thread 0x00007fe824093000  294             com.android.dx.ssa.Dominators::compress (229 bytes)
Event: 10.484 Thread 0x00007fe824093000 nmethod 294 0x00007fe82112d750 code [0x00007fe82112d960, 0x00007fe82112e210]
Event: 10.484 Thread 0x00007fe824093000  295             com.android.dx.rop.code.InsnList::getLast (11 bytes)
Event: 10.509 Thread 0x00007fe824093000 nmethod 295 0x00007fe821126610 code [0x00007fe821126760, 0x00007fe821126858]
Event: 10.509 Thread 0x00007fe824093000  296             java.lang.String::getChars (62 bytes)
Event: 10.511 Thread 0x00007fe824093000 nmethod 296 0x00007fe821126210 code [0x00007fe821126360, 0x00007fe821126498]
Event: 10.511 Thread 0x00007fe824093000  297             java.lang.AbstractStringBuilder::append (48 bytes)

GC Heap History (10 events):
Event: 1.712 GC heap before
{Heap before GC invocations=1 (full 0):
 PSYoungGen      total 37376K, used 32256K [0x00000007aaa80000, 0x00000007ad400000, 0x0000000800000000)
  eden space 32256K, 100% used [0x00000007aaa80000,0x00000007aca00000,0x00000007aca00000)
  from space 5120K, 0% used [0x00000007acf00000,0x00000007acf00000,0x00000007ad400000)
  to   space 5120K, 0% used [0x00000007aca00000,0x00000007aca00000,0x00000007acf00000)
 ParOldGen       total 83968K, used 0K [0x0000000700000000, 0x0000000705200000, 0x00000007aaa80000)
  object space 83968K, 0% used [0x0000000700000000,0x0000000700000000,0x0000000705200000)
 PSPermGen       total 21504K, used 5354K [0x00000006fae00000, 0x00000006fc300000, 0x0000000700000000)
  object space 21504K, 24% used [0x00000006fae00000,0x00000006fb33abc8,0x00000006fc300000)
Event: 1.749 GC heap after
Heap after GC invocations=1 (full 0):
 PSYoungGen      total 37376K, used 5090K [0x00000007aaa80000, 0x00000007af380000, 0x0000000800000000)
  eden space 32256K, 0% used [0x00000007aaa80000,0x00000007aaa80000,0x00000007aca00000)
  from space 5120K, 99% used [0x00000007aca00000,0x00000007acef8940,0x00000007acf00000)
  to   space 5120K, 0% used [0x00000007aee80000,0x00000007aee80000,0x00000007af380000)
 ParOldGen       total 83968K, used 2649K [0x0000000700000000, 0x0000000705200000, 0x00000007aaa80000)
  object space 83968K, 3% used [0x0000000700000000,0x00000007002966c0,0x0000000705200000)
 PSPermGen       total 21504K, used 5354K [0x00000006fae00000, 0x00000006fc300000, 0x0000000700000000)
  object space 21504K, 24% used [0x00000006fae00000,0x00000006fb33abc8,0x00000006fc300000)
}
Event: 3.489 GC heap before
{Heap before GC invocations=2 (full 0):
 PSYoungGen      total 37376K, used 37346K [0x00000007aaa80000, 0x00000007af380000, 0x0000000800000000)
  eden space 32256K, 100% used [0x00000007aaa80000,0x00000007aca00000,0x00000007aca00000)
  from space 5120K, 99% used [0x00000007aca00000,0x00000007acef8940,0x00000007acf00000)
  to   space 5120K, 0% used [0x00000007aee80000,0x00000007aee80000,0x00000007af380000)
 ParOldGen       total 83968K, used 2649K [0x0000000700000000, 0x0000000705200000, 0x00000007aaa80000)
  object space 83968K, 3% used [0x0000000700000000,0x00000007002966c0,0x0000000705200000)
 PSPermGen       total 21504K, used 5449K [0x00000006fae00000, 0x00000006fc300000, 0x0000000700000000)
  object space 21504K, 25% used [0x00000006fae00000,0x00000006fb352790,0x00000006fc300000)
Event: 3.586 GC heap after
Heap after GC invocations=2 (full 0):
 PSYoungGen      total 69632K, used 5116K [0x00000007aaa80000, 0x00000007af380000, 0x0000000800000000)
  eden space 64512K, 0% used [0x00000007aaa80000,0x00000007aaa80000,0x00000007ae980000)
  from space 5120K, 99% used [0x00000007aee80000,0x00000007af37f040,0x00000007af380000)
  to   space 5120K, 0% used [0x00000007ae980000,0x00000007ae980000,0x00000007aee80000)
 ParOldGen       total 83968K, used 14759K [0x0000000700000000, 0x0000000705200000, 0x00000007aaa80000)
  object space 83968K, 17% used [0x0000000700000000,0x0000000700e69f70,0x0000000705200000)
 PSPermGen       total 21504K, used 5449K [0x00000006fae00000, 0x00000006fc300000, 0x0000000700000000)
  object space 21504K, 25% used [0x00000006fae00000,0x00000006fb352790,0x00000006fc300000)
}
Event: 5.733 GC heap before
{Heap before GC invocations=3 (full 0):
 PSYoungGen      total 69632K, used 69628K [0x00000007aaa80000, 0x00000007af380000, 0x0000000800000000)
  eden space 64512K, 100% used [0x00000007aaa80000,0x00000007ae980000,0x00000007ae980000)
  from space 5120K, 99% used [0x00000007aee80000,0x00000007af37f040,0x00000007af380000)
  to   space 5120K, 0% used [0x00000007ae980000,0x00000007ae980000,0x00000007aee80000)
 ParOldGen       total 83968K, used 14759K [0x0000000700000000, 0x0000000705200000, 0x00000007aaa80000)
  object space 83968K, 17% used [0x0000000700000000,0x0000000700e69f70,0x0000000705200000)
 PSPermGen       total 21504K, used 5461K [0x00000006fae00000, 0x00000006fc300000, 0x0000000700000000)
  object space 21504K, 25% used [0x00000006fae00000,0x00000006fb355400,0x00000006fc300000)
Event: 5.838 GC heap after
Heap after GC invocations=3 (full 0):
 PSYoungGen      total 69632K, used 5115K [0x00000007aaa80000, 0x00000007b3280000, 0x0000000800000000)
  eden space 64512K, 0% used [0x00000007aaa80000,0x00000007aaa80000,0x00000007ae980000)
  from space 5120K, 99% used [0x00000007ae980000,0x00000007aee7ed18,0x00000007aee80000)
  to   space 5120K, 0% used [0x00000007b2d80000,0x00000007b2d80000,0x00000007b3280000)
 ParOldGen       total 83968K, used 42127K [0x0000000700000000, 0x0000000705200000, 0x00000007aaa80000)
  object space 83968K, 50% used [0x0000000700000000,0x0000000702923d20,0x0000000705200000)
 PSPermGen       total 21504K, used 5461K [0x00000006fae00000, 0x00000006fc300000, 0x0000000700000000)
  object space 21504K, 25% used [0x00000006fae00000,0x00000006fb355400,0x00000006fc300000)
}
Event: 8.479 GC heap before
{Heap before GC invocations=4 (full 0):
 PSYoungGen      total 69632K, used 69627K [0x00000007aaa80000, 0x00000007b3280000, 0x0000000800000000)
  eden space 64512K, 100% used [0x00000007aaa80000,0x00000007ae980000,0x00000007ae980000)
  from space 5120K, 99% used [0x00000007ae980000,0x00000007aee7ed18,0x00000007aee80000)
  to   space 5120K, 0% used [0x00000007b2d80000,0x00000007b2d80000,0x00000007b3280000)
 ParOldGen       total 83968K, used 42127K [0x0000000700000000, 0x0000000705200000, 0x00000007aaa80000)
  object space 83968K, 50% used [0x0000000700000000,0x0000000702923d20,0x0000000705200000)
 PSPermGen       total 21504K, used 5490K [0x00000006fae00000, 0x00000006fc300000, 0x0000000700000000)
  object space 21504K, 25% used [0x00000006fae00000,0x00000006fb35cad0,0x00000006fc300000)
Event: 8.578 GC heap after
Heap after GC invocations=4 (full 0):
 PSYoungGen      total 134144K, used 5104K [0x00000007aaa80000, 0x00000007b3280000, 0x0000000800000000)
  eden space 129024K, 0% used [0x00000007aaa80000,0x00000007aaa80000,0x00000007b2880000)
  from space 5120K, 99% used [0x00000007b2d80000,0x00000007b327c050,0x00000007b3280000)
  to   space 5120K, 0% used [0x00000007b2880000,0x00000007b2880000,0x00000007b2d80000)
 ParOldGen       total 83968K, used 66561K [0x0000000700000000, 0x0000000705200000, 0x00000007aaa80000)
  object space 83968K, 79% used [0x0000000700000000,0x00000007041006c0,0x0000000705200000)
 PSPermGen       total 21504K, used 5490K [0x00000006fae00000, 0x00000006fc300000, 0x0000000700000000)
  object space 21504K, 25% used [0x00000006fae00000,0x00000006fb35cad0,0x00000006fc300000)
}
Event: 8.578 GC heap before
{Heap before GC invocations=5 (full 1):
 PSYoungGen      total 134144K, used 5104K [0x00000007aaa80000, 0x00000007b3280000, 0x0000000800000000)
  eden space 129024K, 0% used [0x00000007aaa80000,0x00000007aaa80000,0x00000007b2880000)
  from space 5120K, 99% used [0x00000007b2d80000,0x00000007b327c050,0x00000007b3280000)
  to   space 5120K, 0% used [0x00000007b2880000,0x00000007b2880000,0x00000007b2d80000)
 ParOldGen       total 83968K, used 66561K [0x0000000700000000, 0x0000000705200000, 0x00000007aaa80000)
  object space 83968K, 79% used [0x0000000700000000,0x00000007041006c0,0x0000000705200000)
 PSPermGen       total 21504K, used 5490K [0x00000006fae00000, 0x00000006fc300000, 0x0000000700000000)
  object space 21504K, 25% used [0x00000006fae00000,0x00000006fb35cad0,0x00000006fc300000)
Event: 9.068 GC heap after
Heap after GC invocations=5 (full 1):
 PSYoungGen      total 134144K, used 0K [0x00000007aaa80000, 0x00000007b3280000, 0x0000000800000000)
  eden space 129024K, 0% used [0x00000007aaa80000,0x00000007aaa80000,0x00000007b2880000)
  from space 5120K, 0% used [0x00000007b2d80000,0x00000007b2d80000,0x00000007b3280000)
  to   space 5120K, 0% used [0x00000007b2880000,0x00000007b2880000,0x00000007b2d80000)
 ParOldGen       total 120320K, used 32775K [0x0000000700000000, 0x0000000707580000, 0x00000007aaa80000)
  object space 120320K, 27% used [0x0000000700000000,0x0000000702001f78,0x0000000707580000)
 PSPermGen       total 21504K, used 5488K [0x00000006fae00000, 0x00000006fc300000, 0x0000000700000000)
  object space 21504K, 25% used [0x00000006fae00000,0x00000006fb35c200,0x00000006fc300000)
}

Deoptimization events (10 events):
Event: 1.564 Thread 0x00007fe82415f800 Uncommon trap: reason=class_check action=maybe_recompile pc=0x00007fe8210868b8 method=com.android.dx.rop.type.Type.equals(Ljava/lang/Object;)Z @ 8
Event: 3.356 Thread 0x00007fe82415a800 Uncommon trap: reason=class_check action=maybe_recompile pc=0x00007fe8210bbe24 method=com.android.dx.ssa.SsaConverter.placePhiFunctions(Lcom/android/dx/ssa/SsaMethod;Lcom/android/dx/ssa/LocalVariableInfo;I)V @ 257
Event: 4.409 Thread 0x00007fe824157800 Uncommon trap: reason=class_check action=maybe_recompile pc=0x00007fe8210bbe24 method=com.android.dx.ssa.SsaConverter.placePhiFunctions(Lcom/android/dx/ssa/SsaMethod;Lcom/android/dx/ssa/LocalVariableInfo;I)V @ 257
Event: 4.511 Thread 0x00007fe82415e000 Uncommon trap: reason=class_check action=maybe_recompile pc=0x00007fe8210bbe24 method=com.android.dx.ssa.SsaConverter.placePhiFunctions(Lcom/android/dx/ssa/SsaMethod;Lcom/android/dx/ssa/LocalVariableInfo;I)V @ 257
Event: 4.870 Thread 0x00007fe82400a000 Uncommon trap: reason=class_check action=maybe_recompile pc=0x00007fe8210bbe24 method=com.android.dx.ssa.SsaConverter.placePhiFunctions(Lcom/android/dx/ssa/SsaMethod;Lcom/android/dx/ssa/LocalVariableInfo;I)V @ 257
Event: 8.214 Thread 0x00007fe82400a000 Uncommon trap: reason=null_check action=make_not_entrant pc=0x00007fe8210fa6f4 method=com.android.dx.rop.type.Type.putIntern(Lcom/android/dx/rop/type/Type;)Lcom/android/dx/rop/type/Type; @ 18
Event: 8.218 Thread 0x00007fe82400a000 Uncommon trap: reason=unloaded action=reinterpret pc=0x00007fe8210c45f0 method=com.android.dx.cf.cst.ConstantPoolParser.parse0(ILjava/util/BitSet;)Lcom/android/dx/rop/cst/Constant; @ 198
Event: 8.360 Thread 0x00007fe824157800 Uncommon trap: reason=null_check action=make_not_entrant pc=0x00007fe82111c284 method=com.android.dx.cf.code.Ropper$CatchInfo.getSetup(Lcom/android/dx/rop/type/Type;)Lcom/android/dx/cf/code/Ropper$ExceptionHandlerSetup; @ 10
Event: 9.243 Thread 0x00007fe82415e000 Uncommon trap: reason=null_check action=make_not_entrant pc=0x00007fe8210d2494 method=com.android.dx.ssa.SsaRenamer.getLocalForNewReg(I)Lcom/android/dx/rop/code/LocalItem; @ 19
Event: 9.243 Thread 0x00007fe82415e000 Uncommon trap: reason=null_check action=make_not_entrant pc=0x00007fe8211005fc method=com.android.dx.ssa.SsaRenamer.getLocalForNewReg(I)Lcom/android/dx/rop/code/LocalItem; @ 19

Internal exceptions (10 events):
Event: 1.282 Thread 0x00007fe82400a000 Threw 0x00000007ac133af8 at /HUDSON/workspace/7u-2-build-linux-amd64/jdk7u79/2331/hotspot/src/share/vm/prims/jvm.cpp:1304
Event: 1.319 Thread 0x00007fe82415f800 Threw 0x00000007ac17e848 at /HUDSON/workspace/7u-2-build-linux-amd64/jdk7u79/2331/hotspot/src/share/vm/prims/jvm.cpp:1304
Event: 1.855 Thread 0x00007fe82415e000 Threw 0x00000007aad2dd68 at /HUDSON/workspace/7u-2-build-linux-amd64/jdk7u79/2331/hotspot/src/share/vm/prims/jvm.cpp:1304
Event: 3.297 Thread 0x00007fe82415a800 Threw 0x00000007ac72de10 at /HUDSON/workspace/7u-2-build-linux-amd64/jdk7u79/2331/hotspot/src/share/vm/prims/jvm.cpp:1304
Event: 3.356 Thread 0x00007fe82415a800 Threw 0x00000007ac775f88 at /HUDSON/workspace/7u-2-build-linux-amd64/jdk7u79/2331/hotspot/src/share/vm/prims/jvm.cpp:1304
Event: 8.214 Thread 0x00007fe82400a000 Implicit null exception at 0x00007fe8210f9fa3 to 0x00007fe8210fa6e5
Event: 8.360 Thread 0x00007fe824157800 Implicit null exception at 0x00007fe8211186e8 to 0x00007fe82111c245
Event: 9.243 Thread 0x00007fe82415e000 Implicit null exception at 0x00007fe8210d0631 to 0x00007fe8210d2475
Event: 9.243 Thread 0x00007fe82415e000 Implicit null exception at 0x00007fe8210ffe11 to 0x00007fe8211005e1
Event: 9.807 Thread 0x00007fe82415e000 Threw 0x00000007ac1b1480 at /HUDSON/workspace/7u-2-build-linux-amd64/jdk7u79/2331/hotspot/src/share/vm/prims/jvm.cpp:1304

Events (10 events):
Event: 9.138 Executing VM operation: RevokeBias done
Event: 9.243 Thread 0x00007fe82415e000 Uncommon trap: trap_request=0xfffffff4 fr.pc=0x00007fe8210d2494
Event: 9.243 Thread 0x00007fe82415e000 DEOPT PACKING pc=0x00007fe8210d2494 sp=0x00007fe81112a120
Event: 9.243 Thread 0x00007fe82415e000 DEOPT UNPACKING pc=0x00007fe821039445 sp=0x00007fe811129eb8 mode 2
Event: 9.243 Thread 0x00007fe82415e000 Uncommon trap: trap_request=0xfffffff4 fr.pc=0x00007fe8211005fc
Event: 9.243 Thread 0x00007fe82415e000 DEOPT PACKING pc=0x00007fe8211005fc sp=0x00007fe81112a030
Event: 9.243 Thread 0x00007fe82415e000 DEOPT UNPACKING pc=0x00007fe821039445 sp=0x00007fe811129eb8 mode 2
Event: 9.403 Thread 0x00007fe824096000 flushing nmethod 0x00007fe82109b790
Event: 9.807 loading class 0x00007fe7e0012b90
Event: 9.807 loading class 0x00007fe7e0012b90 done


Dynamic libraries:
00400000-00401000 r-xp 00000000 08:01 3932503                            /opt/jdk1.7.0_79/bin/java
00600000-00601000 rw-p 00000000 08:01 3932503                            /opt/jdk1.7.0_79/bin/java
01806000-01827000 rw-p 00000000 00:00 0                                  [heap]
6fae00000-6fc300000 rw-p 00000000 00:00 0 
6fc300000-700000000 rw-p 00000000 00:00 0 
700000000-707580000 rw-p 00000000 00:00 0 
707580000-7aaa80000 rw-p 00000000 00:00 0 
7aaa80000-7b3280000 rw-p 00000000 00:00 0 
7b3280000-800000000 rw-p 00000000 00:00 0 
7fe7cc000000-7fe7cc021000 rw-p 00000000 00:00 0 
7fe7cc021000-7fe7d0000000 ---p 00000000 00:00 0 
7fe7d0000000-7fe7d0041000 rw-p 00000000 00:00 0 
7fe7d0041000-7fe7d4000000 ---p 00000000 00:00 0 
7fe7d4000000-7fe7d4021000 rw-p 00000000 00:00 0 
7fe7d4021000-7fe7d8000000 ---p 00000000 00:00 0 
7fe7d8000000-7fe7d8022000 rw-p 00000000 00:00 0 
7fe7d8022000-7fe7dc000000 ---p 00000000 00:00 0 
7fe7dc000000-7fe7dc021000 rw-p 00000000 00:00 0 
7fe7dc021000-7fe7e0000000 ---p 00000000 00:00 0 
7fe7e0000000-7fe7e0026000 rw-p 00000000 00:00 0 
7fe7e0026000-7fe7e4000000 ---p 00000000 00:00 0 
7fe7e4000000-7fe7e55da000 rw-p 00000000 00:00 0 
7fe7e55da000-7fe7e8000000 ---p 00000000 00:00 0 
7fe7e8000000-7fe7e8021000 rw-p 00000000 00:00 0 
7fe7e8021000-7fe7ec000000 ---p 00000000 00:00 0 
7fe7ec000000-7fe7ec021000 rw-p 00000000 00:00 0 
7fe7ec021000-7fe7f0000000 ---p 00000000 00:00 0 
7fe7f0000000-7fe7f167d000 rw-p 00000000 00:00 0 
7fe7f167d000-7fe7f4000000 ---p 00000000 00:00 0 
7fe7f4000000-7fe7f4021000 rw-p 00000000 00:00 0 
7fe7f4021000-7fe7f8000000 ---p 00000000 00:00 0 
7fe7f8000000-7fe7f8021000 rw-p 00000000 00:00 0 
7fe7f8021000-7fe7fc000000 ---p 00000000 00:00 0 
7fe7fc000000-7fe7fc021000 rw-p 00000000 00:00 0 
7fe7fc021000-7fe800000000 ---p 00000000 00:00 0 
7fe803d70000-7fe80c000000 rw-p 00000000 00:00 0 
7fe80c000000-7fe80c021000 rw-p 00000000 00:00 0 
7fe80c021000-7fe810000000 ---p 00000000 00:00 0 
7fe810f2a000-7fe810f2d000 ---p 00000000 00:00 0 
7fe810f2d000-7fe81102b000 rw-p 00000000 00:00 0 
7fe81102b000-7fe81102e000 ---p 00000000 00:00 0 
7fe81102e000-7fe81112c000 rw-p 00000000 00:00 0 
7fe81112c000-7fe81112f000 ---p 00000000 00:00 0 
7fe81112f000-7fe81122d000 rw-p 00000000 00:00 0 
7fe81122d000-7fe811230000 ---p 00000000 00:00 0 
7fe811230000-7fe81132e000 rw-p 00000000 00:00 0 
7fe81132e000-7fe811331000 ---p 00000000 00:00 0 
7fe811331000-7fe81142f000 rw-p 00000000 00:00 0 
7fe81142f000-7fe81143e000 r--s 000df000 08:01 4064773                    /home/keshav/Android/Sdk/build-tools/23.0.3/lib/dx.jar
7fe81143e000-7fe81143f000 ---p 00000000 00:00 0 
7fe81143f000-7fe81153f000 rw-p 00000000 00:00 0 
7fe81153f000-7fe811542000 ---p 00000000 00:00 0 
7fe811542000-7fe811640000 rw-p 00000000 00:00 0 
7fe811640000-7fe811643000 ---p 00000000 00:00 0 
7fe811643000-7fe811741000 rw-p 00000000 00:00 0 
7fe811741000-7fe811744000 ---p 00000000 00:00 0 
7fe811744000-7fe811842000 rw-p 00000000 00:00 0 
7fe811842000-7fe811845000 ---p 00000000 00:00 0 
7fe811845000-7fe811943000 rw-p 00000000 00:00 0 
7fe811943000-7fe812302000 r--p 00000000 08:01 12065597                   /usr/lib/locale/locale-archive
7fe812302000-7fe812305000 ---p 00000000 00:00 0 
7fe812305000-7fe812403000 rw-p 00000000 00:00 0 
7fe812403000-7fe812406000 ---p 00000000 00:00 0 
7fe812406000-7fe812504000 rw-p 00000000 00:00 0 
7fe812504000-7fe812505000 ---p 00000000 00:00 0 
7fe812505000-7fe8135a1000 rw-p 00000000 00:00 0 
7fe8135a1000-7fe813761000 r--s 039f7000 08:01 3932950                    /opt/jdk1.7.0_79/jre/lib/rt.jar
7fe813761000-7fe814000000 rw-p 00000000 00:00 0 
7fe814000000-7fe814021000 rw-p 00000000 00:00 0 
7fe814021000-7fe818000000 ---p 00000000 00:00 0 
7fe818000000-7fe818021000 rw-p 00000000 00:00 0 
7fe818021000-7fe81c000000 ---p 00000000 00:00 0 
7fe81c000000-7fe81c021000 rw-p 00000000 00:00 0 
7fe81c021000-7fe820000000 ---p 00000000 00:00 0 
7fe820002000-7fe82007e000 rw-p 00000000 00:00 0 
7fe82007e000-7fe82007f000 ---p 00000000 00:00 0 
7fe82007f000-7fe82017f000 rw-p 00000000 00:00 0 
7fe82017f000-7fe820180000 ---p 00000000 00:00 0 
7fe820180000-7fe8202bb000 rw-p 00000000 00:00 0 
7fe8202bb000-7fe8207d6000 rw-p 00000000 00:00 0 
7fe8207d6000-7fe8207e1000 rw-p 00000000 00:00 0 
7fe8207e1000-7fe8207ff000 rw-p 00000000 00:00 0 
7fe8207ff000-7fe82083a000 rw-p 00000000 00:00 0 
7fe82083a000-7fe820d54000 rw-p 00000000 00:00 0 
7fe820d54000-7fe820d99000 rw-p 00000000 00:00 0 
7fe820d99000-7fe820fff000 rw-p 00000000 00:00 0 
7fe820fff000-7fe821000000 rw-p 00000000 00:00 0 
7fe821000000-7fe821270000 rwxp 00000000 00:00 0 
7fe821270000-7fe824180000 rw-p 00000000 00:00 0 
7fe824180000-7fe828000000 ---p 00000000 00:00 0 
7fe828008000-7fe8280a3000 rw-p 00000000 00:00 0 
7fe8280a3000-7fe8280a4000 ---p 00000000 00:00 0 
7fe8280a4000-7fe8281a4000 rw-p 00000000 00:00 0 
7fe8281a4000-7fe8281a5000 ---p 00000000 00:00 0 
7fe8281a5000-7fe8282b0000 rw-p 00000000 00:00 0 
7fe8282b0000-7fe8282ce000 rw-p 00000000 00:00 0 
7fe8282ce000-7fe8282e8000 r-xp 00000000 08:01 3932705                    /opt/jdk1.7.0_79/jre/lib/amd64/libzip.so
7fe8282e8000-7fe8284e8000 ---p 0001a000 08:01 3932705                    /opt/jdk1.7.0_79/jre/lib/amd64/libzip.so
7fe8284e8000-7fe8284e9000 rw-p 0001a000 08:01 3932705                    /opt/jdk1.7.0_79/jre/lib/amd64/libzip.so
7fe8284e9000-7fe8284f4000 r-xp 00000000 08:01 266706                     /lib/x86_64-linux-gnu/libnss_files-2.23.so
7fe8284f4000-7fe8286f3000 ---p 0000b000 08:01 266706                     /lib/x86_64-linux-gnu/libnss_files-2.23.so
7fe8286f3000-7fe8286f4000 r--p 0000a000 08:01 266706                     /lib/x86_64-linux-gnu/libnss_files-2.23.so
7fe8286f4000-7fe8286f5000 rw-p 0000b000 08:01 266706                     /lib/x86_64-linux-gnu/libnss_files-2.23.so
7fe8286f5000-7fe8286fb000 rw-p 00000000 00:00 0 
7fe8286fb000-7fe828706000 r-xp 00000000 08:01 266716                     /lib/x86_64-linux-gnu/libnss_nis-2.23.so
7fe828706000-7fe828905000 ---p 0000b000 08:01 266716                     /lib/x86_64-linux-gnu/libnss_nis-2.23.so
7fe828905000-7fe828906000 r--p 0000a000 08:01 266716                     /lib/x86_64-linux-gnu/libnss_nis-2.23.so
7fe828906000-7fe828907000 rw-p 0000b000 08:01 266716                     /lib/x86_64-linux-gnu/libnss_nis-2.23.so
7fe828907000-7fe82891d000 r-xp 00000000 08:01 266700                     /lib/x86_64-linux-gnu/libnsl-2.23.so
7fe82891d000-7fe828b1c000 ---p 00016000 08:01 266700                     /lib/x86_64-linux-gnu/libnsl-2.23.so
7fe828b1c000-7fe828b1d000 r--p 00015000 08:01 266700                     /lib/x86_64-linux-gnu/libnsl-2.23.so
7fe828b1d000-7fe828b1e000 rw-p 00016000 08:01 266700                     /lib/x86_64-linux-gnu/libnsl-2.23.so
7fe828b1e000-7fe828b20000 rw-p 00000000 00:00 0 
7fe828b20000-7fe828b28000 r-xp 00000000 08:01 266702                     /lib/x86_64-linux-gnu/libnss_compat-2.23.so
7fe828b28000-7fe828d27000 ---p 00008000 08:01 266702                     /lib/x86_64-linux-gnu/libnss_compat-2.23.so
7fe828d27000-7fe828d28000 r--p 00007000 08:01 266702                     /lib/x86_64-linux-gnu/libnss_compat-2.23.so
7fe828d28000-7fe828d29000 rw-p 00008000 08:01 266702                     /lib/x86_64-linux-gnu/libnss_compat-2.23.so
7fe828d29000-7fe828d52000 r-xp 00000000 08:01 3932675                    /opt/jdk1.7.0_79/jre/lib/amd64/libjava.so
7fe828d52000-7fe828f52000 ---p 00029000 08:01 3932675                    /opt/jdk1.7.0_79/jre/lib/amd64/libjava.so
7fe828f52000-7fe828f54000 rw-p 00029000 08:01 3932675                    /opt/jdk1.7.0_79/jre/lib/amd64/libjava.so
7fe828f54000-7fe828f61000 r-xp 00000000 08:01 3932704                    /opt/jdk1.7.0_79/jre/lib/amd64/libverify.so
7fe828f61000-7fe829160000 ---p 0000d000 08:01 3932704                    /opt/jdk1.7.0_79/jre/lib/amd64/libverify.so
7fe829160000-7fe829162000 rw-p 0000c000 08:01 3932704                    /opt/jdk1.7.0_79/jre/lib/amd64/libverify.so
7fe829162000-7fe829169000 r-xp 00000000 08:01 266761                     /lib/x86_64-linux-gnu/librt-2.23.so
7fe829169000-7fe829368000 ---p 00007000 08:01 266761                     /lib/x86_64-linux-gnu/librt-2.23.so
7fe829368000-7fe829369000 r--p 00006000 08:01 266761                     /lib/x86_64-linux-gnu/librt-2.23.so
7fe829369000-7fe82936a000 rw-p 00007000 08:01 266761                     /lib/x86_64-linux-gnu/librt-2.23.so
7fe82936a000-7fe829472000 r-xp 00000000 08:01 266677                     /lib/x86_64-linux-gnu/libm-2.23.so
7fe829472000-7fe829671000 ---p 00108000 08:01 266677                     /lib/x86_64-linux-gnu/libm-2.23.so
7fe829671000-7fe829672000 r--p 00107000 08:01 266677                     /lib/x86_64-linux-gnu/libm-2.23.so
7fe829672000-7fe829673000 rw-p 00108000 08:01 266677                     /lib/x86_64-linux-gnu/libm-2.23.so
7fe829673000-7fe82a1e8000 r-xp 00000000 08:01 3932709                    /opt/jdk1.7.0_79/jre/lib/amd64/server/libjvm.so
7fe82a1e8000-7fe82a3e8000 ---p 00b75000 08:01 3932709                    /opt/jdk1.7.0_79/jre/lib/amd64/server/libjvm.so
7fe82a3e8000-7fe82a4ac000 rw-p 00b75000 08:01 3932709                    /opt/jdk1.7.0_79/jre/lib/amd64/server/libjvm.so
7fe82a4ac000-7fe82a4ed000 rw-p 00000000 00:00 0 
7fe82a4ed000-7fe82a6ad000 r-xp 00000000 08:01 266607                     /lib/x86_64-linux-gnu/libc-2.23.so
7fe82a6ad000-7fe82a8ac000 ---p 001c0000 08:01 266607                     /lib/x86_64-linux-gnu/libc-2.23.so
7fe82a8ac000-7fe82a8b0000 r--p 001bf000 08:01 266607                     /lib/x86_64-linux-gnu/libc-2.23.so
7fe82a8b0000-7fe82a8b2000 rw-p 001c3000 08:01 266607                     /lib/x86_64-linux-gnu/libc-2.23.so
7fe82a8b2000-7fe82a8b6000 rw-p 00000000 00:00 0 
7fe82a8b6000-7fe82a8b9000 r-xp 00000000 08:01 266631                     /lib/x86_64-linux-gnu/libdl-2.23.so
7fe82a8b9000-7fe82aab8000 ---p 00003000 08:01 266631                     /lib/x86_64-linux-gnu/libdl-2.23.so
7fe82aab8000-7fe82aab9000 r--p 00002000 08:01 266631                     /lib/x86_64-linux-gnu/libdl-2.23.so
7fe82aab9000-7fe82aaba000 rw-p 00003000 08:01 266631                     /lib/x86_64-linux-gnu/libdl-2.23.so
7fe82aaba000-7fe82aad0000 r-xp 00000000 08:01 3933384                    /opt/jdk1.7.0_79/lib/amd64/jli/libjli.so
7fe82aad0000-7fe82acd0000 ---p 00016000 08:01 3933384                    /opt/jdk1.7.0_79/lib/amd64/jli/libjli.so
7fe82acd0000-7fe82acd1000 rw-p 00016000 08:01 3933384                    /opt/jdk1.7.0_79/lib/amd64/jli/libjli.so
7fe82acd1000-7fe82ace9000 r-xp 00000000 08:01 266753                     /lib/x86_64-linux-gnu/libpthread-2.23.so
7fe82ace9000-7fe82aee8000 ---p 00018000 08:01 266753                     /lib/x86_64-linux-gnu/libpthread-2.23.so
7fe82aee8000-7fe82aee9000 r--p 00017000 08:01 266753                     /lib/x86_64-linux-gnu/libpthread-2.23.so
7fe82aee9000-7fe82aeea000 rw-p 00018000 08:01 266753                     /lib/x86_64-linux-gnu/libpthread-2.23.so
7fe82aeea000-7fe82aeee000 rw-p 00000000 00:00 0 
7fe82aeee000-7fe82af14000 r-xp 00000000 08:01 266579                     /lib/x86_64-linux-gnu/ld-2.23.so
7fe82af15000-7fe82af40000 rw-p 00000000 00:00 0 
7fe82af40000-7fe82aff6000 rw-p 00000000 00:00 0 
7fe82aff6000-7fe82aff9000 ---p 00000000 00:00 0 
7fe82aff9000-7fe82b0fb000 rw-p 00000000 00:00 0 
7fe82b107000-7fe82b10f000 rw-s 00000000 08:01 17303410                   /tmp/hsperfdata_keshav/17030
7fe82b10f000-7fe82b110000 rw-p 00000000 00:00 0 
7fe82b110000-7fe82b111000 r--p 00000000 00:00 0 
7fe82b111000-7fe82b113000 rw-p 00000000 00:00 0 
7fe82b113000-7fe82b114000 r--p 00025000 08:01 266579                     /lib/x86_64-linux-gnu/ld-2.23.so
7fe82b114000-7fe82b115000 rw-p 00026000 08:01 266579                     /lib/x86_64-linux-gnu/ld-2.23.so
7fe82b115000-7fe82b116000 rw-p 00000000 00:00 0 
7ffeeb815000-7ffeeb836000 rw-p 00000000 00:00 0                          [stack]
7ffeeb9f2000-7ffeeb9f4000 r--p 00000000 00:00 0                          [vvar]
7ffeeb9f4000-7ffeeb9f6000 r-xp 00000000 00:00 0                          [vdso]
ffffffffff600000-ffffffffff601000 r-xp 00000000 00:00 0                  [vsyscall]

VM Arguments:
jvm_args: -Djava.awt.headless=true -Xmx4g -Dfile.encoding=UTF-8 -Duser.country=IN -Duser.language=en -Duser.variant 
java_command: com.android.dx.command.Main --dex --force-jumbo --num-threads=4 --multi-dex --output /home/keshav/StudioMotif/Motif/app/build/intermediates/transforms/dex/debug/folders/1000/5/slice_4 /home/keshav/StudioMotif/Motif/app/build/intermediates/transforms/instantRunSlicer/debug/folders/1/5/slice_4
Launcher Type: SUN_STANDARD

Environment Variables:
PATH=/usr/local/sbin:/usr/local/bin:/usr/sbin:/usr/bin:/sbin:/bin:/usr/games:/usr/local/games:/snap/bin
LD_LIBRARY_PATH=/opt/jdk1.7.0_79/jre/lib/amd64/server:/opt/jdk1.7.0_79/jre/lib/amd64:/opt/jdk1.7.0_79/jre/../lib/amd64:/usr/lib/jvm/java-6-oracle/jre/lib/amd64/server:/usr/lib/jvm/java-6-oracle/jre/lib/amd64:/usr/lib/jvm/java-6-oracle/jre/../lib/amd64:/opt/android-studio/bin:
SHELL=/bin/bash
DISPLAY=:0

Signal Handlers:
SIGSEGV: [libjvm.so+0x9a3bf0], sa_mask[0]=0x7ffbfeff, sa_flags=0x10000004
SIGBUS: [libjvm.so+0x9a3bf0], sa_mask[0]=0x7ffbfeff, sa_flags=0x10000004
SIGFPE: [libjvm.so+0x81cb60], sa_mask[0]=0x7ffbfeff, sa_flags=0x10000004
SIGPIPE: [libjvm.so+0x81cb60], sa_mask[0]=0x7ffbfeff, sa_flags=0x10000004
SIGXFSZ: [libjvm.so+0x81cb60], sa_mask[0]=0x7ffbfeff, sa_flags=0x10000004
SIGILL: [libjvm.so+0x81cb60], sa_mask[0]=0x7ffbfeff, sa_flags=0x10000004
SIGUSR1: SIG_DFL, sa_mask[0]=0x00000000, sa_flags=0x00000000
SIGUSR2: [libjvm.so+0x81e360], sa_mask[0]=0x00000004, sa_flags=0x10000004
SIGHUP: [libjvm.so+0x81f480], sa_mask[0]=0x7ffbfeff, sa_flags=0x10000004
SIGINT: [libjvm.so+0x81f480], sa_mask[0]=0x7ffbfeff, sa_flags=0x10000004
SIGTERM: [libjvm.so+0x81f480], sa_mask[0]=0x7ffbfeff, sa_flags=0x10000004
SIGQUIT: [libjvm.so+0x81f480], sa_mask[0]=0x7ffbfeff, sa_flags=0x10000004


---------------  S Y S T E M  ---------------

OS:stretch/sid

uname:Linux 4.4.0-24-generic #43-Ubuntu SMP Wed Jun 8 19:27:37 UTC 2016 x86_64
libc:glibc 2.23 NPTL 2.23 
rlimit: STACK 8192k, CORE 0k, NPROC 31425, NOFILE 65536, AS infinity
load average:2.24 1.05 0.75

/proc/meminfo:
MemTotal:        8083692 kB
MemFree:         1699648 kB
MemAvailable:    4197976 kB
Buffers:          402920 kB
Cached:          2335812 kB
SwapCached:            0 kB
Active:          4893804 kB
Inactive:        1059276 kB
Active(anon):    3220128 kB
Inactive(anon):   257368 kB
Active(file):    1673676 kB
Inactive(file):   801908 kB
Unevictable:          48 kB
Mlocked:              48 kB
SwapTotal:       4102140 kB
SwapFree:        4102140 kB
Dirty:             18468 kB
Writeback:             0 kB
AnonPages:       3214472 kB
Mapped:           454648 kB
Shmem:            263144 kB
Slab:             317848 kB
SReclaimable:     276160 kB
SUnreclaim:        41688 kB
KernelStack:       12256 kB
PageTables:        50772 kB
NFS_Unstable:          0 kB
Bounce:                0 kB
WritebackTmp:          0 kB
CommitLimit:     8143984 kB
Committed_AS:    8799036 kB
VmallocTotal:   34359738367 kB
VmallocUsed:           0 kB
VmallocChunk:          0 kB
HardwareCorrupted:     0 kB
AnonHugePages:   2168832 kB
CmaTotal:              0 kB
CmaFree:               0 kB
HugePages_Total:       0
HugePages_Free:        0
HugePages_Rsvd:        0
HugePages_Surp:        0
Hugepagesize:       2048 kB
DirectMap4k:      165504 kB
DirectMap2M:     8132608 kB


CPU:total 4 (2 cores per cpu, 2 threads per core) family 6 model 42 stepping 7, cmov, cx8, fxsr, mmx, sse, sse2, sse3, ssse3, sse4.1, sse4.2, popcnt, avx, ht, tsc, tscinvbit

/proc/cpuinfo:
processor	: 0
vendor_id	: GenuineIntel
cpu family	: 6
model		: 42
model name	: Intel(R) Core(TM) i3-2330M CPU @ 2.20GHz
stepping	: 7
microcode	: 0x29
cpu MHz		: 2199.914
cache size	: 3072 KB
physical id	: 0
siblings	: 4
core id		: 0
cpu cores	: 2
apicid		: 0
initial apicid	: 0
fpu		: yes
fpu_exception	: yes
cpuid level	: 13
wp		: yes
flags		: fpu vme de pse tsc msr pae mce cx8 apic sep mtrr pge mca cmov pat pse36 clflush dts acpi mmx fxsr sse sse2 ss ht tm pbe syscall nx rdtscp lm constant_tsc arch_perfmon pebs bts nopl xtopology nonstop_tsc aperfmperf eagerfpu pni pclmulqdq dtes64 monitor ds_cpl vmx est tm2 ssse3 cx16 xtpr pdcm pcid sse4_1 sse4_2 x2apic popcnt tsc_deadline_timer xsave avx lahf_lm epb tpr_shadow vnmi flexpriority ept vpid xsaveopt dtherm arat pln pts
bugs		:
bogomips	: 4390.31
clflush size	: 64
cache_alignment	: 64
address sizes	: 36 bits physical, 48 bits virtual
power management:

processor	: 1
vendor_id	: GenuineIntel
cpu family	: 6
model		: 42
model name	: Intel(R) Core(TM) i3-2330M CPU @ 2.20GHz
stepping	: 7
microcode	: 0x29
cpu MHz		: 2199.914
cache size	: 3072 KB
physical id	: 0
siblings	: 4
core id		: 0
cpu cores	: 2
apicid		: 1
initial apicid	: 1
fpu		: yes
fpu_exception	: yes
cpuid level	: 13
wp		: yes
flags		: fpu vme de pse tsc msr pae mce cx8 apic sep mtrr pge mca cmov pat pse36 clflush dts acpi mmx fxsr sse sse2 ss ht tm pbe syscall nx rdtscp lm constant_tsc arch_perfmon pebs bts nopl xtopology nonstop_tsc aperfmperf eagerfpu pni pclmulqdq dtes64 monitor ds_cpl vmx est tm2 ssse3 cx16 xtpr pdcm pcid sse4_1 sse4_2 x2apic popcnt tsc_deadline_timer xsave avx lahf_lm epb tpr_shadow vnmi flexpriority ept vpid xsaveopt dtherm arat pln pts
bugs		:
bogomips	: 4390.31
clflush size	: 64
cache_alignment	: 64
address sizes	: 36 bits physical, 48 bits virtual
power management:

processor	: 2
vendor_id	: GenuineIntel
cpu family	: 6
model		: 42
model name	: Intel(R) Core(TM) i3-2330M CPU @ 2.20GHz
stepping	: 7
microcode	: 0x29
cpu MHz		: 2199.914
cache size	: 3072 KB
physical id	: 0
siblings	: 4
core id		: 1
cpu cores	: 2
apicid		: 2
initial apicid	: 2
fpu		: yes
fpu_exception	: yes
cpuid level	: 13
wp		: yes
flags		: fpu vme de pse tsc msr pae mce cx8 apic sep mtrr pge mca cmov pat pse36 clflush dts acpi mmx fxsr sse sse2 ss ht tm pbe syscall nx rdtscp lm constant_tsc arch_perfmon pebs bts nopl xtopology nonstop_tsc aperfmperf eagerfpu pni pclmulqdq dtes64 monitor ds_cpl vmx est tm2 ssse3 cx16 xtpr pdcm pcid sse4_1 sse4_2 x2apic popcnt tsc_deadline_timer xsave avx lahf_lm epb tpr_shadow vnmi flexpriority ept vpid xsaveopt dtherm arat pln pts
bugs		:
bogomips	: 4390.31
clflush size	: 64
cache_alignment	: 64
address sizes	: 36 bits physical, 48 bits virtual
power management:

processor	: 3
vendor_id	: GenuineIntel
cpu family	: 6
model		: 42
model name	: Intel(R) Core(TM) i3-2330M CPU @ 2.20GHz
stepping	: 7
microcode	: 0x29
cpu MHz		: 2200.000
cache size	: 3072 KB
physical id	: 0
siblings	: 4
core id		: 1
cpu cores	: 2
apicid		: 3
initial apicid	: 3
fpu		: yes
fpu_exception	: yes
cpuid level	: 13
wp		: yes
flags		: fpu vme de pse tsc msr pae mce cx8 apic sep mtrr pge mca cmov pat pse36 clflush dts acpi mmx fxsr sse sse2 ss ht tm pbe syscall nx rdtscp lm constant_tsc arch_perfmon pebs bts nopl xtopology nonstop_tsc aperfmperf eagerfpu pni pclmulqdq dtes64 monitor ds_cpl vmx est tm2 ssse3 cx16 xtpr pdcm pcid sse4_1 sse4_2 x2apic popcnt tsc_deadline_timer xsave avx lahf_lm epb tpr_shadow vnmi flexpriority ept vpid xsaveopt dtherm arat pln pts
bugs		:
bogomips	: 4390.31
clflush size	: 64
cache_alignment	: 64
address sizes	: 36 bits physical, 48 bits virtual
power management:



Memory: 4k page, physical 8083692k(1699648k free), swap 4102140k(4102140k free)

vm_info: Java HotSpot(TM) 64-Bit Server VM (24.79-b02) for linux-amd64 JRE (1.7.0_79-b15), built on Apr 10 2015 11:34:48 by "java_re" with gcc 4.3.0 20080428 (Red Hat 4.3.0-8)

time: Wed Jun 15 14:09:37 2016
elapsed time: 10 seconds

