#
# A fatal error has been detected by the Java Runtime Environment:
#
#  SIGSEGV (0xb) at pc=0x00007f9077960daa, pid=11483, tid=140258044733184
#
# JRE version: Java(TM) SE Runtime Environment (7.0_79-b15) (build 1.7.0_79-b15)
# Java VM: Java HotSpot(TM) 64-Bit Server VM (24.79-b02 mixed mode linux-amd64 compressed oops)
# Problematic frame:
# V  [libjvm.so+0x89bdaa]  PhaseChaitin::Split(unsigned int, ResourceArea*)+0x139a
#
# Failed to write core dump. Core dumps have been disabled. To enable core dumping, try "ulimit -c unlimited" before starting Java again
#
# If you would like to submit a bug report, please visit:
#   http://bugreport.java.com/bugreport/crash.jsp
#

---------------  T H R E A D  ---------------

Current thread (0x00007f9070096000):  JavaThread "C2 CompilerThread1" daemon [_thread_in_native, id=11497, stack(0x00007f905edee000,0x00007f905eeef000)]

siginfo:si_signo=SIGSEGV: si_errno=0, si_code=128 (), si_addr=0x0000000000000000

Registers:
RAX=0x00047f90384a5618, RBX=0x00007f905eeec0b0, RCX=0x00007f90384a5590, RDX=0x0000000000000008
RSP=0x00007f905eeea380, RBP=0x00007f905eeea870, RSI=0x00007f905eeea7c0, RDI=0x00007f90384a5590
R8 =0x0000000000000002, R9 =0x0000000000000008, R10=0x0000000000000003, R11=0x0000000000000000
R12=0x0000000000000003, R13=0x0000000000000001, R14=0x0000000000000001, R15=0x0000000000000003
RIP=0x00007f9077960daa, EFLAGS=0x0000000000010246, CSGSFS=0x0000000000000033, ERR=0x0000000000000000
  TRAPNO=0x000000000000000d

Top of Stack: (sp=0x00007f905eeea380)
0x00007f905eeea380:   00007f9000000001 00007f9000000000
0x00007f905eeea390:   00007f905eeea660 0000000000000009
0x00007f905eeea3a0:   0000000000000003 0000000000000000
0x00007f905eeea3b0:   0101010101010101 0101010101010101
0x00007f905eeea3c0:   0000000000000000 0000000000000000
0x00007f905eeea3d0:   00007f905eeea700 00007f905eeea6c0
0x00007f905eeea3e0:   00007f905eeea6e0 00007f905eeea7a0
0x00007f905eeea3f0:   00007f905eeea720 00007f905eeea7e0
0x00007f905eeea400:   00007f905eeea62c 00007f905eeea7c0
0x00007f905eeea410:   00007f905eeea780 00007f905eeea760
0x00007f905eeea420:   00007f905eeea740 00000000000481a0
0x00007f905eeea430:   00007f905eeeaa40 00007f9077365675
0x00007f905eeea440:   0000000000000005 0000000000003740
0x00007f905eeea450:   00000000000014b8 00007f905eeeaa70
0x00007f905eeea460:   00007f905eeec0b0 00000000000481a0
0x00007f905eeea470:   0000000000000000 00007f905eeec0b0
0x00007f905eeea480:   00007f905eeea4d0 00007f905eeec178
0x00007f905eeea490:   0000000000000008 0000000000000001
0x00007f905eeea4a0:   0000000100000000 00007f907000fc70
0x00007f905eeea4b0:   00007f903402ab30 00007f903402ab70
0x00007f905eeea4c0:   00007f907000fc80 01007f903850aa50
0x00007f905eeea4d0:   00007f9038438860 0000003377675e6f
0x00007f905eeea4e0:   0000000000000000 00007f905eeecf10
0x00007f905eeea4f0:   000000000000020b 0000000200000000
0x00007f905eeea500:   00007f9000000000 0000000000000000
0x00007f905eeea510:   0000000100000002 0000000000000003
0x00007f905eeea520:   0000000000006798 00007f905eeec0b0
0x00007f905eeea530:   01007f9000000000 00007f90342cd6a0
0x00007f905eeea540:   00000000000000ff 00007f905eeea560
0x00007f905eeea550:   0000000000009f60 000000ff00000000
0x00007f905eeea560:   00000000000003d8 00007f90340570d8
0x00007f905eeea570:   00007f9034056d00 00007f9034056cf0 

Instructions: (pc=0x00007f9077960daa)
0x00007f9077960d8a:   8b 8d a0 fd ff ff 48 8b 9d f0 fb ff ff 4a 8d 14
0x00007f9077960d9a:   ed 00 00 00 00 48 89 95 28 fd ff ff 48 8b 41 08
0x00007f9077960daa:   4a 8b 04 e8 8b 50 28 48 8b 83 d0 00 00 00 8b 04
0x00007f9077960dba:   90 39 43 68 0f 86 bc 01 00 00 89 c2 48 8d 04 52 

Register to memory mapping:

RAX=0x00047f90384a5618 is an unknown value
RBX=0x00007f905eeec0b0 is pointing into the stack for thread: 0x00007f9070096000
RCX=0x00007f90384a5590 is an unknown value
RDX=0x0000000000000008 is an unknown value
RSP=0x00007f905eeea380 is pointing into the stack for thread: 0x00007f9070096000
RBP=0x00007f905eeea870 is pointing into the stack for thread: 0x00007f9070096000
RSI=0x00007f905eeea7c0 is pointing into the stack for thread: 0x00007f9070096000
RDI=0x00007f90384a5590 is an unknown value
R8 =0x0000000000000002 is an unknown value
R9 =0x0000000000000008 is an unknown value
R10=0x0000000000000003 is an unknown value
R11=0x0000000000000000 is an unknown value
R12=0x0000000000000003 is an unknown value
R13=0x0000000000000001 is an unknown value
R14=0x0000000000000001 is an unknown value
R15=0x0000000000000003 is an unknown value


Stack: [0x00007f905edee000,0x00007f905eeef000],  sp=0x00007f905eeea380,  free space=1008k
Native frames: (J=compiled Java code, j=interpreted, Vv=VM code, C=native code)
V  [libjvm.so+0x89bdaa]  PhaseChaitin::Split(unsigned int, ResourceArea*)+0x139a
V  [libjvm.so+0x3cb82e]  PhaseChaitin::Register_Allocate()+0x89e
V  [libjvm.so+0x44413f]  Compile::Code_Gen()+0x36f
V  [libjvm.so+0x4472a2]  Compile::Compile(ciEnv*, C2Compiler*, ciMethod*, int, bool, bool)+0x1352
V  [libjvm.so+0x3b1b76]  C2Compiler::compile_method(ciEnv*, ciMethod*, int)+0x176
V  [libjvm.so+0x44ec6e]  CompileBroker::invoke_compiler_on_method(CompileTask*)+0x33e
V  [libjvm.so+0x44fa4d]  CompileBroker::compiler_thread_loop()+0x43d
V  [libjvm.so+0x95c11f]  JavaThread::thread_main_inner()+0xdf
V  [libjvm.so+0x95c225]  JavaThread::run()+0xf5
V  [libjvm.so+0x821ca8]  java_start(Thread*)+0x108


Current CompileTask:
C2:   4406  195             com.android.dx.ssa.SsaMethod::mapRegisters (87 bytes)


---------------  P R O C E S S  ---------------

Java Threads: ( => current thread )
  0x00007f9070131800 JavaThread "pool-2-thread-4" [_thread_in_Java, id=11504, stack(0x00007f905e6e7000,0x00007f905e7e8000)]
  0x00007f907012f800 JavaThread "pool-2-thread-3" [_thread_in_vm, id=11503, stack(0x00007f905e7e8000,0x00007f905e8e9000)]
  0x00007f907012c800 JavaThread "pool-2-thread-2" [_thread_in_Java, id=11502, stack(0x00007f905e8e9000,0x00007f905e9ea000)]
  0x00007f9070129000 JavaThread "pool-3-thread-1" [_thread_blocked, id=11501, stack(0x00007f905e9ea000,0x00007f905eaeb000)]
  0x00007f9070127800 JavaThread "pool-2-thread-1" [_thread_in_Java, id=11500, stack(0x00007f905eaeb000,0x00007f905ebec000)]
  0x00007f9070098800 JavaThread "Service Thread" daemon [_thread_blocked, id=11498, stack(0x00007f905eced000,0x00007f905edee000)]
=>0x00007f9070096000 JavaThread "C2 CompilerThread1" daemon [_thread_in_native, id=11497, stack(0x00007f905edee000,0x00007f905eeef000)]
  0x00007f9070093000 JavaThread "C2 CompilerThread0" daemon [_thread_in_native, id=11496, stack(0x00007f905eeef000,0x00007f905eff0000)]
  0x00007f9070091000 JavaThread "Signal Dispatcher" daemon [_thread_blocked, id=11495, stack(0x00007f905eff0000,0x00007f905f0f1000)]
  0x00007f9070070000 JavaThread "Finalizer" daemon [_thread_blocked, id=11494, stack(0x00007f905fab0000,0x00007f905fbb1000)]
  0x00007f907006e000 JavaThread "Reference Handler" daemon [_thread_blocked, id=11493, stack(0x00007f905fbb1000,0x00007f905fcb2000)]
  0x00007f907000a000 JavaThread "main" [_thread_in_Java, id=11485, stack(0x00007f9078a48000,0x00007f9078b49000)]

Other Threads:
  0x00007f9070069800 VMThread [stack: 0x00007f905fcb2000,0x00007f905fdb3000] [id=11492]
  0x00007f90700a3000 WatcherThread [stack: 0x00007f905ebec000,0x00007f905eced000] [id=11499]

VM state:not at safepoint (normal execution)

VM Mutex/Monitor currently owned by a thread: None

Heap
 PSYoungGen      total 37376K, used 21477K [0x00000007aaa80000, 0x00000007af380000, 0x0000000800000000)
  eden space 32256K, 50% used [0x00000007aaa80000,0x00000007aba7a890,0x00000007aca00000)
  from space 5120K, 99% used [0x00000007aca00000,0x00000007acefee90,0x00000007acf00000)
  to   space 5120K, 0% used [0x00000007aee80000,0x00000007aee80000,0x00000007af380000)
 ParOldGen       total 83968K, used 2844K [0x0000000700000000, 0x0000000705200000, 0x00000007aaa80000)
  object space 83968K, 3% used [0x0000000700000000,0x00000007002c72d8,0x0000000705200000)
 PSPermGen       total 21504K, used 5417K [0x00000006fae00000, 0x00000006fc300000, 0x0000000700000000)
  object space 21504K, 25% used [0x00000006fae00000,0x00000006fb34a498,0x00000006fc300000)

Card table byte_map: [0x00007f90754f6000,0x00007f9075d20000] byte_map_base: 0x00007f9071d1f000

Polling page: 0x00007f9078b62000

Code Cache  [0x00007f906d000000, 0x00007f906d270000, 0x00007f9070000000)
 total_blobs=408 nmethods=195 adapters=166 free_code_cache=48444Kb largest_free_block=49573440

Compilation events (10 events):
Event: 4.058 Thread 0x00007f9070093000 nmethod 190 0x00007f906d0a5a10 code [0x00007f906d0a5b40, 0x00007f906d0a5bd8]
Event: 4.058 Thread 0x00007f9070093000  191             com.android.dx.rop.cst.Constant::<init> (5 bytes)
Event: 4.058 Thread 0x00007f9070093000 nmethod 191 0x00007f906d0a5790 code [0x00007f906d0a58c0, 0x00007f906d0a5918]
Event: 4.058 Thread 0x00007f9070093000  192             java.util.Arrays::copyOf (47 bytes)
Event: 4.061 Thread 0x00007f9070093000 nmethod 192 0x00007f906d0a4210 code [0x00007f906d0a4360, 0x00007f906d0a44f8]
Event: 4.061 Thread 0x00007f9070093000  193             java.util.Arrays::copyOf (13 bytes)
Event: 4.064 Thread 0x00007f9070093000 nmethod 193 0x00007f906d0a3e10 code [0x00007f906d0a3f60, 0x00007f906d0a40f8]
Event: 4.064 Thread 0x00007f9070093000  194             com.android.dx.ssa.back.LivenessAnalyzer::run (231 bytes)
Event: 4.252 Thread 0x00007f9070096000 nmethod 187 0x00007f906d0b3910 code [0x00007f906d0b3f00, 0x00007f906d0b6620]
Event: 4.253 Thread 0x00007f9070096000  195             com.android.dx.ssa.SsaMethod::mapRegisters (87 bytes)

GC Heap History (2 events):
Event: 3.412 GC heap before
{Heap before GC invocations=1 (full 0):
 PSYoungGen      total 37376K, used 32256K [0x00000007aaa80000, 0x00000007ad400000, 0x0000000800000000)
  eden space 32256K, 100% used [0x00000007aaa80000,0x00000007aca00000,0x00000007aca00000)
  from space 5120K, 0% used [0x00000007acf00000,0x00000007acf00000,0x00000007ad400000)
  to   space 5120K, 0% used [0x00000007aca00000,0x00000007aca00000,0x00000007acf00000)
 ParOldGen       total 83968K, used 0K [0x0000000700000000, 0x0000000705200000, 0x00000007aaa80000)
  object space 83968K, 0% used [0x0000000700000000,0x0000000700000000,0x0000000705200000)
 PSPermGen       total 21504K, used 5369K [0x00000006fae00000, 0x00000006fc300000, 0x0000000700000000)
  object space 21504K, 24% used [0x00000006fae00000,0x00000006fb33e7f0,0x00000006fc300000)
Event: 3.472 GC heap after
Heap after GC invocations=1 (full 0):
 PSYoungGen      total 37376K, used 5115K [0x00000007aaa80000, 0x00000007af380000, 0x0000000800000000)
  eden space 32256K, 0% used [0x00000007aaa80000,0x00000007aaa80000,0x00000007aca00000)
  from space 5120K, 99% used [0x00000007aca00000,0x00000007acefee90,0x00000007acf00000)
  to   space 5120K, 0% used [0x00000007aee80000,0x00000007aee80000,0x00000007af380000)
 ParOldGen       total 83968K, used 2844K [0x0000000700000000, 0x0000000705200000, 0x00000007aaa80000)
  object space 83968K, 3% used [0x0000000700000000,0x00000007002c72d8,0x0000000705200000)
 PSPermGen       total 21504K, used 5369K [0x00000006fae00000, 0x00000006fc300000, 0x0000000700000000)
  object space 21504K, 24% used [0x00000006fae00000,0x00000006fb33e7f0,0x00000006fc300000)
}

Deoptimization events (10 events):
Event: 1.963 Thread 0x00007f907012c800 Uncommon trap: reason=unreached action=reinterpret pc=0x00007f906d079090 method=com.android.dx.rop.code.RegisterSpecSet.mutableCopy()Lcom/android/dx/rop/code/RegisterSpecSet; @ 32
Event: 2.340 Thread 0x00007f9070131800 Uncommon trap: reason=null_check action=make_not_entrant pc=0x00007f906d07f840 method=com.android.dx.rop.code.LocalItem.equals(Ljava/lang/Object;)Z @ 1
Event: 2.701 Thread 0x00007f907012c800 Uncommon trap: reason=unreached action=reinterpret pc=0x00007f906d0867f8 method=com.android.dx.rop.code.RegisterSpec.equals(ILcom/android/dx/rop/type/TypeBearer;Lcom/android/dx/rop/code/LocalItem;)Z @ 24
Event: 2.750 Thread 0x00007f907012f800 Uncommon trap: reason=unreached action=reinterpret pc=0x00007f906d068018 method=com.android.dx.rop.cst.Constant.compareTo(Lcom/android/dx/rop/cst/Constant;)I @ 12
Event: 2.861 Thread 0x00007f9070127800 Uncommon trap: reason=class_check action=maybe_recompile pc=0x00007f906d08ba38 method=com.android.dx.rop.type.Type.equals(Ljava/lang/Object;)Z @ 8
Event: 2.922 Thread 0x00007f9070127800 Uncommon trap: reason=unloaded action=reinterpret pc=0x00007f906d07a900 method=com.android.dx.ssa.SsaRenamer$BlockRenamer.visitMoveInsn(Lcom/android/dx/ssa/NormalSsaInsn;)V @ 208
Event: 2.927 Thread 0x00007f9070127800 Uncommon trap: reason=class_check action=maybe_recompile pc=0x00007f906d08ba38 method=com.android.dx.rop.type.Type.equals(Ljava/lang/Object;)Z @ 8
Event: 3.075 Thread 0x00007f9070127800 Uncommon trap: reason=class_check action=maybe_recompile pc=0x00007f906d08ba38 method=com.android.dx.rop.type.Type.equals(Ljava/lang/Object;)Z @ 8
Event: 3.146 Thread 0x00007f9070127800 Uncommon trap: reason=class_check action=maybe_recompile pc=0x00007f906d08ba38 method=com.android.dx.rop.type.Type.equals(Ljava/lang/Object;)Z @ 8
Event: 3.314 Thread 0x00007f907012f800 Uncommon trap: reason=class_check action=maybe_recompile pc=0x00007f906d079fd0 method=com.android.dx.ssa.NormalSsaInsn.accept(Lcom/android/dx/ssa/SsaInsn$Visitor;)V @ 9

Internal exceptions (10 events):
Event: 1.585 Thread 0x00007f9070131800 Threw 0x00000007ab31b828 at /HUDSON/workspace/7u-2-build-linux-amd64/jdk7u79/2331/hotspot/src/share/vm/prims/jvm.cpp:1304
Event: 1.587 Thread 0x00007f907000a000 Threw 0x00000007ab1be8f0 at /HUDSON/workspace/7u-2-build-linux-amd64/jdk7u79/2331/hotspot/src/share/vm/prims/jvm.cpp:1304
Event: 1.820 Thread 0x00007f907012c800 Threw 0x00000007ab547a48 at /HUDSON/workspace/7u-2-build-linux-amd64/jdk7u79/2331/hotspot/src/share/vm/prims/jvm.cpp:1304
Event: 2.610 Thread 0x00007f907000a000 Threw 0x00000007abf62e78 at /HUDSON/workspace/7u-2-build-linux-amd64/jdk7u79/2331/hotspot/src/share/vm/prims/jvm.cpp:1304
Event: 2.685 Thread 0x00007f907000a000 Threw 0x00000007abfc47f8 at /HUDSON/workspace/7u-2-build-linux-amd64/jdk7u79/2331/hotspot/src/share/vm/prims/jvm.cpp:1304
Event: 2.687 Thread 0x00007f907000a000 Threw 0x00000007abfc91c8 at /HUDSON/workspace/7u-2-build-linux-amd64/jdk7u79/2331/hotspot/src/share/vm/prims/jvm.cpp:1304
Event: 2.687 Thread 0x00007f907000a000 Threw 0x00000007abfccdd0 at /HUDSON/workspace/7u-2-build-linux-amd64/jdk7u79/2331/hotspot/src/share/vm/prims/jvm.cpp:1304
Event: 2.712 Thread 0x00007f907012f800 Threw 0x00000007abe93758 at /HUDSON/workspace/7u-2-build-linux-amd64/jdk7u79/2331/hotspot/src/share/vm/prims/jvm.cpp:1304
Event: 2.845 Thread 0x00007f9070127800 Threw 0x00000007ac29ba28 at /HUDSON/workspace/7u-2-build-linux-amd64/jdk7u79/2331/hotspot/src/share/vm/prims/jvm.cpp:1304
Event: 3.625 Thread 0x00007f9070131800 Threw 0x00000007aad72580 at /HUDSON/workspace/7u-2-build-linux-amd64/jdk7u79/2331/hotspot/src/share/vm/prims/jvm.cpp:1304

Events (10 events):
Event: 3.297 Executing VM operation: Deoptimize done
Event: 3.314 Thread 0x00007f907012f800 Uncommon trap: trap_request=0xffffffde fr.pc=0x00007f906d079fd0
Event: 3.314 Thread 0x00007f907012f800 DEOPT PACKING pc=0x00007f906d079fd0 sp=0x00007f905e8e6ec0
Event: 3.314 Thread 0x00007f907012f800 DEOPT UNPACKING pc=0x00007f906d039445 sp=0x00007f905e8e6e80 mode 2
Event: 3.395 Executing VM operation: ParallelGCFailedAllocation
Event: 3.472 Executing VM operation: ParallelGCFailedAllocation done
Event: 3.625 loading class 0x00007f9024003ba0
Event: 3.625 loading class 0x00007f9024003ba0 done
Event: 4.367 Executing VM operation: EnableBiasedLocking
Event: 4.376 Executing VM operation: EnableBiasedLocking done


Dynamic libraries:
00400000-00401000 r-xp 00000000 08:01 3932503                            /opt/jdk1.7.0_79/bin/java
00600000-00601000 rw-p 00000000 08:01 3932503                            /opt/jdk1.7.0_79/bin/java
016d2000-016f3000 rw-p 00000000 00:00 0                                  [heap]
6fae00000-6fc300000 rw-p 00000000 00:00 0 
6fc300000-700000000 rw-p 00000000 00:00 0 
700000000-705200000 rw-p 00000000 00:00 0 
705200000-7aaa80000 rw-p 00000000 00:00 0 
7aaa80000-7af380000 rw-p 00000000 00:00 0 
7af380000-800000000 rw-p 00000000 00:00 0 
7f9014000000-7f9014021000 rw-p 00000000 00:00 0 
7f9014021000-7f9018000000 ---p 00000000 00:00 0 
7f901c000000-7f901c024000 rw-p 00000000 00:00 0 
7f901c024000-7f9020000000 ---p 00000000 00:00 0 
7f9020000000-7f9020021000 rw-p 00000000 00:00 0 
7f9020021000-7f9024000000 ---p 00000000 00:00 0 
7f9024000000-7f902402a000 rw-p 00000000 00:00 0 
7f902402a000-7f9028000000 ---p 00000000 00:00 0 
7f9028000000-7f9028021000 rw-p 00000000 00:00 0 
7f9028021000-7f902c000000 ---p 00000000 00:00 0 
7f902c000000-7f902c021000 rw-p 00000000 00:00 0 
7f902c021000-7f9030000000 ---p 00000000 00:00 0 
7f9030000000-7f9030021000 rw-p 00000000 00:00 0 
7f9030021000-7f9034000000 ---p 00000000 00:00 0 
7f9034000000-7f90344bb000 rw-p 00000000 00:00 0 
7f90344bb000-7f9038000000 ---p 00000000 00:00 0 
7f9038000000-7f90386a8000 rw-p 00000000 00:00 0 
7f90386a8000-7f903c000000 ---p 00000000 00:00 0 
7f903c000000-7f903c021000 rw-p 00000000 00:00 0 
7f903c021000-7f9040000000 ---p 00000000 00:00 0 
7f9040000000-7f9040021000 rw-p 00000000 00:00 0 
7f9040021000-7f9044000000 ---p 00000000 00:00 0 
7f9044000000-7f9044021000 rw-p 00000000 00:00 0 
7f9044021000-7f9048000000 ---p 00000000 00:00 0 
7f9048000000-7f9048021000 rw-p 00000000 00:00 0 
7f9048021000-7f904c000000 ---p 00000000 00:00 0 
7f904c000000-7f904c021000 rw-p 00000000 00:00 0 
7f904c021000-7f9050000000 ---p 00000000 00:00 0 
7f9050000000-7f9050021000 rw-p 00000000 00:00 0 
7f9050021000-7f9054000000 ---p 00000000 00:00 0 
7f9058000000-7f9058021000 rw-p 00000000 00:00 0 
7f9058021000-7f905c000000 ---p 00000000 00:00 0 
7f905e49f000-7f905e6e7000 rw-p 00000000 00:00 0 
7f905e6e7000-7f905e6ea000 ---p 00000000 00:00 0 
7f905e6ea000-7f905e7e8000 rw-p 00000000 00:00 0 
7f905e7e8000-7f905e7eb000 ---p 00000000 00:00 0 
7f905e7eb000-7f905e8e9000 rw-p 00000000 00:00 0 
7f905e8e9000-7f905e8ec000 ---p 00000000 00:00 0 
7f905e8ec000-7f905e9ea000 rw-p 00000000 00:00 0 
7f905e9ea000-7f905e9ed000 ---p 00000000 00:00 0 
7f905e9ed000-7f905eaeb000 rw-p 00000000 00:00 0 
7f905eaeb000-7f905eaee000 ---p 00000000 00:00 0 
7f905eaee000-7f905ebec000 rw-p 00000000 00:00 0 
7f905ebec000-7f905ebed000 ---p 00000000 00:00 0 
7f905ebed000-7f905eced000 rw-p 00000000 00:00 0 
7f905eced000-7f905ecf0000 ---p 00000000 00:00 0 
7f905ecf0000-7f905edee000 rw-p 00000000 00:00 0 
7f905edee000-7f905edf1000 ---p 00000000 00:00 0 
7f905edf1000-7f905eeef000 rw-p 00000000 00:00 0 
7f905eeef000-7f905eef2000 ---p 00000000 00:00 0 
7f905eef2000-7f905eff0000 rw-p 00000000 00:00 0 
7f905eff0000-7f905eff3000 ---p 00000000 00:00 0 
7f905eff3000-7f905f0f1000 rw-p 00000000 00:00 0 
7f905f0f1000-7f905fab0000 r--p 00000000 08:01 12065597                   /usr/lib/locale/locale-archive
7f905fab0000-7f905fab3000 ---p 00000000 00:00 0 
7f905fab3000-7f905fbb1000 rw-p 00000000 00:00 0 
7f905fbb1000-7f905fbb4000 ---p 00000000 00:00 0 
7f905fbb4000-7f905fcb2000 rw-p 00000000 00:00 0 
7f905fcb2000-7f905fcb3000 ---p 00000000 00:00 0 
7f905fcb3000-7f9060000000 rw-p 00000000 00:00 0 
7f9060000000-7f9060021000 rw-p 00000000 00:00 0 
7f9060021000-7f9064000000 ---p 00000000 00:00 0 
7f9064000000-7f906d000000 rw-p 00000000 00:00 0 
7f906d000000-7f906d270000 rwxp 00000000 00:00 0 
7f906d270000-7f9070159000 rw-p 00000000 00:00 0 
7f9070159000-7f9074000000 ---p 00000000 00:00 0 
7f907400f000-7f907401e000 r--s 000df000 08:01 4064773                    /home/keshav/Android/Sdk/build-tools/23.0.3/lib/dx.jar
7f907401e000-7f907403f000 rw-p 00000000 00:00 0 
7f907403f000-7f90741ff000 r--s 039f7000 08:01 3932950                    /opt/jdk1.7.0_79/jre/lib/rt.jar
7f90741ff000-7f9074b73000 rw-p 00000000 00:00 0 
7f9074b73000-7f9074b74000 ---p 00000000 00:00 0 
7f9074b74000-7f9074c74000 rw-p 00000000 00:00 0 
7f9074c74000-7f9074c75000 ---p 00000000 00:00 0 
7f9074c75000-7f9074d75000 rw-p 00000000 00:00 0 
7f9074d75000-7f9074d76000 ---p 00000000 00:00 0 
7f9074d76000-7f9074e76000 rw-p 00000000 00:00 0 
7f9074e76000-7f9074e77000 ---p 00000000 00:00 0 
7f9074e77000-7f9074f82000 rw-p 00000000 00:00 0 
7f9074f82000-7f9074fa0000 rw-p 00000000 00:00 0 
7f9074fa0000-7f9074fc9000 rw-p 00000000 00:00 0 
7f9074fc9000-7f90754f6000 rw-p 00000000 00:00 0 
7f90754f6000-7f9075501000 rw-p 00000000 00:00 0 
7f9075501000-7f907551f000 rw-p 00000000 00:00 0 
7f907551f000-7f9075548000 rw-p 00000000 00:00 0 
7f9075548000-7f9075a74000 rw-p 00000000 00:00 0 
7f9075a74000-7f9075a99000 rw-p 00000000 00:00 0 
7f9075a99000-7f9075d1f000 rw-p 00000000 00:00 0 
7f9075d1f000-7f9075d20000 rw-p 00000000 00:00 0 
7f9075d20000-7f9075d3a000 r-xp 00000000 08:01 3932705                    /opt/jdk1.7.0_79/jre/lib/amd64/libzip.so
7f9075d3a000-7f9075f3a000 ---p 0001a000 08:01 3932705                    /opt/jdk1.7.0_79/jre/lib/amd64/libzip.so
7f9075f3a000-7f9075f3b000 rw-p 0001a000 08:01 3932705                    /opt/jdk1.7.0_79/jre/lib/amd64/libzip.so
7f9075f3b000-7f9075f46000 r-xp 00000000 08:01 266706                     /lib/x86_64-linux-gnu/libnss_files-2.23.so
7f9075f46000-7f9076145000 ---p 0000b000 08:01 266706                     /lib/x86_64-linux-gnu/libnss_files-2.23.so
7f9076145000-7f9076146000 r--p 0000a000 08:01 266706                     /lib/x86_64-linux-gnu/libnss_files-2.23.so
7f9076146000-7f9076147000 rw-p 0000b000 08:01 266706                     /lib/x86_64-linux-gnu/libnss_files-2.23.so
7f9076147000-7f907614d000 rw-p 00000000 00:00 0 
7f907614d000-7f9076158000 r-xp 00000000 08:01 266716                     /lib/x86_64-linux-gnu/libnss_nis-2.23.so
7f9076158000-7f9076357000 ---p 0000b000 08:01 266716                     /lib/x86_64-linux-gnu/libnss_nis-2.23.so
7f9076357000-7f9076358000 r--p 0000a000 08:01 266716                     /lib/x86_64-linux-gnu/libnss_nis-2.23.so
7f9076358000-7f9076359000 rw-p 0000b000 08:01 266716                     /lib/x86_64-linux-gnu/libnss_nis-2.23.so
7f9076359000-7f907636f000 r-xp 00000000 08:01 266700                     /lib/x86_64-linux-gnu/libnsl-2.23.so
7f907636f000-7f907656e000 ---p 00016000 08:01 266700                     /lib/x86_64-linux-gnu/libnsl-2.23.so
7f907656e000-7f907656f000 r--p 00015000 08:01 266700                     /lib/x86_64-linux-gnu/libnsl-2.23.so
7f907656f000-7f9076570000 rw-p 00016000 08:01 266700                     /lib/x86_64-linux-gnu/libnsl-2.23.so
7f9076570000-7f9076572000 rw-p 00000000 00:00 0 
7f9076572000-7f907657a000 r-xp 00000000 08:01 266702                     /lib/x86_64-linux-gnu/libnss_compat-2.23.so
7f907657a000-7f9076779000 ---p 00008000 08:01 266702                     /lib/x86_64-linux-gnu/libnss_compat-2.23.so
7f9076779000-7f907677a000 r--p 00007000 08:01 266702                     /lib/x86_64-linux-gnu/libnss_compat-2.23.so
7f907677a000-7f907677b000 rw-p 00008000 08:01 266702                     /lib/x86_64-linux-gnu/libnss_compat-2.23.so
7f907677b000-7f90767a4000 r-xp 00000000 08:01 3932675                    /opt/jdk1.7.0_79/jre/lib/amd64/libjava.so
7f90767a4000-7f90769a4000 ---p 00029000 08:01 3932675                    /opt/jdk1.7.0_79/jre/lib/amd64/libjava.so
7f90769a4000-7f90769a6000 rw-p 00029000 08:01 3932675                    /opt/jdk1.7.0_79/jre/lib/amd64/libjava.so
7f90769a6000-7f90769b3000 r-xp 00000000 08:01 3932704                    /opt/jdk1.7.0_79/jre/lib/amd64/libverify.so
7f90769b3000-7f9076bb2000 ---p 0000d000 08:01 3932704                    /opt/jdk1.7.0_79/jre/lib/amd64/libverify.so
7f9076bb2000-7f9076bb4000 rw-p 0000c000 08:01 3932704                    /opt/jdk1.7.0_79/jre/lib/amd64/libverify.so
7f9076bb4000-7f9076bbb000 r-xp 00000000 08:01 266761                     /lib/x86_64-linux-gnu/librt-2.23.so
7f9076bbb000-7f9076dba000 ---p 00007000 08:01 266761                     /lib/x86_64-linux-gnu/librt-2.23.so
7f9076dba000-7f9076dbb000 r--p 00006000 08:01 266761                     /lib/x86_64-linux-gnu/librt-2.23.so
7f9076dbb000-7f9076dbc000 rw-p 00007000 08:01 266761                     /lib/x86_64-linux-gnu/librt-2.23.so
7f9076dbc000-7f9076ec4000 r-xp 00000000 08:01 266677                     /lib/x86_64-linux-gnu/libm-2.23.so
7f9076ec4000-7f90770c3000 ---p 00108000 08:01 266677                     /lib/x86_64-linux-gnu/libm-2.23.so
7f90770c3000-7f90770c4000 r--p 00107000 08:01 266677                     /lib/x86_64-linux-gnu/libm-2.23.so
7f90770c4000-7f90770c5000 rw-p 00108000 08:01 266677                     /lib/x86_64-linux-gnu/libm-2.23.so
7f90770c5000-7f9077c3a000 r-xp 00000000 08:01 3932709                    /opt/jdk1.7.0_79/jre/lib/amd64/server/libjvm.so
7f9077c3a000-7f9077e3a000 ---p 00b75000 08:01 3932709                    /opt/jdk1.7.0_79/jre/lib/amd64/server/libjvm.so
7f9077e3a000-7f9077efe000 rw-p 00b75000 08:01 3932709                    /opt/jdk1.7.0_79/jre/lib/amd64/server/libjvm.so
7f9077efe000-7f9077f3f000 rw-p 00000000 00:00 0 
7f9077f3f000-7f90780ff000 r-xp 00000000 08:01 266607                     /lib/x86_64-linux-gnu/libc-2.23.so
7f90780ff000-7f90782fe000 ---p 001c0000 08:01 266607                     /lib/x86_64-linux-gnu/libc-2.23.so
7f90782fe000-7f9078302000 r--p 001bf000 08:01 266607                     /lib/x86_64-linux-gnu/libc-2.23.so
7f9078302000-7f9078304000 rw-p 001c3000 08:01 266607                     /lib/x86_64-linux-gnu/libc-2.23.so
7f9078304000-7f9078308000 rw-p 00000000 00:00 0 
7f9078308000-7f907830b000 r-xp 00000000 08:01 266631                     /lib/x86_64-linux-gnu/libdl-2.23.so
7f907830b000-7f907850a000 ---p 00003000 08:01 266631                     /lib/x86_64-linux-gnu/libdl-2.23.so
7f907850a000-7f907850b000 r--p 00002000 08:01 266631                     /lib/x86_64-linux-gnu/libdl-2.23.so
7f907850b000-7f907850c000 rw-p 00003000 08:01 266631                     /lib/x86_64-linux-gnu/libdl-2.23.so
7f907850c000-7f9078522000 r-xp 00000000 08:01 3933384                    /opt/jdk1.7.0_79/lib/amd64/jli/libjli.so
7f9078522000-7f9078722000 ---p 00016000 08:01 3933384                    /opt/jdk1.7.0_79/lib/amd64/jli/libjli.so
7f9078722000-7f9078723000 rw-p 00016000 08:01 3933384                    /opt/jdk1.7.0_79/lib/amd64/jli/libjli.so
7f9078723000-7f907873b000 r-xp 00000000 08:01 266753                     /lib/x86_64-linux-gnu/libpthread-2.23.so
7f907873b000-7f907893a000 ---p 00018000 08:01 266753                     /lib/x86_64-linux-gnu/libpthread-2.23.so
7f907893a000-7f907893b000 r--p 00017000 08:01 266753                     /lib/x86_64-linux-gnu/libpthread-2.23.so
7f907893b000-7f907893c000 rw-p 00018000 08:01 266753                     /lib/x86_64-linux-gnu/libpthread-2.23.so
7f907893c000-7f9078940000 rw-p 00000000 00:00 0 
7f9078940000-7f9078966000 r-xp 00000000 08:01 266579                     /lib/x86_64-linux-gnu/ld-2.23.so
7f9078967000-7f9078992000 rw-p 00000000 00:00 0 
7f9078992000-7f9078a48000 rw-p 00000000 00:00 0 
7f9078a48000-7f9078a4b000 ---p 00000000 00:00 0 
7f9078a4b000-7f9078b4d000 rw-p 00000000 00:00 0 
7f9078b59000-7f9078b61000 rw-s 00000000 08:01 17303382                   /tmp/hsperfdata_keshav/11483
7f9078b61000-7f9078b62000 rw-p 00000000 00:00 0 
7f9078b62000-7f9078b63000 r--p 00000000 00:00 0 
7f9078b63000-7f9078b65000 rw-p 00000000 00:00 0 
7f9078b65000-7f9078b66000 r--p 00025000 08:01 266579                     /lib/x86_64-linux-gnu/ld-2.23.so
7f9078b66000-7f9078b67000 rw-p 00026000 08:01 266579                     /lib/x86_64-linux-gnu/ld-2.23.so
7f9078b67000-7f9078b68000 rw-p 00000000 00:00 0 
7ffcf1acb000-7ffcf1aec000 rw-p 00000000 00:00 0                          [stack]
7ffcf1b44000-7ffcf1b46000 r--p 00000000 00:00 0                          [vvar]
7ffcf1b46000-7ffcf1b48000 r-xp 00000000 00:00 0                          [vdso]
ffffffffff600000-ffffffffff601000 r-xp 00000000 00:00 0                  [vsyscall]

VM Arguments:
jvm_args: -Djava.awt.headless=true -Xmx4g -Dfile.encoding=UTF-8 -Duser.country=IN -Duser.language=en -Duser.variant 
java_command: com.android.dx.command.Main --dex --force-jumbo --num-threads=4 --multi-dex --output /home/keshav/StudioMotif/Motif/app/build/intermediates/transforms/dex/debug/folders/1000/5/slice_4 /home/keshav/StudioMotif/Motif/app/build/intermediates/transforms/instantRunSlicer/debug/folders/1/5/slice_4
Launcher Type: SUN_STANDARD

Environment Variables:
PATH=/usr/local/sbin:/usr/local/bin:/usr/sbin:/usr/bin:/sbin:/bin:/usr/games:/usr/local/games:/snap/bin
LD_LIBRARY_PATH=/opt/jdk1.7.0_79/jre/lib/amd64/server:/opt/jdk1.7.0_79/jre/lib/amd64:/opt/jdk1.7.0_79/jre/../lib/amd64:/usr/lib/jvm/java-6-oracle/jre/lib/amd64/server:/usr/lib/jvm/java-6-oracle/jre/lib/amd64:/usr/lib/jvm/java-6-oracle/jre/../lib/amd64:/opt/android-studio/bin:
SHELL=/bin/bash
DISPLAY=:0

Signal Handlers:
SIGSEGV: [libjvm.so+0x9a3bf0], sa_mask[0]=0x7ffbfeff, sa_flags=0x10000004
SIGBUS: [libjvm.so+0x9a3bf0], sa_mask[0]=0x7ffbfeff, sa_flags=0x10000004
SIGFPE: [libjvm.so+0x81cb60], sa_mask[0]=0x7ffbfeff, sa_flags=0x10000004
SIGPIPE: [libjvm.so+0x81cb60], sa_mask[0]=0x7ffbfeff, sa_flags=0x10000004
SIGXFSZ: [libjvm.so+0x81cb60], sa_mask[0]=0x7ffbfeff, sa_flags=0x10000004
SIGILL: [libjvm.so+0x81cb60], sa_mask[0]=0x7ffbfeff, sa_flags=0x10000004
SIGUSR1: SIG_DFL, sa_mask[0]=0x00000000, sa_flags=0x00000000
SIGUSR2: [libjvm.so+0x81e360], sa_mask[0]=0x00000004, sa_flags=0x10000004
SIGHUP: [libjvm.so+0x81f480], sa_mask[0]=0x7ffbfeff, sa_flags=0x10000004
SIGINT: [libjvm.so+0x81f480], sa_mask[0]=0x7ffbfeff, sa_flags=0x10000004
SIGTERM: [libjvm.so+0x81f480], sa_mask[0]=0x7ffbfeff, sa_flags=0x10000004
SIGQUIT: [libjvm.so+0x81f480], sa_mask[0]=0x7ffbfeff, sa_flags=0x10000004


---------------  S Y S T E M  ---------------

OS:stretch/sid

uname:Linux 4.4.0-24-generic #43-Ubuntu SMP Wed Jun 8 19:27:37 UTC 2016 x86_64
libc:glibc 2.23 NPTL 2.23 
rlimit: STACK 8192k, CORE 0k, NPROC 31425, NOFILE 65536, AS infinity
load average:9.29 2.78 3.07

/proc/meminfo:
MemTotal:        8083692 kB
MemFree:         1691204 kB
MemAvailable:    4102228 kB
Buffers:          392800 kB
Cached:          2261988 kB
SwapCached:            0 kB
Active:          4915928 kB
Inactive:        1043668 kB
Active(anon):    3314392 kB
Inactive(anon):   254700 kB
Active(file):    1601536 kB
Inactive(file):   788968 kB
Unevictable:          48 kB
Mlocked:              48 kB
SwapTotal:       4102140 kB
SwapFree:        4102140 kB
Dirty:             59212 kB
Writeback:             0 kB
AnonPages:       3304916 kB
Mapped:           473700 kB
Shmem:            264288 kB
Slab:             316728 kB
SReclaimable:     273936 kB
SUnreclaim:        42792 kB
KernelStack:       13168 kB
PageTables:        53520 kB
NFS_Unstable:          0 kB
Bounce:                0 kB
WritebackTmp:          0 kB
CommitLimit:     8143984 kB
Committed_AS:    9676800 kB
VmallocTotal:   34359738367 kB
VmallocUsed:           0 kB
VmallocChunk:          0 kB
HardwareCorrupted:     0 kB
AnonHugePages:   2263040 kB
CmaTotal:              0 kB
CmaFree:               0 kB
HugePages_Total:       0
HugePages_Free:        0
HugePages_Rsvd:        0
HugePages_Surp:        0
Hugepagesize:       2048 kB
DirectMap4k:      161408 kB
DirectMap2M:     8136704 kB


CPU:total 4 (2 cores per cpu, 2 threads per core) family 6 model 42 stepping 7, cmov, cx8, fxsr, mmx, sse, sse2, sse3, ssse3, sse4.1, sse4.2, popcnt, avx, ht, tsc, tscinvbit

/proc/cpuinfo:
processor	: 0
vendor_id	: GenuineIntel
cpu family	: 6
model		: 42
model name	: Intel(R) Core(TM) i3-2330M CPU @ 2.20GHz
stepping	: 7
microcode	: 0x29
cpu MHz		: 2200.000
cache size	: 3072 KB
physical id	: 0
siblings	: 4
core id		: 0
cpu cores	: 2
apicid		: 0
initial apicid	: 0
fpu		: yes
fpu_exception	: yes
cpuid level	: 13
wp		: yes
flags		: fpu vme de pse tsc msr pae mce cx8 apic sep mtrr pge mca cmov pat pse36 clflush dts acpi mmx fxsr sse sse2 ss ht tm pbe syscall nx rdtscp lm constant_tsc arch_perfmon pebs bts nopl xtopology nonstop_tsc aperfmperf eagerfpu pni pclmulqdq dtes64 monitor ds_cpl vmx est tm2 ssse3 cx16 xtpr pdcm pcid sse4_1 sse4_2 x2apic popcnt tsc_deadline_timer xsave avx lahf_lm epb tpr_shadow vnmi flexpriority ept vpid xsaveopt dtherm arat pln pts
bugs		:
bogomips	: 4390.31
clflush size	: 64
cache_alignment	: 64
address sizes	: 36 bits physical, 48 bits virtual
power management:

processor	: 1
vendor_id	: GenuineIntel
cpu family	: 6
model		: 42
model name	: Intel(R) Core(TM) i3-2330M CPU @ 2.20GHz
stepping	: 7
microcode	: 0x29
cpu MHz		: 2200.000
cache size	: 3072 KB
physical id	: 0
siblings	: 4
core id		: 0
cpu cores	: 2
apicid		: 1
initial apicid	: 1
fpu		: yes
fpu_exception	: yes
cpuid level	: 13
wp		: yes
flags		: fpu vme de pse tsc msr pae mce cx8 apic sep mtrr pge mca cmov pat pse36 clflush dts acpi mmx fxsr sse sse2 ss ht tm pbe syscall nx rdtscp lm constant_tsc arch_perfmon pebs bts nopl xtopology nonstop_tsc aperfmperf eagerfpu pni pclmulqdq dtes64 monitor ds_cpl vmx est tm2 ssse3 cx16 xtpr pdcm pcid sse4_1 sse4_2 x2apic popcnt tsc_deadline_timer xsave avx lahf_lm epb tpr_shadow vnmi flexpriority ept vpid xsaveopt dtherm arat pln pts
bugs		:
bogomips	: 4390.31
clflush size	: 64
cache_alignment	: 64
address sizes	: 36 bits physical, 48 bits virtual
power management:

processor	: 2
vendor_id	: GenuineIntel
cpu family	: 6
model		: 42
model name	: Intel(R) Core(TM) i3-2330M CPU @ 2.20GHz
stepping	: 7
microcode	: 0x29
cpu MHz		: 2200.000
cache size	: 3072 KB
physical id	: 0
siblings	: 4
core id		: 1
cpu cores	: 2
apicid		: 2
initial apicid	: 2
fpu		: yes
fpu_exception	: yes
cpuid level	: 13
wp		: yes
flags		: fpu vme de pse tsc msr pae mce cx8 apic sep mtrr pge mca cmov pat pse36 clflush dts acpi mmx fxsr sse sse2 ss ht tm pbe syscall nx rdtscp lm constant_tsc arch_perfmon pebs bts nopl xtopology nonstop_tsc aperfmperf eagerfpu pni pclmulqdq dtes64 monitor ds_cpl vmx est tm2 ssse3 cx16 xtpr pdcm pcid sse4_1 sse4_2 x2apic popcnt tsc_deadline_timer xsave avx lahf_lm epb tpr_shadow vnmi flexpriority ept vpid xsaveopt dtherm arat pln pts
bugs		:
bogomips	: 4390.31
clflush size	: 64
cache_alignment	: 64
address sizes	: 36 bits physical, 48 bits virtual
power management:

processor	: 3
vendor_id	: GenuineIntel
cpu family	: 6
model		: 42
model name	: Intel(R) Core(TM) i3-2330M CPU @ 2.20GHz
stepping	: 7
microcode	: 0x29
cpu MHz		: 2199.914
cache size	: 3072 KB
physical id	: 0
siblings	: 4
core id		: 1
cpu cores	: 2
apicid		: 3
initial apicid	: 3
fpu		: yes
fpu_exception	: yes
cpuid level	: 13
wp		: yes
flags		: fpu vme de pse tsc msr pae mce cx8 apic sep mtrr pge mca cmov pat pse36 clflush dts acpi mmx fxsr sse sse2 ss ht tm pbe syscall nx rdtscp lm constant_tsc arch_perfmon pebs bts nopl xtopology nonstop_tsc aperfmperf eagerfpu pni pclmulqdq dtes64 monitor ds_cpl vmx est tm2 ssse3 cx16 xtpr pdcm pcid sse4_1 sse4_2 x2apic popcnt tsc_deadline_timer xsave avx lahf_lm epb tpr_shadow vnmi flexpriority ept vpid xsaveopt dtherm arat pln pts
bugs		:
bogomips	: 4390.31
clflush size	: 64
cache_alignment	: 64
address sizes	: 36 bits physical, 48 bits virtual
power management:



Memory: 4k page, physical 8083692k(1691204k free), swap 4102140k(4102140k free)

vm_info: Java HotSpot(TM) 64-Bit Server VM (24.79-b02) for linux-amd64 JRE (1.7.0_79-b15), built on Apr 10 2015 11:34:48 by "java_re" with gcc 4.3.0 20080428 (Red Hat 4.3.0-8)

time: Wed Jun 15 12:37:08 2016
elapsed time: 4 seconds

