#
# A fatal error has been detected by the Java Runtime Environment:
#
#  SIGSEGV (0xb) at pc=0x00007efc6e3577f1, pid=12620, tid=139622300743424
#
# JRE version: Java(TM) SE Runtime Environment (7.0_79-b15) (build 1.7.0_79-b15)
# Java VM: Java HotSpot(TM) 64-Bit Server VM (24.79-b02 mixed mode linux-amd64 compressed oops)
# Problematic frame:
# V  [libjvm.so+0x7617f1]  PhaseIdealLoop::get_late_ctrl(Node*, Node*)+0x161
#
# Failed to write core dump. Core dumps have been disabled. To enable core dumping, try "ulimit -c unlimited" before starting Java again
#
# If you would like to submit a bug report, please visit:
#   http://bugreport.java.com/bugreport/crash.jsp
#

---------------  T H R E A D  ---------------

Current thread (0x00007efc68096000):  JavaThread "C2 CompilerThread1" daemon [_thread_in_native, id=12634, stack(0x00007efc59937000,0x00007efc59a38000)]

siginfo:si_signo=SIGSEGV: si_errno=0, si_code=128 (), si_addr=0x0000000000000000

Registers:
RAX=0x000000000000013b, RBX=0x000000000000013c, RCX=0x00047efc2c03f630, RDX=0x00007efc2c207558
RSP=0x00007efc59a32d40, RBP=0x00007efc59a32dc0, RSI=0x00007efc2c7debc0, RDI=0x00007efc2c08e488
R8 =0x000000000000005d, R9 =0x00007efc2c838550, R10=0x00007efc2c7deba0, R11=0x00007efc6ec05b30
R12=0x00007efc2c08daa0, R13=0x00007efc2c08f2c8, R14=0x00007efc59a34620, R15=0x00007efc2c08daa0
RIP=0x00007efc6e3577f1, EFLAGS=0x0000000000010202, CSGSFS=0x0000000000000033, ERR=0x0000000000000000
  TRAPNO=0x000000000000000d

Top of Stack: (sp=0x00007efc59a32d40)
0x00007efc59a32d40:   0000000000000200 00007efc59a32d70
0x00007efc59a32d50:   00007efc59a32d70 00007efc388c0590
0x00007efc59a32d60:   00007efc382db0d0 00007efc2c207558
0x00007efc59a32d70:   00007efc6801c530 0000000000001000
0x00007efc59a32d80:   00007efc2c7debc0 000000000000013b
0x00007efc59a32d90:   00007efc59a32dc0 00007efc59a34620
0x00007efc59a32da0:   0000000000003c2a 00007efc388c0590
0x00007efc59a32db0:   00007efc382db0d0 00007efc59a34640
0x00007efc59a32dc0:   00007efc59a32e00 00007efc6e357b1a
0x00007efc59a32dd0:   00007efc59a32e00 00007efc59a330f0
0x00007efc59a32de0:   00007efc382db0d0 00007efc59a33130
0x00007efc59a32df0:   0000000000000002 000000000000010e
0x00007efc59a32e00:   00007efc59a32e60 00007efc6e3580cc
0x00007efc59a32e10:   00007efc00000001 00007efc382dc858
0x00007efc59a32e20:   00007efc59a33110 00007efc59a34620
0x00007efc59a32e30:   00007efc59a34fc0 0000000000000001
0x00007efc59a32e40:   00007efc2c114230 00007efc59a34620
0x00007efc59a32e50:   00007efc6ea15d20 00007efc59a33110
0x00007efc59a32e60:   00007efc59a33180 00007efc6e35eb40
0x00007efc59a32e70:   0000000000000000 00007efc2c316790
0x00007efc59a32e80:   00007efc59a33130 00007efc59a330f0
0x00007efc59a32e90:   00007efc59a32ec0 00007efc59a34640
0x00007efc59a32ea0:   00007efc00000009 00007efc2ca54330
0x00007efc59a32eb0:   00007efc2ca54380 00007efc2ca5c318
0x00007efc59a32ec0:   00007efc6801c530 000000000020f058
0x00007efc59a32ed0:   00007efc6801c530 0000007800000004
0x00007efc59a32ee0:   00007efc2c8dba40 00007efc00000000
0x00007efc59a32ef0:   00007efc0000007d 0000000000040010
0x00007efc59a32f00:   00007efc59a32f70 00007efc6e55de8d
0x00007efc59a32f10:   0000000000000000 0000000000000000
0x00007efc59a32f20:   ffff8103a65cd091 00007efc59a32f6f
0x00007efc59a32f30:   0000000000001000 0000103000004002 

Instructions: (pc=0x00007efc6e3577f1)
0x00007efc6e3577d1:   39 55 98 0f 84 f6 fe ff ff 8b 45 c8 85 c0 0f 84
0x00007efc6e3577e1:   eb fe ff ff 83 e8 01 89 45 c8 89 c0 48 8b 0c c6
0x00007efc6e3577f1:   0f b7 51 2c 89 d0 83 e0 3f 83 f8 30 74 db 80 fa
0x00007efc6e357801:   80 0f 84 5e 01 00 00 8b 41 28 41 8b 76 28 39 f0 

Register to memory mapping:

RAX=0x000000000000013b is an unknown value
RBX=0x000000000000013c is an unknown value
RCX=0x00047efc2c03f630 is an unknown value
RDX=0x00007efc2c207558 is an unknown value
RSP=0x00007efc59a32d40 is pointing into the stack for thread: 0x00007efc68096000
RBP=0x00007efc59a32dc0 is pointing into the stack for thread: 0x00007efc68096000
RSI=0x00007efc2c7debc0 is an unknown value
RDI=0x00007efc2c08e488 is an unknown value
R8 =0x000000000000005d is an unknown value
R9 =0x00007efc2c838550 is an unknown value
R10=0x00007efc2c7deba0 is an unknown value
R11=0x00007efc6ec05b30: <offset 0x195b30> in /lib/x86_64-linux-gnu/libc.so.6 at 0x00007efc6ea70000
R12=0x00007efc2c08daa0 is an unknown value
R13=0x00007efc2c08f2c8 is an unknown value
R14=0x00007efc59a34620 is pointing into the stack for thread: 0x00007efc68096000
R15=0x00007efc2c08daa0 is an unknown value


Stack: [0x00007efc59937000,0x00007efc59a38000],  sp=0x00007efc59a32d40,  free space=1007k
Native frames: (J=compiled Java code, j=interpreted, Vv=VM code, C=native code)
V  [libjvm.so+0x7617f1]  PhaseIdealLoop::get_late_ctrl(Node*, Node*)+0x161
V  [libjvm.so+0x761b1a]  PhaseIdealLoop::build_loop_late_post(Node*)+0x10a
V  [libjvm.so+0x7620cc]  PhaseIdealLoop::build_loop_late(VectorSet&, Node_List&, Node_Stack&)+0x13c
V  [libjvm.so+0x768b40]  PhaseIdealLoop::build_and_optimize(bool, bool)+0x840
V  [libjvm.so+0x445a26]  Compile::Optimize()+0x636
V  [libjvm.so+0x447249]  Compile::Compile(ciEnv*, C2Compiler*, ciMethod*, int, bool, bool)+0x12f9
V  [libjvm.so+0x3b1b76]  C2Compiler::compile_method(ciEnv*, ciMethod*, int)+0x176
V  [libjvm.so+0x44ec6e]  CompileBroker::invoke_compiler_on_method(CompileTask*)+0x33e
V  [libjvm.so+0x44fa4d]  CompileBroker::compiler_thread_loop()+0x43d
V  [libjvm.so+0x95c11f]  JavaThread::thread_main_inner()+0xdf
V  [libjvm.so+0x95c225]  JavaThread::run()+0xf5
V  [libjvm.so+0x821ca8]  java_start(Thread*)+0x108


Current CompileTask:
C2:   9031  182             com.android.dx.ssa.Dominators::run (506 bytes)


---------------  P R O C E S S  ---------------

Java Threads: ( => current thread )
  0x00007efc6813f800 JavaThread "pool-2-thread-4" [_thread_blocked, id=12642, stack(0x00007efc58ae2000,0x00007efc58be3000)]
  0x00007efc6813e000 JavaThread "pool-2-thread-3" [_thread_blocked, id=12641, stack(0x00007efc58be3000,0x00007efc58ce4000)]
  0x00007efc6813d000 JavaThread "pool-2-thread-2" [_thread_blocked, id=12640, stack(0x00007efc58ce4000,0x00007efc58de5000)]
  0x00007efc68139800 JavaThread "pool-3-thread-1" [_thread_blocked, id=12639, stack(0x00007efc58de5000,0x00007efc58ee6000)]
  0x00007efc68136000 JavaThread "pool-2-thread-1" [_thread_in_native, id=12638, stack(0x00007efc58ee6000,0x00007efc58fe7000)]
  0x00007efc68098800 JavaThread "Service Thread" daemon [_thread_blocked, id=12635, stack(0x00007efc59836000,0x00007efc59937000)]
=>0x00007efc68096000 JavaThread "C2 CompilerThread1" daemon [_thread_in_native, id=12634, stack(0x00007efc59937000,0x00007efc59a38000)]
  0x00007efc68093000 JavaThread "C2 CompilerThread0" daemon [_thread_in_native, id=12633, stack(0x00007efc59a38000,0x00007efc59b39000)]
  0x00007efc68091000 JavaThread "Signal Dispatcher" daemon [_thread_blocked, id=12632, stack(0x00007efc59b39000,0x00007efc59c3a000)]
  0x00007efc68070000 JavaThread "Finalizer" daemon [_thread_blocked, id=12631, stack(0x00007efc5a5f9000,0x00007efc5a6fa000)]
  0x00007efc6806e000 JavaThread "Reference Handler" daemon [_thread_blocked, id=12630, stack(0x00007efc5a6fa000,0x00007efc5a7fb000)]
  0x00007efc6800a000 JavaThread "main" [_thread_in_vm, id=12622, stack(0x00007efc6f579000,0x00007efc6f67a000)]

Other Threads:
  0x00007efc6806a000 VMThread [stack: 0x00007efc5a7fb000,0x00007efc5a8fc000] [id=12629]
  0x00007efc680a3000 WatcherThread [stack: 0x00007efc59735000,0x00007efc59836000] [id=12636]

VM state:not at safepoint (normal execution)

VM Mutex/Monitor currently owned by a thread: None

Heap
 PSYoungGen      total 69632K, used 25075K [0x00000007aaa80000, 0x00000007af380000, 0x0000000800000000)
  eden space 64512K, 30% used [0x00000007aaa80000,0x00000007abe00f50,0x00000007ae980000)
  from space 5120K, 99% used [0x00000007aee80000,0x00000007af37be88,0x00000007af380000)
  to   space 5120K, 0% used [0x00000007ae980000,0x00000007ae980000,0x00000007aee80000)
 ParOldGen       total 83968K, used 3664K [0x0000000700000000, 0x0000000705200000, 0x00000007aaa80000)
  object space 83968K, 4% used [0x0000000700000000,0x00000007003943c8,0x0000000705200000)
 PSPermGen       total 21504K, used 5852K [0x00000006fae00000, 0x00000006fc300000, 0x0000000700000000)
  object space 21504K, 27% used [0x00000006fae00000,0x00000006fb3b7080,0x00000006fc300000)

Card table byte_map: [0x00007efc6c027000,0x00007efc6c851000] byte_map_base: 0x00007efc68850000

Polling page: 0x00007efc6f693000

Code Cache  [0x00007efc65000000, 0x00007efc65270000, 0x00007efc68000000)
 total_blobs=438 nmethods=208 adapters=183 free_code_cache=48307Kb largest_free_block=49430336

Compilation events (10 events):
Event: 8.253 Thread 0x00007efc68093000 nmethod 202 0x00007efc650bf990 code [0x00007efc650bfae0, 0x00007efc650bfbd8]
Event: 8.253 Thread 0x00007efc68093000  203             java.util.ArrayList::<init> (55 bytes)
Event: 8.257 Thread 0x00007efc68093000 nmethod 203 0x00007efc650bf410 code [0x00007efc650bf560, 0x00007efc650bf7d8]
Event: 8.257 Thread 0x00007efc68093000  204             com.android.dx.rop.code.RegisterSpec::withReg (23 bytes)
Event: 8.273 Thread 0x00007efc68093000 nmethod 204 0x00007efc650bf090 code [0x00007efc650bf1e0, 0x00007efc650bf288]
Event: 8.273 Thread 0x00007efc68093000  205             java.util.BitSet::or (105 bytes)
Event: 8.313 Thread 0x00007efc68093000 nmethod 205 0x00007efc650caad0 code [0x00007efc650cac20, 0x00007efc650cb0b8]
Event: 8.313 Thread 0x00007efc68093000  206             com.android.dx.ssa.back.LivenessAnalyzer::run (231 bytes)
Event: 8.646 Thread 0x00007efc68093000 nmethod 206 0x00007efc650d8050 code [0x00007efc650d8400, 0x00007efc650d9f50]
Event: 8.646 Thread 0x00007efc68093000  207             com.android.dx.ssa.SCCP::simulateBranch (666 bytes)

GC Heap History (4 events):
Event: 3.768 GC heap before
{Heap before GC invocations=1 (full 0):
 PSYoungGen      total 37376K, used 32256K [0x00000007aaa80000, 0x00000007ad400000, 0x0000000800000000)
  eden space 32256K, 100% used [0x00000007aaa80000,0x00000007aca00000,0x00000007aca00000)
  from space 5120K, 0% used [0x00000007acf00000,0x00000007acf00000,0x00000007ad400000)
  to   space 5120K, 0% used [0x00000007aca00000,0x00000007aca00000,0x00000007acf00000)
 ParOldGen       total 83968K, used 0K [0x0000000700000000, 0x0000000705200000, 0x00000007aaa80000)
  object space 83968K, 0% used [0x0000000700000000,0x0000000700000000,0x0000000705200000)
 PSPermGen       total 21504K, used 5649K [0x00000006fae00000, 0x00000006fc300000, 0x0000000700000000)
  object space 21504K, 26% used [0x00000006fae00000,0x00000006fb3845c8,0x00000006fc300000)
Event: 3.810 GC heap after
Heap after GC invocations=1 (full 0):
 PSYoungGen      total 37376K, used 5107K [0x00000007aaa80000, 0x00000007af380000, 0x0000000800000000)
  eden space 32256K, 0% used [0x00000007aaa80000,0x00000007aaa80000,0x00000007aca00000)
  from space 5120K, 99% used [0x00000007aca00000,0x00000007acefce18,0x00000007acf00000)
  to   space 5120K, 0% used [0x00000007aee80000,0x00000007aee80000,0x00000007af380000)
 ParOldGen       total 83968K, used 132K [0x0000000700000000, 0x0000000705200000, 0x00000007aaa80000)
  object space 83968K, 0% used [0x0000000700000000,0x00000007000211c0,0x0000000705200000)
 PSPermGen       total 21504K, used 5649K [0x00000006fae00000, 0x00000006fc300000, 0x0000000700000000)
  object space 21504K, 26% used [0x00000006fae00000,0x00000006fb3845c8,0x00000006fc300000)
}
Event: 6.740 GC heap before
{Heap before GC invocations=2 (full 0):
 PSYoungGen      total 37376K, used 37363K [0x00000007aaa80000, 0x00000007af380000, 0x0000000800000000)
  eden space 32256K, 100% used [0x00000007aaa80000,0x00000007aca00000,0x00000007aca00000)
  from space 5120K, 99% used [0x00000007aca00000,0x00000007acefce18,0x00000007acf00000)
  to   space 5120K, 0% used [0x00000007aee80000,0x00000007aee80000,0x00000007af380000)
 ParOldGen       total 83968K, used 132K [0x0000000700000000, 0x0000000705200000, 0x00000007aaa80000)
  object space 83968K, 0% used [0x0000000700000000,0x00000007000211c0,0x0000000705200000)
 PSPermGen       total 21504K, used 5830K [0x00000006fae00000, 0x00000006fc300000, 0x0000000700000000)
  object space 21504K, 27% used [0x00000006fae00000,0x00000006fb3b1898,0x00000006fc300000)
Event: 6.804 GC heap after
Heap after GC invocations=2 (full 0):
 PSYoungGen      total 69632K, used 5103K [0x00000007aaa80000, 0x00000007af380000, 0x0000000800000000)
  eden space 64512K, 0% used [0x00000007aaa80000,0x00000007aaa80000,0x00000007ae980000)
  from space 5120K, 99% used [0x00000007aee80000,0x00000007af37be88,0x00000007af380000)
  to   space 5120K, 0% used [0x00000007ae980000,0x00000007ae980000,0x00000007aee80000)
 ParOldGen       total 83968K, used 3664K [0x0000000700000000, 0x0000000705200000, 0x00000007aaa80000)
  object space 83968K, 4% used [0x0000000700000000,0x00000007003943c8,0x0000000705200000)
 PSPermGen       total 21504K, used 5830K [0x00000006fae00000, 0x00000006fc300000, 0x0000000700000000)
  object space 21504K, 27% used [0x00000006fae00000,0x00000006fb3b1898,0x00000006fc300000)
}

Deoptimization events (4 events):
Event: 4.837 Thread 0x00007efc6800a000 Uncommon trap: reason=null_check action=make_not_entrant pc=0x00007efc650a6ecc method=com.android.dx.rop.type.Type.putIntern(Lcom/android/dx/rop/type/Type;)Lcom/android/dx/rop/type/Type; @ 18
Event: 5.126 Thread 0x00007efc6800a000 Uncommon trap: reason=unreached action=reinterpret pc=0x00007efc65082d18 method=com.android.dx.rop.cst.Constant.compareTo(Lcom/android/dx/rop/cst/Constant;)I @ 12
Event: 6.028 Thread 0x00007efc6800a000 Uncommon trap: reason=unreached action=reinterpret pc=0x00007efc650b4730 method=com.android.dx.ssa.LocalVariableExtractor.processBlock(I)V @ 251
Event: 8.350 Thread 0x00007efc68136000 Uncommon trap: reason=null_check action=make_not_entrant pc=0x00007efc650cfc50 method=com.android.dx.ssa.SsaRenamer.getLocalForNewReg(I)Lcom/android/dx/rop/code/LocalItem; @ 19

Internal exceptions (10 events):
Event: 2.688 Thread 0x00007efc6813e000 Threw 0x00000007abf24a60 at /HUDSON/workspace/7u-2-build-linux-amd64/jdk7u79/2331/hotspot/src/share/vm/prims/jvm.cpp:1304
Event: 2.724 Thread 0x00007efc6800a000 Threw 0x00000007ac0ecf38 at /HUDSON/workspace/7u-2-build-linux-amd64/jdk7u79/2331/hotspot/src/share/vm/prims/jvm.cpp:1304
Event: 2.745 Thread 0x00007efc6800a000 Threw 0x00000007ac0f27e0 at /HUDSON/workspace/7u-2-build-linux-amd64/jdk7u79/2331/hotspot/src/share/vm/prims/jvm.cpp:1304
Event: 2.746 Thread 0x00007efc6800a000 Threw 0x00000007ac0f7e30 at /HUDSON/workspace/7u-2-build-linux-amd64/jdk7u79/2331/hotspot/src/share/vm/prims/jvm.cpp:1304
Event: 2.749 Thread 0x00007efc68136000 Threw 0x00000007ac15d2b0 at /HUDSON/workspace/7u-2-build-linux-amd64/jdk7u79/2331/hotspot/src/share/vm/prims/jvm.cpp:1304
Event: 3.121 Thread 0x00007efc6813d000 Threw 0x00000007ac34aa78 at /HUDSON/workspace/7u-2-build-linux-amd64/jdk7u79/2331/hotspot/src/share/vm/prims/jvm.cpp:1304
Event: 3.358 Thread 0x00007efc6800a000 Threw 0x00000007ac564810 at /HUDSON/workspace/7u-2-build-linux-amd64/jdk7u79/2331/hotspot/src/share/vm/prims/jvm.cpp:1304
Event: 4.030 Thread 0x00007efc6813f800 Threw 0x00000007aab29c60 at /HUDSON/workspace/7u-2-build-linux-amd64/jdk7u79/2331/hotspot/src/share/vm/prims/jvm.cpp:1304
Event: 4.837 Thread 0x00007efc6800a000 Implicit null exception at 0x00007efc650a67ab to 0x00007efc650a6ebd
Event: 8.350 Thread 0x00007efc68136000 Implicit null exception at 0x00007efc650ce06b to 0x00007efc650cfc1d

Events (10 events):
Event: 6.822 Executing VM operation: RevokeBias done
Event: 6.822 Executing VM operation: RevokeBias
Event: 6.822 Executing VM operation: RevokeBias done
Event: 6.822 Executing VM operation: RevokeBias
Event: 6.822 Executing VM operation: RevokeBias done
Event: 6.822 Executing VM operation: RevokeBias
Event: 6.822 Executing VM operation: RevokeBias done
Event: 8.350 Thread 0x00007efc68136000 Uncommon trap: trap_request=0xfffffff4 fr.pc=0x00007efc650cfc50
Event: 8.350 Thread 0x00007efc68136000 DEOPT PACKING pc=0x00007efc650cfc50 sp=0x00007efc58fe51a0
Event: 8.350 Thread 0x00007efc68136000 DEOPT UNPACKING pc=0x00007efc65039445 sp=0x00007efc58fe4f38 mode 2


Dynamic libraries:
00400000-00401000 r-xp 00000000 08:01 3932503                            /opt/jdk1.7.0_79/bin/java
00600000-00601000 rw-p 00000000 08:01 3932503                            /opt/jdk1.7.0_79/bin/java
0114b000-0116c000 rw-p 00000000 00:00 0                                  [heap]
6fae00000-6fc300000 rw-p 00000000 00:00 0 
6fc300000-700000000 rw-p 00000000 00:00 0 
700000000-705200000 rw-p 00000000 00:00 0 
705200000-7aaa80000 rw-p 00000000 00:00 0 
7aaa80000-7af380000 rw-p 00000000 00:00 0 
7af380000-800000000 rw-p 00000000 00:00 0 
7efc14000000-7efc14026000 rw-p 00000000 00:00 0 
7efc14026000-7efc18000000 ---p 00000000 00:00 0 
7efc18000000-7efc18021000 rw-p 00000000 00:00 0 
7efc18021000-7efc1c000000 ---p 00000000 00:00 0 
7efc1c000000-7efc1c021000 rw-p 00000000 00:00 0 
7efc1c021000-7efc20000000 ---p 00000000 00:00 0 
7efc20000000-7efc20021000 rw-p 00000000 00:00 0 
7efc20021000-7efc24000000 ---p 00000000 00:00 0 
7efc24000000-7efc24021000 rw-p 00000000 00:00 0 
7efc24021000-7efc28000000 ---p 00000000 00:00 0 
7efc28000000-7efc28031000 rw-p 00000000 00:00 0 
7efc28031000-7efc2c000000 ---p 00000000 00:00 0 
7efc2c000000-7efc2cb38000 rw-p 00000000 00:00 0 
7efc2cb38000-7efc30000000 ---p 00000000 00:00 0 
7efc30000000-7efc30021000 rw-p 00000000 00:00 0 
7efc30021000-7efc34000000 ---p 00000000 00:00 0 
7efc34000000-7efc34021000 rw-p 00000000 00:00 0 
7efc34021000-7efc38000000 ---p 00000000 00:00 0 
7efc38000000-7efc38978000 rw-p 00000000 00:00 0 
7efc38978000-7efc3c000000 ---p 00000000 00:00 0 
7efc3c000000-7efc3c021000 rw-p 00000000 00:00 0 
7efc3c021000-7efc40000000 ---p 00000000 00:00 0 
7efc40000000-7efc40021000 rw-p 00000000 00:00 0 
7efc40021000-7efc44000000 ---p 00000000 00:00 0 
7efc44000000-7efc44021000 rw-p 00000000 00:00 0 
7efc44021000-7efc48000000 ---p 00000000 00:00 0 
7efc48000000-7efc48021000 rw-p 00000000 00:00 0 
7efc48021000-7efc4c000000 ---p 00000000 00:00 0 
7efc4c000000-7efc4c021000 rw-p 00000000 00:00 0 
7efc4c021000-7efc50000000 ---p 00000000 00:00 0 
7efc50000000-7efc50021000 rw-p 00000000 00:00 0 
7efc50021000-7efc54000000 ---p 00000000 00:00 0 
7efc54000000-7efc54021000 rw-p 00000000 00:00 0 
7efc54021000-7efc58000000 ---p 00000000 00:00 0 
7efc58975000-7efc58ae2000 rw-p 00000000 00:00 0 
7efc58ae2000-7efc58ae5000 ---p 00000000 00:00 0 
7efc58ae5000-7efc58be3000 rw-p 00000000 00:00 0 
7efc58be3000-7efc58be6000 ---p 00000000 00:00 0 
7efc58be6000-7efc58ce4000 rw-p 00000000 00:00 0 
7efc58ce4000-7efc58ce7000 ---p 00000000 00:00 0 
7efc58ce7000-7efc58de5000 rw-p 00000000 00:00 0 
7efc58de5000-7efc58de8000 ---p 00000000 00:00 0 
7efc58de8000-7efc58ee6000 rw-p 00000000 00:00 0 
7efc58ee6000-7efc58ee9000 ---p 00000000 00:00 0 
7efc58ee9000-7efc592e8000 rw-p 00000000 00:00 0 
7efc592e8000-7efc592fe000 r-xp 00000000 08:01 3932693                    /opt/jdk1.7.0_79/jre/lib/amd64/libnet.so
7efc592fe000-7efc594fe000 ---p 00016000 08:01 3932693                    /opt/jdk1.7.0_79/jre/lib/amd64/libnet.so
7efc594fe000-7efc594ff000 rw-p 00016000 08:01 3932693                    /opt/jdk1.7.0_79/jre/lib/amd64/libnet.so
7efc594ff000-7efc5950f000 r-xp 00000000 08:01 3932694                    /opt/jdk1.7.0_79/jre/lib/amd64/libnio.so
7efc5950f000-7efc5970f000 ---p 00010000 08:01 3932694                    /opt/jdk1.7.0_79/jre/lib/amd64/libnio.so
7efc5970f000-7efc59710000 rw-p 00010000 08:01 3932694                    /opt/jdk1.7.0_79/jre/lib/amd64/libnio.so
7efc59710000-7efc59726000 r--s 000f1000 08:01 4194996                    /home/keshav/StudioMotif/Motif/app/build/intermediates/exploded-aar/com.android.support/support-v4/23.4.0/jars/classes.jar (deleted)
7efc59726000-7efc59735000 r--s 000df000 08:01 4064773                    /home/keshav/Android/Sdk/build-tools/23.0.3/lib/dx.jar
7efc59735000-7efc59736000 ---p 00000000 00:00 0 
7efc59736000-7efc59836000 rw-p 00000000 00:00 0 
7efc59836000-7efc59839000 ---p 00000000 00:00 0 
7efc59839000-7efc59937000 rw-p 00000000 00:00 0 
7efc59937000-7efc5993a000 ---p 00000000 00:00 0 
7efc5993a000-7efc59a38000 rw-p 00000000 00:00 0 
7efc59a38000-7efc59a3b000 ---p 00000000 00:00 0 
7efc59a3b000-7efc59b39000 rw-p 00000000 00:00 0 
7efc59b39000-7efc59b3c000 ---p 00000000 00:00 0 
7efc59b3c000-7efc59c3a000 rw-p 00000000 00:00 0 
7efc59c3a000-7efc5a5f9000 r--p 00000000 08:01 12065597                   /usr/lib/locale/locale-archive
7efc5a5f9000-7efc5a5fc000 ---p 00000000 00:00 0 
7efc5a5fc000-7efc5a6fa000 rw-p 00000000 00:00 0 
7efc5a6fa000-7efc5a6fd000 ---p 00000000 00:00 0 
7efc5a6fd000-7efc5a7fb000 rw-p 00000000 00:00 0 
7efc5a7fb000-7efc5a7fc000 ---p 00000000 00:00 0 
7efc5a7fc000-7efc5b8b9000 rw-p 00000000 00:00 0 
7efc5b8b9000-7efc5ba79000 r--s 039f7000 08:01 3932950                    /opt/jdk1.7.0_79/jre/lib/rt.jar
7efc5ba79000-7efc6467d000 rw-p 00000000 00:00 0 
7efc6467d000-7efc6467e000 ---p 00000000 00:00 0 
7efc6467e000-7efc6477e000 rw-p 00000000 00:00 0 
7efc6477e000-7efc6477f000 ---p 00000000 00:00 0 
7efc6477f000-7efc6487f000 rw-p 00000000 00:00 0 
7efc6487f000-7efc64880000 ---p 00000000 00:00 0 
7efc64880000-7efc64980000 rw-p 00000000 00:00 0 
7efc64980000-7efc64981000 ---p 00000000 00:00 0 
7efc64981000-7efc64a8c000 rw-p 00000000 00:00 0 
7efc64a8c000-7efc64aaa000 rw-p 00000000 00:00 0 
7efc64aaa000-7efc64ad3000 rw-p 00000000 00:00 0 
7efc64ad3000-7efc65000000 rw-p 00000000 00:00 0 
7efc65000000-7efc65270000 rwxp 00000000 00:00 0 
7efc65270000-7efc68163000 rw-p 00000000 00:00 0 
7efc68163000-7efc6c000000 ---p 00000000 00:00 0 
7efc6c006000-7efc6c032000 rw-p 00000000 00:00 0 
7efc6c032000-7efc6c050000 rw-p 00000000 00:00 0 
7efc6c050000-7efc6c079000 rw-p 00000000 00:00 0 
7efc6c079000-7efc6c5a5000 rw-p 00000000 00:00 0 
7efc6c5a5000-7efc6c5ca000 rw-p 00000000 00:00 0 
7efc6c5ca000-7efc6c850000 rw-p 00000000 00:00 0 
7efc6c850000-7efc6c851000 rw-p 00000000 00:00 0 
7efc6c851000-7efc6c86b000 r-xp 00000000 08:01 3932705                    /opt/jdk1.7.0_79/jre/lib/amd64/libzip.so
7efc6c86b000-7efc6ca6b000 ---p 0001a000 08:01 3932705                    /opt/jdk1.7.0_79/jre/lib/amd64/libzip.so
7efc6ca6b000-7efc6ca6c000 rw-p 0001a000 08:01 3932705                    /opt/jdk1.7.0_79/jre/lib/amd64/libzip.so
7efc6ca6c000-7efc6ca77000 r-xp 00000000 08:01 266706                     /lib/x86_64-linux-gnu/libnss_files-2.23.so
7efc6ca77000-7efc6cc76000 ---p 0000b000 08:01 266706                     /lib/x86_64-linux-gnu/libnss_files-2.23.so
7efc6cc76000-7efc6cc77000 r--p 0000a000 08:01 266706                     /lib/x86_64-linux-gnu/libnss_files-2.23.so
7efc6cc77000-7efc6cc78000 rw-p 0000b000 08:01 266706                     /lib/x86_64-linux-gnu/libnss_files-2.23.so
7efc6cc78000-7efc6cc7e000 rw-p 00000000 00:00 0 
7efc6cc7e000-7efc6cc89000 r-xp 00000000 08:01 266716                     /lib/x86_64-linux-gnu/libnss_nis-2.23.so
7efc6cc89000-7efc6ce88000 ---p 0000b000 08:01 266716                     /lib/x86_64-linux-gnu/libnss_nis-2.23.so
7efc6ce88000-7efc6ce89000 r--p 0000a000 08:01 266716                     /lib/x86_64-linux-gnu/libnss_nis-2.23.so
7efc6ce89000-7efc6ce8a000 rw-p 0000b000 08:01 266716                     /lib/x86_64-linux-gnu/libnss_nis-2.23.so
7efc6ce8a000-7efc6cea0000 r-xp 00000000 08:01 266700                     /lib/x86_64-linux-gnu/libnsl-2.23.so
7efc6cea0000-7efc6d09f000 ---p 00016000 08:01 266700                     /lib/x86_64-linux-gnu/libnsl-2.23.so
7efc6d09f000-7efc6d0a0000 r--p 00015000 08:01 266700                     /lib/x86_64-linux-gnu/libnsl-2.23.so
7efc6d0a0000-7efc6d0a1000 rw-p 00016000 08:01 266700                     /lib/x86_64-linux-gnu/libnsl-2.23.so
7efc6d0a1000-7efc6d0a3000 rw-p 00000000 00:00 0 
7efc6d0a3000-7efc6d0ab000 r-xp 00000000 08:01 266702                     /lib/x86_64-linux-gnu/libnss_compat-2.23.so
7efc6d0ab000-7efc6d2aa000 ---p 00008000 08:01 266702                     /lib/x86_64-linux-gnu/libnss_compat-2.23.so
7efc6d2aa000-7efc6d2ab000 r--p 00007000 08:01 266702                     /lib/x86_64-linux-gnu/libnss_compat-2.23.so
7efc6d2ab000-7efc6d2ac000 rw-p 00008000 08:01 266702                     /lib/x86_64-linux-gnu/libnss_compat-2.23.so
7efc6d2ac000-7efc6d2d5000 r-xp 00000000 08:01 3932675                    /opt/jdk1.7.0_79/jre/lib/amd64/libjava.so
7efc6d2d5000-7efc6d4d5000 ---p 00029000 08:01 3932675                    /opt/jdk1.7.0_79/jre/lib/amd64/libjava.so
7efc6d4d5000-7efc6d4d7000 rw-p 00029000 08:01 3932675                    /opt/jdk1.7.0_79/jre/lib/amd64/libjava.so
7efc6d4d7000-7efc6d4e4000 r-xp 00000000 08:01 3932704                    /opt/jdk1.7.0_79/jre/lib/amd64/libverify.so
7efc6d4e4000-7efc6d6e3000 ---p 0000d000 08:01 3932704                    /opt/jdk1.7.0_79/jre/lib/amd64/libverify.so
7efc6d6e3000-7efc6d6e5000 rw-p 0000c000 08:01 3932704                    /opt/jdk1.7.0_79/jre/lib/amd64/libverify.so
7efc6d6e5000-7efc6d6ec000 r-xp 00000000 08:01 266761                     /lib/x86_64-linux-gnu/librt-2.23.so
7efc6d6ec000-7efc6d8eb000 ---p 00007000 08:01 266761                     /lib/x86_64-linux-gnu/librt-2.23.so
7efc6d8eb000-7efc6d8ec000 r--p 00006000 08:01 266761                     /lib/x86_64-linux-gnu/librt-2.23.so
7efc6d8ec000-7efc6d8ed000 rw-p 00007000 08:01 266761                     /lib/x86_64-linux-gnu/librt-2.23.so
7efc6d8ed000-7efc6d9f5000 r-xp 00000000 08:01 266677                     /lib/x86_64-linux-gnu/libm-2.23.so
7efc6d9f5000-7efc6dbf4000 ---p 00108000 08:01 266677                     /lib/x86_64-linux-gnu/libm-2.23.so
7efc6dbf4000-7efc6dbf5000 r--p 00107000 08:01 266677                     /lib/x86_64-linux-gnu/libm-2.23.so
7efc6dbf5000-7efc6dbf6000 rw-p 00108000 08:01 266677                     /lib/x86_64-linux-gnu/libm-2.23.so
7efc6dbf6000-7efc6e76b000 r-xp 00000000 08:01 3932709                    /opt/jdk1.7.0_79/jre/lib/amd64/server/libjvm.so
7efc6e76b000-7efc6e96b000 ---p 00b75000 08:01 3932709                    /opt/jdk1.7.0_79/jre/lib/amd64/server/libjvm.so
7efc6e96b000-7efc6ea2f000 rw-p 00b75000 08:01 3932709                    /opt/jdk1.7.0_79/jre/lib/amd64/server/libjvm.so
7efc6ea2f000-7efc6ea70000 rw-p 00000000 00:00 0 
7efc6ea70000-7efc6ec30000 r-xp 00000000 08:01 266607                     /lib/x86_64-linux-gnu/libc-2.23.so
7efc6ec30000-7efc6ee2f000 ---p 001c0000 08:01 266607                     /lib/x86_64-linux-gnu/libc-2.23.so
7efc6ee2f000-7efc6ee33000 r--p 001bf000 08:01 266607                     /lib/x86_64-linux-gnu/libc-2.23.so
7efc6ee33000-7efc6ee35000 rw-p 001c3000 08:01 266607                     /lib/x86_64-linux-gnu/libc-2.23.so
7efc6ee35000-7efc6ee39000 rw-p 00000000 00:00 0 
7efc6ee39000-7efc6ee3c000 r-xp 00000000 08:01 266631                     /lib/x86_64-linux-gnu/libdl-2.23.so
7efc6ee3c000-7efc6f03b000 ---p 00003000 08:01 266631                     /lib/x86_64-linux-gnu/libdl-2.23.so
7efc6f03b000-7efc6f03c000 r--p 00002000 08:01 266631                     /lib/x86_64-linux-gnu/libdl-2.23.so
7efc6f03c000-7efc6f03d000 rw-p 00003000 08:01 266631                     /lib/x86_64-linux-gnu/libdl-2.23.so
7efc6f03d000-7efc6f053000 r-xp 00000000 08:01 3933384                    /opt/jdk1.7.0_79/lib/amd64/jli/libjli.so
7efc6f053000-7efc6f253000 ---p 00016000 08:01 3933384                    /opt/jdk1.7.0_79/lib/amd64/jli/libjli.so
7efc6f253000-7efc6f254000 rw-p 00016000 08:01 3933384                    /opt/jdk1.7.0_79/lib/amd64/jli/libjli.so
7efc6f254000-7efc6f26c000 r-xp 00000000 08:01 266753                     /lib/x86_64-linux-gnu/libpthread-2.23.so
7efc6f26c000-7efc6f46b000 ---p 00018000 08:01 266753                     /lib/x86_64-linux-gnu/libpthread-2.23.so
7efc6f46b000-7efc6f46c000 r--p 00017000 08:01 266753                     /lib/x86_64-linux-gnu/libpthread-2.23.so
7efc6f46c000-7efc6f46d000 rw-p 00018000 08:01 266753                     /lib/x86_64-linux-gnu/libpthread-2.23.so
7efc6f46d000-7efc6f471000 rw-p 00000000 00:00 0 
7efc6f471000-7efc6f497000 r-xp 00000000 08:01 266579                     /lib/x86_64-linux-gnu/ld-2.23.so
7efc6f498000-7efc6f4c3000 rw-p 00000000 00:00 0 
7efc6f4c3000-7efc6f579000 rw-p 00000000 00:00 0 
7efc6f579000-7efc6f57c000 ---p 00000000 00:00 0 
7efc6f57c000-7efc6f67e000 rw-p 00000000 00:00 0 
7efc6f68a000-7efc6f692000 rw-s 00000000 08:01 17303383                   /tmp/hsperfdata_keshav/12620
7efc6f692000-7efc6f693000 rw-p 00000000 00:00 0 
7efc6f693000-7efc6f694000 r--p 00000000 00:00 0 
7efc6f694000-7efc6f696000 rw-p 00000000 00:00 0 
7efc6f696000-7efc6f697000 r--p 00025000 08:01 266579                     /lib/x86_64-linux-gnu/ld-2.23.so
7efc6f697000-7efc6f698000 rw-p 00026000 08:01 266579                     /lib/x86_64-linux-gnu/ld-2.23.so
7efc6f698000-7efc6f699000 rw-p 00000000 00:00 0 
7ffdce492000-7ffdce4b3000 rw-p 00000000 00:00 0                          [stack]
7ffdce54a000-7ffdce54c000 r--p 00000000 00:00 0                          [vvar]
7ffdce54c000-7ffdce54e000 r-xp 00000000 00:00 0                          [vdso]
ffffffffff600000-ffffffffff601000 r-xp 00000000 00:00 0                  [vsyscall]

VM Arguments:
jvm_args: -Djava.awt.headless=true -Xmx4g -Dfile.encoding=UTF-8 -Duser.country=IN -Duser.language=en -Duser.variant 
java_command: com.android.dx.command.Main --dex --force-jumbo --num-threads=4 --multi-dex --output /home/keshav/StudioMotif/Motif/app/build/intermediates/transforms/dex/debug/folders/1000/10/com.android.support-support-v4-23.4.0_c560c148d302303960ea62a3175ca9fbe4497029 /home/keshav/StudioMotif/Motif/app/build/intermediates/exploded-aar/com.android.support/support-v4/23.4.0/jars/classes.jar
Launcher Type: SUN_STANDARD

Environment Variables:
PATH=/usr/local/sbin:/usr/local/bin:/usr/sbin:/usr/bin:/sbin:/bin:/usr/games:/usr/local/games:/snap/bin
LD_LIBRARY_PATH=/opt/jdk1.7.0_79/jre/lib/amd64/server:/opt/jdk1.7.0_79/jre/lib/amd64:/opt/jdk1.7.0_79/jre/../lib/amd64:/usr/lib/jvm/java-6-oracle/jre/lib/amd64/server:/usr/lib/jvm/java-6-oracle/jre/lib/amd64:/usr/lib/jvm/java-6-oracle/jre/../lib/amd64:/opt/android-studio/bin:
SHELL=/bin/bash
DISPLAY=:0

Signal Handlers:
SIGSEGV: [libjvm.so+0x9a3bf0], sa_mask[0]=0x7ffbfeff, sa_flags=0x10000004
SIGBUS: [libjvm.so+0x9a3bf0], sa_mask[0]=0x7ffbfeff, sa_flags=0x10000004
SIGFPE: [libjvm.so+0x81cb60], sa_mask[0]=0x7ffbfeff, sa_flags=0x10000004
SIGPIPE: [libjvm.so+0x81cb60], sa_mask[0]=0x7ffbfeff, sa_flags=0x10000004
SIGXFSZ: [libjvm.so+0x81cb60], sa_mask[0]=0x7ffbfeff, sa_flags=0x10000004
SIGILL: [libjvm.so+0x81cb60], sa_mask[0]=0x7ffbfeff, sa_flags=0x10000004
SIGUSR1: SIG_DFL, sa_mask[0]=0x00000000, sa_flags=0x00000000
SIGUSR2: [libjvm.so+0x81e360], sa_mask[0]=0x00000004, sa_flags=0x10000004
SIGHUP: [libjvm.so+0x81f480], sa_mask[0]=0x7ffbfeff, sa_flags=0x10000004
SIGINT: [libjvm.so+0x81f480], sa_mask[0]=0x7ffbfeff, sa_flags=0x10000004
SIGTERM: [libjvm.so+0x81f480], sa_mask[0]=0x7ffbfeff, sa_flags=0x10000004
SIGQUIT: [libjvm.so+0x81f480], sa_mask[0]=0x7ffbfeff, sa_flags=0x10000004


---------------  S Y S T E M  ---------------

OS:stretch/sid

uname:Linux 4.4.0-24-generic #43-Ubuntu SMP Wed Jun 8 19:27:37 UTC 2016 x86_64
libc:glibc 2.23 NPTL 2.23 
rlimit: STACK 8192k, CORE 0k, NPROC 31425, NOFILE 65536, AS infinity
load average:14.34 7.00 4.64

/proc/meminfo:
MemTotal:        8083692 kB
MemFree:         1600244 kB
MemAvailable:    4002756 kB
Buffers:          393720 kB
Cached:          2251976 kB
SwapCached:            0 kB
Active:          5003076 kB
Inactive:        1046132 kB
Active(anon):    3413240 kB
Inactive(anon):   254100 kB
Active(file):    1589836 kB
Inactive(file):   792032 kB
Unevictable:          48 kB
Mlocked:              48 kB
SwapTotal:       4102140 kB
SwapFree:        4102140 kB
Dirty:             50652 kB
Writeback:             0 kB
AnonPages:       3403784 kB
Mapped:           474976 kB
Shmem:            263688 kB
Slab:             316576 kB
SReclaimable:     274060 kB
SUnreclaim:        42516 kB
KernelStack:       13008 kB
PageTables:        53684 kB
NFS_Unstable:          0 kB
Bounce:                0 kB
WritebackTmp:          0 kB
CommitLimit:     8143984 kB
Committed_AS:    9771212 kB
VmallocTotal:   34359738367 kB
VmallocUsed:           0 kB
VmallocChunk:          0 kB
HardwareCorrupted:     0 kB
AnonHugePages:   2338816 kB
CmaTotal:              0 kB
CmaFree:               0 kB
HugePages_Total:       0
HugePages_Free:        0
HugePages_Rsvd:        0
HugePages_Surp:        0
Hugepagesize:       2048 kB
DirectMap4k:      161408 kB
DirectMap2M:     8136704 kB


CPU:total 4 (2 cores per cpu, 2 threads per core) family 6 model 42 stepping 7, cmov, cx8, fxsr, mmx, sse, sse2, sse3, ssse3, sse4.1, sse4.2, popcnt, avx, ht, tsc, tscinvbit

/proc/cpuinfo:
processor	: 0
vendor_id	: GenuineIntel
cpu family	: 6
model		: 42
model name	: Intel(R) Core(TM) i3-2330M CPU @ 2.20GHz
stepping	: 7
microcode	: 0x29
cpu MHz		: 2200.000
cache size	: 3072 KB
physical id	: 0
siblings	: 4
core id		: 0
cpu cores	: 2
apicid		: 0
initial apicid	: 0
fpu		: yes
fpu_exception	: yes
cpuid level	: 13
wp		: yes
flags		: fpu vme de pse tsc msr pae mce cx8 apic sep mtrr pge mca cmov pat pse36 clflush dts acpi mmx fxsr sse sse2 ss ht tm pbe syscall nx rdtscp lm constant_tsc arch_perfmon pebs bts nopl xtopology nonstop_tsc aperfmperf eagerfpu pni pclmulqdq dtes64 monitor ds_cpl vmx est tm2 ssse3 cx16 xtpr pdcm pcid sse4_1 sse4_2 x2apic popcnt tsc_deadline_timer xsave avx lahf_lm epb tpr_shadow vnmi flexpriority ept vpid xsaveopt dtherm arat pln pts
bugs		:
bogomips	: 4390.31
clflush size	: 64
cache_alignment	: 64
address sizes	: 36 bits physical, 48 bits virtual
power management:

processor	: 1
vendor_id	: GenuineIntel
cpu family	: 6
model		: 42
model name	: Intel(R) Core(TM) i3-2330M CPU @ 2.20GHz
stepping	: 7
microcode	: 0x29
cpu MHz		: 2199.914
cache size	: 3072 KB
physical id	: 0
siblings	: 4
core id		: 0
cpu cores	: 2
apicid		: 1
initial apicid	: 1
fpu		: yes
fpu_exception	: yes
cpuid level	: 13
wp		: yes
flags		: fpu vme de pse tsc msr pae mce cx8 apic sep mtrr pge mca cmov pat pse36 clflush dts acpi mmx fxsr sse sse2 ss ht tm pbe syscall nx rdtscp lm constant_tsc arch_perfmon pebs bts nopl xtopology nonstop_tsc aperfmperf eagerfpu pni pclmulqdq dtes64 monitor ds_cpl vmx est tm2 ssse3 cx16 xtpr pdcm pcid sse4_1 sse4_2 x2apic popcnt tsc_deadline_timer xsave avx lahf_lm epb tpr_shadow vnmi flexpriority ept vpid xsaveopt dtherm arat pln pts
bugs		:
bogomips	: 4390.31
clflush size	: 64
cache_alignment	: 64
address sizes	: 36 bits physical, 48 bits virtual
power management:

processor	: 2
vendor_id	: GenuineIntel
cpu family	: 6
model		: 42
model name	: Intel(R) Core(TM) i3-2330M CPU @ 2.20GHz
stepping	: 7
microcode	: 0x29
cpu MHz		: 2199.914
cache size	: 3072 KB
physical id	: 0
siblings	: 4
core id		: 1
cpu cores	: 2
apicid		: 2
initial apicid	: 2
fpu		: yes
fpu_exception	: yes
cpuid level	: 13
wp		: yes
flags		: fpu vme de pse tsc msr pae mce cx8 apic sep mtrr pge mca cmov pat pse36 clflush dts acpi mmx fxsr sse sse2 ss ht tm pbe syscall nx rdtscp lm constant_tsc arch_perfmon pebs bts nopl xtopology nonstop_tsc aperfmperf eagerfpu pni pclmulqdq dtes64 monitor ds_cpl vmx est tm2 ssse3 cx16 xtpr pdcm pcid sse4_1 sse4_2 x2apic popcnt tsc_deadline_timer xsave avx lahf_lm epb tpr_shadow vnmi flexpriority ept vpid xsaveopt dtherm arat pln pts
bugs		:
bogomips	: 4390.31
clflush size	: 64
cache_alignment	: 64
address sizes	: 36 bits physical, 48 bits virtual
power management:

processor	: 3
vendor_id	: GenuineIntel
cpu family	: 6
model		: 42
model name	: Intel(R) Core(TM) i3-2330M CPU @ 2.20GHz
stepping	: 7
microcode	: 0x29
cpu MHz		: 2199.914
cache size	: 3072 KB
physical id	: 0
siblings	: 4
core id		: 1
cpu cores	: 2
apicid		: 3
initial apicid	: 3
fpu		: yes
fpu_exception	: yes
cpuid level	: 13
wp		: yes
flags		: fpu vme de pse tsc msr pae mce cx8 apic sep mtrr pge mca cmov pat pse36 clflush dts acpi mmx fxsr sse sse2 ss ht tm pbe syscall nx rdtscp lm constant_tsc arch_perfmon pebs bts nopl xtopology nonstop_tsc aperfmperf eagerfpu pni pclmulqdq dtes64 monitor ds_cpl vmx est tm2 ssse3 cx16 xtpr pdcm pcid sse4_1 sse4_2 x2apic popcnt tsc_deadline_timer xsave avx lahf_lm epb tpr_shadow vnmi flexpriority ept vpid xsaveopt dtherm arat pln pts
bugs		:
bogomips	: 4390.31
clflush size	: 64
cache_alignment	: 64
address sizes	: 36 bits physical, 48 bits virtual
power management:



Memory: 4k page, physical 8083692k(1599980k free), swap 4102140k(4102140k free)

vm_info: Java HotSpot(TM) 64-Bit Server VM (24.79-b02) for linux-amd64 JRE (1.7.0_79-b15), built on Apr 10 2015 11:34:48 by "java_re" with gcc 4.3.0 20080428 (Red Hat 4.3.0-8)

time: Wed Jun 15 12:40:38 2016
elapsed time: 9 seconds

