#
# A fatal error has been detected by the Java Runtime Environment:
#
#  SIGSEGV (0xb) at pc=0x00007f428ee2e890, pid=28166, tid=139923571304192
#
# JRE version: Java(TM) SE Runtime Environment (7.0_79-b15) (build 1.7.0_79-b15)
# Java VM: Java HotSpot(TM) 64-Bit Server VM (24.79-b02 mixed mode linux-amd64 compressed oops)
# Problematic frame:
# V  [libjvm.so+0x297890]  AddPNode::bottom_type() const+0x20
#
# Failed to write core dump. Core dumps have been disabled. To enable core dumping, try "ulimit -c unlimited" before starting Java again
#
# If you would like to submit a bug report, please visit:
#   http://bugreport.java.com/bugreport/crash.jsp
#

---------------  T H R E A D  ---------------

Current thread (0x00007f4288093000):  JavaThread "C2 CompilerThread0" daemon [_thread_in_native, id=28180, stack(0x00007f427eb36000,0x00007f427ec37000)]

siginfo:si_signo=SIGSEGV: si_errno=0, si_code=128 (), si_addr=0x0000000000000000

Registers:
RAX=0x00047f424c1659c0, RBX=0x00047f424c1659c0, RCX=0x0000000000000040, RDX=0x00007f427ec34f40
RSP=0x00007f427ec31f90, RBP=0x00007f427ec31fa0, RSI=0x0000000000000001, RDI=0x0000000000000010
R8 =0x0000000000000002, R9 =0x0000000000000000, R10=0x00007f42481b72e8, R11=0x00007f428f5009d0
R12=0x00007f42481ba190, R13=0x00007f42481ba310, R14=0x0000000000000001, R15=0x00007f427ec32b70
RIP=0x00007f428ee2e890, EFLAGS=0x0000000000010246, CSGSFS=0x0000000000000033, ERR=0x0000000000000000
  TRAPNO=0x000000000000000d

Top of Stack: (sp=0x00007f427ec31f90)
0x00007f427ec31f90:   00007f42481ba190 00007f427ec32b70
0x00007f427ec31fa0:   00007f427ec31fb0 00007f428f33d462
0x00007f427ec31fb0:   00007f427ec32000 00007f428f33ee0d
0x00007f427ec31fc0:   00007f42481b72e8 00007f424c1659c0
0x00007f427ec31fd0:   00007f427ec33558 00007f427ec32b70
0x00007f427ec31fe0:   00007f427ec32b70 00007f42481ba310
0x00007f427ec31ff0:   0000000000000001 00007f42481ba310
0x00007f427ec32000:   00007f427ec32070 00007f428f3466fd
0x00007f427ec32010:   00007f424c114f00 00007f424c114f70
0x00007f427ec32020:   00007f427ec32070 00007f428f38c031
0x00007f427ec32030:   00007f427ec334e0 00007f427ec34d10
0x00007f427ec32040:   000000084c114f68 00007f427ec32b70
0x00007f427ec32050:   00007f42481ba310 00007f427ec32b70
0x00007f427ec32060:   00007f42481ba310 00007f42481ba310
0x00007f427ec32070:   00007f427ec320b0 00007f428f40054c
0x00007f427ec32080:   00007f42484e0000 00007f427ec32b70
0x00007f427ec32090:   00007f427ec34d10 00007f42481ba310
0x00007f427ec320a0:   00007f424c114e98 0000000000000929
0x00007f427ec320b0:   00007f427ec32100 00007f428f3ffc0c
0x00007f427ec320c0:   00007f428f51afc0 00007f427ec33578
0x00007f427ec320d0:   00007f427ec33558 00007f427ec33fa0
0x00007f427ec320e0:   00007f427ec34d10 00007f427ec32b70
0x00007f427ec320f0:   00007f428f9b6d20 00007f427ec34000
0x00007f427ec32100:   00007f427ec340b0 00007f428efdcbfc
0x00007f427ec32110:   00007f424c336ad0 00007f4248009ef0
0x00007f427ec32120:   00007f428f9b6d20 00000000ffffffff
0x00007f427ec32130:   00007f427ec32160 00007f428f4ffe04
0x00007f427ec32140:   00007f4248212440 00007f424823dd80
0x00007f427ec32150:   00007f423802e8b0 00007f428f5b8ec0
0x00007f427ec32160:   00007f427ec321d0 00007f428f50438f
0x00007f427ec32170:   00000000ffffffff 0000000400000004
0x00007f427ec32180:   00007f423802e848 00007f4248419f10 

Instructions: (pc=0x00007f428ee2e890)
0x00007f428ee2e870:   55 48 89 e5 41 54 49 89 fc 53 48 8b 47 08 48 8b
0x00007f428ee2e880:   78 10 48 85 ff 74 59 48 8b 07 ff 50 28 48 89 c3
0x00007f428ee2e890:   8b 40 10 83 e8 0d 83 f8 05 77 55 49 8b 44 24 08
0x00007f428ee2e8a0:   48 8b 78 18 48 8b 07 ff 50 28 48 89 c2 48 8b 05 

Register to memory mapping:

RAX=0x00047f424c1659c0 is an unknown value
RBX=0x00047f424c1659c0 is an unknown value
RCX=0x0000000000000040 is an unknown value
RDX=0x00007f427ec34f40 is pointing into the stack for thread: 0x00007f4288093000
RSP=0x00007f427ec31f90 is pointing into the stack for thread: 0x00007f4288093000
RBP=0x00007f427ec31fa0 is pointing into the stack for thread: 0x00007f4288093000
RSI=0x0000000000000001 is an unknown value
RDI=0x0000000000000010 is an unknown value
R8 =0x0000000000000002 is an unknown value
R9 =0x0000000000000000 is an unknown value
R10=0x00007f42481b72e8 is an unknown value
R11=0x00007f428f5009d0: <offset 0x9699d0> in /opt/jdk1.7.0_79/jre/lib/amd64/server/libjvm.so at 0x00007f428eb97000
R12=0x00007f42481ba190 is an unknown value
R13=0x00007f42481ba310 is an unknown value
R14=0x0000000000000001 is an unknown value
R15=0x00007f427ec32b70 is pointing into the stack for thread: 0x00007f4288093000


Stack: [0x00007f427eb36000,0x00007f427ec37000],  sp=0x00007f427ec31f90,  free space=1007k
Native frames: (J=compiled Java code, j=interpreted, Vv=VM code, C=native code)
V  [libjvm.so+0x297890]  AddPNode::bottom_type() const+0x20
V  [libjvm.so+0x7a6462]  MemNode::adr_type() const+0x12
V  [libjvm.so+0x7a7e0d]  MemNode::Ideal_common(PhaseGVN*, bool)+0x24d
V  [libjvm.so+0x7af6fd]  LoadNode::Ideal(PhaseGVN*, bool)+0x2d
V  [libjvm.so+0x86954c]  PhaseIterGVN::transform_old(Node*)+0x7c
V  [libjvm.so+0x868c0c]  PhaseIterGVN::optimize()+0x1bc
V  [libjvm.so+0x445bfc]  Compile::Optimize()+0x80c
V  [libjvm.so+0x447249]  Compile::Compile(ciEnv*, C2Compiler*, ciMethod*, int, bool, bool)+0x12f9
V  [libjvm.so+0x3b1b76]  C2Compiler::compile_method(ciEnv*, ciMethod*, int)+0x176
V  [libjvm.so+0x44ec6e]  CompileBroker::invoke_compiler_on_method(CompileTask*)+0x33e
V  [libjvm.so+0x44fa4d]  CompileBroker::compiler_thread_loop()+0x43d
V  [libjvm.so+0x95c11f]  JavaThread::thread_main_inner()+0xdf
V  [libjvm.so+0x95c225]  JavaThread::run()+0xf5
V  [libjvm.so+0x821ca8]  java_start(Thread*)+0x108


Current CompileTask:
C2:   1167  154             com.android.dx.ssa.Dominators::run (506 bytes)


---------------  P R O C E S S  ---------------

Java Threads: ( => current thread )
  0x00007f4288098800 JavaThread "Service Thread" daemon [_thread_blocked, id=28182, stack(0x00007f427e934000,0x00007f427ea35000)]
  0x00007f4288096000 JavaThread "C2 CompilerThread1" daemon [_thread_in_native, id=28181, stack(0x00007f427ea35000,0x00007f427eb36000)]
=>0x00007f4288093000 JavaThread "C2 CompilerThread0" daemon [_thread_in_native, id=28180, stack(0x00007f427eb36000,0x00007f427ec37000)]
  0x00007f4288091000 JavaThread "Signal Dispatcher" daemon [_thread_blocked, id=28179, stack(0x00007f427ec37000,0x00007f427ed38000)]
  0x00007f4288070000 JavaThread "Finalizer" daemon [_thread_blocked, id=28178, stack(0x00007f427f6f7000,0x00007f427f7f8000)]
  0x00007f428806e000 JavaThread "Reference Handler" daemon [_thread_blocked, id=28177, stack(0x00007f427f7f8000,0x00007f427f8f9000)]
  0x00007f428800a000 JavaThread "main" [_thread_in_Java, id=28171, stack(0x00007f429051a000,0x00007f429061b000)]

Other Threads:
  0x00007f4288069800 VMThread [stack: 0x00007f427f8f9000,0x00007f427f9fa000] [id=28176]
  0x00007f42880ab000 WatcherThread [stack: 0x00007f427e833000,0x00007f427e934000] [id=28183]

VM state:not at safepoint (normal execution)

VM Mutex/Monitor currently owned by a thread: None

Heap
 PSYoungGen      total 37376K, used 28684K [0x00000007aaa80000, 0x00000007ad400000, 0x0000000800000000)
  eden space 32256K, 88% used [0x00000007aaa80000,0x00000007ac683348,0x00000007aca00000)
  from space 5120K, 0% used [0x00000007acf00000,0x00000007acf00000,0x00000007ad400000)
  to   space 5120K, 0% used [0x00000007aca00000,0x00000007aca00000,0x00000007acf00000)
 ParOldGen       total 83968K, used 0K [0x0000000700000000, 0x0000000705200000, 0x00000007aaa80000)
  object space 83968K, 0% used [0x0000000700000000,0x0000000700000000,0x0000000705200000)
 PSPermGen       total 21504K, used 5806K [0x00000006fae00000, 0x00000006fc300000, 0x0000000700000000)
  object space 21504K, 27% used [0x00000006fae00000,0x00000006fb3abb20,0x00000006fc300000)

Card table byte_map: [0x00007f428cfc8000,0x00007f428d7f2000] byte_map_base: 0x00007f42897f1000

Polling page: 0x00007f4290634000

Code Cache  [0x00007f4285000000, 0x00007f4285270000, 0x00007f4288000000)
 total_blobs=396 nmethods=166 adapters=183 free_code_cache=48458Kb largest_free_block=49590080

Compilation events (10 events):
Event: 1.076 Thread 0x00007f4288096000 nmethod 161 0x00007f42850a3f50 code [0x00007f42850a40a0, 0x00007f42850a4178]
Event: 1.076 Thread 0x00007f4288096000  162             java.util.Arrays::equals (78 bytes)
Event: 1.080 Thread 0x00007f4288096000 nmethod 162 0x00007f42850a3950 code [0x00007f42850a3ac0, 0x00007f42850a3d38]
Event: 1.080 Thread 0x00007f4288096000  163             com.android.dx.rop.code.RegisterSpecSet::equals (106 bytes)
Event: 1.088 Thread 0x00007f4288096000 nmethod 163 0x00007f42850a6e90 code [0x00007f42850a6fe0, 0x00007f42850a73f8]
Event: 1.088 Thread 0x00007f4288096000  164             com.android.dx.ssa.NormalSsaInsn::mapSourceRegisters (48 bytes)
Event: 1.094 Thread 0x00007f4288096000 nmethod 164 0x00007f42850a6350 code [0x00007f42850a6500, 0x00007f42850a6908]
Event: 1.094 Thread 0x00007f4288096000  165             com.android.dx.util.FixedSizeList::equals (41 bytes)
Event: 1.098 Thread 0x00007f4288096000 nmethod 165 0x00007f42850a5250 code [0x00007f42850a53e0, 0x00007f42850a5738]
Event: 1.098 Thread 0x00007f4288096000  166             com.android.dx.ssa.SsaRenamer$BlockRenamer::process (191 bytes)

GC Heap History (0 events):
No events

Deoptimization events (10 events):
Event: 0.509 Thread 0x00007f4288149800 Uncommon trap: reason=null_check action=make_not_entrant pc=0x00007f428507c7a4 method=com.android.dx.rop.code.LocalItem.equals(Ljava/lang/Object;)Z @ 1
Event: 0.512 Thread 0x00007f4288143800 Uncommon trap: reason=class_check action=maybe_recompile pc=0x00007f4285076fe4 method=com.android.dx.ssa.NormalSsaInsn.accept(Lcom/android/dx/ssa/SsaInsn$Visitor;)V @ 9
Event: 1.104 Thread 0x00007f428800a000 Uncommon trap: reason=class_check action=maybe_recompile pc=0x00007f42850a565c method=com.android.dx.util.FixedSizeList.equals(Ljava/lang/Object;)Z @ 25
Event: 1.104 Thread 0x00007f428800a000 Uncommon trap: reason=class_check action=maybe_recompile pc=0x00007f42850a3c74 method=java.util.Arrays.equals([Ljava/lang/Object;[Ljava/lang/Object;)Z @ 62
Event: 1.104 Thread 0x00007f428800a000 Uncommon trap: reason=class_check action=maybe_recompile pc=0x00007f42850a565c method=com.android.dx.util.FixedSizeList.equals(Ljava/lang/Object;)Z @ 25
Event: 1.105 Thread 0x00007f428800a000 Uncommon trap: reason=class_check action=maybe_recompile pc=0x00007f42850a3c74 method=java.util.Arrays.equals([Ljava/lang/Object;[Ljava/lang/Object;)Z @ 62
Event: 1.105 Thread 0x00007f428800a000 Uncommon trap: reason=class_check action=maybe_recompile pc=0x00007f42850a565c method=com.android.dx.util.FixedSizeList.equals(Ljava/lang/Object;)Z @ 25
Event: 1.105 Thread 0x00007f428800a000 Uncommon trap: reason=class_check action=maybe_recompile pc=0x00007f42850a3c74 method=java.util.Arrays.equals([Ljava/lang/Object;[Ljava/lang/Object;)Z @ 62
Event: 1.105 Thread 0x00007f428800a000 Uncommon trap: reason=class_check action=maybe_recompile pc=0x00007f42850a565c method=com.android.dx.util.FixedSizeList.equals(Ljava/lang/Object;)Z @ 25
Event: 1.105 Thread 0x00007f428800a000 Uncommon trap: reason=class_check action=maybe_recompile pc=0x00007f42850a3c74 method=java.util.Arrays.equals([Ljava/lang/Object;[Ljava/lang/Object;)Z @ 62

Internal exceptions (10 events):
Event: 1.079 Thread 0x00007f428800a000 Threw 0x00000007ab145720 at /HUDSON/workspace/7u-2-build-linux-amd64/jdk7u79/2331/hotspot/src/share/vm/prims/jvm.cpp:1304
Event: 1.080 Thread 0x00007f428800a000 Threw 0x00000007ab147e10 at /HUDSON/workspace/7u-2-build-linux-amd64/jdk7u79/2331/hotspot/src/share/vm/prims/jvm.cpp:1304
Event: 1.081 Thread 0x00007f428800a000 Threw 0x00000007ab14cd00 at /HUDSON/workspace/7u-2-build-linux-amd64/jdk7u79/2331/hotspot/src/share/vm/prims/jvm.cpp:1304
Event: 1.082 Thread 0x00007f428800a000 Threw 0x00000007ab152f88 at /HUDSON/workspace/7u-2-build-linux-amd64/jdk7u79/2331/hotspot/src/share/vm/prims/jvm.cpp:1304
Event: 1.083 Thread 0x00007f428800a000 Threw 0x00000007ab157348 at /HUDSON/workspace/7u-2-build-linux-amd64/jdk7u79/2331/hotspot/src/share/vm/prims/jvm.cpp:1304
Event: 1.084 Thread 0x00007f428800a000 Threw 0x00000007ab15a3d0 at /HUDSON/workspace/7u-2-build-linux-amd64/jdk7u79/2331/hotspot/src/share/vm/prims/jvm.cpp:1304
Event: 1.084 Thread 0x00007f428800a000 Threw 0x00000007ab15d038 at /HUDSON/workspace/7u-2-build-linux-amd64/jdk7u79/2331/hotspot/src/share/vm/prims/jvm.cpp:1304
Event: 1.104 Thread 0x00007f428800a000 Threw 0x00000007ab16dc58 at /HUDSON/workspace/7u-2-build-linux-amd64/jdk7u79/2331/hotspot/src/share/vm/prims/jvm.cpp:1304
Event: 1.106 Thread 0x00007f428800a000 Threw 0x00000007ac5e45c0 at /HUDSON/workspace/7u-2-build-linux-amd64/jdk7u79/2331/hotspot/src/share/vm/prims/jvm.cpp:1304
Event: 1.107 Thread 0x00007f428800a000 Threw 0x00000007ac5e7468 at /HUDSON/workspace/7u-2-build-linux-amd64/jdk7u79/2331/hotspot/src/share/vm/prims/jvm.cpp:1304

Events (10 events):
Event: 1.105 Thread 0x00007f428800a000 Uncommon trap: trap_request=0xffffffde fr.pc=0x00007f42850a565c
Event: 1.105 Thread 0x00007f428800a000 DEOPT PACKING pc=0x00007f42850a565c sp=0x00007f4290619240
Event: 1.105 Thread 0x00007f428800a000 DEOPT UNPACKING pc=0x00007f4285039445 sp=0x00007f4290619210 mode 2
Event: 1.105 Thread 0x00007f428800a000 Uncommon trap: trap_request=0xffffffde fr.pc=0x00007f42850a3c74
Event: 1.105 Thread 0x00007f428800a000 DEOPT PACKING pc=0x00007f42850a3c74 sp=0x00007f42906191d0
Event: 1.105 Thread 0x00007f428800a000 DEOPT UNPACKING pc=0x00007f4285039445 sp=0x00007f4290619180 mode 2
Event: 1.106 loading class 0x00007f423001f390
Event: 1.106 loading class 0x00007f423001f390 done
Event: 1.107 loading class 0x00007f42880d7df0
Event: 1.107 loading class 0x00007f42880d7df0 done


Dynamic libraries:
00400000-00401000 r-xp 00000000 08:01 3932503                            /opt/jdk1.7.0_79/bin/java
00600000-00601000 rw-p 00000000 08:01 3932503                            /opt/jdk1.7.0_79/bin/java
01f71000-01f92000 rw-p 00000000 00:00 0                                  [heap]
6fae00000-6fc300000 rw-p 00000000 00:00 0 
6fc300000-700000000 rw-p 00000000 00:00 0 
700000000-705200000 rw-p 00000000 00:00 0 
705200000-7aaa80000 rw-p 00000000 00:00 0 
7aaa80000-7ad400000 rw-p 00000000 00:00 0 
7ad400000-800000000 rw-p 00000000 00:00 0 
7f4228000000-7f4228029000 rw-p 00000000 00:00 0 
7f4228029000-7f422c000000 ---p 00000000 00:00 0 
7f4230000000-7f4230023000 rw-p 00000000 00:00 0 
7f4230023000-7f4234000000 ---p 00000000 00:00 0 
7f4234000000-7f4234021000 rw-p 00000000 00:00 0 
7f4234021000-7f4238000000 ---p 00000000 00:00 0 
7f4238000000-7f4238050000 rw-p 00000000 00:00 0 
7f4238050000-7f423c000000 ---p 00000000 00:00 0 
7f423c000000-7f423c021000 rw-p 00000000 00:00 0 
7f423c021000-7f4240000000 ---p 00000000 00:00 0 
7f4240000000-7f4240021000 rw-p 00000000 00:00 0 
7f4240021000-7f4244000000 ---p 00000000 00:00 0 
7f4244000000-7f4244021000 rw-p 00000000 00:00 0 
7f4244021000-7f4248000000 ---p 00000000 00:00 0 
7f4248000000-7f42486ae000 rw-p 00000000 00:00 0 
7f42486ae000-7f424c000000 ---p 00000000 00:00 0 
7f424c000000-7f424c613000 rw-p 00000000 00:00 0 
7f424c613000-7f4250000000 ---p 00000000 00:00 0 
7f4250000000-7f4250021000 rw-p 00000000 00:00 0 
7f4250021000-7f4254000000 ---p 00000000 00:00 0 
7f4254000000-7f4254021000 rw-p 00000000 00:00 0 
7f4254021000-7f4258000000 ---p 00000000 00:00 0 
7f4258000000-7f4258021000 rw-p 00000000 00:00 0 
7f4258021000-7f425c000000 ---p 00000000 00:00 0 
7f425fd70000-7f4268000000 rw-p 00000000 00:00 0 
7f4268000000-7f4268021000 rw-p 00000000 00:00 0 
7f4268021000-7f426c000000 ---p 00000000 00:00 0 
7f426c000000-7f426c021000 rw-p 00000000 00:00 0 
7f426c021000-7f4270000000 ---p 00000000 00:00 0 
7f4270000000-7f4270021000 rw-p 00000000 00:00 0 
7f4270021000-7f4274000000 ---p 00000000 00:00 0 
7f4278000000-7f4278021000 rw-p 00000000 00:00 0 
7f4278021000-7f427c000000 ---p 00000000 00:00 0 
7f427da98000-7f427dc05000 rw-p 00000000 00:00 0 
7f427dc05000-7f427dc08000 ---p 00000000 00:00 0 
7f427dc08000-7f427dd06000 rw-p 00000000 00:00 0 
7f427dd06000-7f427dd09000 ---p 00000000 00:00 0 
7f427dd09000-7f427de07000 rw-p 00000000 00:00 0 
7f427de07000-7f427de0a000 ---p 00000000 00:00 0 
7f427de0a000-7f427df08000 rw-p 00000000 00:00 0 
7f427df08000-7f427df0b000 ---p 00000000 00:00 0 
7f427df0b000-7f427e009000 rw-p 00000000 00:00 0 
7f427e009000-7f427e00c000 ---p 00000000 00:00 0 
7f427e00c000-7f427e40b000 rw-p 00000000 00:00 0 
7f427e40b000-7f427e421000 r-xp 00000000 08:01 3932693                    /opt/jdk1.7.0_79/jre/lib/amd64/libnet.so
7f427e421000-7f427e621000 ---p 00016000 08:01 3932693                    /opt/jdk1.7.0_79/jre/lib/amd64/libnet.so
7f427e621000-7f427e622000 rw-p 00016000 08:01 3932693                    /opt/jdk1.7.0_79/jre/lib/amd64/libnet.so
7f427e622000-7f427e632000 r-xp 00000000 08:01 3932694                    /opt/jdk1.7.0_79/jre/lib/amd64/libnio.so
7f427e632000-7f427e832000 ---p 00010000 08:01 3932694                    /opt/jdk1.7.0_79/jre/lib/amd64/libnio.so
7f427e832000-7f427e833000 rw-p 00010000 08:01 3932694                    /opt/jdk1.7.0_79/jre/lib/amd64/libnio.so
7f427e833000-7f427e834000 ---p 00000000 00:00 0 
7f427e834000-7f427e934000 rw-p 00000000 00:00 0 
7f427e934000-7f427e937000 ---p 00000000 00:00 0 
7f427e937000-7f427ea35000 rw-p 00000000 00:00 0 
7f427ea35000-7f427ea38000 ---p 00000000 00:00 0 
7f427ea38000-7f427eb36000 rw-p 00000000 00:00 0 
7f427eb36000-7f427eb39000 ---p 00000000 00:00 0 
7f427eb39000-7f427ec37000 rw-p 00000000 00:00 0 
7f427ec37000-7f427ec3a000 ---p 00000000 00:00 0 
7f427ec3a000-7f427ed38000 rw-p 00000000 00:00 0 
7f427ed38000-7f427f6f7000 r--p 00000000 08:01 12065597                   /usr/lib/locale/locale-archive
7f427f6f7000-7f427f6fa000 ---p 00000000 00:00 0 
7f427f6fa000-7f427f7f8000 rw-p 00000000 00:00 0 
7f427f7f8000-7f427f7fb000 ---p 00000000 00:00 0 
7f427f7fb000-7f427f8f9000 rw-p 00000000 00:00 0 
7f427f8f9000-7f427f8fa000 ---p 00000000 00:00 0 
7f427f8fa000-7f4280000000 rw-p 00000000 00:00 0 
7f4280000000-7f4280021000 rw-p 00000000 00:00 0 
7f4280021000-7f4284000000 ---p 00000000 00:00 0 
7f42840d0000-7f4285000000 rw-p 00000000 00:00 0 
7f4285000000-7f4285270000 rwxp 00000000 00:00 0 
7f4285270000-7f428816c000 rw-p 00000000 00:00 0 
7f428816c000-7f428c000000 ---p 00000000 00:00 0 
7f428c05a000-7f428c069000 r--s 000df000 08:01 4064773                    /home/keshav/Android/Sdk/build-tools/23.0.3/lib/dx.jar
7f428c069000-7f428c33a000 rw-p 00000000 00:00 0 
7f428c33a000-7f428c4fa000 r--s 039f7000 08:01 3932950                    /opt/jdk1.7.0_79/jre/lib/rt.jar
7f428c4fa000-7f428c645000 rw-p 00000000 00:00 0 
7f428c645000-7f428c646000 ---p 00000000 00:00 0 
7f428c646000-7f428c746000 rw-p 00000000 00:00 0 
7f428c746000-7f428c747000 ---p 00000000 00:00 0 
7f428c747000-7f428c847000 rw-p 00000000 00:00 0 
7f428c847000-7f428c848000 ---p 00000000 00:00 0 
7f428c848000-7f428c948000 rw-p 00000000 00:00 0 
7f428c948000-7f428c949000 ---p 00000000 00:00 0 
7f428c949000-7f428ca54000 rw-p 00000000 00:00 0 
7f428ca54000-7f428ca72000 rw-p 00000000 00:00 0 
7f428ca72000-7f428ca9b000 rw-p 00000000 00:00 0 
7f428ca9b000-7f428cfc8000 rw-p 00000000 00:00 0 
7f428cfc8000-7f428cfd3000 rw-p 00000000 00:00 0 
7f428cfd3000-7f428cff1000 rw-p 00000000 00:00 0 
7f428cff1000-7f428d01a000 rw-p 00000000 00:00 0 
7f428d01a000-7f428d546000 rw-p 00000000 00:00 0 
7f428d546000-7f428d55b000 rw-p 00000000 00:00 0 
7f428d55b000-7f428d7f1000 rw-p 00000000 00:00 0 
7f428d7f1000-7f428d7f2000 rw-p 00000000 00:00 0 
7f428d7f2000-7f428d80c000 r-xp 00000000 08:01 3932705                    /opt/jdk1.7.0_79/jre/lib/amd64/libzip.so
7f428d80c000-7f428da0c000 ---p 0001a000 08:01 3932705                    /opt/jdk1.7.0_79/jre/lib/amd64/libzip.so
7f428da0c000-7f428da0d000 rw-p 0001a000 08:01 3932705                    /opt/jdk1.7.0_79/jre/lib/amd64/libzip.so
7f428da0d000-7f428da18000 r-xp 00000000 08:01 266706                     /lib/x86_64-linux-gnu/libnss_files-2.23.so
7f428da18000-7f428dc17000 ---p 0000b000 08:01 266706                     /lib/x86_64-linux-gnu/libnss_files-2.23.so
7f428dc17000-7f428dc18000 r--p 0000a000 08:01 266706                     /lib/x86_64-linux-gnu/libnss_files-2.23.so
7f428dc18000-7f428dc19000 rw-p 0000b000 08:01 266706                     /lib/x86_64-linux-gnu/libnss_files-2.23.so
7f428dc19000-7f428dc1f000 rw-p 00000000 00:00 0 
7f428dc1f000-7f428dc2a000 r-xp 00000000 08:01 266716                     /lib/x86_64-linux-gnu/libnss_nis-2.23.so
7f428dc2a000-7f428de29000 ---p 0000b000 08:01 266716                     /lib/x86_64-linux-gnu/libnss_nis-2.23.so
7f428de29000-7f428de2a000 r--p 0000a000 08:01 266716                     /lib/x86_64-linux-gnu/libnss_nis-2.23.so
7f428de2a000-7f428de2b000 rw-p 0000b000 08:01 266716                     /lib/x86_64-linux-gnu/libnss_nis-2.23.so
7f428de2b000-7f428de41000 r-xp 00000000 08:01 266700                     /lib/x86_64-linux-gnu/libnsl-2.23.so
7f428de41000-7f428e040000 ---p 00016000 08:01 266700                     /lib/x86_64-linux-gnu/libnsl-2.23.so
7f428e040000-7f428e041000 r--p 00015000 08:01 266700                     /lib/x86_64-linux-gnu/libnsl-2.23.so
7f428e041000-7f428e042000 rw-p 00016000 08:01 266700                     /lib/x86_64-linux-gnu/libnsl-2.23.so
7f428e042000-7f428e044000 rw-p 00000000 00:00 0 
7f428e044000-7f428e04c000 r-xp 00000000 08:01 266702                     /lib/x86_64-linux-gnu/libnss_compat-2.23.so
7f428e04c000-7f428e24b000 ---p 00008000 08:01 266702                     /lib/x86_64-linux-gnu/libnss_compat-2.23.so
7f428e24b000-7f428e24c000 r--p 00007000 08:01 266702                     /lib/x86_64-linux-gnu/libnss_compat-2.23.so
7f428e24c000-7f428e24d000 rw-p 00008000 08:01 266702                     /lib/x86_64-linux-gnu/libnss_compat-2.23.so
7f428e24d000-7f428e276000 r-xp 00000000 08:01 3932675                    /opt/jdk1.7.0_79/jre/lib/amd64/libjava.so
7f428e276000-7f428e476000 ---p 00029000 08:01 3932675                    /opt/jdk1.7.0_79/jre/lib/amd64/libjava.so
7f428e476000-7f428e478000 rw-p 00029000 08:01 3932675                    /opt/jdk1.7.0_79/jre/lib/amd64/libjava.so
7f428e478000-7f428e485000 r-xp 00000000 08:01 3932704                    /opt/jdk1.7.0_79/jre/lib/amd64/libverify.so
7f428e485000-7f428e684000 ---p 0000d000 08:01 3932704                    /opt/jdk1.7.0_79/jre/lib/amd64/libverify.so
7f428e684000-7f428e686000 rw-p 0000c000 08:01 3932704                    /opt/jdk1.7.0_79/jre/lib/amd64/libverify.so
7f428e686000-7f428e68d000 r-xp 00000000 08:01 266761                     /lib/x86_64-linux-gnu/librt-2.23.so
7f428e68d000-7f428e88c000 ---p 00007000 08:01 266761                     /lib/x86_64-linux-gnu/librt-2.23.so
7f428e88c000-7f428e88d000 r--p 00006000 08:01 266761                     /lib/x86_64-linux-gnu/librt-2.23.so
7f428e88d000-7f428e88e000 rw-p 00007000 08:01 266761                     /lib/x86_64-linux-gnu/librt-2.23.so
7f428e88e000-7f428e996000 r-xp 00000000 08:01 266677                     /lib/x86_64-linux-gnu/libm-2.23.so
7f428e996000-7f428eb95000 ---p 00108000 08:01 266677                     /lib/x86_64-linux-gnu/libm-2.23.so
7f428eb95000-7f428eb96000 r--p 00107000 08:01 266677                     /lib/x86_64-linux-gnu/libm-2.23.so
7f428eb96000-7f428eb97000 rw-p 00108000 08:01 266677                     /lib/x86_64-linux-gnu/libm-2.23.so
7f428eb97000-7f428f70c000 r-xp 00000000 08:01 3932709                    /opt/jdk1.7.0_79/jre/lib/amd64/server/libjvm.so
7f428f70c000-7f428f90c000 ---p 00b75000 08:01 3932709                    /opt/jdk1.7.0_79/jre/lib/amd64/server/libjvm.so
7f428f90c000-7f428f9d0000 rw-p 00b75000 08:01 3932709                    /opt/jdk1.7.0_79/jre/lib/amd64/server/libjvm.so
7f428f9d0000-7f428fa11000 rw-p 00000000 00:00 0 
7f428fa11000-7f428fbd1000 r-xp 00000000 08:01 266607                     /lib/x86_64-linux-gnu/libc-2.23.so
7f428fbd1000-7f428fdd0000 ---p 001c0000 08:01 266607                     /lib/x86_64-linux-gnu/libc-2.23.so
7f428fdd0000-7f428fdd4000 r--p 001bf000 08:01 266607                     /lib/x86_64-linux-gnu/libc-2.23.so
7f428fdd4000-7f428fdd6000 rw-p 001c3000 08:01 266607                     /lib/x86_64-linux-gnu/libc-2.23.so
7f428fdd6000-7f428fdda000 rw-p 00000000 00:00 0 
7f428fdda000-7f428fddd000 r-xp 00000000 08:01 266631                     /lib/x86_64-linux-gnu/libdl-2.23.so
7f428fddd000-7f428ffdc000 ---p 00003000 08:01 266631                     /lib/x86_64-linux-gnu/libdl-2.23.so
7f428ffdc000-7f428ffdd000 r--p 00002000 08:01 266631                     /lib/x86_64-linux-gnu/libdl-2.23.so
7f428ffdd000-7f428ffde000 rw-p 00003000 08:01 266631                     /lib/x86_64-linux-gnu/libdl-2.23.so
7f428ffde000-7f428fff4000 r-xp 00000000 08:01 3933384                    /opt/jdk1.7.0_79/lib/amd64/jli/libjli.so
7f428fff4000-7f42901f4000 ---p 00016000 08:01 3933384                    /opt/jdk1.7.0_79/lib/amd64/jli/libjli.so
7f42901f4000-7f42901f5000 rw-p 00016000 08:01 3933384                    /opt/jdk1.7.0_79/lib/amd64/jli/libjli.so
7f42901f5000-7f429020d000 r-xp 00000000 08:01 266753                     /lib/x86_64-linux-gnu/libpthread-2.23.so
7f429020d000-7f429040c000 ---p 00018000 08:01 266753                     /lib/x86_64-linux-gnu/libpthread-2.23.so
7f429040c000-7f429040d000 r--p 00017000 08:01 266753                     /lib/x86_64-linux-gnu/libpthread-2.23.so
7f429040d000-7f429040e000 rw-p 00018000 08:01 266753                     /lib/x86_64-linux-gnu/libpthread-2.23.so
7f429040e000-7f4290412000 rw-p 00000000 00:00 0 
7f4290412000-7f4290438000 r-xp 00000000 08:01 266579                     /lib/x86_64-linux-gnu/ld-2.23.so
7f4290439000-7f4290464000 rw-p 00000000 00:00 0 
7f4290464000-7f429051a000 rw-p 00000000 00:00 0 
7f429051a000-7f429051d000 ---p 00000000 00:00 0 
7f429051d000-7f429061f000 rw-p 00000000 00:00 0 
7f429062b000-7f4290633000 rw-s 00000000 08:01 17303501                   /tmp/hsperfdata_keshav/28166
7f4290633000-7f4290634000 rw-p 00000000 00:00 0 
7f4290634000-7f4290635000 r--p 00000000 00:00 0 
7f4290635000-7f4290637000 rw-p 00000000 00:00 0 
7f4290637000-7f4290638000 r--p 00025000 08:01 266579                     /lib/x86_64-linux-gnu/ld-2.23.so
7f4290638000-7f4290639000 rw-p 00026000 08:01 266579                     /lib/x86_64-linux-gnu/ld-2.23.so
7f4290639000-7f429063a000 rw-p 00000000 00:00 0 
7ffc5b8a3000-7ffc5b8c4000 rw-p 00000000 00:00 0                          [stack]
7ffc5b8fa000-7ffc5b8fc000 r--p 00000000 00:00 0                          [vvar]
7ffc5b8fc000-7ffc5b8fe000 r-xp 00000000 00:00 0                          [vdso]
ffffffffff600000-ffffffffff601000 r-xp 00000000 00:00 0                  [vsyscall]

VM Arguments:
jvm_args: -Djava.awt.headless=true -Xmx4g -Dfile.encoding=UTF-8 -Duser.country=IN -Duser.language=en -Duser.variant 
java_command: com.android.dx.command.Main --dex --force-jumbo --num-threads=4 --output /home/keshav/StudioMotif/Motif/app/build/intermediates/reload-dex/debug /home/keshav/StudioMotif/Motif/app/build/intermediates/reload-dex/debug/classes.jar
Launcher Type: SUN_STANDARD

Environment Variables:
PATH=/usr/local/sbin:/usr/local/bin:/usr/sbin:/usr/bin:/sbin:/bin:/usr/games:/usr/local/games:/snap/bin
LD_LIBRARY_PATH=/opt/jdk1.7.0_79/jre/lib/amd64/server:/opt/jdk1.7.0_79/jre/lib/amd64:/opt/jdk1.7.0_79/jre/../lib/amd64:/usr/lib/jvm/java-6-oracle/jre/lib/amd64/server:/usr/lib/jvm/java-6-oracle/jre/lib/amd64:/usr/lib/jvm/java-6-oracle/jre/../lib/amd64:/opt/android-studio/bin:
SHELL=/bin/bash
DISPLAY=:0

Signal Handlers:
SIGSEGV: [libjvm.so+0x9a3bf0], sa_mask[0]=0x7ffbfeff, sa_flags=0x10000004
SIGBUS: [libjvm.so+0x9a3bf0], sa_mask[0]=0x7ffbfeff, sa_flags=0x10000004
SIGFPE: [libjvm.so+0x81cb60], sa_mask[0]=0x7ffbfeff, sa_flags=0x10000004
SIGPIPE: [libjvm.so+0x81cb60], sa_mask[0]=0x7ffbfeff, sa_flags=0x10000004
SIGXFSZ: [libjvm.so+0x81cb60], sa_mask[0]=0x7ffbfeff, sa_flags=0x10000004
SIGILL: [libjvm.so+0x81cb60], sa_mask[0]=0x7ffbfeff, sa_flags=0x10000004
SIGUSR1: SIG_DFL, sa_mask[0]=0x00000000, sa_flags=0x00000000
SIGUSR2: [libjvm.so+0x81e360], sa_mask[0]=0x00000004, sa_flags=0x10000004
SIGHUP: [libjvm.so+0x81f480], sa_mask[0]=0x7ffbfeff, sa_flags=0x10000004
SIGINT: [libjvm.so+0x81f480], sa_mask[0]=0x7ffbfeff, sa_flags=0x10000004
SIGTERM: [libjvm.so+0x81f480], sa_mask[0]=0x7ffbfeff, sa_flags=0x10000004
SIGQUIT: [libjvm.so+0x81f480], sa_mask[0]=0x7ffbfeff, sa_flags=0x10000004


---------------  S Y S T E M  ---------------

OS:stretch/sid

uname:Linux 4.4.0-24-generic #43-Ubuntu SMP Wed Jun 8 19:27:37 UTC 2016 x86_64
libc:glibc 2.23 NPTL 2.23 
rlimit: STACK 8192k, CORE 0k, NPROC 31425, NOFILE 65536, AS infinity
load average:1.84 1.71 1.08

/proc/meminfo:
MemTotal:        8083692 kB
MemFree:          929180 kB
MemAvailable:    3125336 kB
Buffers:          238360 kB
Cached:          2285524 kB
SwapCached:          236 kB
Active:          4596356 kB
Inactive:        2068192 kB
Active(anon):    3450832 kB
Inactive(anon):  1085824 kB
Active(file):    1145524 kB
Inactive(file):   982368 kB
Unevictable:          48 kB
Mlocked:              48 kB
SwapTotal:       4102140 kB
SwapFree:        4100464 kB
Dirty:             11752 kB
Writeback:             0 kB
AnonPages:       4142868 kB
Mapped:           521172 kB
Shmem:            395916 kB
Slab:             366944 kB
SReclaimable:     321680 kB
SUnreclaim:        45264 kB
KernelStack:       12752 kB
PageTables:        57036 kB
NFS_Unstable:          0 kB
Bounce:                0 kB
WritebackTmp:          0 kB
CommitLimit:     8143984 kB
Committed_AS:   10229076 kB
VmallocTotal:   34359738367 kB
VmallocUsed:           0 kB
VmallocChunk:          0 kB
HardwareCorrupted:     0 kB
AnonHugePages:   2713600 kB
CmaTotal:              0 kB
CmaFree:               0 kB
HugePages_Total:       0
HugePages_Free:        0
HugePages_Rsvd:        0
HugePages_Surp:        0
Hugepagesize:       2048 kB
DirectMap4k:      202368 kB
DirectMap2M:     8095744 kB


CPU:total 4 (2 cores per cpu, 2 threads per core) family 6 model 42 stepping 7, cmov, cx8, fxsr, mmx, sse, sse2, sse3, ssse3, sse4.1, sse4.2, popcnt, avx, ht, tsc, tscinvbit

/proc/cpuinfo:
processor	: 0
vendor_id	: GenuineIntel
cpu family	: 6
model		: 42
model name	: Intel(R) Core(TM) i3-2330M CPU @ 2.20GHz
stepping	: 7
microcode	: 0x29
cpu MHz		: 2200.000
cache size	: 3072 KB
physical id	: 0
siblings	: 4
core id		: 0
cpu cores	: 2
apicid		: 0
initial apicid	: 0
fpu		: yes
fpu_exception	: yes
cpuid level	: 13
wp		: yes
flags		: fpu vme de pse tsc msr pae mce cx8 apic sep mtrr pge mca cmov pat pse36 clflush dts acpi mmx fxsr sse sse2 ss ht tm pbe syscall nx rdtscp lm constant_tsc arch_perfmon pebs bts nopl xtopology nonstop_tsc aperfmperf eagerfpu pni pclmulqdq dtes64 monitor ds_cpl vmx est tm2 ssse3 cx16 xtpr pdcm pcid sse4_1 sse4_2 x2apic popcnt tsc_deadline_timer xsave avx lahf_lm epb tpr_shadow vnmi flexpriority ept vpid xsaveopt dtherm arat pln pts
bugs		:
bogomips	: 4390.31
clflush size	: 64
cache_alignment	: 64
address sizes	: 36 bits physical, 48 bits virtual
power management:

processor	: 1
vendor_id	: GenuineIntel
cpu family	: 6
model		: 42
model name	: Intel(R) Core(TM) i3-2330M CPU @ 2.20GHz
stepping	: 7
microcode	: 0x29
cpu MHz		: 2200.000
cache size	: 3072 KB
physical id	: 0
siblings	: 4
core id		: 0
cpu cores	: 2
apicid		: 1
initial apicid	: 1
fpu		: yes
fpu_exception	: yes
cpuid level	: 13
wp		: yes
flags		: fpu vme de pse tsc msr pae mce cx8 apic sep mtrr pge mca cmov pat pse36 clflush dts acpi mmx fxsr sse sse2 ss ht tm pbe syscall nx rdtscp lm constant_tsc arch_perfmon pebs bts nopl xtopology nonstop_tsc aperfmperf eagerfpu pni pclmulqdq dtes64 monitor ds_cpl vmx est tm2 ssse3 cx16 xtpr pdcm pcid sse4_1 sse4_2 x2apic popcnt tsc_deadline_timer xsave avx lahf_lm epb tpr_shadow vnmi flexpriority ept vpid xsaveopt dtherm arat pln pts
bugs		:
bogomips	: 4390.31
clflush size	: 64
cache_alignment	: 64
address sizes	: 36 bits physical, 48 bits virtual
power management:

processor	: 2
vendor_id	: GenuineIntel
cpu family	: 6
model		: 42
model name	: Intel(R) Core(TM) i3-2330M CPU @ 2.20GHz
stepping	: 7
microcode	: 0x29
cpu MHz		: 2200.000
cache size	: 3072 KB
physical id	: 0
siblings	: 4
core id		: 1
cpu cores	: 2
apicid		: 2
initial apicid	: 2
fpu		: yes
fpu_exception	: yes
cpuid level	: 13
wp		: yes
flags		: fpu vme de pse tsc msr pae mce cx8 apic sep mtrr pge mca cmov pat pse36 clflush dts acpi mmx fxsr sse sse2 ss ht tm pbe syscall nx rdtscp lm constant_tsc arch_perfmon pebs bts nopl xtopology nonstop_tsc aperfmperf eagerfpu pni pclmulqdq dtes64 monitor ds_cpl vmx est tm2 ssse3 cx16 xtpr pdcm pcid sse4_1 sse4_2 x2apic popcnt tsc_deadline_timer xsave avx lahf_lm epb tpr_shadow vnmi flexpriority ept vpid xsaveopt dtherm arat pln pts
bugs		:
bogomips	: 4390.31
clflush size	: 64
cache_alignment	: 64
address sizes	: 36 bits physical, 48 bits virtual
power management:

processor	: 3
vendor_id	: GenuineIntel
cpu family	: 6
model		: 42
model name	: Intel(R) Core(TM) i3-2330M CPU @ 2.20GHz
stepping	: 7
microcode	: 0x29
cpu MHz		: 2199.914
cache size	: 3072 KB
physical id	: 0
siblings	: 4
core id		: 1
cpu cores	: 2
apicid		: 3
initial apicid	: 3
fpu		: yes
fpu_exception	: yes
cpuid level	: 13
wp		: yes
flags		: fpu vme de pse tsc msr pae mce cx8 apic sep mtrr pge mca cmov pat pse36 clflush dts acpi mmx fxsr sse sse2 ss ht tm pbe syscall nx rdtscp lm constant_tsc arch_perfmon pebs bts nopl xtopology nonstop_tsc aperfmperf eagerfpu pni pclmulqdq dtes64 monitor ds_cpl vmx est tm2 ssse3 cx16 xtpr pdcm pcid sse4_1 sse4_2 x2apic popcnt tsc_deadline_timer xsave avx lahf_lm epb tpr_shadow vnmi flexpriority ept vpid xsaveopt dtherm arat pln pts
bugs		:
bogomips	: 4390.31
clflush size	: 64
cache_alignment	: 64
address sizes	: 36 bits physical, 48 bits virtual
power management:



Memory: 4k page, physical 8083692k(929180k free), swap 4102140k(4100464k free)

vm_info: Java HotSpot(TM) 64-Bit Server VM (24.79-b02) for linux-amd64 JRE (1.7.0_79-b15), built on Apr 10 2015 11:34:48 by "java_re" with gcc 4.3.0 20080428 (Red Hat 4.3.0-8)

time: Wed Jun 15 19:34:50 2016
elapsed time: 1 seconds

