#
# A fatal error has been detected by the Java Runtime Environment:
#
#  SIGSEGV (0xb) at pc=0x00007f1538d17868, pid=17811, tid=139728781620992
#
# JRE version: Java(TM) SE Runtime Environment (7.0_79-b15) (build 1.7.0_79-b15)
# Java VM: Java HotSpot(TM) 64-Bit Server VM (24.79-b02 mixed mode linux-amd64 compressed oops)
# Problematic frame:
# V  [libjvm.so+0x50c868]  ConnectionGraph::compute_escape()+0x5c8
#
# Failed to write core dump. Core dumps have been disabled. To enable core dumping, try "ulimit -c unlimited" before starting Java again
#
# If you would like to submit a bug report, please visit:
#   http://bugreport.java.com/bugreport/crash.jsp
#

---------------  T H R E A D  ---------------

Current thread (0x00007f1534096000):  JavaThread "C2 CompilerThread1" daemon [_thread_in_native, id=17825, stack(0x00007f152454b000,0x00007f152464c000)]

siginfo:si_signo=SIGSEGV: si_errno=0, si_code=128 (), si_addr=0x0000000000000000

Registers:
RAX=0x00007f14f896ea00, RBX=0x000000000000031b, RCX=0x0000000000001000, RDX=0x000000000000031b
RSP=0x00007f1524647000, RBP=0x00007f1524647240, RSI=0x0000000000000020, RDI=0x00007f1524647180
R8 =0x0000000000000001, R9 =0x0000000000000001, R10=0x00007f14f896e9e0, R11=0x00007f153981a8f0
R12=0x00007f15046db598, R13=0x00047f14f85eccd8, R14=0x00007f15046db838, R15=0x00007f14f8898710
RIP=0x00007f1538d17868, EFLAGS=0x0000000000010287, CSGSFS=0xffff000000000033, ERR=0x0000000000000000
  TRAPNO=0x000000000000000d

Top of Stack: (sp=0x00007f1524647000)
0x00007f1524647000:   00007f1524647208 00007f15246471e0
0x00007f1524647010:   00007f15246470d0 00007f15246471c0
0x00007f1524647020:   00007f15246471a0 00007f1524647080
0x00007f1524647030:   00007f1524647180 00007f1524647160
0x00007f1524647040:   00007f1524647140 00007f1524647120
0x00007f1524647050:   00007f1524649f10 0000000500000004
0x00007f1524647060:   00007f14f88987d8 00007f14f8898790
0x00007f1524647070:   00007f14f88987b0 00000a1400002792
0x00007f1524647080:   0000000000000000 0000000000000000
0x00007f1524647090:   0000009500000197 0000000000000000
0x00007f15246470a0:   0000000000000000 00007f1524649f10
0x00007f15246470b0:   0000000000000000 00007f15391f91df
0x00007f15246470c0:   0b00000000000201 0000000000027910
0x00007f15246470d0:   00007f153401c550 00007f1400000004
0x00007f15246470e0:   00007f14f85320a0 0000000000000000
0x00007f15246470f0:   00007f1539611e10 00007f153401c550
0x00007f1524647100:   0000000000000002 00007f14f85320c0
0x00007f1524647110:   0000000000000000 0000000000000b00
0x00007f1524647120:   0000000200000000 0000000000000000
0x00007f1524647130:   00007f1504300000 00007f14f8532130
0x00007f1524647140:   0000000200000000 0000000000000000
0x00007f1524647150:   0000000000000000 00007f14f8532120
0x00007f1524647160:   0000000200000002 0000000000000000
0x00007f1524647170:   0000000000020000 00007f14f8532110
0x00007f1524647180:   0000000200000002 0000000000000000
0x00007f1524647190:   00007f1524640000 00007f14f8532100
0x00007f15246471a0:   0000000200000000 0000000000000000
0x00007f15246471b0:   00007f14f8b80000 00007f14f85320f0
0x00007f15246471c0:   0000000200000000 0000000000000000
0x00007f15246471d0:   0000000100000000 00007f14f85320e0
0x00007f15246471e0:   0000000200000000 0000000000000000
0x00007f15246471f0:   00007f14f8780000 00007f14f85320d0 

Instructions: (pc=0x00007f1538d17868)
0x00007f1538d17848:   87 b8 00 00 00 d3 e6 8b 08 89 ca 09 f2 85 f1 89
0x00007f1538d17858:   10 74 32 49 83 c4 08 4d 39 f4 73 5d 4d 8b 2c 24
0x00007f1538d17868:   41 8b 4d 28 89 c8 c1 e8 05 41 3b 87 b0 00 00 00
0x00007f1538d17878:   72 be 49 8b 87 a0 00 00 00 89 ce 48 8b bd 30 fe 

Register to memory mapping:

RAX=0x00007f14f896ea00 is an unknown value
RBX=0x000000000000031b is an unknown value
RCX=0x0000000000001000 is an unknown value
RDX=0x000000000000031b is an unknown value
RSP=0x00007f1524647000 is pointing into the stack for thread: 0x00007f1534096000
RBP=0x00007f1524647240 is pointing into the stack for thread: 0x00007f1534096000
RSI=0x0000000000000020 is an unknown value
RDI=0x00007f1524647180 is pointing into the stack for thread: 0x00007f1534096000
R8 =0x0000000000000001 is an unknown value
R9 =0x0000000000000001 is an unknown value
R10=0x00007f14f896e9e0 is an unknown value
R11=0x00007f153981a8f0: <offset 0x1958f0> in /lib/x86_64-linux-gnu/libc.so.6 at 0x00007f1539685000
R12=0x00007f15046db598 is an unknown value
R13=0x00047f14f85eccd8 is an unknown value
R14=0x00007f15046db838 is an unknown value
R15=0x00007f14f8898710 is an unknown value


Stack: [0x00007f152454b000,0x00007f152464c000],  sp=0x00007f1524647000,  free space=1008k
Native frames: (J=compiled Java code, j=interpreted, Vv=VM code, C=native code)
V  [libjvm.so+0x50c868]  ConnectionGraph::compute_escape()+0x5c8
V  [libjvm.so+0x50d839]  ConnectionGraph::do_analysis(Compile*, PhaseIterGVN*)+0x119
V  [libjvm.so+0x445bd2]  Compile::Optimize()+0x7e2
V  [libjvm.so+0x447249]  Compile::Compile(ciEnv*, C2Compiler*, ciMethod*, int, bool, bool)+0x12f9
V  [libjvm.so+0x3b1b76]  C2Compiler::compile_method(ciEnv*, ciMethod*, int)+0x176
V  [libjvm.so+0x44ec6e]  CompileBroker::invoke_compiler_on_method(CompileTask*)+0x33e
V  [libjvm.so+0x44fa4d]  CompileBroker::compiler_thread_loop()+0x43d
V  [libjvm.so+0x95c11f]  JavaThread::thread_main_inner()+0xdf
V  [libjvm.so+0x95c225]  JavaThread::run()+0xf5
V  [libjvm.so+0x821ca8]  java_start(Thread*)+0x108


Current CompileTask:
C2:   7872  196             com.android.dx.ssa.SCCP::run (298 bytes)


---------------  P R O C E S S  ---------------

Java Threads: ( => current thread )
  0x00007f1534152800 JavaThread "pool-3-thread-1" [_thread_blocked, id=17829, stack(0x00007f14f79e7000,0x00007f14f7ae8000)]
  0x00007f1534150800 JavaThread "pool-2-thread-1" [_thread_in_vm, id=17828, stack(0x00007f1524028000,0x00007f1524129000)]
  0x00007f1534098800 JavaThread "Service Thread" daemon [_thread_blocked, id=17826, stack(0x00007f152444a000,0x00007f152454b000)]
=>0x00007f1534096000 JavaThread "C2 CompilerThread1" daemon [_thread_in_native, id=17825, stack(0x00007f152454b000,0x00007f152464c000)]
  0x00007f1534093000 JavaThread "C2 CompilerThread0" daemon [_thread_in_native, id=17824, stack(0x00007f152464c000,0x00007f152474d000)]
  0x00007f1534091000 JavaThread "Signal Dispatcher" daemon [_thread_blocked, id=17823, stack(0x00007f152474d000,0x00007f152484e000)]
  0x00007f1534070000 JavaThread "Finalizer" daemon [_thread_blocked, id=17822, stack(0x00007f152520d000,0x00007f152530e000)]
  0x00007f153406e000 JavaThread "Reference Handler" daemon [_thread_blocked, id=17821, stack(0x00007f152530e000,0x00007f152540f000)]
  0x00007f153400a000 JavaThread "main" [_thread_blocked, id=17813, stack(0x00007f153a18e000,0x00007f153a28f000)]

Other Threads:
  0x00007f153406a000 VMThread [stack: 0x00007f152540f000,0x00007f1525510000] [id=17820]
  0x00007f15340a3000 WatcherThread [stack: 0x00007f1524349000,0x00007f152444a000] [id=17827]

VM state:not at safepoint (normal execution)

VM Mutex/Monitor currently owned by a thread: None

Heap
 PSYoungGen      total 69632K, used 7454K [0x00000007aaa80000, 0x00000007af380000, 0x0000000800000000)
  eden space 64512K, 3% used [0x00000007aaa80000,0x00000007aaccf3e8,0x00000007ae980000)
  from space 5120K, 99% used [0x00000007aee80000,0x00000007af378540,0x00000007af380000)
  to   space 5120K, 0% used [0x00000007ae980000,0x00000007ae980000,0x00000007aee80000)
 ParOldGen       total 83968K, used 4996K [0x0000000700000000, 0x0000000705200000, 0x00000007aaa80000)
  object space 83968K, 5% used [0x0000000700000000,0x00000007004e11d0,0x0000000705200000)
 PSPermGen       total 21504K, used 5829K [0x00000006fae00000, 0x00000006fc300000, 0x0000000700000000)
  object space 21504K, 27% used [0x00000006fae00000,0x00000006fb3b1440,0x00000006fc300000)

Card table byte_map: [0x00007f152fb50000,0x00007f153037a000] byte_map_base: 0x00007f152c379000

Polling page: 0x00007f153a2a8000

Code Cache  [0x00007f153037a000, 0x00007f15305ea000, 0x00007f153337a000)
 total_blobs=425 nmethods=195 adapters=183 free_code_cache=48254Kb largest_free_block=49384576

Compilation events (10 events):
Event: 7.190 Thread 0x00007f1534096000 nmethod 184 0x00007f153045afd0 code [0x00007f153045b420, 0x00007f153045d258]
Event: 7.190 Thread 0x00007f1534096000  192             com.android.dx.ssa.SsaMethod::bitSetFromLabelList (47 bytes)
Event: 7.289 Thread 0x00007f1534096000 nmethod 192 0x00007f1530448ed0 code [0x00007f1530449060, 0x00007f1530449508]
Event: 7.289 Thread 0x00007f1534096000  193             com.android.dx.util.FixedSizeList::getOrNull0 (7 bytes)
Event: 7.290 Thread 0x00007f1534096000 nmethod 193 0x00007f1530448c10 code [0x00007f1530448d60, 0x00007f1530448e18]
Event: 7.290 Thread 0x00007f1534096000  194             com.android.dx.rop.code.BasicBlockList::labelToBlock (46 bytes)
Event: 7.316 Thread 0x00007f1534096000 nmethod 194 0x00007f15304486d0 code [0x00007f1530448820, 0x00007f1530448998]
Event: 7.316 Thread 0x00007f1534096000  195             java.util.Collections$UnmodifiableCollection$1::next (10 bytes)
Event: 7.340 Thread 0x00007f1534096000 nmethod 195 0x00007f1530448090 code [0x00007f1530448200, 0x00007f15304483a8]
Event: 7.340 Thread 0x00007f1534096000  196             com.android.dx.ssa.SCCP::run (298 bytes)

GC Heap History (4 events):
Event: 4.075 GC heap before
{Heap before GC invocations=1 (full 0):
 PSYoungGen      total 37376K, used 32256K [0x00000007aaa80000, 0x00000007ad400000, 0x0000000800000000)
  eden space 32256K, 100% used [0x00000007aaa80000,0x00000007aca00000,0x00000007aca00000)
  from space 5120K, 0% used [0x00000007acf00000,0x00000007acf00000,0x00000007ad400000)
  to   space 5120K, 0% used [0x00000007aca00000,0x00000007aca00000,0x00000007acf00000)
 ParOldGen       total 83968K, used 0K [0x0000000700000000, 0x0000000705200000, 0x00000007aaa80000)
  object space 83968K, 0% used [0x0000000700000000,0x0000000700000000,0x0000000705200000)
 PSPermGen       total 21504K, used 5748K [0x00000006fae00000, 0x00000006fc300000, 0x0000000700000000)
  object space 21504K, 26% used [0x00000006fae00000,0x00000006fb39d368,0x00000006fc300000)
Event: 4.126 GC heap after
Heap after GC invocations=1 (full 0):
 PSYoungGen      total 37376K, used 5111K [0x00000007aaa80000, 0x00000007af380000, 0x0000000800000000)
  eden space 32256K, 0% used [0x00000007aaa80000,0x00000007aaa80000,0x00000007aca00000)
  from space 5120K, 99% used [0x00000007aca00000,0x00000007acefdc98,0x00000007acf00000)
  to   space 5120K, 0% used [0x00000007aee80000,0x00000007aee80000,0x00000007af380000)
 ParOldGen       total 83968K, used 1352K [0x0000000700000000, 0x0000000705200000, 0x00000007aaa80000)
  object space 83968K, 1% used [0x0000000700000000,0x00000007001523a0,0x0000000705200000)
 PSPermGen       total 21504K, used 5748K [0x00000006fae00000, 0x00000006fc300000, 0x0000000700000000)
  object space 21504K, 26% used [0x00000006fae00000,0x00000006fb39d368,0x00000006fc300000)
}
Event: 7.077 GC heap before
{Heap before GC invocations=2 (full 0):
 PSYoungGen      total 37376K, used 37367K [0x00000007aaa80000, 0x00000007af380000, 0x0000000800000000)
  eden space 32256K, 100% used [0x00000007aaa80000,0x00000007aca00000,0x00000007aca00000)
  from space 5120K, 99% used [0x00000007aca00000,0x00000007acefdc98,0x00000007acf00000)
  to   space 5120K, 0% used [0x00000007aee80000,0x00000007aee80000,0x00000007af380000)
 ParOldGen       total 83968K, used 1352K [0x0000000700000000, 0x0000000705200000, 0x00000007aaa80000)
  object space 83968K, 1% used [0x0000000700000000,0x00000007001523a0,0x0000000705200000)
 PSPermGen       total 21504K, used 5827K [0x00000006fae00000, 0x00000006fc300000, 0x0000000700000000)
  object space 21504K, 27% used [0x00000006fae00000,0x00000006fb3b0ed0,0x00000006fc300000)
Event: 7.144 GC heap after
Heap after GC invocations=2 (full 0):
 PSYoungGen      total 69632K, used 5089K [0x00000007aaa80000, 0x00000007af380000, 0x0000000800000000)
  eden space 64512K, 0% used [0x00000007aaa80000,0x00000007aaa80000,0x00000007ae980000)
  from space 5120K, 99% used [0x00000007aee80000,0x00000007af378540,0x00000007af380000)
  to   space 5120K, 0% used [0x00000007ae980000,0x00000007ae980000,0x00000007aee80000)
 ParOldGen       total 83968K, used 4996K [0x0000000700000000, 0x0000000705200000, 0x00000007aaa80000)
  object space 83968K, 5% used [0x0000000700000000,0x00000007004e11d0,0x0000000705200000)
 PSPermGen       total 21504K, used 5827K [0x00000006fae00000, 0x00000006fc300000, 0x0000000700000000)
  object space 21504K, 27% used [0x00000006fae00000,0x00000006fb3b0ed0,0x00000006fc300000)
}

Deoptimization events (6 events):
Event: 2.105 Thread 0x00007f153400a000 Uncommon trap: reason=class_check action=maybe_recompile pc=0x00007f15303f0b88 method=com.android.dx.ssa.NormalSsaInsn.accept(Lcom/android/dx/ssa/SsaInsn$Visitor;)V @ 9
Event: 2.107 Thread 0x00007f153400a000 Uncommon trap: reason=class_check action=maybe_recompile pc=0x00007f15303f0b88 method=com.android.dx.ssa.NormalSsaInsn.accept(Lcom/android/dx/ssa/SsaInsn$Visitor;)V @ 9
Event: 2.124 Thread 0x00007f153400a000 Uncommon trap: reason=class_check action=maybe_recompile pc=0x00007f15303f0b88 method=com.android.dx.ssa.NormalSsaInsn.accept(Lcom/android/dx/ssa/SsaInsn$Visitor;)V @ 9
Event: 2.169 Thread 0x00007f153400a000 Uncommon trap: reason=class_check action=maybe_recompile pc=0x00007f15303f0b88 method=com.android.dx.ssa.NormalSsaInsn.accept(Lcom/android/dx/ssa/SsaInsn$Visitor;)V @ 9
Event: 4.239 Thread 0x00007f1534155000 Uncommon trap: reason=null_check action=make_not_entrant pc=0x00007f153040d874 method=com.android.dx.ssa.SsaRenamer.getLocalForNewReg(I)Lcom/android/dx/rop/code/LocalItem; @ 19
Event: 4.239 Thread 0x00007f1534155000 Uncommon trap: reason=null_check action=make_not_entrant pc=0x00007f1530417624 method=com.android.dx.ssa.SsaRenamer.getLocalForNewReg(I)Lcom/android/dx/rop/code/LocalItem; @ 19

Internal exceptions (10 events):
Event: 1.646 Thread 0x00007f1534150800 Threw 0x00000007ab49fa18 at /HUDSON/workspace/7u-2-build-linux-amd64/jdk7u79/2331/hotspot/src/share/vm/prims/jvm.cpp:1304
Event: 1.672 Thread 0x00007f153400a000 Threw 0x00000007ab1ecf18 at /HUDSON/workspace/7u-2-build-linux-amd64/jdk7u79/2331/hotspot/src/share/vm/prims/jvm.cpp:1304
Event: 1.780 Thread 0x00007f1534156800 Threw 0x00000007ab54c950 at /HUDSON/workspace/7u-2-build-linux-amd64/jdk7u79/2331/hotspot/src/share/vm/prims/jvm.cpp:1304
Event: 1.958 Thread 0x00007f1534155000 Threw 0x00000007ab3eb548 at /HUDSON/workspace/7u-2-build-linux-amd64/jdk7u79/2331/hotspot/src/share/vm/prims/jvm.cpp:1304
Event: 4.049 Thread 0x00007f153400a000 Threw 0x00000007ac995368 at /HUDSON/workspace/7u-2-build-linux-amd64/jdk7u79/2331/hotspot/src/share/vm/prims/jvm.cpp:1304
Event: 4.051 Thread 0x00007f153400a000 Threw 0x00000007ac99f160 at /HUDSON/workspace/7u-2-build-linux-amd64/jdk7u79/2331/hotspot/src/share/vm/prims/jvm.cpp:1304
Event: 4.051 Thread 0x00007f153400a000 Threw 0x00000007ac9a1418 at /HUDSON/workspace/7u-2-build-linux-amd64/jdk7u79/2331/hotspot/src/share/vm/prims/jvm.cpp:1304
Event: 4.148 Thread 0x00007f1534155000 Implicit null exception at 0x00007f153040be1b to 0x00007f153040d859
Event: 4.239 Thread 0x00007f1534155000 Implicit null exception at 0x00007f1530415981 to 0x00007f15304175fd
Event: 4.981 Thread 0x00007f1534153800 Threw 0x00000007ab40d838 at /HUDSON/workspace/7u-2-build-linux-amd64/jdk7u79/2331/hotspot/src/share/vm/prims/jvm.cpp:1304

Events (10 events):
Event: 6.578 loading class 0x00007f1526715af0
Event: 6.578 loading class 0x00007f1526715af0 done
Event: 6.578 loading class 0x00007f1526715ac0
Event: 6.578 loading class 0x00007f1526715ac0 done
Event: 6.762 Thread 0x00007f1534153800 Thread exited: 0x00007f1534153800
Event: 6.811 Thread 0x00007f1534155000 Thread exited: 0x00007f1534155000
Event: 6.835 Thread 0x00007f1534156800 Thread exited: 0x00007f1534156800
Event: 7.077 Executing VM operation: ParallelGCFailedAllocation
Event: 7.144 Executing VM operation: ParallelGCFailedAllocation done
Event: 7.340 Thread 0x00007f1534096000 flushing nmethod 0x00007f15303f0810


Dynamic libraries:
00400000-00401000 r-xp 00000000 08:01 3932503                            /opt/jdk1.7.0_79/bin/java
00600000-00601000 rw-p 00000000 08:01 3932503                            /opt/jdk1.7.0_79/bin/java
025be000-025df000 rw-p 00000000 00:00 0                                  [heap]
6fae00000-6fc300000 rw-p 00000000 00:00 0 
6fc300000-700000000 rw-p 00000000 00:00 0 
700000000-705200000 rw-p 00000000 00:00 0 
705200000-7aaa80000 rw-p 00000000 00:00 0 
7aaa80000-7af380000 rw-p 00000000 00:00 0 
7af380000-800000000 rw-p 00000000 00:00 0 
7f14dc000000-7f14dc036000 rw-p 00000000 00:00 0 
7f14dc036000-7f14e0000000 ---p 00000000 00:00 0 
7f14e0000000-7f14e0021000 rw-p 00000000 00:00 0 
7f14e0021000-7f14e4000000 ---p 00000000 00:00 0 
7f14e4000000-7f14e4021000 rw-p 00000000 00:00 0 
7f14e4021000-7f14e8000000 ---p 00000000 00:00 0 
7f14e8000000-7f14e8028000 rw-p 00000000 00:00 0 
7f14e8028000-7f14ec000000 ---p 00000000 00:00 0 
7f14ec000000-7f14ec021000 rw-p 00000000 00:00 0 
7f14ec021000-7f14f0000000 ---p 00000000 00:00 0 
7f14f0000000-7f14f0021000 rw-p 00000000 00:00 0 
7f14f0021000-7f14f4000000 ---p 00000000 00:00 0 
7f14f76e4000-7f14f76e7000 ---p 00000000 00:00 0 
7f14f76e7000-7f14f77e5000 rw-p 00000000 00:00 0 
7f14f77e5000-7f14f77e8000 ---p 00000000 00:00 0 
7f14f77e8000-7f14f78e6000 rw-p 00000000 00:00 0 
7f14f78e6000-7f14f78e9000 ---p 00000000 00:00 0 
7f14f78e9000-7f14f79e7000 rw-p 00000000 00:00 0 
7f14f79e7000-7f14f79ea000 ---p 00000000 00:00 0 
7f14f79ea000-7f14f7de9000 rw-p 00000000 00:00 0 
7f14f7de9000-7f14f7dff000 r-xp 00000000 08:01 3932693                    /opt/jdk1.7.0_79/jre/lib/amd64/libnet.so
7f14f7dff000-7f14f7fff000 ---p 00016000 08:01 3932693                    /opt/jdk1.7.0_79/jre/lib/amd64/libnet.so
7f14f7fff000-7f14f8000000 rw-p 00016000 08:01 3932693                    /opt/jdk1.7.0_79/jre/lib/amd64/libnet.so
7f14f8000000-7f14f8cff000 rw-p 00000000 00:00 0 
7f14f8cff000-7f14fc000000 ---p 00000000 00:00 0 
7f14fc000000-7f14fc021000 rw-p 00000000 00:00 0 
7f14fc021000-7f1500000000 ---p 00000000 00:00 0 
7f1500000000-7f1500021000 rw-p 00000000 00:00 0 
7f1500021000-7f1504000000 ---p 00000000 00:00 0 
7f1504000000-7f150487a000 rw-p 00000000 00:00 0 
7f150487a000-7f1508000000 ---p 00000000 00:00 0 
7f1508000000-7f1508021000 rw-p 00000000 00:00 0 
7f1508021000-7f150c000000 ---p 00000000 00:00 0 
7f150c000000-7f150c021000 rw-p 00000000 00:00 0 
7f150c021000-7f1510000000 ---p 00000000 00:00 0 
7f1510000000-7f1510021000 rw-p 00000000 00:00 0 
7f1510021000-7f1514000000 ---p 00000000 00:00 0 
7f1514000000-7f1514021000 rw-p 00000000 00:00 0 
7f1514021000-7f1518000000 ---p 00000000 00:00 0 
7f1518000000-7f1518021000 rw-p 00000000 00:00 0 
7f1518021000-7f151c000000 ---p 00000000 00:00 0 
7f151c000000-7f151c021000 rw-p 00000000 00:00 0 
7f151c021000-7f1520000000 ---p 00000000 00:00 0 
7f1520000000-7f1520021000 rw-p 00000000 00:00 0 
7f1520021000-7f1524000000 ---p 00000000 00:00 0 
7f1524028000-7f152402b000 ---p 00000000 00:00 0 
7f152402b000-7f1524129000 rw-p 00000000 00:00 0 
7f1524129000-7f1524139000 r-xp 00000000 08:01 3932694                    /opt/jdk1.7.0_79/jre/lib/amd64/libnio.so
7f1524139000-7f1524339000 ---p 00010000 08:01 3932694                    /opt/jdk1.7.0_79/jre/lib/amd64/libnio.so
7f1524339000-7f152433a000 rw-p 00010000 08:01 3932694                    /opt/jdk1.7.0_79/jre/lib/amd64/libnio.so
7f152433a000-7f1524349000 r--s 000df000 08:01 4064773                    /home/keshav/Android/Sdk/build-tools/23.0.3/lib/dx.jar
7f1524349000-7f152434a000 ---p 00000000 00:00 0 
7f152434a000-7f152444a000 rw-p 00000000 00:00 0 
7f152444a000-7f152444d000 ---p 00000000 00:00 0 
7f152444d000-7f152454b000 rw-p 00000000 00:00 0 
7f152454b000-7f152454e000 ---p 00000000 00:00 0 
7f152454e000-7f152464c000 rw-p 00000000 00:00 0 
7f152464c000-7f152464f000 ---p 00000000 00:00 0 
7f152464f000-7f152474d000 rw-p 00000000 00:00 0 
7f152474d000-7f1524750000 ---p 00000000 00:00 0 
7f1524750000-7f152484e000 rw-p 00000000 00:00 0 
7f152484e000-7f152520d000 r--p 00000000 08:01 12065597                   /usr/lib/locale/locale-archive
7f152520d000-7f1525210000 ---p 00000000 00:00 0 
7f1525210000-7f152530e000 rw-p 00000000 00:00 0 
7f152530e000-7f1525311000 ---p 00000000 00:00 0 
7f1525311000-7f152540f000 rw-p 00000000 00:00 0 
7f152540f000-7f1525410000 ---p 00000000 00:00 0 
7f1525410000-7f15264ac000 rw-p 00000000 00:00 0 
7f15264ac000-7f152666c000 r--s 039f7000 08:01 3932950                    /opt/jdk1.7.0_79/jre/lib/rt.jar
7f152666c000-7f152f1f6000 rw-p 00000000 00:00 0 
7f152f1f6000-7f152f1f7000 ---p 00000000 00:00 0 
7f152f1f7000-7f152f2f7000 rw-p 00000000 00:00 0 
7f152f2f7000-7f152f2f8000 ---p 00000000 00:00 0 
7f152f2f8000-7f152f3f8000 rw-p 00000000 00:00 0 
7f152f3f8000-7f152f3f9000 ---p 00000000 00:00 0 
7f152f3f9000-7f152f4f9000 rw-p 00000000 00:00 0 
7f152f4f9000-7f152f4fa000 ---p 00000000 00:00 0 
7f152f4fa000-7f152f623000 rw-p 00000000 00:00 0 
7f152f623000-7f152fb50000 rw-p 00000000 00:00 0 
7f152fb50000-7f152fb5b000 rw-p 00000000 00:00 0 
7f152fb5b000-7f152fb79000 rw-p 00000000 00:00 0 
7f152fb79000-7f152fba2000 rw-p 00000000 00:00 0 
7f152fba2000-7f15300ce000 rw-p 00000000 00:00 0 
7f15300ce000-7f15300f3000 rw-p 00000000 00:00 0 
7f15300f3000-7f1530379000 rw-p 00000000 00:00 0 
7f1530379000-7f153037a000 rw-p 00000000 00:00 0 
7f153037a000-7f15305ea000 rwxp 00000000 00:00 0 
7f15305ea000-7f153337a000 rw-p 00000000 00:00 0 
7f153337a000-7f1533394000 r-xp 00000000 08:01 3932705                    /opt/jdk1.7.0_79/jre/lib/amd64/libzip.so
7f1533394000-7f1533594000 ---p 0001a000 08:01 3932705                    /opt/jdk1.7.0_79/jre/lib/amd64/libzip.so
7f1533594000-7f1533595000 rw-p 0001a000 08:01 3932705                    /opt/jdk1.7.0_79/jre/lib/amd64/libzip.so
7f1533595000-7f15335a0000 r-xp 00000000 08:01 266706                     /lib/x86_64-linux-gnu/libnss_files-2.23.so
7f15335a0000-7f153379f000 ---p 0000b000 08:01 266706                     /lib/x86_64-linux-gnu/libnss_files-2.23.so
7f153379f000-7f15337a0000 r--p 0000a000 08:01 266706                     /lib/x86_64-linux-gnu/libnss_files-2.23.so
7f15337a0000-7f15337a1000 rw-p 0000b000 08:01 266706                     /lib/x86_64-linux-gnu/libnss_files-2.23.so
7f15337a1000-7f15337a7000 rw-p 00000000 00:00 0 
7f15337a7000-7f15337b2000 r-xp 00000000 08:01 266716                     /lib/x86_64-linux-gnu/libnss_nis-2.23.so
7f15337b2000-7f15339b1000 ---p 0000b000 08:01 266716                     /lib/x86_64-linux-gnu/libnss_nis-2.23.so
7f15339b1000-7f15339b2000 r--p 0000a000 08:01 266716                     /lib/x86_64-linux-gnu/libnss_nis-2.23.so
7f15339b2000-7f15339b3000 rw-p 0000b000 08:01 266716                     /lib/x86_64-linux-gnu/libnss_nis-2.23.so
7f15339b3000-7f15339c9000 r-xp 00000000 08:01 266700                     /lib/x86_64-linux-gnu/libnsl-2.23.so
7f15339c9000-7f1533bc8000 ---p 00016000 08:01 266700                     /lib/x86_64-linux-gnu/libnsl-2.23.so
7f1533bc8000-7f1533bc9000 r--p 00015000 08:01 266700                     /lib/x86_64-linux-gnu/libnsl-2.23.so
7f1533bc9000-7f1533bca000 rw-p 00016000 08:01 266700                     /lib/x86_64-linux-gnu/libnsl-2.23.so
7f1533bca000-7f1533bcc000 rw-p 00000000 00:00 0 
7f1533bcc000-7f1533bd4000 r-xp 00000000 08:01 266702                     /lib/x86_64-linux-gnu/libnss_compat-2.23.so
7f1533bd4000-7f1533dd3000 ---p 00008000 08:01 266702                     /lib/x86_64-linux-gnu/libnss_compat-2.23.so
7f1533dd3000-7f1533dd4000 r--p 00007000 08:01 266702                     /lib/x86_64-linux-gnu/libnss_compat-2.23.so
7f1533dd4000-7f1533dd5000 rw-p 00008000 08:01 266702                     /lib/x86_64-linux-gnu/libnss_compat-2.23.so
7f1533dd5000-7f1533dfe000 r-xp 00000000 08:01 3932675                    /opt/jdk1.7.0_79/jre/lib/amd64/libjava.so
7f1533dfe000-7f1533ffe000 ---p 00029000 08:01 3932675                    /opt/jdk1.7.0_79/jre/lib/amd64/libjava.so
7f1533ffe000-7f1534000000 rw-p 00029000 08:01 3932675                    /opt/jdk1.7.0_79/jre/lib/amd64/libjava.so
7f1534000000-7f1534182000 rw-p 00000000 00:00 0 
7f1534182000-7f1538000000 ---p 00000000 00:00 0 
7f1538007000-7f15380ce000 rw-p 00000000 00:00 0 
7f15380ce000-7f15380ec000 rw-p 00000000 00:00 0 
7f15380ec000-7f15380f9000 r-xp 00000000 08:01 3932704                    /opt/jdk1.7.0_79/jre/lib/amd64/libverify.so
7f15380f9000-7f15382f8000 ---p 0000d000 08:01 3932704                    /opt/jdk1.7.0_79/jre/lib/amd64/libverify.so
7f15382f8000-7f15382fa000 rw-p 0000c000 08:01 3932704                    /opt/jdk1.7.0_79/jre/lib/amd64/libverify.so
7f15382fa000-7f1538301000 r-xp 00000000 08:01 266761                     /lib/x86_64-linux-gnu/librt-2.23.so
7f1538301000-7f1538500000 ---p 00007000 08:01 266761                     /lib/x86_64-linux-gnu/librt-2.23.so
7f1538500000-7f1538501000 r--p 00006000 08:01 266761                     /lib/x86_64-linux-gnu/librt-2.23.so
7f1538501000-7f1538502000 rw-p 00007000 08:01 266761                     /lib/x86_64-linux-gnu/librt-2.23.so
7f1538502000-7f153860a000 r-xp 00000000 08:01 266677                     /lib/x86_64-linux-gnu/libm-2.23.so
7f153860a000-7f1538809000 ---p 00108000 08:01 266677                     /lib/x86_64-linux-gnu/libm-2.23.so
7f1538809000-7f153880a000 r--p 00107000 08:01 266677                     /lib/x86_64-linux-gnu/libm-2.23.so
7f153880a000-7f153880b000 rw-p 00108000 08:01 266677                     /lib/x86_64-linux-gnu/libm-2.23.so
7f153880b000-7f1539380000 r-xp 00000000 08:01 3932709                    /opt/jdk1.7.0_79/jre/lib/amd64/server/libjvm.so
7f1539380000-7f1539580000 ---p 00b75000 08:01 3932709                    /opt/jdk1.7.0_79/jre/lib/amd64/server/libjvm.so
7f1539580000-7f1539644000 rw-p 00b75000 08:01 3932709                    /opt/jdk1.7.0_79/jre/lib/amd64/server/libjvm.so
7f1539644000-7f1539685000 rw-p 00000000 00:00 0 
7f1539685000-7f1539845000 r-xp 00000000 08:01 266607                     /lib/x86_64-linux-gnu/libc-2.23.so
7f1539845000-7f1539a44000 ---p 001c0000 08:01 266607                     /lib/x86_64-linux-gnu/libc-2.23.so
7f1539a44000-7f1539a48000 r--p 001bf000 08:01 266607                     /lib/x86_64-linux-gnu/libc-2.23.so
7f1539a48000-7f1539a4a000 rw-p 001c3000 08:01 266607                     /lib/x86_64-linux-gnu/libc-2.23.so
7f1539a4a000-7f1539a4e000 rw-p 00000000 00:00 0 
7f1539a4e000-7f1539a51000 r-xp 00000000 08:01 266631                     /lib/x86_64-linux-gnu/libdl-2.23.so
7f1539a51000-7f1539c50000 ---p 00003000 08:01 266631                     /lib/x86_64-linux-gnu/libdl-2.23.so
7f1539c50000-7f1539c51000 r--p 00002000 08:01 266631                     /lib/x86_64-linux-gnu/libdl-2.23.so
7f1539c51000-7f1539c52000 rw-p 00003000 08:01 266631                     /lib/x86_64-linux-gnu/libdl-2.23.so
7f1539c52000-7f1539c68000 r-xp 00000000 08:01 3933384                    /opt/jdk1.7.0_79/lib/amd64/jli/libjli.so
7f1539c68000-7f1539e68000 ---p 00016000 08:01 3933384                    /opt/jdk1.7.0_79/lib/amd64/jli/libjli.so
7f1539e68000-7f1539e69000 rw-p 00016000 08:01 3933384                    /opt/jdk1.7.0_79/lib/amd64/jli/libjli.so
7f1539e69000-7f1539e81000 r-xp 00000000 08:01 266753                     /lib/x86_64-linux-gnu/libpthread-2.23.so
7f1539e81000-7f153a080000 ---p 00018000 08:01 266753                     /lib/x86_64-linux-gnu/libpthread-2.23.so
7f153a080000-7f153a081000 r--p 00017000 08:01 266753                     /lib/x86_64-linux-gnu/libpthread-2.23.so
7f153a081000-7f153a082000 rw-p 00018000 08:01 266753                     /lib/x86_64-linux-gnu/libpthread-2.23.so
7f153a082000-7f153a086000 rw-p 00000000 00:00 0 
7f153a086000-7f153a0ac000 r-xp 00000000 08:01 266579                     /lib/x86_64-linux-gnu/ld-2.23.so
7f153a0ad000-7f153a0d8000 rw-p 00000000 00:00 0 
7f153a0d8000-7f153a18e000 rw-p 00000000 00:00 0 
7f153a18e000-7f153a191000 ---p 00000000 00:00 0 
7f153a191000-7f153a293000 rw-p 00000000 00:00 0 
7f153a29f000-7f153a2a7000 rw-s 00000000 08:01 17303406                   /tmp/hsperfdata_keshav/17811
7f153a2a7000-7f153a2a8000 rw-p 00000000 00:00 0 
7f153a2a8000-7f153a2a9000 r--p 00000000 00:00 0 
7f153a2a9000-7f153a2ab000 rw-p 00000000 00:00 0 
7f153a2ab000-7f153a2ac000 r--p 00025000 08:01 266579                     /lib/x86_64-linux-gnu/ld-2.23.so
7f153a2ac000-7f153a2ad000 rw-p 00026000 08:01 266579                     /lib/x86_64-linux-gnu/ld-2.23.so
7f153a2ad000-7f153a2ae000 rw-p 00000000 00:00 0 
7ffc73903000-7ffc73924000 rw-p 00000000 00:00 0                          [stack]
7ffc739d8000-7ffc739da000 r--p 00000000 00:00 0                          [vvar]
7ffc739da000-7ffc739dc000 r-xp 00000000 00:00 0                          [vdso]
ffffffffff600000-ffffffffff601000 r-xp 00000000 00:00 0                  [vsyscall]

VM Arguments:
jvm_args: -Djava.awt.headless=true -Xmx4g -Dfile.encoding=UTF-8 -Duser.country=IN -Duser.language=en -Duser.variant 
java_command: com.android.dx.command.Main --dex --force-jumbo --num-threads=4 --multi-dex --output /home/keshav/StudioMotif/Motif/app/build/intermediates/transforms/dex/debug/folders/1000/10/android-async-http-1.4.9_15147e8ab1af3f7916fcab98f8a50b4f021d813f /home/keshav/.gradle/caches/modules-2/files-2.1/com.loopj.android/android-async-http/1.4.9/386a4339ffe52d5d63e80f9bed8d2b1d1a418249/android-async-http-1.4.9.jar
Launcher Type: SUN_STANDARD

Environment Variables:
PATH=/usr/local/sbin:/usr/local/bin:/usr/sbin:/usr/bin:/sbin:/bin:/usr/games:/usr/local/games:/snap/bin
LD_LIBRARY_PATH=/opt/jdk1.7.0_79/jre/lib/amd64/server:/opt/jdk1.7.0_79/jre/lib/amd64:/opt/jdk1.7.0_79/jre/../lib/amd64:/usr/lib/jvm/java-6-oracle/jre/lib/amd64/server:/usr/lib/jvm/java-6-oracle/jre/lib/amd64:/usr/lib/jvm/java-6-oracle/jre/../lib/amd64:/opt/android-studio/bin:
SHELL=/bin/bash
DISPLAY=:0

Signal Handlers:
SIGSEGV: [libjvm.so+0x9a3bf0], sa_mask[0]=0x7ffbfeff, sa_flags=0x10000004
SIGBUS: [libjvm.so+0x9a3bf0], sa_mask[0]=0x7ffbfeff, sa_flags=0x10000004
SIGFPE: [libjvm.so+0x81cb60], sa_mask[0]=0x7ffbfeff, sa_flags=0x10000004
SIGPIPE: [libjvm.so+0x81cb60], sa_mask[0]=0x7ffbfeff, sa_flags=0x10000004
SIGXFSZ: [libjvm.so+0x81cb60], sa_mask[0]=0x7ffbfeff, sa_flags=0x10000004
SIGILL: [libjvm.so+0x81cb60], sa_mask[0]=0x7ffbfeff, sa_flags=0x10000004
SIGUSR1: SIG_DFL, sa_mask[0]=0x00000000, sa_flags=0x00000000
SIGUSR2: [libjvm.so+0x81e360], sa_mask[0]=0x00000004, sa_flags=0x10000004
SIGHUP: [libjvm.so+0x81f480], sa_mask[0]=0x7ffbfeff, sa_flags=0x10000004
SIGINT: [libjvm.so+0x81f480], sa_mask[0]=0x7ffbfeff, sa_flags=0x10000004
SIGTERM: [libjvm.so+0x81f480], sa_mask[0]=0x7ffbfeff, sa_flags=0x10000004
SIGQUIT: [libjvm.so+0x81f480], sa_mask[0]=0x7ffbfeff, sa_flags=0x10000004


---------------  S Y S T E M  ---------------

OS:stretch/sid

uname:Linux 4.4.0-24-generic #43-Ubuntu SMP Wed Jun 8 19:27:37 UTC 2016 x86_64
libc:glibc 2.23 NPTL 2.23 
rlimit: STACK 8192k, CORE 0k, NPROC 31425, NOFILE 65536, AS infinity
load average:12.95 4.41 1.93

/proc/meminfo:
MemTotal:        8083692 kB
MemFree:         1514308 kB
MemAvailable:    3996176 kB
Buffers:          403196 kB
Cached:          2313328 kB
SwapCached:            0 kB
Active:          5082676 kB
Inactive:        1053768 kB
Active(anon):    3429784 kB
Inactive(anon):   247456 kB
Active(file):    1652892 kB
Inactive(file):   806312 kB
Unevictable:          48 kB
Mlocked:              48 kB
SwapTotal:       4102140 kB
SwapFree:        4102140 kB
Dirty:              5964 kB
Writeback:             0 kB
AnonPages:       3420284 kB
Mapped:           454200 kB
Shmem:            257016 kB
Slab:             318140 kB
SReclaimable:     276080 kB
SUnreclaim:        42060 kB
KernelStack:       12928 kB
PageTables:        51564 kB
NFS_Unstable:          0 kB
Bounce:                0 kB
WritebackTmp:          0 kB
CommitLimit:     8143984 kB
Committed_AS:    9597728 kB
VmallocTotal:   34359738367 kB
VmallocUsed:           0 kB
VmallocChunk:          0 kB
HardwareCorrupted:     0 kB
AnonHugePages:   2281472 kB
CmaTotal:              0 kB
CmaFree:               0 kB
HugePages_Total:       0
HugePages_Free:        0
HugePages_Rsvd:        0
HugePages_Surp:        0
Hugepagesize:       2048 kB
DirectMap4k:      165504 kB
DirectMap2M:     8132608 kB


CPU:total 4 (2 cores per cpu, 2 threads per core) family 6 model 42 stepping 7, cmov, cx8, fxsr, mmx, sse, sse2, sse3, ssse3, sse4.1, sse4.2, popcnt, avx, ht, tsc, tscinvbit

/proc/cpuinfo:
processor	: 0
vendor_id	: GenuineIntel
cpu family	: 6
model		: 42
model name	: Intel(R) Core(TM) i3-2330M CPU @ 2.20GHz
stepping	: 7
microcode	: 0x29
cpu MHz		: 2199.914
cache size	: 3072 KB
physical id	: 0
siblings	: 4
core id		: 0
cpu cores	: 2
apicid		: 0
initial apicid	: 0
fpu		: yes
fpu_exception	: yes
cpuid level	: 13
wp		: yes
flags		: fpu vme de pse tsc msr pae mce cx8 apic sep mtrr pge mca cmov pat pse36 clflush dts acpi mmx fxsr sse sse2 ss ht tm pbe syscall nx rdtscp lm constant_tsc arch_perfmon pebs bts nopl xtopology nonstop_tsc aperfmperf eagerfpu pni pclmulqdq dtes64 monitor ds_cpl vmx est tm2 ssse3 cx16 xtpr pdcm pcid sse4_1 sse4_2 x2apic popcnt tsc_deadline_timer xsave avx lahf_lm epb tpr_shadow vnmi flexpriority ept vpid xsaveopt dtherm arat pln pts
bugs		:
bogomips	: 4390.31
clflush size	: 64
cache_alignment	: 64
address sizes	: 36 bits physical, 48 bits virtual
power management:

processor	: 1
vendor_id	: GenuineIntel
cpu family	: 6
model		: 42
model name	: Intel(R) Core(TM) i3-2330M CPU @ 2.20GHz
stepping	: 7
microcode	: 0x29
cpu MHz		: 2200.000
cache size	: 3072 KB
physical id	: 0
siblings	: 4
core id		: 0
cpu cores	: 2
apicid		: 1
initial apicid	: 1
fpu		: yes
fpu_exception	: yes
cpuid level	: 13
wp		: yes
flags		: fpu vme de pse tsc msr pae mce cx8 apic sep mtrr pge mca cmov pat pse36 clflush dts acpi mmx fxsr sse sse2 ss ht tm pbe syscall nx rdtscp lm constant_tsc arch_perfmon pebs bts nopl xtopology nonstop_tsc aperfmperf eagerfpu pni pclmulqdq dtes64 monitor ds_cpl vmx est tm2 ssse3 cx16 xtpr pdcm pcid sse4_1 sse4_2 x2apic popcnt tsc_deadline_timer xsave avx lahf_lm epb tpr_shadow vnmi flexpriority ept vpid xsaveopt dtherm arat pln pts
bugs		:
bogomips	: 4390.31
clflush size	: 64
cache_alignment	: 64
address sizes	: 36 bits physical, 48 bits virtual
power management:

processor	: 2
vendor_id	: GenuineIntel
cpu family	: 6
model		: 42
model name	: Intel(R) Core(TM) i3-2330M CPU @ 2.20GHz
stepping	: 7
microcode	: 0x29
cpu MHz		: 2199.914
cache size	: 3072 KB
physical id	: 0
siblings	: 4
core id		: 1
cpu cores	: 2
apicid		: 2
initial apicid	: 2
fpu		: yes
fpu_exception	: yes
cpuid level	: 13
wp		: yes
flags		: fpu vme de pse tsc msr pae mce cx8 apic sep mtrr pge mca cmov pat pse36 clflush dts acpi mmx fxsr sse sse2 ss ht tm pbe syscall nx rdtscp lm constant_tsc arch_perfmon pebs bts nopl xtopology nonstop_tsc aperfmperf eagerfpu pni pclmulqdq dtes64 monitor ds_cpl vmx est tm2 ssse3 cx16 xtpr pdcm pcid sse4_1 sse4_2 x2apic popcnt tsc_deadline_timer xsave avx lahf_lm epb tpr_shadow vnmi flexpriority ept vpid xsaveopt dtherm arat pln pts
bugs		:
bogomips	: 4390.31
clflush size	: 64
cache_alignment	: 64
address sizes	: 36 bits physical, 48 bits virtual
power management:

processor	: 3
vendor_id	: GenuineIntel
cpu family	: 6
model		: 42
model name	: Intel(R) Core(TM) i3-2330M CPU @ 2.20GHz
stepping	: 7
microcode	: 0x29
cpu MHz		: 2199.914
cache size	: 3072 KB
physical id	: 0
siblings	: 4
core id		: 1
cpu cores	: 2
apicid		: 3
initial apicid	: 3
fpu		: yes
fpu_exception	: yes
cpuid level	: 13
wp		: yes
flags		: fpu vme de pse tsc msr pae mce cx8 apic sep mtrr pge mca cmov pat pse36 clflush dts acpi mmx fxsr sse sse2 ss ht tm pbe syscall nx rdtscp lm constant_tsc arch_perfmon pebs bts nopl xtopology nonstop_tsc aperfmperf eagerfpu pni pclmulqdq dtes64 monitor ds_cpl vmx est tm2 ssse3 cx16 xtpr pdcm pcid sse4_1 sse4_2 x2apic popcnt tsc_deadline_timer xsave avx lahf_lm epb tpr_shadow vnmi flexpriority ept vpid xsaveopt dtherm arat pln pts
bugs		:
bogomips	: 4390.31
clflush size	: 64
cache_alignment	: 64
address sizes	: 36 bits physical, 48 bits virtual
power management:



Memory: 4k page, physical 8083692k(1514308k free), swap 4102140k(4102140k free)

vm_info: Java HotSpot(TM) 64-Bit Server VM (24.79-b02) for linux-amd64 JRE (1.7.0_79-b15), built on Apr 10 2015 11:34:48 by "java_re" with gcc 4.3.0 20080428 (Red Hat 4.3.0-8)

time: Wed Jun 15 14:11:28 2016
elapsed time: 7 seconds

