#
# A fatal error has been detected by the Java Runtime Environment:
#
#  SIGSEGV (0xb) at pc=0x00007ff4c5e5fe59, pid=17711, tid=140688921687808
#
# JRE version: Java(TM) SE Runtime Environment (7.0_79-b15) (build 1.7.0_79-b15)
# Java VM: Java HotSpot(TM) 64-Bit Server VM (24.79-b02 mixed mode linux-amd64 compressed oops)
# Problematic frame:
# V  [libjvm.so+0x96ae59]  Type::meet(Type const*) const+0x9
#
# Failed to write core dump. Core dumps have been disabled. To enable core dumping, try "ulimit -c unlimited" before starting Java again
#
# If you would like to submit a bug report, please visit:
#   http://bugreport.java.com/bugreport/crash.jsp
#

---------------  T H R E A D  ---------------

Current thread (0x00007ff4c0096000):  JavaThread "C2 CompilerThread1" daemon [_thread_in_native, id=17726, stack(0x00007ff4b1237000,0x00007ff4b1338000)]

siginfo:si_signo=SIGSEGV: si_errno=0, si_code=128 (), si_addr=0x0000000000000000

Registers:
RAX=0x00007ff4c6358810, RBX=0x00007ff4c00e9eb0, RCX=0x0000000000000000, RDX=0x00000000000002f1
RSP=0x00007ff4b1332fa0, RBP=0x00007ff4b1332fb0, RSI=0x00007ff4c00e9eb0, RDI=0x00047ff48427cab8
R8 =0x00007ff48427cf50, R9 =0x00007ff48427cf50, R10=0x00007ff484178910, R11=0x00007ff4c5e5e9d0
R12=0x00007ff4b1333b70, R13=0x00007ff48417ceb0, R14=0x0000000000000001, R15=0x00007ff4b1333b70
RIP=0x00007ff4c5e5fe59, EFLAGS=0x0000000000010206, CSGSFS=0x0000000000000033, ERR=0x0000000000000000
  TRAPNO=0x000000000000000d

Top of Stack: (sp=0x00007ff4b1332fa0)
0x00007ff4b1332fa0:   00007ff4b1333b70 00007ff4c00e9eb0
0x00007ff4b1332fb0:   00007ff4b1332fd0 00007ff4c58aa991
0x00007ff4b1332fc0:   00007ff4b1332fd0 00007ff48417c130
0x00007ff4b1332fd0:   00007ff4b1333020 00007ff4c5c9ce89
0x00007ff4b1332fe0:   00007ff484178910 00007ff48427cf50
0x00007ff4b1332ff0:   0000000000000000 0000000000000001
0x00007ff4b1333000:   00007ff48417ceb0 00007ff48417ceb0
0x00007ff4b1333010:   0000000000000001 00007ff4b1333b70
0x00007ff4b1333020:   00007ff4b1333070 00007ff4c5ca8bf0
0x00007ff4b1333030:   00007ff4b1333b70 00007ff4847dd590
0x00007ff4b1333040:   000000ba00002381 00007ff4b1333b70
0x00007ff4b1333050:   00007ff48417ceb0 00007ff4b1333b70
0x00007ff4b1333060:   00007ff48417ceb0 00007ff48417ceb0
0x00007ff4b1333070:   00007ff4b13330b0 00007ff4c5d5e54c
0x00007ff4b1333080:   00007ff4b1334558 00007ff4b1333b70
0x00007ff4b1333090:   00007ff4b1335d10 00007ff48417ceb0
0x00007ff4b13330a0:   00007ff4840f7bc0 0000000000001571
0x00007ff4b13330b0:   00007ff4b1333100 00007ff4c5d5dc0c
0x00007ff4b13330c0:   00007ff4c5e78fc0 00007ff4b1334578
0x00007ff4b13330d0:   00007ff4b1334558 00007ff4b1335c40
0x00007ff4b13330e0:   00007ff4b1335d10 00007ff4b1333b70
0x00007ff4b13330f0:   00007ff4c6314d20 00007ff4b1335000
0x00007ff4b1333100:   00007ff4b13350b0 00007ff4c593a549
0x00007ff4b1333110:   00007ff4b13333b0 0000000000000002
0x00007ff4b1333120:   00007ff48450dda0 0000000000000010
0x00007ff4b1333130:   00007ff4b1333280 00007ff4c58bb658
0x00007ff4b1333140:   00007ff4b1335130 00007ff48450dda0
0x00007ff4b1333150:   0000000000000000 0000000000000000
0x00007ff4b1333160:   00007ff484513610 00007ff48450dec8
0x00007ff4b1333170:   0000000000000001 0000000400000004
0x00007ff4b1333180:   00007ff484513650 00007ff48450de50
0x00007ff4b1333190:   01007ff48450d9a0 00007ff4b1335d10 

Instructions: (pc=0x00007ff4c5e5fe59)
0x00007ff4c5e5fe39:   00 00 00 00 48 89 07 e8 5b df ff ff 48 83 c4 08
0x00007ff4c5e5fe49:   5b c9 c3 0f 1f 40 00 55 48 89 e5 53 48 83 ec 08
0x00007ff4c5e5fe59:   83 7f 10 06 74 11 48 8b 07 4c 8b 58 18 48 83 c4
0x00007ff4c5e5fe69:   08 5b c9 41 ff e3 90 83 7e 10 06 75 e9 48 8b 76 

Register to memory mapping:

RAX=0x00007ff4c6358810: <offset 0xe63810> in /opt/jdk1.7.0_79/jre/lib/amd64/server/libjvm.so at 0x00007ff4c54f5000
RBX=0x00007ff4c00e9eb0 is an unknown value
RCX=0x0000000000000000 is an unknown value
RDX=0x00000000000002f1 is an unknown value
RSP=0x00007ff4b1332fa0 is pointing into the stack for thread: 0x00007ff4c0096000
RBP=0x00007ff4b1332fb0 is pointing into the stack for thread: 0x00007ff4c0096000
RSI=0x00007ff4c00e9eb0 is an unknown value
RDI=0x00047ff48427cab8 is an unknown value
R8 =0x00007ff48427cf50 is an unknown value
R9 =0x00007ff48427cf50 is an unknown value
R10=0x00007ff484178910 is an unknown value
R11=0x00007ff4c5e5e9d0: <offset 0x9699d0> in /opt/jdk1.7.0_79/jre/lib/amd64/server/libjvm.so at 0x00007ff4c54f5000
R12=0x00007ff4b1333b70 is pointing into the stack for thread: 0x00007ff4c0096000
R13=0x00007ff48417ceb0 is an unknown value
R14=0x0000000000000001 is an unknown value
R15=0x00007ff4b1333b70 is pointing into the stack for thread: 0x00007ff4c0096000


Stack: [0x00007ff4b1237000,0x00007ff4b1338000],  sp=0x00007ff4b1332fa0,  free space=1007k
Native frames: (J=compiled Java code, j=interpreted, Vv=VM code, C=native code)
V  [libjvm.so+0x96ae59]  Type::meet(Type const*) const+0x9
V  [libjvm.so+0x3b5991]  Type::higher_equal(Type const*) const+0x11
V  [libjvm.so+0x7a7e89]  MemNode::Ideal_common(PhaseGVN*, bool)+0x2c9
V  [libjvm.so+0x7b3bf0]  StoreNode::Ideal(PhaseGVN*, bool)+0x30
V  [libjvm.so+0x86954c]  PhaseIterGVN::transform_old(Node*)+0x7c
V  [libjvm.so+0x868c0c]  PhaseIterGVN::optimize()+0x1bc
V  [libjvm.so+0x445549]  Compile::Optimize()+0x159
V  [libjvm.so+0x447249]  Compile::Compile(ciEnv*, C2Compiler*, ciMethod*, int, bool, bool)+0x12f9
V  [libjvm.so+0x3b1b76]  C2Compiler::compile_method(ciEnv*, ciMethod*, int)+0x176
V  [libjvm.so+0x44ec6e]  CompileBroker::invoke_compiler_on_method(CompileTask*)+0x33e
V  [libjvm.so+0x44fa4d]  CompileBroker::compiler_thread_loop()+0x43d
V  [libjvm.so+0x95c11f]  JavaThread::thread_main_inner()+0xdf
V  [libjvm.so+0x95c225]  JavaThread::run()+0xf5
V  [libjvm.so+0x821ca8]  java_start(Thread*)+0x108


Current CompileTask:
C2:   9258  227             com.android.dx.ssa.SCCP::run (298 bytes)


---------------  P R O C E S S  ---------------

Java Threads: ( => current thread )
  0x00007ff4c0149800 JavaThread "pool-2-thread-4" [_thread_blocked, id=17733, stack(0x00007ff4b03f8000,0x00007ff4b04f9000)]
  0x00007ff4c0148000 JavaThread "pool-2-thread-3" [_thread_blocked, id=17732, stack(0x00007ff4b04f9000,0x00007ff4b05fa000)]
  0x00007ff4c0146800 JavaThread "pool-2-thread-2" [_thread_in_Java, id=17731, stack(0x00007ff4b05fa000,0x00007ff4b06fb000)]
  0x00007ff4c0145800 JavaThread "pool-3-thread-1" [_thread_blocked, id=17730, stack(0x00007ff4b06fb000,0x00007ff4b07fc000)]
  0x00007ff4c0143800 JavaThread "pool-2-thread-1" [_thread_in_Java, id=17729, stack(0x00007ff4b07fc000,0x00007ff4b08fd000)]
  0x00007ff4c0098800 JavaThread "Service Thread" daemon [_thread_blocked, id=17727, stack(0x00007ff4b1136000,0x00007ff4b1237000)]
=>0x00007ff4c0096000 JavaThread "C2 CompilerThread1" daemon [_thread_in_native, id=17726, stack(0x00007ff4b1237000,0x00007ff4b1338000)]
  0x00007ff4c0093000 JavaThread "C2 CompilerThread0" daemon [_thread_in_native, id=17725, stack(0x00007ff4b1338000,0x00007ff4b1439000)]
  0x00007ff4c0091000 JavaThread "Signal Dispatcher" daemon [_thread_blocked, id=17724, stack(0x00007ff4b1439000,0x00007ff4b153a000)]
  0x00007ff4c0070000 JavaThread "Finalizer" daemon [_thread_blocked, id=17723, stack(0x00007ff4b1ef9000,0x00007ff4b1ffa000)]
  0x00007ff4c006e000 JavaThread "Reference Handler" daemon [_thread_blocked, id=17722, stack(0x00007ff4b1ffa000,0x00007ff4b20fb000)]
  0x00007ff4c000a000 JavaThread "main" [_thread_in_vm, id=17713, stack(0x00007ff4c6e78000,0x00007ff4c6f79000)]

Other Threads:
  0x00007ff4c0069800 VMThread [stack: 0x00007ff4b20fb000,0x00007ff4b21fc000] [id=17721]
  0x00007ff4c00a3000 WatcherThread [stack: 0x00007ff4b1035000,0x00007ff4b1136000] [id=17728]

VM state:not at safepoint (normal execution)

VM Mutex/Monitor currently owned by a thread: None

Heap
 PSYoungGen      total 69632K, used 42749K [0x00000007aaa80000, 0x00000007af380000, 0x0000000800000000)
  eden space 64512K, 58% used [0x00000007aaa80000,0x00000007acf41a78,0x00000007ae980000)
  from space 5120K, 99% used [0x00000007aee80000,0x00000007af37dc88,0x00000007af380000)
  to   space 5120K, 0% used [0x00000007ae980000,0x00000007ae980000,0x00000007aee80000)
 ParOldGen       total 83968K, used 5590K [0x0000000700000000, 0x0000000705200000, 0x00000007aaa80000)
  object space 83968K, 6% used [0x0000000700000000,0x00000007005758b0,0x0000000705200000)
 PSPermGen       total 21504K, used 5847K [0x00000006fae00000, 0x00000006fc300000, 0x0000000700000000)
  object space 21504K, 27% used [0x00000006fae00000,0x00000006fb3b5e10,0x00000006fc300000)

Card table byte_map: [0x00007ff4bc7d6000,0x00007ff4bd000000] byte_map_base: 0x00007ff4b8fff000

Polling page: 0x00007ff4c6f92000

Code Cache  [0x00007ff4bd000000, 0x00007ff4bd270000, 0x00007ff4c0000000)
 total_blobs=460 nmethods=230 adapters=183 free_code_cache=48180Kb largest_free_block=49307840

Compilation events (10 events):
Event: 8.719 Thread 0x00007ff4c0093000 nmethod 225 0x00007ff4bd0d5a10 code [0x00007ff4bd0d5b40, 0x00007ff4bd0d5b98]
Event: 8.719 Thread 0x00007ff4c0093000  226             com.android.dx.ssa.SsaMethod$2::addToUses (48 bytes)
Event: 8.757 Thread 0x00007ff4c0096000 nmethod 223 0x00007ff4bd0f6350 code [0x00007ff4bd0f65a0, 0x00007ff4bd0f6f00]
Event: 8.757 Thread 0x00007ff4c0096000  227             com.android.dx.ssa.SCCP::run (298 bytes)
Event: 8.921 Thread 0x00007ff4c0093000 nmethod 226 0x00007ff4bd0d5d10 code [0x00007ff4bd0d5f00, 0x00007ff4bd0d69a8]
Event: 8.921 Thread 0x00007ff4c0093000  228             com.android.dx.rop.cst.CstType::compareTo0 (25 bytes)
Event: 8.922 Thread 0x00007ff4c0093000 nmethod 228 0x00007ff4bd0f4610 code [0x00007ff4bd0f4760, 0x00007ff4bd0f4918]
Event: 8.922 Thread 0x00007ff4c0093000  229             com.android.dx.rop.cst.CstMemberRef::compareTo0 (49 bytes)
Event: 8.965 Thread 0x00007ff4c0093000 nmethod 229 0x00007ff4bd0d5150 code [0x00007ff4bd0d52c0, 0x00007ff4bd0d5618]
Event: 8.965 Thread 0x00007ff4c0093000  230             com.android.dx.ssa.SsaBasicBlock::newFromRop (183 bytes)

GC Heap History (4 events):
Event: 3.623 GC heap before
{Heap before GC invocations=1 (full 0):
 PSYoungGen      total 37376K, used 32256K [0x00000007aaa80000, 0x00000007ad400000, 0x0000000800000000)
  eden space 32256K, 100% used [0x00000007aaa80000,0x00000007aca00000,0x00000007aca00000)
  from space 5120K, 0% used [0x00000007acf00000,0x00000007acf00000,0x00000007ad400000)
  to   space 5120K, 0% used [0x00000007aca00000,0x00000007aca00000,0x00000007acf00000)
 ParOldGen       total 83968K, used 0K [0x0000000700000000, 0x0000000705200000, 0x00000007aaa80000)
  object space 83968K, 0% used [0x0000000700000000,0x0000000700000000,0x0000000705200000)
 PSPermGen       total 21504K, used 5703K [0x00000006fae00000, 0x00000006fc300000, 0x0000000700000000)
  object space 21504K, 26% used [0x00000006fae00000,0x00000006fb391e68,0x00000006fc300000)
Event: 3.672 GC heap after
Heap after GC invocations=1 (full 0):
 PSYoungGen      total 37376K, used 5109K [0x00000007aaa80000, 0x00000007af380000, 0x0000000800000000)
  eden space 32256K, 0% used [0x00000007aaa80000,0x00000007aaa80000,0x00000007aca00000)
  from space 5120K, 99% used [0x00000007aca00000,0x00000007acefd5e0,0x00000007acf00000)
  to   space 5120K, 0% used [0x00000007aee80000,0x00000007aee80000,0x00000007af380000)
 ParOldGen       total 83968K, used 1397K [0x0000000700000000, 0x0000000705200000, 0x00000007aaa80000)
  object space 83968K, 1% used [0x0000000700000000,0x000000070015d5d0,0x0000000705200000)
 PSPermGen       total 21504K, used 5703K [0x00000006fae00000, 0x00000006fc300000, 0x0000000700000000)
  object space 21504K, 26% used [0x00000006fae00000,0x00000006fb391e68,0x00000006fc300000)
}
Event: 5.887 GC heap before
{Heap before GC invocations=2 (full 0):
 PSYoungGen      total 37376K, used 37365K [0x00000007aaa80000, 0x00000007af380000, 0x0000000800000000)
  eden space 32256K, 100% used [0x00000007aaa80000,0x00000007aca00000,0x00000007aca00000)
  from space 5120K, 99% used [0x00000007aca00000,0x00000007acefd5e0,0x00000007acf00000)
  to   space 5120K, 0% used [0x00000007aee80000,0x00000007aee80000,0x00000007af380000)
 ParOldGen       total 83968K, used 1397K [0x0000000700000000, 0x0000000705200000, 0x00000007aaa80000)
  object space 83968K, 1% used [0x0000000700000000,0x000000070015d5d0,0x0000000705200000)
 PSPermGen       total 21504K, used 5810K [0x00000006fae00000, 0x00000006fc300000, 0x0000000700000000)
  object space 21504K, 27% used [0x00000006fae00000,0x00000006fb3ac890,0x00000006fc300000)
Event: 5.944 GC heap after
Heap after GC invocations=2 (full 0):
 PSYoungGen      total 69632K, used 5111K [0x00000007aaa80000, 0x00000007af380000, 0x0000000800000000)
  eden space 64512K, 0% used [0x00000007aaa80000,0x00000007aaa80000,0x00000007ae980000)
  from space 5120K, 99% used [0x00000007aee80000,0x00000007af37dc88,0x00000007af380000)
  to   space 5120K, 0% used [0x00000007ae980000,0x00000007ae980000,0x00000007aee80000)
 ParOldGen       total 83968K, used 5590K [0x0000000700000000, 0x0000000705200000, 0x00000007aaa80000)
  object space 83968K, 6% used [0x0000000700000000,0x00000007005758b0,0x0000000705200000)
 PSPermGen       total 21504K, used 5810K [0x00000006fae00000, 0x00000006fc300000, 0x0000000700000000)
  object space 21504K, 27% used [0x00000006fae00000,0x00000006fb3ac890,0x00000006fc300000)
}

Deoptimization events (8 events):
Event: 5.810 Thread 0x00007ff4c000a000 Uncommon trap: reason=unreached action=reinterpret pc=0x00007ff4bd0817d8 method=com.android.dx.rop.cst.Constant.compareTo(Lcom/android/dx/rop/cst/Constant;)I @ 12
Event: 6.242 Thread 0x00007ff4c0143800 Uncommon trap: reason=class_check action=maybe_recompile pc=0x00007ff4bd0b176c method=java.util.HashMap.put(Ljava/lang/Object;Ljava/lang/Object;)Ljava/lang/Object; @ 83
Event: 6.242 Thread 0x00007ff4c0143800 Uncommon trap: reason=class_check action=maybe_recompile pc=0x00007ff4bd0b176c method=java.util.HashMap.put(Ljava/lang/Object;Ljava/lang/Object;)Ljava/lang/Object; @ 83
Event: 6.346 Thread 0x00007ff4c000a000 Uncommon trap: reason=null_check action=make_not_entrant pc=0x00007ff4bd0ce47c method=com.android.dx.ssa.SsaRenamer.getLocalForNewReg(I)Lcom/android/dx/rop/code/LocalItem; @ 19
Event: 6.355 Thread 0x00007ff4c0149800 Uncommon trap: reason=class_check action=maybe_recompile pc=0x00007ff4bd0b176c method=java.util.HashMap.put(Ljava/lang/Object;Ljava/lang/Object;)Ljava/lang/Object; @ 83
Event: 6.355 Thread 0x00007ff4c0149800 Uncommon trap: reason=class_check action=maybe_recompile pc=0x00007ff4bd0b176c method=java.util.HashMap.put(Ljava/lang/Object;Ljava/lang/Object;)Ljava/lang/Object; @ 83
Event: 8.950 Thread 0x00007ff4c0148000 Uncommon trap: reason=unreached action=reinterpret pc=0x00007ff4bd0c6a94 method=com.android.dx.ssa.LocalVariableExtractor.processBlock(I)V @ 251
Event: 8.974 Thread 0x00007ff4c0148000 Uncommon trap: reason=unreached action=reinterpret pc=0x00007ff4bd0ddca0 method=com.android.dx.ssa.SCCP.simulateBranch(Lcom/android/dx/ssa/SsaInsn;)V @ 132

Internal exceptions (10 events):
Event: 1.788 Thread 0x00007ff4c0143800 Threw 0x00000007ab595b80 at /HUDSON/workspace/7u-2-build-linux-amd64/jdk7u79/2331/hotspot/src/share/vm/prims/jvm.cpp:1304
Event: 2.264 Thread 0x00007ff4c000a000 Threw 0x00000007abb51398 at /HUDSON/workspace/7u-2-build-linux-amd64/jdk7u79/2331/hotspot/src/share/vm/prims/jvm.cpp:1304
Event: 2.428 Thread 0x00007ff4c0143800 Threw 0x00000007abc52780 at /HUDSON/workspace/7u-2-build-linux-amd64/jdk7u79/2331/hotspot/src/share/vm/prims/jvm.cpp:1304
Event: 4.269 Thread 0x00007ff4c000a000 Threw 0x00000007ab382fc8 at /HUDSON/workspace/7u-2-build-linux-amd64/jdk7u79/2331/hotspot/src/share/vm/prims/jvm.cpp:1304
Event: 4.270 Thread 0x00007ff4c000a000 Threw 0x00000007ab3857d8 at /HUDSON/workspace/7u-2-build-linux-amd64/jdk7u79/2331/hotspot/src/share/vm/prims/jvm.cpp:1304
Event: 4.271 Thread 0x00007ff4c000a000 Threw 0x00000007ab388358 at /HUDSON/workspace/7u-2-build-linux-amd64/jdk7u79/2331/hotspot/src/share/vm/prims/jvm.cpp:1304
Event: 4.272 Thread 0x00007ff4c000a000 Threw 0x00000007ab38e108 at /HUDSON/workspace/7u-2-build-linux-amd64/jdk7u79/2331/hotspot/src/share/vm/prims/jvm.cpp:1304
Event: 6.259 Thread 0x00007ff4c000a000 Threw 0x00000007aaeb3498 at /HUDSON/workspace/7u-2-build-linux-amd64/jdk7u79/2331/hotspot/src/share/vm/prims/jvm.cpp:1304
Event: 6.290 Thread 0x00007ff4c0143800 Threw 0x00000007ab007280 at /HUDSON/workspace/7u-2-build-linux-amd64/jdk7u79/2331/hotspot/src/share/vm/prims/jvm.cpp:1304
Event: 6.346 Thread 0x00007ff4c000a000 Implicit null exception at 0x00007ff4bd0cc4e7 to 0x00007ff4bd0ce445

Events (10 events):
Event: 6.355 Thread 0x00007ff4c0149800 DEOPT UNPACKING pc=0x00007ff4bd039445 sp=0x00007ff4b04f6d88 mode 2
Event: 6.355 Thread 0x00007ff4c0149800 Uncommon trap: trap_request=0xffffffde fr.pc=0x00007ff4bd0b176c
Event: 6.355 Thread 0x00007ff4c0149800 DEOPT PACKING pc=0x00007ff4bd0b176c sp=0x00007ff4b04f6dc0
Event: 6.355 Thread 0x00007ff4c0149800 DEOPT UNPACKING pc=0x00007ff4bd039445 sp=0x00007ff4b04f6d88 mode 2
Event: 8.950 Thread 0x00007ff4c0148000 Uncommon trap: trap_request=0xffffffad fr.pc=0x00007ff4bd0c6a94
Event: 8.950 Thread 0x00007ff4c0148000 DEOPT PACKING pc=0x00007ff4bd0c6a94 sp=0x00007ff4b05f81f0
Event: 8.950 Thread 0x00007ff4c0148000 DEOPT UNPACKING pc=0x00007ff4bd039445 sp=0x00007ff4b05f81d0 mode 2
Event: 8.974 Thread 0x00007ff4c0148000 Uncommon trap: trap_request=0xffffffad fr.pc=0x00007ff4bd0ddca0
Event: 8.974 Thread 0x00007ff4c0148000 DEOPT PACKING pc=0x00007ff4bd0ddca0 sp=0x00007ff4b05f8130
Event: 8.974 Thread 0x00007ff4c0148000 DEOPT UNPACKING pc=0x00007ff4bd039445 sp=0x00007ff4b05f80f8 mode 2


Dynamic libraries:
00400000-00401000 r-xp 00000000 08:01 3932503                            /opt/jdk1.7.0_79/bin/java
00600000-00601000 rw-p 00000000 08:01 3932503                            /opt/jdk1.7.0_79/bin/java
00dde000-00dff000 rw-p 00000000 00:00 0                                  [heap]
6fae00000-6fc300000 rw-p 00000000 00:00 0 
6fc300000-700000000 rw-p 00000000 00:00 0 
700000000-705200000 rw-p 00000000 00:00 0 
705200000-7aaa80000 rw-p 00000000 00:00 0 
7aaa80000-7af380000 rw-p 00000000 00:00 0 
7af380000-800000000 rw-p 00000000 00:00 0 
7ff46c000000-7ff46c021000 rw-p 00000000 00:00 0 
7ff46c021000-7ff470000000 ---p 00000000 00:00 0 
7ff470000000-7ff470024000 rw-p 00000000 00:00 0 
7ff470024000-7ff474000000 ---p 00000000 00:00 0 
7ff474000000-7ff474035000 rw-p 00000000 00:00 0 
7ff474035000-7ff478000000 ---p 00000000 00:00 0 
7ff478000000-7ff478021000 rw-p 00000000 00:00 0 
7ff478021000-7ff47c000000 ---p 00000000 00:00 0 
7ff47c000000-7ff47c021000 rw-p 00000000 00:00 0 
7ff47c021000-7ff480000000 ---p 00000000 00:00 0 
7ff480000000-7ff480021000 rw-p 00000000 00:00 0 
7ff480021000-7ff484000000 ---p 00000000 00:00 0 
7ff484000000-7ff484c38000 rw-p 00000000 00:00 0 
7ff484c38000-7ff488000000 ---p 00000000 00:00 0 
7ff488000000-7ff488021000 rw-p 00000000 00:00 0 
7ff488021000-7ff48c000000 ---p 00000000 00:00 0 
7ff48c000000-7ff48c021000 rw-p 00000000 00:00 0 
7ff48c021000-7ff490000000 ---p 00000000 00:00 0 
7ff490000000-7ff490c98000 rw-p 00000000 00:00 0 
7ff490c98000-7ff494000000 ---p 00000000 00:00 0 
7ff494000000-7ff494021000 rw-p 00000000 00:00 0 
7ff494021000-7ff498000000 ---p 00000000 00:00 0 
7ff498000000-7ff498021000 rw-p 00000000 00:00 0 
7ff498021000-7ff49c000000 ---p 00000000 00:00 0 
7ff49c000000-7ff49c021000 rw-p 00000000 00:00 0 
7ff49c021000-7ff4a0000000 ---p 00000000 00:00 0 
7ff4a0000000-7ff4a0021000 rw-p 00000000 00:00 0 
7ff4a0021000-7ff4a4000000 ---p 00000000 00:00 0 
7ff4a4000000-7ff4a4021000 rw-p 00000000 00:00 0 
7ff4a4021000-7ff4a8000000 ---p 00000000 00:00 0 
7ff4a8000000-7ff4a8021000 rw-p 00000000 00:00 0 
7ff4a8021000-7ff4ac000000 ---p 00000000 00:00 0 
7ff4ac000000-7ff4ac021000 rw-p 00000000 00:00 0 
7ff4ac021000-7ff4b0000000 ---p 00000000 00:00 0 
7ff4b028b000-7ff4b03f8000 rw-p 00000000 00:00 0 
7ff4b03f8000-7ff4b03fb000 ---p 00000000 00:00 0 
7ff4b03fb000-7ff4b04f9000 rw-p 00000000 00:00 0 
7ff4b04f9000-7ff4b04fc000 ---p 00000000 00:00 0 
7ff4b04fc000-7ff4b05fa000 rw-p 00000000 00:00 0 
7ff4b05fa000-7ff4b05fd000 ---p 00000000 00:00 0 
7ff4b05fd000-7ff4b06fb000 rw-p 00000000 00:00 0 
7ff4b06fb000-7ff4b06fe000 ---p 00000000 00:00 0 
7ff4b06fe000-7ff4b07fc000 rw-p 00000000 00:00 0 
7ff4b07fc000-7ff4b07ff000 ---p 00000000 00:00 0 
7ff4b07ff000-7ff4b0bfe000 rw-p 00000000 00:00 0 
7ff4b0bfe000-7ff4b0c14000 r-xp 00000000 08:01 3932693                    /opt/jdk1.7.0_79/jre/lib/amd64/libnet.so
7ff4b0c14000-7ff4b0e14000 ---p 00016000 08:01 3932693                    /opt/jdk1.7.0_79/jre/lib/amd64/libnet.so
7ff4b0e14000-7ff4b0e15000 rw-p 00016000 08:01 3932693                    /opt/jdk1.7.0_79/jre/lib/amd64/libnet.so
7ff4b0e15000-7ff4b0e25000 r-xp 00000000 08:01 3932694                    /opt/jdk1.7.0_79/jre/lib/amd64/libnio.so
7ff4b0e25000-7ff4b1025000 ---p 00010000 08:01 3932694                    /opt/jdk1.7.0_79/jre/lib/amd64/libnio.so
7ff4b1025000-7ff4b1026000 rw-p 00010000 08:01 3932694                    /opt/jdk1.7.0_79/jre/lib/amd64/libnio.so
7ff4b1026000-7ff4b1035000 r--s 000df000 08:01 4064773                    /home/keshav/Android/Sdk/build-tools/23.0.3/lib/dx.jar
7ff4b1035000-7ff4b1036000 ---p 00000000 00:00 0 
7ff4b1036000-7ff4b1136000 rw-p 00000000 00:00 0 
7ff4b1136000-7ff4b1139000 ---p 00000000 00:00 0 
7ff4b1139000-7ff4b1237000 rw-p 00000000 00:00 0 
7ff4b1237000-7ff4b123a000 ---p 00000000 00:00 0 
7ff4b123a000-7ff4b1338000 rw-p 00000000 00:00 0 
7ff4b1338000-7ff4b133b000 ---p 00000000 00:00 0 
7ff4b133b000-7ff4b1439000 rw-p 00000000 00:00 0 
7ff4b1439000-7ff4b143c000 ---p 00000000 00:00 0 
7ff4b143c000-7ff4b153a000 rw-p 00000000 00:00 0 
7ff4b153a000-7ff4b1ef9000 r--p 00000000 08:01 12065597                   /usr/lib/locale/locale-archive
7ff4b1ef9000-7ff4b1efc000 ---p 00000000 00:00 0 
7ff4b1efc000-7ff4b1ffa000 rw-p 00000000 00:00 0 
7ff4b1ffa000-7ff4b1ffd000 ---p 00000000 00:00 0 
7ff4b1ffd000-7ff4b20fb000 rw-p 00000000 00:00 0 
7ff4b20fb000-7ff4b20fc000 ---p 00000000 00:00 0 
7ff4b20fc000-7ff4b31b9000 rw-p 00000000 00:00 0 
7ff4b31b9000-7ff4b3379000 r--s 039f7000 08:01 3932950                    /opt/jdk1.7.0_79/jre/lib/rt.jar
7ff4b3379000-7ff4bbf7d000 rw-p 00000000 00:00 0 
7ff4bbf7d000-7ff4bbf7e000 ---p 00000000 00:00 0 
7ff4bbf7e000-7ff4bc07e000 rw-p 00000000 00:00 0 
7ff4bc07e000-7ff4bc07f000 ---p 00000000 00:00 0 
7ff4bc07f000-7ff4bc17f000 rw-p 00000000 00:00 0 
7ff4bc17f000-7ff4bc180000 ---p 00000000 00:00 0 
7ff4bc180000-7ff4bc2a9000 rw-p 00000000 00:00 0 
7ff4bc2a9000-7ff4bc7d6000 rw-p 00000000 00:00 0 
7ff4bc7d6000-7ff4bc7e1000 rw-p 00000000 00:00 0 
7ff4bc7e1000-7ff4bc7ff000 rw-p 00000000 00:00 0 
7ff4bc7ff000-7ff4bc828000 rw-p 00000000 00:00 0 
7ff4bc828000-7ff4bcd54000 rw-p 00000000 00:00 0 
7ff4bcd54000-7ff4bcd79000 rw-p 00000000 00:00 0 
7ff4bcd79000-7ff4bcfff000 rw-p 00000000 00:00 0 
7ff4bcfff000-7ff4bd000000 rw-p 00000000 00:00 0 
7ff4bd000000-7ff4bd270000 rwxp 00000000 00:00 0 
7ff4bd270000-7ff4c0184000 rw-p 00000000 00:00 0 
7ff4c0184000-7ff4c4000000 ---p 00000000 00:00 0 
7ff4c4005000-7ff4c4026000 rw-p 00000000 00:00 0 
7ff4c4026000-7ff4c4027000 ---p 00000000 00:00 0 
7ff4c4027000-7ff4c4132000 rw-p 00000000 00:00 0 
7ff4c4132000-7ff4c4150000 rw-p 00000000 00:00 0 
7ff4c4150000-7ff4c416a000 r-xp 00000000 08:01 3932705                    /opt/jdk1.7.0_79/jre/lib/amd64/libzip.so
7ff4c416a000-7ff4c436a000 ---p 0001a000 08:01 3932705                    /opt/jdk1.7.0_79/jre/lib/amd64/libzip.so
7ff4c436a000-7ff4c436b000 rw-p 0001a000 08:01 3932705                    /opt/jdk1.7.0_79/jre/lib/amd64/libzip.so
7ff4c436b000-7ff4c4376000 r-xp 00000000 08:01 266706                     /lib/x86_64-linux-gnu/libnss_files-2.23.so
7ff4c4376000-7ff4c4575000 ---p 0000b000 08:01 266706                     /lib/x86_64-linux-gnu/libnss_files-2.23.so
7ff4c4575000-7ff4c4576000 r--p 0000a000 08:01 266706                     /lib/x86_64-linux-gnu/libnss_files-2.23.so
7ff4c4576000-7ff4c4577000 rw-p 0000b000 08:01 266706                     /lib/x86_64-linux-gnu/libnss_files-2.23.so
7ff4c4577000-7ff4c457d000 rw-p 00000000 00:00 0 
7ff4c457d000-7ff4c4588000 r-xp 00000000 08:01 266716                     /lib/x86_64-linux-gnu/libnss_nis-2.23.so
7ff4c4588000-7ff4c4787000 ---p 0000b000 08:01 266716                     /lib/x86_64-linux-gnu/libnss_nis-2.23.so
7ff4c4787000-7ff4c4788000 r--p 0000a000 08:01 266716                     /lib/x86_64-linux-gnu/libnss_nis-2.23.so
7ff4c4788000-7ff4c4789000 rw-p 0000b000 08:01 266716                     /lib/x86_64-linux-gnu/libnss_nis-2.23.so
7ff4c4789000-7ff4c479f000 r-xp 00000000 08:01 266700                     /lib/x86_64-linux-gnu/libnsl-2.23.so
7ff4c479f000-7ff4c499e000 ---p 00016000 08:01 266700                     /lib/x86_64-linux-gnu/libnsl-2.23.so
7ff4c499e000-7ff4c499f000 r--p 00015000 08:01 266700                     /lib/x86_64-linux-gnu/libnsl-2.23.so
7ff4c499f000-7ff4c49a0000 rw-p 00016000 08:01 266700                     /lib/x86_64-linux-gnu/libnsl-2.23.so
7ff4c49a0000-7ff4c49a2000 rw-p 00000000 00:00 0 
7ff4c49a2000-7ff4c49aa000 r-xp 00000000 08:01 266702                     /lib/x86_64-linux-gnu/libnss_compat-2.23.so
7ff4c49aa000-7ff4c4ba9000 ---p 00008000 08:01 266702                     /lib/x86_64-linux-gnu/libnss_compat-2.23.so
7ff4c4ba9000-7ff4c4baa000 r--p 00007000 08:01 266702                     /lib/x86_64-linux-gnu/libnss_compat-2.23.so
7ff4c4baa000-7ff4c4bab000 rw-p 00008000 08:01 266702                     /lib/x86_64-linux-gnu/libnss_compat-2.23.so
7ff4c4bab000-7ff4c4bd4000 r-xp 00000000 08:01 3932675                    /opt/jdk1.7.0_79/jre/lib/amd64/libjava.so
7ff4c4bd4000-7ff4c4dd4000 ---p 00029000 08:01 3932675                    /opt/jdk1.7.0_79/jre/lib/amd64/libjava.so
7ff4c4dd4000-7ff4c4dd6000 rw-p 00029000 08:01 3932675                    /opt/jdk1.7.0_79/jre/lib/amd64/libjava.so
7ff4c4dd6000-7ff4c4de3000 r-xp 00000000 08:01 3932704                    /opt/jdk1.7.0_79/jre/lib/amd64/libverify.so
7ff4c4de3000-7ff4c4fe2000 ---p 0000d000 08:01 3932704                    /opt/jdk1.7.0_79/jre/lib/amd64/libverify.so
7ff4c4fe2000-7ff4c4fe4000 rw-p 0000c000 08:01 3932704                    /opt/jdk1.7.0_79/jre/lib/amd64/libverify.so
7ff4c4fe4000-7ff4c4feb000 r-xp 00000000 08:01 266761                     /lib/x86_64-linux-gnu/librt-2.23.so
7ff4c4feb000-7ff4c51ea000 ---p 00007000 08:01 266761                     /lib/x86_64-linux-gnu/librt-2.23.so
7ff4c51ea000-7ff4c51eb000 r--p 00006000 08:01 266761                     /lib/x86_64-linux-gnu/librt-2.23.so
7ff4c51eb000-7ff4c51ec000 rw-p 00007000 08:01 266761                     /lib/x86_64-linux-gnu/librt-2.23.so
7ff4c51ec000-7ff4c52f4000 r-xp 00000000 08:01 266677                     /lib/x86_64-linux-gnu/libm-2.23.so
7ff4c52f4000-7ff4c54f3000 ---p 00108000 08:01 266677                     /lib/x86_64-linux-gnu/libm-2.23.so
7ff4c54f3000-7ff4c54f4000 r--p 00107000 08:01 266677                     /lib/x86_64-linux-gnu/libm-2.23.so
7ff4c54f4000-7ff4c54f5000 rw-p 00108000 08:01 266677                     /lib/x86_64-linux-gnu/libm-2.23.so
7ff4c54f5000-7ff4c606a000 r-xp 00000000 08:01 3932709                    /opt/jdk1.7.0_79/jre/lib/amd64/server/libjvm.so
7ff4c606a000-7ff4c626a000 ---p 00b75000 08:01 3932709                    /opt/jdk1.7.0_79/jre/lib/amd64/server/libjvm.so
7ff4c626a000-7ff4c632e000 rw-p 00b75000 08:01 3932709                    /opt/jdk1.7.0_79/jre/lib/amd64/server/libjvm.so
7ff4c632e000-7ff4c636f000 rw-p 00000000 00:00 0 
7ff4c636f000-7ff4c652f000 r-xp 00000000 08:01 266607                     /lib/x86_64-linux-gnu/libc-2.23.so
7ff4c652f000-7ff4c672e000 ---p 001c0000 08:01 266607                     /lib/x86_64-linux-gnu/libc-2.23.so
7ff4c672e000-7ff4c6732000 r--p 001bf000 08:01 266607                     /lib/x86_64-linux-gnu/libc-2.23.so
7ff4c6732000-7ff4c6734000 rw-p 001c3000 08:01 266607                     /lib/x86_64-linux-gnu/libc-2.23.so
7ff4c6734000-7ff4c6738000 rw-p 00000000 00:00 0 
7ff4c6738000-7ff4c673b000 r-xp 00000000 08:01 266631                     /lib/x86_64-linux-gnu/libdl-2.23.so
7ff4c673b000-7ff4c693a000 ---p 00003000 08:01 266631                     /lib/x86_64-linux-gnu/libdl-2.23.so
7ff4c693a000-7ff4c693b000 r--p 00002000 08:01 266631                     /lib/x86_64-linux-gnu/libdl-2.23.so
7ff4c693b000-7ff4c693c000 rw-p 00003000 08:01 266631                     /lib/x86_64-linux-gnu/libdl-2.23.so
7ff4c693c000-7ff4c6952000 r-xp 00000000 08:01 3933384                    /opt/jdk1.7.0_79/lib/amd64/jli/libjli.so
7ff4c6952000-7ff4c6b52000 ---p 00016000 08:01 3933384                    /opt/jdk1.7.0_79/lib/amd64/jli/libjli.so
7ff4c6b52000-7ff4c6b53000 rw-p 00016000 08:01 3933384                    /opt/jdk1.7.0_79/lib/amd64/jli/libjli.so
7ff4c6b53000-7ff4c6b6b000 r-xp 00000000 08:01 266753                     /lib/x86_64-linux-gnu/libpthread-2.23.so
7ff4c6b6b000-7ff4c6d6a000 ---p 00018000 08:01 266753                     /lib/x86_64-linux-gnu/libpthread-2.23.so
7ff4c6d6a000-7ff4c6d6b000 r--p 00017000 08:01 266753                     /lib/x86_64-linux-gnu/libpthread-2.23.so
7ff4c6d6b000-7ff4c6d6c000 rw-p 00018000 08:01 266753                     /lib/x86_64-linux-gnu/libpthread-2.23.so
7ff4c6d6c000-7ff4c6d70000 rw-p 00000000 00:00 0 
7ff4c6d70000-7ff4c6d96000 r-xp 00000000 08:01 266579                     /lib/x86_64-linux-gnu/ld-2.23.so
7ff4c6d97000-7ff4c6dc2000 rw-p 00000000 00:00 0 
7ff4c6dc2000-7ff4c6e78000 rw-p 00000000 00:00 0 
7ff4c6e78000-7ff4c6e7b000 ---p 00000000 00:00 0 
7ff4c6e7b000-7ff4c6f7d000 rw-p 00000000 00:00 0 
7ff4c6f81000-7ff4c6f89000 r--s 0004e000 08:01 4590764                    /home/keshav/StudioMotif/Motif/app/libs/httpclient-4.1.1.jar
7ff4c6f89000-7ff4c6f91000 rw-s 00000000 08:01 17303406                   /tmp/hsperfdata_keshav/17711
7ff4c6f91000-7ff4c6f92000 rw-p 00000000 00:00 0 
7ff4c6f92000-7ff4c6f93000 r--p 00000000 00:00 0 
7ff4c6f93000-7ff4c6f95000 rw-p 00000000 00:00 0 
7ff4c6f95000-7ff4c6f96000 r--p 00025000 08:01 266579                     /lib/x86_64-linux-gnu/ld-2.23.so
7ff4c6f96000-7ff4c6f97000 rw-p 00026000 08:01 266579                     /lib/x86_64-linux-gnu/ld-2.23.so
7ff4c6f97000-7ff4c6f98000 rw-p 00000000 00:00 0 
7ffea3883000-7ffea38a4000 rw-p 00000000 00:00 0                          [stack]
7ffea38ca000-7ffea38cc000 r--p 00000000 00:00 0                          [vvar]
7ffea38cc000-7ffea38ce000 r-xp 00000000 00:00 0                          [vdso]
ffffffffff600000-ffffffffff601000 r-xp 00000000 00:00 0                  [vsyscall]

VM Arguments:
jvm_args: -Djava.awt.headless=true -Xmx4g -Dfile.encoding=UTF-8 -Duser.country=IN -Duser.language=en -Duser.variant 
java_command: com.android.dx.command.Main --dex --force-jumbo --num-threads=4 --multi-dex --output /home/keshav/StudioMotif/Motif/app/build/intermediates/transforms/dex/debug/folders/1000/2/httpclient-4.1.1_df928e9557be348e77566384bf9d0afd94510ca2 /home/keshav/StudioMotif/Motif/app/libs/httpclient-4.1.1.jar
Launcher Type: SUN_STANDARD

Environment Variables:
PATH=/usr/local/sbin:/usr/local/bin:/usr/sbin:/usr/bin:/sbin:/bin:/usr/games:/usr/local/games:/snap/bin
LD_LIBRARY_PATH=/opt/jdk1.7.0_79/jre/lib/amd64/server:/opt/jdk1.7.0_79/jre/lib/amd64:/opt/jdk1.7.0_79/jre/../lib/amd64:/usr/lib/jvm/java-6-oracle/jre/lib/amd64/server:/usr/lib/jvm/java-6-oracle/jre/lib/amd64:/usr/lib/jvm/java-6-oracle/jre/../lib/amd64:/opt/android-studio/bin:
SHELL=/bin/bash
DISPLAY=:0

Signal Handlers:
SIGSEGV: [libjvm.so+0x9a3bf0], sa_mask[0]=0x7ffbfeff, sa_flags=0x10000004
SIGBUS: [libjvm.so+0x9a3bf0], sa_mask[0]=0x7ffbfeff, sa_flags=0x10000004
SIGFPE: [libjvm.so+0x81cb60], sa_mask[0]=0x7ffbfeff, sa_flags=0x10000004
SIGPIPE: [libjvm.so+0x81cb60], sa_mask[0]=0x7ffbfeff, sa_flags=0x10000004
SIGXFSZ: [libjvm.so+0x81cb60], sa_mask[0]=0x7ffbfeff, sa_flags=0x10000004
SIGILL: [libjvm.so+0x81cb60], sa_mask[0]=0x7ffbfeff, sa_flags=0x10000004
SIGUSR1: SIG_DFL, sa_mask[0]=0x00000000, sa_flags=0x00000000
SIGUSR2: [libjvm.so+0x81e360], sa_mask[0]=0x00000004, sa_flags=0x10000004
SIGHUP: [libjvm.so+0x81f480], sa_mask[0]=0x7ffbfeff, sa_flags=0x10000004
SIGINT: [libjvm.so+0x81f480], sa_mask[0]=0x7ffbfeff, sa_flags=0x10000004
SIGTERM: [libjvm.so+0x81f480], sa_mask[0]=0x7ffbfeff, sa_flags=0x10000004
SIGQUIT: [libjvm.so+0x81f480], sa_mask[0]=0x7ffbfeff, sa_flags=0x10000004


---------------  S Y S T E M  ---------------

OS:stretch/sid

uname:Linux 4.4.0-24-generic #43-Ubuntu SMP Wed Jun 8 19:27:37 UTC 2016 x86_64
libc:glibc 2.23 NPTL 2.23 
rlimit: STACK 8192k, CORE 0k, NPROC 31425, NOFILE 65536, AS infinity
load average:12.10 3.96 1.76

/proc/meminfo:
MemTotal:        8083692 kB
MemFree:         1671120 kB
MemAvailable:    4150708 kB
Buffers:          403160 kB
Cached:          2310688 kB
SwapCached:            0 kB
Active:          4921820 kB
Inactive:        1053464 kB
Active(anon):    3270996 kB
Inactive(anon):   247456 kB
Active(file):    1650824 kB
Inactive(file):   806008 kB
Unevictable:          48 kB
Mlocked:              48 kB
SwapTotal:       4102140 kB
SwapFree:        4102140 kB
Dirty:              2404 kB
Writeback:             0 kB
AnonPages:       3265628 kB
Mapped:           454208 kB
Shmem:            257016 kB
Slab:             318264 kB
SReclaimable:     276172 kB
SUnreclaim:        42092 kB
KernelStack:       13136 kB
PageTables:        51188 kB
NFS_Unstable:          0 kB
Bounce:                0 kB
WritebackTmp:          0 kB
CommitLimit:     8143984 kB
Committed_AS:    9388560 kB
VmallocTotal:   34359738367 kB
VmallocUsed:           0 kB
VmallocChunk:          0 kB
HardwareCorrupted:     0 kB
AnonHugePages:   2197504 kB
CmaTotal:              0 kB
CmaFree:               0 kB
HugePages_Total:       0
HugePages_Free:        0
HugePages_Rsvd:        0
HugePages_Surp:        0
Hugepagesize:       2048 kB
DirectMap4k:      165504 kB
DirectMap2M:     8132608 kB


CPU:total 4 (2 cores per cpu, 2 threads per core) family 6 model 42 stepping 7, cmov, cx8, fxsr, mmx, sse, sse2, sse3, ssse3, sse4.1, sse4.2, popcnt, avx, ht, tsc, tscinvbit

/proc/cpuinfo:
processor	: 0
vendor_id	: GenuineIntel
cpu family	: 6
model		: 42
model name	: Intel(R) Core(TM) i3-2330M CPU @ 2.20GHz
stepping	: 7
microcode	: 0x29
cpu MHz		: 2200.000
cache size	: 3072 KB
physical id	: 0
siblings	: 4
core id		: 0
cpu cores	: 2
apicid		: 0
initial apicid	: 0
fpu		: yes
fpu_exception	: yes
cpuid level	: 13
wp		: yes
flags		: fpu vme de pse tsc msr pae mce cx8 apic sep mtrr pge mca cmov pat pse36 clflush dts acpi mmx fxsr sse sse2 ss ht tm pbe syscall nx rdtscp lm constant_tsc arch_perfmon pebs bts nopl xtopology nonstop_tsc aperfmperf eagerfpu pni pclmulqdq dtes64 monitor ds_cpl vmx est tm2 ssse3 cx16 xtpr pdcm pcid sse4_1 sse4_2 x2apic popcnt tsc_deadline_timer xsave avx lahf_lm epb tpr_shadow vnmi flexpriority ept vpid xsaveopt dtherm arat pln pts
bugs		:
bogomips	: 4390.31
clflush size	: 64
cache_alignment	: 64
address sizes	: 36 bits physical, 48 bits virtual
power management:

processor	: 1
vendor_id	: GenuineIntel
cpu family	: 6
model		: 42
model name	: Intel(R) Core(TM) i3-2330M CPU @ 2.20GHz
stepping	: 7
microcode	: 0x29
cpu MHz		: 2200.000
cache size	: 3072 KB
physical id	: 0
siblings	: 4
core id		: 0
cpu cores	: 2
apicid		: 1
initial apicid	: 1
fpu		: yes
fpu_exception	: yes
cpuid level	: 13
wp		: yes
flags		: fpu vme de pse tsc msr pae mce cx8 apic sep mtrr pge mca cmov pat pse36 clflush dts acpi mmx fxsr sse sse2 ss ht tm pbe syscall nx rdtscp lm constant_tsc arch_perfmon pebs bts nopl xtopology nonstop_tsc aperfmperf eagerfpu pni pclmulqdq dtes64 monitor ds_cpl vmx est tm2 ssse3 cx16 xtpr pdcm pcid sse4_1 sse4_2 x2apic popcnt tsc_deadline_timer xsave avx lahf_lm epb tpr_shadow vnmi flexpriority ept vpid xsaveopt dtherm arat pln pts
bugs		:
bogomips	: 4390.31
clflush size	: 64
cache_alignment	: 64
address sizes	: 36 bits physical, 48 bits virtual
power management:

processor	: 2
vendor_id	: GenuineIntel
cpu family	: 6
model		: 42
model name	: Intel(R) Core(TM) i3-2330M CPU @ 2.20GHz
stepping	: 7
microcode	: 0x29
cpu MHz		: 2199.914
cache size	: 3072 KB
physical id	: 0
siblings	: 4
core id		: 1
cpu cores	: 2
apicid		: 2
initial apicid	: 2
fpu		: yes
fpu_exception	: yes
cpuid level	: 13
wp		: yes
flags		: fpu vme de pse tsc msr pae mce cx8 apic sep mtrr pge mca cmov pat pse36 clflush dts acpi mmx fxsr sse sse2 ss ht tm pbe syscall nx rdtscp lm constant_tsc arch_perfmon pebs bts nopl xtopology nonstop_tsc aperfmperf eagerfpu pni pclmulqdq dtes64 monitor ds_cpl vmx est tm2 ssse3 cx16 xtpr pdcm pcid sse4_1 sse4_2 x2apic popcnt tsc_deadline_timer xsave avx lahf_lm epb tpr_shadow vnmi flexpriority ept vpid xsaveopt dtherm arat pln pts
bugs		:
bogomips	: 4390.31
clflush size	: 64
cache_alignment	: 64
address sizes	: 36 bits physical, 48 bits virtual
power management:

processor	: 3
vendor_id	: GenuineIntel
cpu family	: 6
model		: 42
model name	: Intel(R) Core(TM) i3-2330M CPU @ 2.20GHz
stepping	: 7
microcode	: 0x29
cpu MHz		: 2199.914
cache size	: 3072 KB
physical id	: 0
siblings	: 4
core id		: 1
cpu cores	: 2
apicid		: 3
initial apicid	: 3
fpu		: yes
fpu_exception	: yes
cpuid level	: 13
wp		: yes
flags		: fpu vme de pse tsc msr pae mce cx8 apic sep mtrr pge mca cmov pat pse36 clflush dts acpi mmx fxsr sse sse2 ss ht tm pbe syscall nx rdtscp lm constant_tsc arch_perfmon pebs bts nopl xtopology nonstop_tsc aperfmperf eagerfpu pni pclmulqdq dtes64 monitor ds_cpl vmx est tm2 ssse3 cx16 xtpr pdcm pcid sse4_1 sse4_2 x2apic popcnt tsc_deadline_timer xsave avx lahf_lm epb tpr_shadow vnmi flexpriority ept vpid xsaveopt dtherm arat pln pts
bugs		:
bogomips	: 4390.31
clflush size	: 64
cache_alignment	: 64
address sizes	: 36 bits physical, 48 bits virtual
power management:



Memory: 4k page, physical 8083692k(1671120k free), swap 4102140k(4102140k free)

vm_info: Java HotSpot(TM) 64-Bit Server VM (24.79-b02) for linux-amd64 JRE (1.7.0_79-b15), built on Apr 10 2015 11:34:48 by "java_re" with gcc 4.3.0 20080428 (Red Hat 4.3.0-8)

time: Wed Jun 15 14:11:15 2016
elapsed time: 9 seconds

